2024-12-31T03:20:01.495409553Z [?2004hroot@71d17cbce9a9:/# ex[K[K[7mexport http_proxy=  https_proxy=  no_proxy=code.d.org[27m
[C[C[C[C[C[C[C[C[C[C[C[C[C[C[C[C[C[C[C[C[Cexport http_proxy=  https_proxy=  no_proxy=code.d.org
2024-12-31T03:20:28.863410166Z [?2004l
[?2004hroot@71d17cbce9a9:/# gt[K[Kgit clone httsp[K[KpsL/[K[K://github.com/[7mlmstudio-ai/venvstacks[27mlmstudio-ai/venvstacks
2024-12-31T03:20:28.864858926Z [?2004l
Cloning into 'venvstacks'...
2024-12-31T03:20:30.473258747Z remote: Enumerating objects: 3138, done.[K
2024-12-31T03:20:30.641432213Z remote: Counting objects:   0% (1/447)[K
remote: Counting objects:   1% (5/447)[K
remote: Counting objects:   2% (9/447)[K
remote: Counting objects:   3% (14/447)[K
remote: Counting objects:   4% (18/447)[K
remote: Counting objects:   5% (23/447)[K
remote: Counting objects:   6% (27/447)[K
remote: Counting objects:   7% (32/447)[K
remote: Counting objects:   8% (36/447)[K
remote: Counting objects:   9% (41/447)[K
remote: Counting objects:  10% (45/447)[K
remote: Counting objects:  11% (50/447)[K
remote: Counting objects:  12% (54/447)[K
remote: Counting objects:  13% (59/447)[K
remote: Counting objects:  14% (63/447)[K
remote: Counting objects:  15% (68/447)[K
remote: Counting objects:  16% (72/447)[K
remote: Counting objects:  17% (76/447)[K
remote: Counting objects:  18% (81/447)[K
remote: Counting objects:  19% (85/447)[K
remote: Counting objects:  20% (90/447)[K
remote: Counting objects:  21% (94/447)[K
remote: Counting objects:  22% (99/447)[K
remote: Counting objects:  23% (103/447)[K
remote: Counting objects:  24% (108/447)[K
remote: Counting objects:  25% (112/447)[K
remote: Counting objects:  26% (117/447)[K
remote: Counting objects:  27% (121/447)[K
remote: Counting objects:  28% (126/447)[K
remote: Counting objects:  29% (130/447)[K
remote: Counting objects:  30% (135/447)[K
remote: Counting objects:  31% (139/447)[K
remote: Counting objects:  32% (144/447)[K
remote: Counting objects:  33% (148/447)[K
remote: Counting objects:  34% (152/447)[K
remote: Counting objects:  35% (157/447)[K
remote: Counting objects:  36% (161/447)[K
remote: Counting objects:  37% (166/447)[K
remote: Counting objects:  38% (170/447)[K
remote: Counting objects:  39% (175/447)[K
remote: Counting objects:  40% (179/447)[K
remote: Counting objects:  41% (184/447)[K
remote: Counting objects:  42% (188/447)[K
remote: Counting objects:  43% (193/447)[K
remote: Counting objects:  44% (197/447)[K
remote: Counting objects:  45% (202/447)[K
remote: Counting objects:  46% (206/447)[K
remote: Counting objects:  47% (211/447)[K
remote: Counting objects:  48% (215/447)[K
remote: Counting objects:  49% (220/447)[K
remote: Counting objects:  50% (224/447)[K
remote: Counting objects:  51% (228/447)[K
remote: Counting objects:  52% (233/447)[K
remote: Counting objects:  53% (237/447)[K
remote: Counting objects:  54% (242/447)[K
remote: Counting objects:  55% (246/447)[K
remote: Counting objects:  56% (251/447)[K
remote: Counting objects:  57% (255/447)[K
remote: Counting objects:  58% (260/447)[K
remote: Counting objects:  59% (264/447)[K
remote: Counting objects:  60% (269/447)[K
remote: Counting objects:  61% (273/447)[K
remote: Counting objects:  62% (278/447)[K
remote: Counting objects:  63% (282/447)[K
remote: Counting objects:  64% (287/447)[K
remote: Counting objects:  65% (291/447)[K
remote: Counting objects:  66% (296/447)[K
remote: Counting objects:  67% (300/447)[K
remote: Counting objects:  68% (304/447)[K
remote: Counting objects:  69% (309/447)[K
remote: Counting objects:  70% (313/447)[K
remote: Counting objects:  71% (318/447)[K
remote: Counting objects:  72% (322/447)[K
remote: Counting objects:  73% (327/447)[K
remote: Counting objects:  74% (331/447)[K
remote: Counting objects:  75% (336/447)[K
remote: Counting objects:  76% (340/447)[K
remote: Counting objects:  77% (345/447)[K
remote: Counting objects:  78% (349/447)[K
remote: Counting objects:  79% (354/447)[K
remote: Counting objects:  80% (358/447)[K
remote: Counting objects:  81% (363/447)[K
remote: Counting objects:  82% (367/447)[K
remote: Counting objects:  83% (372/447)[K
remote: Counting objects:  84% (376/447)[K
remote: Counting objects:  85% (380/447)[K
remote: Counting objects:  86% (385/447)[K
remote: Counting objects:  87% (389/447)[K
remote: Counting objects:  88% (394/447)[K
remote: Counting objects:  89% (398/447)[K
remote: Counting objects:  90% (403/447)[K
remote: Counting objects:  91% (407/447)[K
remote: Counting objects:  92% (412/447)[K
remote: Counting objects:  93% (416/447)[K
remote: Counting objects:  94% (421/447)[K
remote: Counting objects:  95% (425/447)[K
remote: Counting objects:  96% (430/447)[K
remote: Counting objects:  97% (434/447)[K
remote: Counting objects:  98% (439/447)[K
remote: Counting objects:  99% (443/447)[K
remote: Counting objects: 100% (447/447)[K
remote: Counting objects: 100% (447/447), done.[K
2024-12-31T03:20:30.663856278Z remote: Compressing objects:   0% (1/205)[K
remote: Compressing objects:   1% (3/205)[K
remote: Compressing objects:   2% (5/205)[K
remote: Compressing objects:   3% (7/205)[K
remote: Compressing objects:   4% (9/205)[K
remote: Compressing objects:   5% (11/205)[K
remote: Compressing objects:   6% (13/205)[K
remote: Compressing objects:   7% (15/205)[K
remote: Compressing objects:   8% (17/205)[K
remote: Compressing objects:   9% (19/205)[K
remote: Compressing objects:  10% (21/205)[K
remote: Compressing objects:  11% (23/205)[K
remote: Compressing objects:  12% (25/205)[K
remote: Compressing objects:  13% (27/205)[K
remote: Compressing objects:  14% (29/205)[K
remote: Compressing objects:  15% (31/205)[K
remote: Compressing objects:  16% (33/205)[K
remote: Compressing objects:  17% (35/205)[K
remote: Compressing objects:  18% (37/205)[K
remote: Compressing objects:  19% (39/205)[K
remote: Compressing objects:  20% (41/205)[K
remote: Compressing objects:  21% (44/205)[K
remote: Compressing objects:  22% (46/205)[K
remote: Compressing objects:  23% (48/205)[K
remote: Compressing objects:  24% (50/205)[K
remote: Compressing objects:  25% (52/205)[K
remote: Compressing objects:  26% (54/205)[K
remote: Compressing objects:  27% (56/205)[K
remote: Compressing objects:  28% (58/205)[K
remote: Compressing objects:  29% (60/205)[K
remote: Compressing objects:  30% (62/205)[K
remote: Compressing objects:  31% (64/205)[K
remote: Compressing objects:  32% (66/205)[K
remote: Compressing objects:  33% (68/205)[K
remote: Compressing objects:  34% (70/205)[K
remote: Compressing objects:  35% (72/205)[K
remote: Compressing objects:  36% (74/205)[K
remote: Compressing objects:  37% (76/205)[K
remote: Compressing objects:  38% (78/205)[K
remote: Compressing objects:  39% (80/205)[K
remote: Compressing objects:  40% (82/205)[K
remote: Compressing objects:  41% (85/205)[K
remote: Compressing objects:  42% (87/205)[K
remote: Compressing objects:  43% (89/205)[K
remote: Compressing objects:  44% (91/205)[K
remote: Compressing objects:  45% (93/205)[K
remote: Compressing objects:  46% (95/205)[K
remote: Compressing objects:  47% (97/205)[K
remote: Compressing objects:  48% (99/205)[K
remote: Compressing objects:  49% (101/205)[K
remote: Compressing objects:  50% (103/205)[K
remote: Compressing objects:  51% (105/205)[K
remote: Compressing objects:  52% (107/205)[K
remote: Compressing objects:  53% (109/205)[K
remote: Compressing objects:  54% (111/205)[K
remote: Compressing objects:  55% (113/205)[K
remote: Compressing objects:  56% (115/205)[K
remote: Compressing objects:  57% (117/205)[K
remote: Compressing objects:  58% (119/205)[K
remote: Compressing objects:  59% (121/205)[K
remote: Compressing objects:  60% (123/205)[K
remote: Compressing objects:  61% (126/205)[K
remote: Compressing objects:  62% (128/205)[K
remote: Compressing objects:  63% (130/205)[K
remote: Compressing objects:  64% (132/205)[K
remote: Compressing objects:  65% (134/205)[K
remote: Compressing objects:  66% (136/205)[K
remote: Compressing objects:  67% (138/205)[K
remote: Compressing objects:  68% (140/205)[K
remote: Compressing objects:  69% (142/205)[K
remote: Compressing objects:  70% (144/205)[K
remote: Compressing objects:  71% (146/205)[K
remote: Compressing objects:  72% (148/205)[K
remote: Compressing objects:  73% (150/205)[K
remote: Compressing objects:  74% (152/205)[K
remote: Compressing objects:  75% (154/205)[K
remote: Compressing objects:  76% (156/205)[K
remote: Compressing objects:  77% (158/205)[K
remote: Compressing objects:  78% (160/205)[K
remote: Compressing objects:  79% (162/205)[K
remote: Compressing objects:  80% (164/205)[K
remote: Compressing objects:  81% (167/205)[K
remote: Compressing objects:  82% (169/205)[K
remote: Compressing objects:  83% (171/205)[K
remote: Compressing objects:  84% (173/205)[K
remote: Compressing objects:  85% (175/205)[K
remote: Compressing objects:  86% (177/205)[K
remote: Compressing objects:  87% (179/205)[K
remote: Compressing objects:  88% (181/205)[K
remote: Compressing objects:  89% (183/205)[K
remote: Compressing objects:  90% (185/205)[K
remote: Compressing objects:  91% (187/205)[K
remote: Compressing objects:  92% (189/205)[K
remote: Compressing objects:  93% (191/205)[K
remote: Compressing objects:  94% (193/205)[K
remote: Compressing objects:  95% (195/205)[K
remote: Compressing objects:  96% (197/205)[K
remote: Compressing objects:  97% (199/205)[K
remote: Compressing objects:  98% (201/205)[K
remote: Compressing objects:  99% (203/205)[K
remote: Compressing objects: 100% (205/205)[K
remote: Compressing objects: 100% (205/205), done.[K
2024-12-31T03:20:32.194139833Z Receiving objects:   0% (1/3138)
Receiving objects:   1% (32/3138)
Receiving objects:   2% (63/3138)
Receiving objects:   3% (95/3138)
Receiving objects:   4% (126/3138)
Receiving objects:   5% (157/3138)
Receiving objects:   6% (189/3138)
Receiving objects:   7% (220/3138)
Receiving objects:   8% (252/3138)
Receiving objects:   9% (283/3138)
Receiving objects:  10% (314/3138)
Receiving objects:  11% (346/3138)
Receiving objects:  12% (377/3138)
Receiving objects:  13% (408/3138)
Receiving objects:  14% (440/3138)
Receiving objects:  15% (471/3138)
Receiving objects:  16% (503/3138)
Receiving objects:  17% (534/3138)
Receiving objects:  18% (565/3138)
Receiving objects:  19% (597/3138)
Receiving objects:  20% (628/3138), 2.59 MiB | 5.16 MiB/s
Receiving objects:  21% (659/3138), 2.59 MiB | 5.16 MiB/s
Receiving objects:  22% (691/3138), 2.59 MiB | 5.16 MiB/s
Receiving objects:  23% (722/3138), 2.59 MiB | 5.16 MiB/s
Receiving objects:  24% (754/3138), 2.59 MiB | 5.16 MiB/s
Receiving objects:  25% (785/3138), 2.59 MiB | 5.16 MiB/s
Receiving objects:  26% (816/3138), 2.59 MiB | 5.16 MiB/s
Receiving objects:  27% (848/3138), 2.59 MiB | 5.16 MiB/s
Receiving objects:  28% (879/3138), 2.59 MiB | 5.16 MiB/s
Receiving objects:  29% (911/3138), 2.59 MiB | 5.16 MiB/s
Receiving objects:  30% (942/3138), 2.59 MiB | 5.16 MiB/s
Receiving objects:  31% (973/3138), 2.59 MiB | 5.16 MiB/s
Receiving objects:  32% (1005/3138), 2.59 MiB | 5.16 MiB/s
Receiving objects:  33% (1036/3138), 2.59 MiB | 5.16 MiB/s
Receiving objects:  34% (1067/3138), 2.59 MiB | 5.16 MiB/s
Receiving objects:  35% (1099/3138), 2.59 MiB | 5.16 MiB/s
Receiving objects:  36% (1130/3138), 2.59 MiB | 5.16 MiB/s
Receiving objects:  37% (1162/3138), 2.59 MiB | 5.16 MiB/s
Receiving objects:  38% (1193/3138), 2.59 MiB | 5.16 MiB/s
Receiving objects:  39% (1224/3138), 2.59 MiB | 5.16 MiB/s
Receiving objects:  40% (1256/3138), 2.59 MiB | 5.16 MiB/s
Receiving objects:  41% (1287/3138), 2.59 MiB | 5.16 MiB/s
Receiving objects:  42% (1318/3138), 2.59 MiB | 5.16 MiB/s
Receiving objects:  43% (1350/3138), 2.59 MiB | 5.16 MiB/s
Receiving objects:  44% (1381/3138), 2.59 MiB | 5.16 MiB/s
Receiving objects:  45% (1413/3138), 2.59 MiB | 5.16 MiB/s
Receiving objects:  46% (1444/3138), 2.59 MiB | 5.16 MiB/s
Receiving objects:  47% (1475/3138), 2.59 MiB | 5.16 MiB/s
Receiving objects:  47% (1479/3138), 9.86 MiB | 7.30 MiB/s
Receiving objects:  48% (1507/3138), 9.86 MiB | 7.30 MiB/s
Receiving objects:  49% (1538/3138), 9.86 MiB | 7.30 MiB/s
Receiving objects:  50% (1569/3138), 9.86 MiB | 7.30 MiB/s
Receiving objects:  51% (1601/3138), 9.86 MiB | 7.30 MiB/s
Receiving objects:  52% (1632/3138), 9.86 MiB | 7.30 MiB/s
Receiving objects:  53% (1664/3138), 9.86 MiB | 7.30 MiB/s
Receiving objects:  54% (1695/3138), 9.86 MiB | 7.30 MiB/s
Receiving objects:  55% (1726/3138), 9.86 MiB | 7.30 MiB/s
Receiving objects:  56% (1758/3138), 9.86 MiB | 7.30 MiB/s
Receiving objects:  57% (1789/3138), 9.86 MiB | 7.30 MiB/s
Receiving objects:  58% (1821/3138), 9.86 MiB | 7.30 MiB/s
Receiving objects:  59% (1852/3138), 9.86 MiB | 7.30 MiB/s
Receiving objects:  60% (1883/3138), 9.86 MiB | 7.30 MiB/s
Receiving objects:  61% (1915/3138), 9.86 MiB | 7.30 MiB/s
Receiving objects:  62% (1946/3138), 9.86 MiB | 7.30 MiB/s
Receiving objects:  63% (1977/3138), 9.86 MiB | 7.30 MiB/s
Receiving objects:  64% (2009/3138), 9.86 MiB | 7.30 MiB/s
Receiving objects:  65% (2040/3138), 9.86 MiB | 7.30 MiB/s
Receiving objects:  66% (2072/3138), 9.86 MiB | 7.30 MiB/s
Receiving objects:  67% (2103/3138), 9.86 MiB | 7.30 MiB/s
Receiving objects:  68% (2134/3138), 9.86 MiB | 7.30 MiB/s
Receiving objects:  69% (2166/3138), 9.86 MiB | 7.30 MiB/s
Receiving objects:  70% (2197/3138), 9.86 MiB | 7.30 MiB/s
Receiving objects:  71% (2228/3138), 9.86 MiB | 7.30 MiB/s
Receiving objects:  72% (2260/3138), 9.86 MiB | 7.30 MiB/s
Receiving objects:  73% (2291/3138), 9.86 MiB | 7.30 MiB/s
Receiving objects:  74% (2323/3138), 9.86 MiB | 7.30 MiB/s
Receiving objects:  75% (2354/3138), 9.86 MiB | 7.30 MiB/s
Receiving objects:  76% (2385/3138), 9.86 MiB | 7.30 MiB/s
Receiving objects:  77% (2417/3138), 9.86 MiB | 7.30 MiB/s
Receiving objects:  78% (2448/3138), 9.86 MiB | 7.30 MiB/s
Receiving objects:  79% (2480/3138), 9.86 MiB | 7.30 MiB/s
Receiving objects:  80% (2511/3138), 9.86 MiB | 7.30 MiB/s
Receiving objects:  81% (2542/3138), 9.86 MiB | 7.30 MiB/s
Receiving objects:  82% (2574/3138), 9.86 MiB | 7.30 MiB/s
Receiving objects:  83% (2605/3138), 9.86 MiB | 7.30 MiB/s
Receiving objects:  84% (2636/3138), 9.86 MiB | 7.30 MiB/s
Receiving objects:  85% (2668/3138), 9.86 MiB | 7.30 MiB/s
Receiving objects:  86% (2699/3138), 9.86 MiB | 7.30 MiB/s
Receiving objects:  87% (2731/3138), 9.86 MiB | 7.30 MiB/s
Receiving objects:  88% (2762/3138), 9.86 MiB | 7.30 MiB/s
Receiving objects:  89% (2793/3138), 9.86 MiB | 7.30 MiB/s
Receiving objects:  90% (2825/3138), 9.86 MiB | 7.30 MiB/s
Receiving objects:  91% (2856/3138), 9.86 MiB | 7.30 MiB/s
Receiving objects:  92% (2887/3138), 9.86 MiB | 7.30 MiB/s
Receiving objects:  93% (2919/3138), 9.86 MiB | 7.30 MiB/s
Receiving objects:  94% (2950/3138), 9.86 MiB | 7.30 MiB/s
Receiving objects:  95% (2982/3138), 9.86 MiB | 7.30 MiB/s
Receiving objects:  96% (3013/3138), 9.86 MiB | 7.30 MiB/s
Receiving objects:  97% (3044/3138), 9.86 MiB | 7.30 MiB/s
Receiving objects:  98% (3076/3138), 9.86 MiB | 7.30 MiB/s
Receiving objects:  99% (3107/3138), 9.86 MiB | 7.30 MiB/s
remote: Total 3138 (delta 329), reused 274 (delta 227), pack-reused 2691 (from 2)[K
2024-12-31T03:20:32.196194457Z Receiving objects: 100% (3138/3138), 9.86 MiB | 7.30 MiB/s
Receiving objects: 100% (3138/3138), 17.10 MiB | 11.23 MiB/s, done.
2024-12-31T03:20:32.366697697Z Resolving deltas:   0% (0/1792)
Resolving deltas:   1% (18/1792)
Resolving deltas:   2% (36/1792)
Resolving deltas:   3% (54/1792)
Resolving deltas:   4% (75/1792)
Resolving deltas:   5% (90/1792)
Resolving deltas:   6% (111/1792)
Resolving deltas:   7% (131/1792)
Resolving deltas:   8% (144/1792)
Resolving deltas:   9% (162/1792)
Resolving deltas:  10% (182/1792)
Resolving deltas:  11% (199/1792)
Resolving deltas:  12% (216/1792)
Resolving deltas:  13% (233/1792)
Resolving deltas:  14% (259/1792)
Resolving deltas:  15% (271/1792)
Resolving deltas:  16% (287/1792)
Resolving deltas:  17% (311/1792)
Resolving deltas:  18% (323/1792)
Resolving deltas:  19% (342/1792)
Resolving deltas:  20% (361/1792)
Resolving deltas:  21% (377/1792)
Resolving deltas:  22% (395/1792)
Resolving deltas:  23% (415/1792)
Resolving deltas:  24% (431/1792)
Resolving deltas:  25% (448/1792)
Resolving deltas:  26% (466/1792)
Resolving deltas:  27% (484/1792)
Resolving deltas:  28% (502/1792)
Resolving deltas:  29% (524/1792)
Resolving deltas:  30% (543/1792)
Resolving deltas:  31% (556/1792)
Resolving deltas:  32% (574/1792)
Resolving deltas:  33% (592/1792)
Resolving deltas:  34% (610/1792)
Resolving deltas:  35% (628/1792)
Resolving deltas:  36% (646/1792)
Resolving deltas:  37% (664/1792)
Resolving deltas:  38% (681/1792)
Resolving deltas:  39% (699/1792)
Resolving deltas:  40% (717/1792)
Resolving deltas:  41% (735/1792)
Resolving deltas:  42% (753/1792)
Resolving deltas:  43% (771/1792)
Resolving deltas:  44% (789/1792)
Resolving deltas:  45% (807/1792)
Resolving deltas:  46% (826/1792)
Resolving deltas:  47% (843/1792)
Resolving deltas:  48% (861/1792)
Resolving deltas:  49% (880/1792)
Resolving deltas:  50% (900/1792)
Resolving deltas:  51% (914/1792)
Resolving deltas:  52% (932/1792)
Resolving deltas:  53% (950/1792)
Resolving deltas:  54% (969/1792)
Resolving deltas:  55% (986/1792)
Resolving deltas:  56% (1004/1792)
Resolving deltas:  57% (1022/1792)
Resolving deltas:  58% (1040/1792)
Resolving deltas:  59% (1058/1792)
Resolving deltas:  60% (1079/1792)
Resolving deltas:  61% (1094/1792)
Resolving deltas:  62% (1113/1792)
Resolving deltas:  63% (1129/1792)
Resolving deltas:  64% (1147/1792)
Resolving deltas:  65% (1165/1792)
Resolving deltas:  66% (1183/1792)
Resolving deltas:  67% (1202/1792)
Resolving deltas:  68% (1219/1792)
Resolving deltas:  69% (1237/1792)
Resolving deltas:  70% (1255/1792)
Resolving deltas:  71% (1273/1792)
Resolving deltas:  72% (1294/1792)
Resolving deltas:  73% (1311/1792)
Resolving deltas:  74% (1327/1792)
Resolving deltas:  75% (1344/1792)
Resolving deltas:  76% (1362/1792)
Resolving deltas:  77% (1380/1792)
Resolving deltas:  78% (1398/1792)
Resolving deltas:  79% (1416/1792)
Resolving deltas:  80% (1434/1792)
Resolving deltas:  81% (1453/1792)
Resolving deltas:  82% (1471/1792)
Resolving deltas:  83% (1488/1792)
Resolving deltas:  84% (1507/1792)
Resolving deltas:  85% (1524/1792)
Resolving deltas:  86% (1544/1792)
Resolving deltas:  87% (1560/1792)
Resolving deltas:  88% (1577/1792)
Resolving deltas:  89% (1596/1792)
Resolving deltas:  90% (1613/1792)
Resolving deltas:  91% (1633/1792)
Resolving deltas:  92% (1649/1792)
Resolving deltas:  93% (1667/1792)
Resolving deltas:  94% (1685/1792)
Resolving deltas:  95% (1703/1792)
Resolving deltas:  96% (1721/1792)
Resolving deltas:  97% (1739/1792)
Resolving deltas:  98% (1757/1792)
Resolving deltas:  99% (1775/1792)
Resolving deltas: 100% (1792/1792)
Resolving deltas: 100% (1792/1792), done.
2024-12-31T03:20:34.720923680Z [?2004hroot@71d17cbce9a9:/# cd venvstacks/
2024-12-31T03:20:38.841045679Z [?2004l
[?2004hroot@71d17cbce9a9:/venvstacks# python3 -m venv venv
2024-12-31T03:20:51.166242521Z [?2004l
 [?2004hroot@71d17cbce9a9:/venvstacks#  s[K[Ksource ce[K[Kvenv/bin/activate
2024-12-31T03:20:59.440382641Z [?2004l
[?2004h(venv) root@71d17cbce9a9:/venvstacks# python3 [K[K[K[K[K[K[K[Kpyt[Kthon3 -m pip install .
2024-12-31T03:20:59.780578907Z [?2004l
Processing /venvstacks
2024-12-31T03:21:02.579998606Z   Installing build dependencies ... [?25l- \ | / - done
2024-12-31T03:21:02.734903157Z [?25h  Getting requirements to build wheel ... [?25ldone
2024-12-31T03:21:02.864862985Z [?25h  Preparing metadata (pyproject.toml) ... [?25ldone
2024-12-31T03:21:04.016494541Z [?25hCollecting pip>=24.1.1 (from venvstacks==0.3.0.dev1)
2024-12-31T03:21:04.471544077Z   Downloading pip-24.3.1-py3-none-any.whl.metadata (3.7 kB)
2024-12-31T03:21:05.105689277Z Collecting pdm>=2.17.3 (from venvstacks==0.3.0.dev1)
2024-12-31T03:21:05.186082535Z   Downloading pdm-2.22.1-py3-none-any.whl.metadata (15 kB)
2024-12-31T03:21:06.022853324Z Collecting uv>=0.2.33 (from venvstacks==0.3.0.dev1)
2024-12-31T03:21:06.103218126Z   Downloading uv-0.5.13-py3-none-manylinux_2_17_x86_64.manylinux2014_x86_64.whl.metadata (11 kB)
2024-12-31T03:21:06.571051206Z Collecting typer-slim>=0.12.4 (from venvstacks==0.3.0.dev1)
2024-12-31T03:21:06.651934917Z   Downloading typer_slim-0.15.1-py3-none-any.whl.metadata (15 kB)
2024-12-31T03:21:07.117454021Z Collecting blinker (from pdm>=2.17.3->venvstacks==0.3.0.dev1)
2024-12-31T03:21:07.196727172Z   Downloading blinker-1.9.0-py3-none-any.whl.metadata (1.6 kB)
2024-12-31T03:21:07.618068068Z Collecting packaging!=22.0,>=20.9 (from pdm>=2.17.3->venvstacks==0.3.0.dev1)
2024-12-31T03:21:07.697811978Z   Downloading packaging-24.2-py3-none-any.whl.metadata (3.2 kB)
2024-12-31T03:21:08.048794038Z Collecting platformdirs (from pdm>=2.17.3->venvstacks==0.3.0.dev1)
2024-12-31T03:21:08.128102055Z   Downloading platformdirs-4.3.6-py3-none-any.whl.metadata (11 kB)
2024-12-31T03:21:08.603909305Z Collecting rich>=12.3.0 (from pdm>=2.17.3->venvstacks==0.3.0.dev1)
2024-12-31T03:21:08.683407777Z   Downloading rich-13.9.4-py3-none-any.whl.metadata (18 kB)
2024-12-31T03:21:09.177282303Z Collecting virtualenv>=20 (from pdm>=2.17.3->venvstacks==0.3.0.dev1)
2024-12-31T03:21:09.256503797Z   Downloading virtualenv-20.28.0-py3-none-any.whl.metadata (4.4 kB)
2024-12-31T03:21:09.661833047Z Collecting pyproject-hooks (from pdm>=2.17.3->venvstacks==0.3.0.dev1)
2024-12-31T03:21:09.742315123Z   Downloading pyproject_hooks-1.2.0-py3-none-any.whl.metadata (1.3 kB)
2024-12-31T03:21:10.148207913Z Collecting unearth>=0.17.0 (from pdm>=2.17.3->venvstacks==0.3.0.dev1)
2024-12-31T03:21:10.228539685Z   Downloading unearth-0.17.2-py3-none-any.whl.metadata (3.7 kB)
2024-12-31T03:21:10.591431563Z Collecting dep-logic>=0.4.4 (from pdm>=2.17.3->venvstacks==0.3.0.dev1)
2024-12-31T03:21:10.672249787Z   Downloading dep_logic-0.4.10-py3-none-any.whl.metadata (2.9 kB)
2024-12-31T03:21:11.145115403Z Collecting findpython<1.0.0a0,>=0.6.0 (from pdm>=2.17.3->venvstacks==0.3.0.dev1)
2024-12-31T03:21:11.225437253Z   Downloading findpython-0.6.2-py3-none-any.whl.metadata (5.3 kB)
2024-12-31T03:21:11.589092658Z Collecting tomlkit<1,>=0.11.1 (from pdm>=2.17.3->venvstacks==0.3.0.dev1)
2024-12-31T03:21:11.670122033Z   Downloading tomlkit-0.13.2-py3-none-any.whl.metadata (2.7 kB)
2024-12-31T03:21:12.016052784Z Collecting shellingham>=1.3.2 (from pdm>=2.17.3->venvstacks==0.3.0.dev1)
2024-12-31T03:21:12.095281565Z   Downloading shellingham-1.5.4-py2.py3-none-any.whl.metadata (3.5 kB)
2024-12-31T03:21:12.441020640Z Collecting python-dotenv>=0.15 (from pdm>=2.17.3->venvstacks==0.3.0.dev1)
2024-12-31T03:21:12.520580743Z   Downloading python_dotenv-1.0.1-py3-none-any.whl.metadata (23 kB)
2024-12-31T03:21:12.890486507Z Collecting resolvelib>=1.1 (from pdm>=2.17.3->venvstacks==0.3.0.dev1)
2024-12-31T03:21:12.970756683Z   Downloading resolvelib-1.1.0-py2.py3-none-any.whl.metadata (3.7 kB)
2024-12-31T03:21:13.462059907Z Collecting installer<0.8,>=0.7 (from pdm>=2.17.3->venvstacks==0.3.0.dev1)
2024-12-31T03:21:13.543979336Z   Downloading installer-0.7.0-py3-none-any.whl.metadata (936 s)
2024-12-31T03:21:14.018149501Z Collecting truststore>=0.9 (from pdm>=2.17.3->venvstacks==0.3.0.dev1)
2024-12-31T03:21:14.098149407Z   Downloading truststore-0.10.0-py3-none-any.whl.metadata (4.4 kB)
2024-12-31T03:21:14.576171609Z Collecting hishel>=0.0.32 (from pdm>=2.17.3->venvstacks==0.3.0.dev1)
2024-12-31T03:21:14.661725890Z   Downloading hishel-0.1.1-py3-none-any.whl.metadata (12 kB)
2024-12-31T03:21:15.075971613Z Collecting msgpack>=1.0 (from pdm>=2.17.3->venvstacks==0.3.0.dev1)
2024-12-31T03:21:15.156455125Z   Downloading msgpack-1.1.0-cp311-cp311-manylinux_2_17_x86_64.manylinux2014_x86_64.whl.metadata (8.4 kB)
2024-12-31T03:21:15.562380868Z Collecting pbs-installer>=2024.4.18 (from pdm>=2.17.3->venvstacks==0.3.0.dev1)
2024-12-31T03:21:15.642487065Z   Downloading pbs_installer-2024.12.19-py3-none-any.whl.metadata (992 s)
2024-12-31T03:21:16.071387152Z Collecting httpx<1,>0.20 (from httpx[socks]<1,>0.20->pdm>=2.17.3->venvstacks==0.3.0.dev1)
2024-12-31T03:21:16.150887086Z   Downloading httpx-0.28.1-py3-none-any.whl.metadata (7.1 kB)
2024-12-31T03:21:16.573929832Z Collecting filelock>=3.13 (from pdm>=2.17.3->venvstacks==0.3.0.dev1)
2024-12-31T03:21:16.655154234Z   Downloading filelock-3.16.1-py3-none-any.whl.metadata (2.9 kB)
2024-12-31T03:21:17.079134031Z Collecting httpcore>=1.0.6 (from pdm>=2.17.3->venvstacks==0.3.0.dev1)
2024-12-31T03:21:17.159475889Z   Downloading httpcore-1.0.7-py3-none-any.whl.metadata (21 kB)
2024-12-31T03:21:17.578991379Z Collecting certifi>=2024.8.30 (from pdm>=2.17.3->venvstacks==0.3.0.dev1)
2024-12-31T03:21:17.658385865Z   Downloading certifi-2024.12.14-py3-none-any.whl.metadata (2.3 kB)
2024-12-31T03:21:18.082347989Z Collecting click>=8.0.0 (from typer-slim>=0.12.4->venvstacks==0.3.0.dev1)
2024-12-31T03:21:18.162565625Z   Downloading click-8.1.8-py3-none-any.whl.metadata (2.3 kB)
2024-12-31T03:21:18.509747737Z Collecting typing-extensions>=3.7.4.3 (from typer-slim>=0.12.4->venvstacks==0.3.0.dev1)
2024-12-31T03:21:18.588876029Z   Downloading typing_extensions-4.12.2-py3-none-any.whl.metadata (3.0 kB)
2024-12-31T03:21:18.977993569Z Collecting h11<0.15,>=0.13 (from httpcore>=1.0.6->pdm>=2.17.3->venvstacks==0.3.0.dev1)
2024-12-31T03:21:19.057024459Z   Downloading h11-0.14.0-py3-none-any.whl.metadata (8.2 kB)
2024-12-31T03:21:19.516195204Z Collecting anyio (from httpx<1,>0.20->httpx[socks]<1,>0.20->pdm>=2.17.3->venvstacks==0.3.0.dev1)
2024-12-31T03:21:19.595169583Z   Downloading anyio-4.7.0-py3-none-any.whl.metadata (4.7 kB)
2024-12-31T03:21:20.009823360Z Collecting idna (from httpx<1,>0.20->httpx[socks]<1,>0.20->pdm>=2.17.3->venvstacks==0.3.0.dev1)
2024-12-31T03:21:20.089735571Z   Downloading idna-3.10-py3-none-any.whl.metadata (10 kB)
2024-12-31T03:21:20.564084806Z Collecting socksio==1.* (from httpx[socks]<1,>0.20->pdm>=2.17.3->venvstacks==0.3.0.dev1)
2024-12-31T03:21:20.644789447Z   Downloading socksio-1.0.0-py3-none-any.whl.metadata (6.1 kB)
2024-12-31T03:21:21.033121486Z Collecting markdown-it-py>=2.2.0 (from rich>=12.3.0->pdm>=2.17.3->venvstacks==0.3.0.dev1)
2024-12-31T03:21:21.112603349Z   Downloading markdown_it_py-3.0.0-py3-none-any.whl.metadata (6.9 kB)
2024-12-31T03:21:21.550837054Z Collecting pygments<3.0.0,>=2.13.0 (from rich>=12.3.0->pdm>=2.17.3->venvstacks==0.3.0.dev1)
2024-12-31T03:21:21.630731278Z   Downloading pygments-2.18.0-py3-none-any.whl.metadata (2.5 kB)
2024-12-31T03:21:22.015129689Z Collecting distlib<1,>=0.3.7 (from virtualenv>=20->pdm>=2.17.3->venvstacks==0.3.0.dev1)
2024-12-31T03:21:22.094788147Z   Downloading distlib-0.3.9-py2.py3-none-any.whl.metadata (5.2 kB)
2024-12-31T03:21:22.499168186Z Collecting mdurl~=0.1 (from markdown-it-py>=2.2.0->rich>=12.3.0->pdm>=2.17.3->venvstacks==0.3.0.dev1)
2024-12-31T03:21:22.578386177Z   Downloading mdurl-0.1.2-py3-none-any.whl.metadata (1.6 kB)
2024-12-31T03:21:22.943679596Z Collecting sniffio>=1.1 (from anyio->httpx<1,>0.20->httpx[socks]<1,>0.20->pdm>=2.17.3->venvstacks==0.3.0.dev1)
2024-12-31T03:21:23.022936572Z   Downloading sniffio-1.3.1-py3-none-any.whl.metadata (3.9 kB)
2024-12-31T03:21:23.139866940Z Downloading pdm-2.22.1-py3-none-any.whl (283 kB)
2024-12-31T03:21:23.351413987Z [?25l   [90mâ”â”â”â”â”â”â”â”â”â”â”â”â”â”â”â”â”â”â”â”â”â”â”â”â”â”â”â”â”â”â”â”â”â”â”â”â”â”â”â”[0m [32m0.0/283.6 kB[0m [31m?[0m eta [36m-:--:--[0m
[2K   [91mâ”[0m[90mâ•º[0m[90mâ”â”â”â”â”â”â”â”â”â”â”â”â”â”â”â”â”â”â”â”â”â”â”â”â”â”â”â”â”â”â”â”â”â”â”â”â”â”[0m [32m10.2/283.6 kB[0m [31m?[0m eta [36m-:--:--[0m
[2K   [91mâ”â”â”â”â”â”â”â”[0m[91mâ•¸[0m[90mâ”â”â”â”â”â”â”â”â”â”â”â”â”â”â”â”â”â”â”â”â”â”â”â”â”â”â”â”â”â”â”[0m [32m61.4/283.6 kB[0m [31m1.0 MB/s[0m eta [36m0:00:01[0m
[2K   [91mâ”â”â”â”â”â”â”â”â”â”[0m[90mâ•º[0m[90mâ”â”â”â”â”â”â”â”â”â”â”â”â”â”â”â”â”â”â”â”â”â”â”â”â”â”â”â”â”[0m [32m71.7/283.6 kB[0m [31m855.4 kB/s[0m eta [36m0:00:01[0m
[2K   [91mâ”â”â”â”â”â”â”â”â”â”â”â”â”â”â”â”â”[0m[90mâ•º[0m[90mâ”â”â”â”â”â”â”â”â”â”â”â”â”â”â”â”â”â”â”â”â”â”[0m [32m122.9/283.6 kB[0m [31m953.6 kB/s[0m eta [36m0:00:01[0m
[2K   [91mâ”â”â”â”â”â”â”â”â”â”â”â”â”â”â”â”â”â”â”â”â”â”â”â”â”â”â”â”[0m[91mâ•¸[0m[90mâ”â”â”â”â”â”â”â”â”â”â”[0m [32m204.8/283.6 kB[0m [31m1.2 MB/s[0m eta [36m0:00:01[0m
[2K   [90mâ”â”â”â”â”â”â”â”â”â”â”â”â”â”â”â”â”â”â”â”â”â”â”â”â”â”â”â”â”â”â”â”â”â”â”â”â”â”â”â”[0m [32m283.6/283.6 kB[0m [31m1.4 MB/s[0m eta [36m0:00:00[0m
2024-12-31T03:21:23.430546215Z [?25hDownloading pip-24.3.1-py3-none-any.whl (1.8 MB)
2024-12-31T03:21:23.653699220Z [?25l   [90mâ”â”â”â”â”â”â”â”â”â”â”â”â”â”â”â”â”â”â”â”â”â”â”â”â”â”â”â”â”â”â”â”â”â”â”â”â”â”â”â”[0m [32m0.0/1.8 MB[0m [31m?[0m eta [36m-:--:--[0m
[2K   [91mâ”â”â”â”[0m[91mâ•¸[0m[90mâ”â”â”â”â”â”â”â”â”â”â”â”â”â”â”â”â”â”â”â”â”â”â”â”â”â”â”â”â”â”â”â”â”â”â”[0m [32m0.2/1.8 MB[0m [31m6.9 MB/s[0m eta [36m0:00:01[0m
[2K   [91mâ”â”â”â”â”â”[0m[91mâ•¸[0m[90mâ”â”â”â”â”â”â”â”â”â”â”â”â”â”â”â”â”â”â”â”â”â”â”â”â”â”â”â”â”â”â”â”â”[0m [32m0.3/1.8 MB[0m [31m6.7 MB/s[0m eta [36m0:00:01[0m
[2K   [91mâ”â”â”â”â”â”â”â”â”â”â”[0m[91mâ•¸[0m[90mâ”â”â”â”â”â”â”â”â”â”â”â”â”â”â”â”â”â”â”â”â”â”â”â”â”â”â”â”[0m [32m0.5/1.8 MB[0m [31m5.1 MB/s[0m eta [36m0:00:01[0m
[2K   [91mâ”â”â”â”â”â”â”â”â”â”â”â”â”â”â”â”â”[0m[91mâ•¸[0m[90mâ”â”â”â”â”â”â”â”â”â”â”â”â”â”â”â”â”â”â”â”â”â”[0m [32m0.8/1.8 MB[0m [31m5.7 MB/s[0m eta [36m0:00:01[0m
[2K   [91mâ”â”â”â”â”â”â”â”â”â”â”â”â”â”â”â”â”â”â”â”â”â”â”â”â”â”â”[0m[90mâ•º[0m[90mâ”â”â”â”â”â”â”â”â”â”â”â”[0m [32m1.2/1.8 MB[0m [31m7.1 MB/s[0m eta [36m0:00:01[0m
[2K   [91mâ”â”â”â”â”â”â”â”â”â”â”â”â”â”â”â”â”â”â”â”â”â”â”â”â”â”â”â”â”â”â”â”â”â”â”â”â”[0m[91mâ•¸[0m[90mâ”â”[0m [32m1.7/1.8 MB[0m [31m8.3 MB/s[0m eta [36m0:00:01[0m
[2K   [90mâ”â”â”â”â”â”â”â”â”â”â”â”â”â”â”â”â”â”â”â”â”â”â”â”â”â”â”â”â”â”â”â”â”â”â”â”â”â”â”â”[0m [32m1.8/1.8 MB[0m [31m8.2 MB/s[0m eta [36m0:00:00[0m
2024-12-31T03:21:23.734188783Z [?25hDownloading typer_slim-0.15.1-py3-none-any.whl (44 kB)
2024-12-31T03:21:23.810137724Z [?25l   [90mâ”â”â”â”â”â”â”â”â”â”â”â”â”â”â”â”â”â”â”â”â”â”â”â”â”â”â”â”â”â”â”â”â”â”â”â”â”â”â”â”[0m [32m0.0/45.0 kB[0m [31m?[0m eta [36m-:--:--[0m
[2K   [91mâ”â”â”â”â”â”â”â”â”â”â”â”â”â”â”â”â”â”â”â”â”â”â”â”â”â”â”[0m[90mâ•º[0m[90mâ”â”â”â”â”â”â”â”â”â”â”â”[0m [32m30.7/45.0 kB[0m [31m171.2 MB/s[0m eta [36m0:00:01[0m
[2K   [91mâ”â”â”â”â”â”â”â”â”â”â”â”â”â”â”â”â”â”â”â”â”â”â”â”â”â”â”[0m[90mâ•º[0m[90mâ”â”â”â”â”â”â”â”â”â”â”â”[0m [32m30.7/45.0 kB[0m [31m171.2 MB/s[0m eta [36m0:00:01[0m
[2K   [90mâ”â”â”â”â”â”â”â”â”â”â”â”â”â”â”â”â”â”â”â”â”â”â”â”â”â”â”â”â”â”â”â”â”â”â”â”â”â”â”â”[0m [32m45.0/45.0 kB[0m [31m478.9 kB/s[0m eta [36m0:00:00[0m
2024-12-31T03:21:23.891011032Z [?25hDownloading uv-0.5.13-py3-none-manylinux_2_17_x86_64.manylinux2014_x86_64.whl (15.0 MB)
2024-12-31T03:21:24.637424118Z [?25l   [90mâ”â”â”â”â”â”â”â”â”â”â”â”â”â”â”â”â”â”â”â”â”â”â”â”â”â”â”â”â”â”â”â”â”â”â”â”â”â”â”â”[0m [32m0.0/15.0 MB[0m [31m?[0m eta [36m-:--:--[0m
[2K   [91mâ”â”[0m[91mâ•¸[0m[90mâ”â”â”â”â”â”â”â”â”â”â”â”â”â”â”â”â”â”â”â”â”â”â”â”â”â”â”â”â”â”â”â”â”â”â”â”â”[0m [32m1.0/15.0 MB[0m [31m30.2 MB/s[0m eta [36m0:00:01[0m
[2K   [91mâ”â”â”â”â”[0m[91mâ•¸[0m[90mâ”â”â”â”â”â”â”â”â”â”â”â”â”â”â”â”â”â”â”â”â”â”â”â”â”â”â”â”â”â”â”â”â”â”[0m [32m2.1/15.0 MB[0m [31m30.6 MB/s[0m eta [36m0:00:01[0m
[2K   [91mâ”â”â”â”â”â”â”â”â”[0m[90mâ•º[0m[90mâ”â”â”â”â”â”â”â”â”â”â”â”â”â”â”â”â”â”â”â”â”â”â”â”â”â”â”â”â”â”[0m [32m3.5/15.0 MB[0m [31m34.2 MB/s[0m eta [36m0:00:01[0m
[2K   [91mâ”â”â”â”â”â”â”â”â”â”â”â”â”[0m[91mâ•¸[0m[90mâ”â”â”â”â”â”â”â”â”â”â”â”â”â”â”â”â”â”â”â”â”â”â”â”â”â”[0m [32m5.2/15.0 MB[0m [31m37.7 MB/s[0m eta [36m0:00:01[0m
[2K   [91mâ”â”â”â”â”â”â”â”â”â”â”â”â”â”â”â”â”â”â”â”â”[0m[91mâ•¸[0m[90mâ”â”â”â”â”â”â”â”â”â”â”â”â”â”â”â”â”â”[0m [32m8.2/15.0 MB[0m [31m47.4 MB/s[0m eta [36m0:00:01[0m
[2K   [91mâ”â”â”â”â”â”â”â”â”â”â”â”â”â”â”â”â”â”â”â”â”â”â”[0m[90mâ•º[0m[90mâ”â”â”â”â”â”â”â”â”â”â”â”â”â”â”â”[0m [32m8.8/15.0 MB[0m [31m48.7 MB/s[0m eta [36m0:00:01[0m
[2K   [91mâ”â”â”â”â”â”â”â”â”â”â”â”â”â”â”â”â”â”â”â”â”â”â”[0m[90mâ•º[0m[90mâ”â”â”â”â”â”â”â”â”â”â”â”â”â”â”â”[0m [32m8.8/15.0 MB[0m [31m48.7 MB/s[0m eta [36m0:00:01[0m
[2K   [91mâ”â”â”â”â”â”â”â”â”â”â”â”â”â”â”â”â”â”â”â”â”â”â”[0m[90mâ•º[0m[90mâ”â”â”â”â”â”â”â”â”â”â”â”â”â”â”â”[0m [32m8.8/15.0 MB[0m [31m48.7 MB/s[0m eta [36m0:00:01[0m
[2K   [91mâ”â”â”â”â”â”â”â”â”â”â”â”â”â”â”â”â”â”â”â”â”â”â”[0m[90mâ•º[0m[90mâ”â”â”â”â”â”â”â”â”â”â”â”â”â”â”â”[0m [32m8.8/15.0 MB[0m [31m48.7 MB/s[0m eta [36m0:00:01[0m
[2K   [91mâ”â”â”â”â”â”â”â”â”â”â”â”â”â”â”â”â”â”â”â”â”â”â”[0m[90mâ•º[0m[90mâ”â”â”â”â”â”â”â”â”â”â”â”â”â”â”â”[0m [32m8.8/15.0 MB[0m [31m48.7 MB/s[0m eta [36m0:00:01[0m
[2K   [91mâ”â”â”â”â”â”â”â”â”â”â”â”â”â”â”â”â”â”â”â”â”â”â”[0m[90mâ•º[0m[90mâ”â”â”â”â”â”â”â”â”â”â”â”â”â”â”â”[0m [32m8.8/15.0 MB[0m [31m48.7 MB/s[0m eta [36m0:00:01[0m
[2K   [91mâ”â”â”â”â”â”â”â”â”â”â”â”â”â”â”â”â”â”â”â”â”â”â”[0m[90mâ•º[0m[90mâ”â”â”â”â”â”â”â”â”â”â”â”â”â”â”â”[0m [32m8.8/15.0 MB[0m [31m48.7 MB/s[0m eta [36m0:00:01[0m
[2K   [91mâ”â”â”â”â”â”â”â”â”â”â”â”â”â”â”â”â”â”â”â”â”â”â”[0m[90mâ•º[0m[90mâ”â”â”â”â”â”â”â”â”â”â”â”â”â”â”â”[0m [32m8.8/15.0 MB[0m [31m48.7 MB/s[0m eta [36m0:00:01[0m
[2K   [91mâ”â”â”â”â”â”â”â”â”â”â”â”â”â”â”â”â”â”â”â”â”â”â”[0m[90mâ•º[0m[90mâ”â”â”â”â”â”â”â”â”â”â”â”â”â”â”â”[0m [32m8.8/15.0 MB[0m [31m48.7 MB/s[0m eta [36m0:00:01[0m
[2K   [91mâ”â”â”â”â”â”â”â”â”â”â”â”â”â”â”â”â”â”â”â”â”â”â”[0m[90mâ•º[0m[90mâ”â”â”â”â”â”â”â”â”â”â”â”â”â”â”â”[0m [32m8.8/15.0 MB[0m [31m48.7 MB/s[0m eta [36m0:00:01[0m
[2K   [91mâ”â”â”â”â”â”â”â”â”â”â”â”â”â”â”â”â”â”â”â”â”â”â”[0m[90mâ•º[0m[90mâ”â”â”â”â”â”â”â”â”â”â”â”â”â”â”â”[0m [32m8.8/15.0 MB[0m [31m48.7 MB/s[0m eta [36m0:00:01[0m
[2K   [91mâ”â”â”â”â”â”â”â”â”â”â”â”â”â”â”â”â”â”â”â”â”â”â”[0m[90mâ•º[0m[90mâ”â”â”â”â”â”â”â”â”â”â”â”â”â”â”â”[0m [32m8.8/15.0 MB[0m [31m48.7 MB/s[0m eta [36m0:00:01[0m
[2K   [91mâ”â”â”â”â”â”â”â”â”â”â”â”â”â”â”â”â”â”â”â”â”â”â”[0m[90mâ•º[0m[90mâ”â”â”â”â”â”â”â”â”â”â”â”â”â”â”â”[0m [32m8.8/15.0 MB[0m [31m48.7 MB/s[0m eta [36m0:00:01[0m
[2K   [91mâ”â”â”â”â”â”â”â”â”â”â”â”â”â”â”â”â”â”â”â”â”â”â”[0m[90mâ•º[0m[90mâ”â”â”â”â”â”â”â”â”â”â”â”â”â”â”â”[0m [32m8.8/15.0 MB[0m [31m48.7 MB/s[0m eta [36m0:00:01[0m
[2K   [91mâ”â”â”â”â”â”â”â”â”â”â”â”â”â”â”â”â”â”â”â”â”â”â”â”â”â”â”â”â”[0m[90mâ•º[0m[90mâ”â”â”â”â”â”â”â”â”â”[0m [32m11.0/15.0 MB[0m [31m15.3 MB/s[0m eta [36m0:00:01[0m
[2K   [91mâ”â”â”â”â”â”â”â”â”â”â”â”â”â”â”â”â”â”â”â”â”â”â”â”â”â”â”â”â”â”â”â”â”â”â”â”â”â”â”[0m[91mâ•¸[0m [32m15.0/15.0 MB[0m [31m17.4 MB/s[0m eta [36m0:00:01[0m
[2K   [90mâ”â”â”â”â”â”â”â”â”â”â”â”â”â”â”â”â”â”â”â”â”â”â”â”â”â”â”â”â”â”â”â”â”â”â”â”â”â”â”â”[0m [32m15.0/15.0 MB[0m [31m16.7 MB/s[0m eta [36m0:00:00[0m
2024-12-31T03:21:24.716739326Z [?25hDownloading certifi-2024.12.14-py3-none-any.whl (164 kB)
2024-12-31T03:21:24.793673737Z [?25l   [90mâ”â”â”â”â”â”â”â”â”â”â”â”â”â”â”â”â”â”â”â”â”â”â”â”â”â”â”â”â”â”â”â”â”â”â”â”â”â”â”â”[0m [32m0.0/164.9 kB[0m [31m?[0m eta [36m-:--:--[0m
[2K   [91mâ”â”â”â”â”â”â”â”â”â”â”â”â”â”â”â”â”â”â”â”â”â”â”â”â”â”â”â”â”â”â”â”â”â”â”â”â”[0m[90mâ•º[0m[90mâ”â”[0m [32m153.6/164.9 kB[0m [31m260.8 MB/s[0m eta [36m0:00:01[0m
[2K   [91mâ”â”â”â”â”â”â”â”â”â”â”â”â”â”â”â”â”â”â”â”â”â”â”â”â”â”â”â”â”â”â”â”â”â”â”â”â”[0m[90mâ•º[0m[90mâ”â”[0m [32m153.6/164.9 kB[0m [31m260.8 MB/s[0m eta [36m0:00:01[0m
[2K   [90mâ”â”â”â”â”â”â”â”â”â”â”â”â”â”â”â”â”â”â”â”â”â”â”â”â”â”â”â”â”â”â”â”â”â”â”â”â”â”â”â”[0m [32m164.9/164.9 kB[0m [31m2.1 MB/s[0m eta [36m0:00:00[0m
2024-12-31T03:21:24.873695958Z [?25hDownloading click-8.1.8-py3-none-any.whl (98 kB)
2024-12-31T03:21:24.949588106Z [?25l   [90mâ”â”â”â”â”â”â”â”â”â”â”â”â”â”â”â”â”â”â”â”â”â”â”â”â”â”â”â”â”â”â”â”â”â”â”â”â”â”â”â”[0m [32m0.0/98.2 kB[0m [31m?[0m eta [36m-:--:--[0m
[2K   [91mâ”â”â”â”â”â”â”â”â”â”â”â”â”â”â”â”â”â”â”â”â”â”â”â”â”â”â”â”â”â”â”â”â”â”â”â”â”[0m[91mâ•¸[0m[90mâ”â”[0m [32m92.2/98.2 kB[0m [31m249.2 MB/s[0m eta [36m0:00:01[0m
[2K   [91mâ”â”â”â”â”â”â”â”â”â”â”â”â”â”â”â”â”â”â”â”â”â”â”â”â”â”â”â”â”â”â”â”â”â”â”â”â”[0m[91mâ•¸[0m[90mâ”â”[0m [32m92.2/98.2 kB[0m [31m249.2 MB/s[0m eta [36m0:00:01[0m
[2K   [90mâ”â”â”â”â”â”â”â”â”â”â”â”â”â”â”â”â”â”â”â”â”â”â”â”â”â”â”â”â”â”â”â”â”â”â”â”â”â”â”â”[0m [32m98.2/98.2 kB[0m [31m1.2 MB/s[0m eta [36m0:00:00[0m
2024-12-31T03:21:25.029330627Z [?25hDownloading dep_logic-0.4.10-py3-none-any.whl (34 kB)
2024-12-31T03:21:25.183523934Z Downloading filelock-3.16.1-py3-none-any.whl (16 kB)
2024-12-31T03:21:25.338146291Z Downloading findpython-0.6.2-py3-none-any.whl (20 kB)
2024-12-31T03:21:25.492498416Z Downloading hishel-0.1.1-py3-none-any.whl (41 kB)
2024-12-31T03:21:25.569189524Z [?25l   [90mâ”â”â”â”â”â”â”â”â”â”â”â”â”â”â”â”â”â”â”â”â”â”â”â”â”â”â”â”â”â”â”â”â”â”â”â”â”â”â”â”[0m [32m0.0/41.9 kB[0m [31m?[0m eta [36m-:--:--[0m
[2K   [91mâ”â”â”â”â”â”â”â”â”â”â”â”â”â”â”â”â”â”â”â”â”â”â”â”â”â”â”â”â”[0m[90mâ•º[0m[90mâ”â”â”â”â”â”â”â”â”â”[0m [32m30.7/41.9 kB[0m [31m168.7 MB/s[0m eta [36m0:00:01[0m
[2K   [91mâ”â”â”â”â”â”â”â”â”â”â”â”â”â”â”â”â”â”â”â”â”â”â”â”â”â”â”â”â”[0m[90mâ•º[0m[90mâ”â”â”â”â”â”â”â”â”â”[0m [32m30.7/41.9 kB[0m [31m168.7 MB/s[0m eta [36m0:00:01[0m
[2K   [90mâ”â”â”â”â”â”â”â”â”â”â”â”â”â”â”â”â”â”â”â”â”â”â”â”â”â”â”â”â”â”â”â”â”â”â”â”â”â”â”â”[0m [32m41.9/41.9 kB[0m [31m433.0 kB/s[0m eta [36m0:00:00[0m
2024-12-31T03:21:25.648316964Z [?25hDownloading httpcore-1.0.7-py3-none-any.whl (78 kB)
2024-12-31T03:21:25.724557437Z [?25l   [90mâ”â”â”â”â”â”â”â”â”â”â”â”â”â”â”â”â”â”â”â”â”â”â”â”â”â”â”â”â”â”â”â”â”â”â”â”â”â”â”â”[0m [32m0.0/78.6 kB[0m [31m?[0m eta [36m-:--:--[0m
[2K   [91mâ”â”â”â”â”â”â”â”â”â”â”â”â”â”â”â”â”â”â”â”â”â”â”â”â”â”â”â”â”â”â”[0m[90mâ•º[0m[90mâ”â”â”â”â”â”â”â”[0m [32m61.4/78.6 kB[0m [31m225.8 MB/s[0m eta [36m0:00:01[0m
[2K   [91mâ”â”â”â”â”â”â”â”â”â”â”â”â”â”â”â”â”â”â”â”â”â”â”â”â”â”â”â”â”â”â”[0m[90mâ•º[0m[90mâ”â”â”â”â”â”â”â”[0m [32m61.4/78.6 kB[0m [31m225.8 MB/s[0m eta [36m0:00:01[0m
[2K   [90mâ”â”â”â”â”â”â”â”â”â”â”â”â”â”â”â”â”â”â”â”â”â”â”â”â”â”â”â”â”â”â”â”â”â”â”â”â”â”â”â”[0m [32m78.6/78.6 kB[0m [31m936.0 kB/s[0m eta [36m0:00:00[0m
2024-12-31T03:21:25.804186833Z [?25hDownloading httpx-0.28.1-py3-none-any.whl (73 kB)
2024-12-31T03:21:25.880461378Z [?25l   [90mâ”â”â”â”â”â”â”â”â”â”â”â”â”â”â”â”â”â”â”â”â”â”â”â”â”â”â”â”â”â”â”â”â”â”â”â”â”â”â”â”[0m [32m0.0/73.5 kB[0m [31m?[0m eta [36m-:--:--[0m
[2K   [91mâ”â”â”â”â”â”â”â”â”â”â”â”â”â”â”â”â”â”â”â”â”â”â”â”â”â”â”â”â”â”â”â”â”[0m[90mâ•º[0m[90mâ”â”â”â”â”â”[0m [32m61.4/73.5 kB[0m [31m219.2 MB/s[0m eta [36m0:00:01[0m
[2K   [91mâ”â”â”â”â”â”â”â”â”â”â”â”â”â”â”â”â”â”â”â”â”â”â”â”â”â”â”â”â”â”â”â”â”[0m[90mâ•º[0m[90mâ”â”â”â”â”â”[0m [32m61.4/73.5 kB[0m [31m219.2 MB/s[0m eta [36m0:00:01[0m
[2K   [90mâ”â”â”â”â”â”â”â”â”â”â”â”â”â”â”â”â”â”â”â”â”â”â”â”â”â”â”â”â”â”â”â”â”â”â”â”â”â”â”â”[0m [32m73.5/73.5 kB[0m [31m867.4 kB/s[0m eta [36m0:00:00[0m
2024-12-31T03:21:25.963407294Z [?25hDownloading socksio-1.0.0-py3-none-any.whl (12 kB)
2024-12-31T03:21:26.045982800Z Downloading installer-0.7.0-py3-none-any.whl (453 kB)
2024-12-31T03:21:26.123755833Z [?25l   [90mâ”â”â”â”â”â”â”â”â”â”â”â”â”â”â”â”â”â”â”â”â”â”â”â”â”â”â”â”â”â”â”â”â”â”â”â”â”â”â”â”[0m [32m0.0/453.8 kB[0m [31m?[0m eta [36m-:--:--[0m
[2K   [91mâ”â”â”â”â”â”â”â”â”â”â”â”â”â”â”â”â”â”â”â”â”â”â”â”â”â”â”â”â”â”â”â”â”â”â”â”â”â”[0m[91mâ•¸[0m[90mâ”[0m [32m440.3/453.8 kB[0m [31m274.5 MB/s[0m eta [36m0:00:01[0m
[2K   [91mâ”â”â”â”â”â”â”â”â”â”â”â”â”â”â”â”â”â”â”â”â”â”â”â”â”â”â”â”â”â”â”â”â”â”â”â”â”â”[0m[91mâ•¸[0m[90mâ”[0m [32m440.3/453.8 kB[0m [31m274.5 MB/s[0m eta [36m0:00:01[0m
[2K   [90mâ”â”â”â”â”â”â”â”â”â”â”â”â”â”â”â”â”â”â”â”â”â”â”â”â”â”â”â”â”â”â”â”â”â”â”â”â”â”â”â”[0m [32m453.8/453.8 kB[0m [31m6.0 MB/s[0m eta [36m0:00:00[0m
2024-12-31T03:21:26.203543904Z [?25hDownloading msgpack-1.1.0-cp311-cp311-manylinux_2_17_x86_64.manylinux2014_x86_64.whl (403 kB)
2024-12-31T03:21:26.281024168Z [?25l   [90mâ”â”â”â”â”â”â”â”â”â”â”â”â”â”â”â”â”â”â”â”â”â”â”â”â”â”â”â”â”â”â”â”â”â”â”â”â”â”â”â”[0m [32m0.0/403.7 kB[0m [31m?[0m eta [36m-:--:--[0m
[2K   [91mâ”â”â”â”â”â”â”â”â”â”â”â”â”â”â”â”â”â”â”â”â”â”â”â”â”â”â”â”â”â”â”â”â”â”â”â”â”â”[0m[91mâ•¸[0m[90mâ”[0m [32m389.1/403.7 kB[0m [31m277.7 MB/s[0m eta [36m0:00:01[0m
[2K   [91mâ”â”â”â”â”â”â”â”â”â”â”â”â”â”â”â”â”â”â”â”â”â”â”â”â”â”â”â”â”â”â”â”â”â”â”â”â”â”[0m[91mâ•¸[0m[90mâ”[0m [32m389.1/403.7 kB[0m [31m277.7 MB/s[0m eta [36m0:00:01[0m
[2K   [90mâ”â”â”â”â”â”â”â”â”â”â”â”â”â”â”â”â”â”â”â”â”â”â”â”â”â”â”â”â”â”â”â”â”â”â”â”â”â”â”â”[0m [32m403.7/403.7 kB[0m [31m5.3 MB/s[0m eta [36m0:00:00[0m
2024-12-31T03:21:26.360409323Z [?25hDownloading packaging-24.2-py3-none-any.whl (65 kB)
2024-12-31T03:21:26.436911727Z [?25l   [90mâ”â”â”â”â”â”â”â”â”â”â”â”â”â”â”â”â”â”â”â”â”â”â”â”â”â”â”â”â”â”â”â”â”â”â”â”â”â”â”â”[0m [32m0.0/65.5 kB[0m [31m?[0m eta [36m-:--:--[0m
[2K   [91mâ”â”â”â”â”â”â”â”â”â”â”â”â”â”â”â”â”â”â”â”â”â”â”â”â”â”â”â”â”â”â”â”â”â”â”â”â”[0m[91mâ•¸[0m[90mâ”â”[0m [32m61.4/65.5 kB[0m [31m241.3 MB/s[0m eta [36m0:00:01[0m
[2K   [91mâ”â”â”â”â”â”â”â”â”â”â”â”â”â”â”â”â”â”â”â”â”â”â”â”â”â”â”â”â”â”â”â”â”â”â”â”â”[0m[91mâ•¸[0m[90mâ”â”[0m [32m61.4/65.5 kB[0m [31m241.3 MB/s[0m eta [36m0:00:01[0m
[2K   [90mâ”â”â”â”â”â”â”â”â”â”â”â”â”â”â”â”â”â”â”â”â”â”â”â”â”â”â”â”â”â”â”â”â”â”â”â”â”â”â”â”[0m [32m65.5/65.5 kB[0m [31m757.3 kB/s[0m eta [36m0:00:00[0m
2024-12-31T03:21:26.517097412Z [?25hDownloading pbs_installer-2024.12.19-py3-none-any.whl (51 kB)
2024-12-31T03:21:26.593414046Z [?25l   [90mâ”â”â”â”â”â”â”â”â”â”â”â”â”â”â”â”â”â”â”â”â”â”â”â”â”â”â”â”â”â”â”â”â”â”â”â”â”â”â”â”[0m [32m0.0/51.1 kB[0m [31m?[0m eta [36m-:--:--[0m
[2K   [91mâ”â”â”â”â”â”â”â”â”â”â”â”â”â”â”â”â”â”â”â”â”â”â”â”â”â”â”â”â”â”â”â”[0m[90mâ•º[0m[90mâ”â”â”â”â”â”â”[0m [32m41.0/51.1 kB[0m [31m219.5 MB/s[0m eta [36m0:00:01[0m
[2K   [91mâ”â”â”â”â”â”â”â”â”â”â”â”â”â”â”â”â”â”â”â”â”â”â”â”â”â”â”â”â”â”â”â”[0m[90mâ•º[0m[90mâ”â”â”â”â”â”â”[0m [32m41.0/51.1 kB[0m [31m219.5 MB/s[0m eta [36m0:00:01[0m
[2K   [90mâ”â”â”â”â”â”â”â”â”â”â”â”â”â”â”â”â”â”â”â”â”â”â”â”â”â”â”â”â”â”â”â”â”â”â”â”â”â”â”â”[0m [32m51.1/51.1 kB[0m [31m560.1 kB/s[0m eta [36m0:00:00[0m
2024-12-31T03:21:26.672552318Z [?25hDownloading python_dotenv-1.0.1-py3-none-any.whl (19 kB)
2024-12-31T03:21:26.827252646Z Downloading resolvelib-1.1.0-py2.py3-none-any.whl (18 kB)
2024-12-31T03:21:26.980935734Z Downloading rich-13.9.4-py3-none-any.whl (242 kB)
2024-12-31T03:21:27.057654160Z [?25l   [90mâ”â”â”â”â”â”â”â”â”â”â”â”â”â”â”â”â”â”â”â”â”â”â”â”â”â”â”â”â”â”â”â”â”â”â”â”â”â”â”â”[0m [32m0.0/242.4 kB[0m [31m?[0m eta [36m-:--:--[0m
[2K   [91mâ”â”â”â”â”â”â”â”â”â”â”â”â”â”â”â”â”â”â”â”â”â”â”â”â”â”â”â”â”â”â”â”â”â”â”â”â”[0m[90mâ•º[0m[90mâ”â”[0m [32m225.3/242.4 kB[0m [31m257.3 MB/s[0m eta [36m0:00:01[0m
[2K   [91mâ”â”â”â”â”â”â”â”â”â”â”â”â”â”â”â”â”â”â”â”â”â”â”â”â”â”â”â”â”â”â”â”â”â”â”â”â”[0m[90mâ•º[0m[90mâ”â”[0m [32m225.3/242.4 kB[0m [31m257.3 MB/s[0m eta [36m0:00:01[0m
[2K   [90mâ”â”â”â”â”â”â”â”â”â”â”â”â”â”â”â”â”â”â”â”â”â”â”â”â”â”â”â”â”â”â”â”â”â”â”â”â”â”â”â”[0m [32m242.4/242.4 kB[0m [31m3.2 MB/s[0m eta [36m0:00:00[0m
2024-12-31T03:21:27.137174411Z [?25hDownloading shellingham-1.5.4-py2.py3-none-any.whl (9.8 kB)
2024-12-31T03:21:27.291303568Z Downloading tomlkit-0.13.2-py3-none-any.whl (37 kB)
2024-12-31T03:21:27.446494340Z Downloading truststore-0.10.0-py3-none-any.whl (18 kB)
2024-12-31T03:21:27.600090700Z Downloading typing_extensions-4.12.2-py3-none-any.whl (37 kB)
2024-12-31T03:21:27.753616956Z Downloading unearth-0.17.2-py3-none-any.whl (47 kB)
2024-12-31T03:21:27.829947548Z [?25l   [90mâ”â”â”â”â”â”â”â”â”â”â”â”â”â”â”â”â”â”â”â”â”â”â”â”â”â”â”â”â”â”â”â”â”â”â”â”â”â”â”â”[0m [32m0.0/47.4 kB[0m [31m?[0m eta [36m-:--:--[0m
[2K   [91mâ”â”â”â”â”â”â”â”â”â”â”â”â”â”â”â”â”â”â”â”â”â”â”â”â”[0m[91mâ•¸[0m[90mâ”â”â”â”â”â”â”â”â”â”â”â”â”â”[0m [32m30.7/47.4 kB[0m [31m213.3 MB/s[0m eta [36m0:00:01[0m
[2K   [91mâ”â”â”â”â”â”â”â”â”â”â”â”â”â”â”â”â”â”â”â”â”â”â”â”â”[0m[91mâ•¸[0m[90mâ”â”â”â”â”â”â”â”â”â”â”â”â”â”[0m [32m30.7/47.4 kB[0m [31m213.3 MB/s[0m eta [36m0:00:01[0m
[2K   [90mâ”â”â”â”â”â”â”â”â”â”â”â”â”â”â”â”â”â”â”â”â”â”â”â”â”â”â”â”â”â”â”â”â”â”â”â”â”â”â”â”[0m [32m47.4/47.4 kB[0m [31m507.7 kB/s[0m eta [36m0:00:00[0m
2024-12-31T03:21:27.909337971Z [?25hDownloading virtualenv-20.28.0-py3-none-any.whl (4.3 MB)
2024-12-31T03:21:27.993941519Z [?25l   [90mâ”â”â”â”â”â”â”â”â”â”â”â”â”â”â”â”â”â”â”â”â”â”â”â”â”â”â”â”â”â”â”â”â”â”â”â”â”â”â”â”[0m [32m0.0/4.3 MB[0m [31m?[0m eta [36m-:--:--[0m
[2K   [91mâ”â”â”â”â”â”â”â”â”â”â”â”â”â”â”â”â”â”â”â”â”â”â”â”â”â”â”â”â”â”â”â”â”â”â”â”â”â”â”[0m[91mâ•¸[0m [32m4.3/4.3 MB[0m [31m207.0 MB/s[0m eta [36m0:00:01[0m
[2K   [91mâ”â”â”â”â”â”â”â”â”â”â”â”â”â”â”â”â”â”â”â”â”â”â”â”â”â”â”â”â”â”â”â”â”â”â”â”â”â”â”[0m[91mâ•¸[0m [32m4.3/4.3 MB[0m [31m207.0 MB/s[0m eta [36m0:00:01[0m
[2K   [90mâ”â”â”â”â”â”â”â”â”â”â”â”â”â”â”â”â”â”â”â”â”â”â”â”â”â”â”â”â”â”â”â”â”â”â”â”â”â”â”â”[0m [32m4.3/4.3 MB[0m [31m52.7 MB/s[0m eta [36m0:00:00[0m
2024-12-31T03:21:28.073949719Z [?25hDownloading platformdirs-4.3.6-py3-none-any.whl (18 kB)
2024-12-31T03:21:28.228022285Z Downloading blinker-1.9.0-py3-none-any.whl (8.5 kB)
2024-12-31T03:21:28.382414980Z Downloading pyproject_hooks-1.2.0-py3-none-any.whl (10 kB)
2024-12-31T03:21:28.536351978Z Downloading distlib-0.3.9-py2.py3-none-any.whl (468 kB)
2024-12-31T03:21:28.613383707Z [?25l   [90mâ”â”â”â”â”â”â”â”â”â”â”â”â”â”â”â”â”â”â”â”â”â”â”â”â”â”â”â”â”â”â”â”â”â”â”â”â”â”â”â”[0m [32m0.0/469.0 kB[0m [31m?[0m eta [36m-:--:--[0m
[2K   [91mâ”â”â”â”â”â”â”â”â”â”â”â”â”â”â”â”â”â”â”â”â”â”â”â”â”â”â”â”â”â”â”â”â”â”â”â”â”â”[0m[90mâ•º[0m[90mâ”[0m [32m450.6/469.0 kB[0m [31m270.7 MB/s[0m eta [36m0:00:01[0m
[2K   [91mâ”â”â”â”â”â”â”â”â”â”â”â”â”â”â”â”â”â”â”â”â”â”â”â”â”â”â”â”â”â”â”â”â”â”â”â”â”â”[0m[90mâ•º[0m[90mâ”[0m [32m450.6/469.0 kB[0m [31m270.7 MB/s[0m eta [36m0:00:01[0m
[2K   [90mâ”â”â”â”â”â”â”â”â”â”â”â”â”â”â”â”â”â”â”â”â”â”â”â”â”â”â”â”â”â”â”â”â”â”â”â”â”â”â”â”[0m [32m469.0/469.0 kB[0m [31m6.2 MB/s[0m eta [36m0:00:00[0m
2024-12-31T03:21:28.692939480Z [?25hDownloading h11-0.14.0-py3-none-any.whl (58 kB)
2024-12-31T03:21:28.769019794Z [?25l   [90mâ”â”â”â”â”â”â”â”â”â”â”â”â”â”â”â”â”â”â”â”â”â”â”â”â”â”â”â”â”â”â”â”â”â”â”â”â”â”â”â”[0m [32m0.0/58.3 kB[0m [31m?[0m eta [36m-:--:--[0m
[2K   [91mâ”â”â”â”â”â”â”â”â”â”â”â”â”â”â”â”â”â”â”â”â”â”â”â”â”â”â”â”[0m[90mâ•º[0m[90mâ”â”â”â”â”â”â”â”â”â”â”[0m [32m41.0/58.3 kB[0m [31m206.1 MB/s[0m eta [36m0:00:01[0m
[2K   [91mâ”â”â”â”â”â”â”â”â”â”â”â”â”â”â”â”â”â”â”â”â”â”â”â”â”â”â”â”[0m[90mâ•º[0m[90mâ”â”â”â”â”â”â”â”â”â”â”[0m [32m41.0/58.3 kB[0m [31m206.1 MB/s[0m eta [36m0:00:01[0m
[2K   [90mâ”â”â”â”â”â”â”â”â”â”â”â”â”â”â”â”â”â”â”â”â”â”â”â”â”â”â”â”â”â”â”â”â”â”â”â”â”â”â”â”[0m [32m58.3/58.3 kB[0m [31m660.3 kB/s[0m eta [36m0:00:00[0m
2024-12-31T03:21:28.848640609Z [?25hDownloading markdown_it_py-3.0.0-py3-none-any.whl (87 kB)
2024-12-31T03:21:28.924948895Z [?25l   [90mâ”â”â”â”â”â”â”â”â”â”â”â”â”â”â”â”â”â”â”â”â”â”â”â”â”â”â”â”â”â”â”â”â”â”â”â”â”â”â”â”[0m [32m0.0/87.5 kB[0m [31m?[0m eta [36m-:--:--[0m
[2K   [91mâ”â”â”â”â”â”â”â”â”â”â”â”â”â”â”â”â”â”â”â”â”â”â”â”â”â”â”â”â”â”â”â”[0m[91mâ•¸[0m[90mâ”â”â”â”â”â”â”[0m [32m71.7/87.5 kB[0m [31m244.2 MB/s[0m eta [36m0:00:01[0m
[2K   [91mâ”â”â”â”â”â”â”â”â”â”â”â”â”â”â”â”â”â”â”â”â”â”â”â”â”â”â”â”â”â”â”â”[0m[91mâ•¸[0m[90mâ”â”â”â”â”â”â”[0m [32m71.7/87.5 kB[0m [31m244.2 MB/s[0m eta [36m0:00:01[0m
[2K   [90mâ”â”â”â”â”â”â”â”â”â”â”â”â”â”â”â”â”â”â”â”â”â”â”â”â”â”â”â”â”â”â”â”â”â”â”â”â”â”â”â”[0m [32m87.5/87.5 kB[0m [31m1.1 MB/s[0m eta [36m0:00:00[0m
2024-12-31T03:21:29.004528817Z [?25hDownloading pygments-2.18.0-py3-none-any.whl (1.2 MB)
2024-12-31T03:21:29.083567744Z [?25l   [90mâ”â”â”â”â”â”â”â”â”â”â”â”â”â”â”â”â”â”â”â”â”â”â”â”â”â”â”â”â”â”â”â”â”â”â”â”â”â”â”â”[0m [32m0.0/1.2 MB[0m [31m?[0m eta [36m-:--:--[0m
[2K   [91mâ”â”â”â”â”â”â”â”â”â”â”â”â”â”â”â”â”â”â”â”â”â”â”â”â”â”â”â”â”â”â”â”â”â”â”â”â”â”â”[0m[90mâ•º[0m [32m1.2/1.2 MB[0m [31m281.4 MB/s[0m eta [36m0:00:01[0m
[2K   [91mâ”â”â”â”â”â”â”â”â”â”â”â”â”â”â”â”â”â”â”â”â”â”â”â”â”â”â”â”â”â”â”â”â”â”â”â”â”â”â”[0m[90mâ•º[0m [32m1.2/1.2 MB[0m [31m281.4 MB/s[0m eta [36m0:00:01[0m
[2K   [90mâ”â”â”â”â”â”â”â”â”â”â”â”â”â”â”â”â”â”â”â”â”â”â”â”â”â”â”â”â”â”â”â”â”â”â”â”â”â”â”â”[0m [32m1.2/1.2 MB[0m [31m15.8 MB/s[0m eta [36m0:00:00[0m
2024-12-31T03:21:29.163725615Z [?25hDownloading anyio-4.7.0-py3-none-any.whl (93 kB)
2024-12-31T03:21:29.240378022Z [?25l   [90mâ”â”â”â”â”â”â”â”â”â”â”â”â”â”â”â”â”â”â”â”â”â”â”â”â”â”â”â”â”â”â”â”â”â”â”â”â”â”â”â”[0m [32m0.0/93.1 kB[0m [31m?[0m eta [36m-:--:--[0m
[2K   [91mâ”â”â”â”â”â”â”â”â”â”â”â”â”â”â”â”â”â”â”â”â”â”â”â”â”â”â”â”â”â”[0m[91mâ•¸[0m[90mâ”â”â”â”â”â”â”â”â”[0m [32m71.7/93.1 kB[0m [31m248.2 MB/s[0m eta [36m0:00:01[0m
[2K   [91mâ”â”â”â”â”â”â”â”â”â”â”â”â”â”â”â”â”â”â”â”â”â”â”â”â”â”â”â”â”â”[0m[91mâ•¸[0m[90mâ”â”â”â”â”â”â”â”â”[0m [32m71.7/93.1 kB[0m [31m248.2 MB/s[0m eta [36m0:00:01[0m
[2K   [90mâ”â”â”â”â”â”â”â”â”â”â”â”â”â”â”â”â”â”â”â”â”â”â”â”â”â”â”â”â”â”â”â”â”â”â”â”â”â”â”â”[0m [32m93.1/93.1 kB[0m [31m1.1 MB/s[0m eta [36m0:00:00[0m
2024-12-31T03:21:29.319978273Z [?25hDownloading idna-3.10-py3-none-any.whl (70 kB)
2024-12-31T03:21:29.397069857Z [?25l   [90mâ”â”â”â”â”â”â”â”â”â”â”â”â”â”â”â”â”â”â”â”â”â”â”â”â”â”â”â”â”â”â”â”â”â”â”â”â”â”â”â”[0m [32m0.0/70.4 kB[0m [31m?[0m eta [36m-:--:--[0m
[2K   [91mâ”â”â”â”â”â”â”â”â”â”â”â”â”â”â”â”â”â”â”â”â”â”â”â”â”â”â”â”â”â”â”â”â”â”[0m[91mâ•¸[0m[90mâ”â”â”â”â”[0m [32m61.4/70.4 kB[0m [31m230.6 MB/s[0m eta [36m0:00:01[0m
[2K   [91mâ”â”â”â”â”â”â”â”â”â”â”â”â”â”â”â”â”â”â”â”â”â”â”â”â”â”â”â”â”â”â”â”â”â”[0m[91mâ•¸[0m[90mâ”â”â”â”â”[0m [32m61.4/70.4 kB[0m [31m230.6 MB/s[0m eta [36m0:00:01[0m
[2K   [90mâ”â”â”â”â”â”â”â”â”â”â”â”â”â”â”â”â”â”â”â”â”â”â”â”â”â”â”â”â”â”â”â”â”â”â”â”â”â”â”â”[0m [32m70.4/70.4 kB[0m [31m817.3 kB/s[0m eta [36m0:00:00[0m
2024-12-31T03:21:29.476421417Z [?25hDownloading mdurl-0.1.2-py3-none-any.whl (10.0 kB)
2024-12-31T03:21:29.630581873Z Downloading sniffio-1.3.1-py3-none-any.whl (10 kB)
2024-12-31T03:21:29.699256727Z Building wheels for collected packages: venvstacks
2024-12-31T03:21:29.835607162Z   Building wheel for venvstacks (pyproject.toml) ... [?25l- done
2024-12-31T03:21:29.836330003Z [?25h  Created wheel for venvstacks: filename=venvstacks-0.3.0.dev1-py3-none-any.whl size=45581 sha256=e219170b81a8c169f19a9fc8759727489d6f08db6cf4df66f92d52b658f50de0
2024-12-31T03:21:29.836444889Z   Stored in directory: /tmp/pip-ephem-wheel-cache-gbtev0u3/wheels/02/d5/cb/a492cbde82088825b7fc6a886fb67132ecfb75615a3ad91a06
2024-12-31T03:21:29.838815673Z Successfully built venvstacks
2024-12-31T03:21:30.115295631Z Installing collected packages: distlib, uv, typing-extensions, truststore, tomlkit, socksio, sniffio, shellingham, resolvelib, python-dotenv, pyproject-hooks, pygments, platformdirs, pip, pbs-installer, packaging, msgpack, mdurl, installer, idna, h11, filelock, click, certifi, blinker, virtualenv, typer-slim, markdown-it-py, httpcore, findpython, dep-logic, anyio, rich, httpx, unearth, hishel, pdm, venvstacks
2024-12-31T03:21:31.236686421Z   Attempting uninstall: pip
2024-12-31T03:21:31.241941382Z     Found existing installation: pip 24.0
2024-12-31T03:21:31.277908153Z     Uninstalling pip-24.0:
2024-12-31T03:21:31.284607041Z       Successfully uninstalled pip-24.0
2024-12-31T03:21:33.633388049Z Successfully installed anyio-4.7.0 blinker-1.9.0 certifi-2024.12.14 click-8.1.8 dep-logic-0.4.10 distlib-0.3.9 filelock-3.16.1 findpython-0.6.2 h11-0.14.0 hishel-0.1.1 httpcore-1.0.7 httpx-0.28.1 idna-3.10 installer-0.7.0 markdown-it-py-3.0.0 mdurl-0.1.2 msgpack-1.1.0 packaging-24.2 pbs-installer-2024.12.19 pdm-2.22.1 pip-24.3.1 platformdirs-4.3.6 pygments-2.18.0 pyproject-hooks-1.2.0 python-dotenv-1.0.1 resolvelib-1.1.0 rich-13.9.4 shellingham-1.5.4 sniffio-1.3.1 socksio-1.0.0 tomlkit-0.13.2 truststore-0.10.0 typer-slim-0.15.1 typing-extensions-4.12.2 unearth-0.17.2 uv-0.5.13 venvstacks-0.3.0.dev1 virtualenv-20.28.0
2024-12-31T03:21:42.038060262Z [?2004h(venv) root@71d17cbce9a9:/venvstacks# pi[K[Kpip3 install pytest
2024-12-31T03:21:43.054064430Z [?2004l
Collecting pytest
2024-12-31T03:21:43.531740845Z   Downloading pytest-8.3.4-py3-none-any.whl.metadata (7.5 kB)
2024-12-31T03:21:43.704539200Z Collecting iniconfig (from pytest)
2024-12-31T03:21:43.788105061Z   Downloading iniconfig-2.0.0-py3-none-any.whl.metadata (2.6 kB)
2024-12-31T03:21:43.869329229Z Requirement already satisfied: packaging in ./venv/lib/python3.11/site-packages (from pytest) (24.2)
2024-12-31T03:21:44.270736951Z Collecting pluggy<2,>=1.5 (from pytest)
2024-12-31T03:21:44.354710352Z   Downloading pluggy-1.5.0-py3-none-any.whl.metadata (4.8 kB)
2024-12-31T03:21:44.522301114Z Downloading pytest-8.3.4-py3-none-any.whl (343 kB)
2024-12-31T03:21:44.914280451Z Downloading pluggy-1.5.0-py3-none-any.whl (20 kB)
2024-12-31T03:21:45.002568748Z Downloading iniconfig-2.0.0-py3-none-any.whl (5.9 kB)
2024-12-31T03:21:45.074980433Z Installing collected packages: pluggy, iniconfig, pytest
2024-12-31T03:21:45.307507388Z Successfully installed iniconfig-2.0.0 pluggy-1.5.0 pytest-8.3.4
2024-12-31T03:21:54.684817509Z [?2004h(venv) root@71d17cbce9a9:/venvstacks# [7mpytest --collect-only -q[27mpytest --collect-only -q
2024-12-31T03:21:55.306873072Z [?2004l
tests/test_basics.py::test_python_api_import
2024-12-31T03:21:55.306892341Z tests/test_basics.py::test_pinned_dev_packages[pbs-installer-2024.10.10]
2024-12-31T03:21:55.306895233Z tests/test_basics.py::test_pinned_dev_packages[uv-0.4.21]
2024-12-31T03:21:55.306897420Z tests/test_cli_invocation.py::TestTopLevelCommand::test_implicit_help
2024-12-31T03:21:55.306899922Z tests/test_cli_invocation.py::TestTopLevelCommand::test_entry_point_help_raw
2024-12-31T03:21:55.306901964Z tests/test_cli_invocation.py::TestTopLevelCommand::test_entry_point_help
2024-12-31T03:21:55.306904029Z tests/test_cli_invocation.py::TestTopLevelCommand::test_module_execution
2024-12-31T03:21:55.306906006Z tests/test_cli_invocation.py::TestSubcommands::test_internal_consistency[lock]
2024-12-31T03:21:55.306907995Z tests/test_cli_invocation.py::TestSubcommands::test_internal_consistency[build]
2024-12-31T03:21:55.306909992Z tests/test_cli_invocation.py::TestSubcommands::test_internal_consistency[local-export]
2024-12-31T03:21:55.306912152Z tests/test_cli_invocation.py::TestSubcommands::test_internal_consistency[publish]
2024-12-31T03:21:55.306914300Z tests/test_cli_invocation.py::TestSubcommands::test_help_option[lock]
2024-12-31T03:21:55.306916449Z tests/test_cli_invocation.py::TestSubcommands::test_help_option[build]
2024-12-31T03:21:55.306918427Z tests/test_cli_invocation.py::TestSubcommands::test_help_option[local-export]
2024-12-31T03:21:55.306920494Z tests/test_cli_invocation.py::TestSubcommands::test_help_option[publish]
2024-12-31T03:21:55.306922595Z tests/test_cli_invocation.py::TestSubcommands::test_usage_error[build]
2024-12-31T03:21:55.306935378Z tests/test_cli_invocation.py::TestSubcommands::test_usage_error[local-export]
2024-12-31T03:21:55.306938021Z tests/test_cli_invocation.py::TestSubcommands::test_usage_error[lock]
2024-12-31T03:21:55.306939993Z tests/test_cli_invocation.py::TestSubcommands::test_usage_error[publish]
2024-12-31T03:21:55.306942051Z tests/test_cli_invocation.py::TestSubcommands::test_build_dir_configuration[lock]
2024-12-31T03:21:55.306944333Z tests/test_cli_invocation.py::TestSubcommands::test_build_dir_configuration[build]
2024-12-31T03:21:55.306946718Z tests/test_cli_invocation.py::TestSubcommands::test_build_dir_configuration[local-export]
2024-12-31T03:21:55.306948710Z tests/test_cli_invocation.py::TestSubcommands::test_build_dir_configuration[publish]
2024-12-31T03:21:55.306951270Z tests/test_cli_invocation.py::TestSubcommands::test_output_dir_configuration[build]
2024-12-31T03:21:55.306958084Z tests/test_cli_invocation.py::TestSubcommands::test_output_dir_configuration[local-export]
2024-12-31T03:21:55.306960296Z tests/test_cli_invocation.py::TestSubcommands::test_output_dir_configuration[publish]
2024-12-31T03:21:55.306962296Z tests/test_cli_invocation.py::TestSubcommands::test_index_options[lock-()]
2024-12-31T03:21:55.306964263Z tests/test_cli_invocation.py::TestSubcommands::test_index_options[lock-(--no-index)]
2024-12-31T03:21:55.306966348Z tests/test_cli_invocation.py::TestSubcommands::test_index_options[lock-(--local-wheels /some_dir --local-wheels some/other/dir)]
2024-12-31T03:21:55.306968482Z tests/test_cli_invocation.py::TestSubcommands::test_index_options[build-()]
2024-12-31T03:21:55.306970461Z tests/test_cli_invocation.py::TestSubcommands::test_index_options[build-(--no-index)]
2024-12-31T03:21:55.306974432Z tests/test_cli_invocation.py::TestSubcommands::test_index_options[build-(--local-wheels /some_dir --local-wheels some/other/dir)]
2024-12-31T03:21:55.306976589Z tests/test_cli_invocation.py::TestSubcommands::test_mock_build_op_selection[()]
2024-12-31T03:21:55.306978995Z tests/test_cli_invocation.py::TestSubcommands::test_mock_build_op_selection[(--lock)]
2024-12-31T03:21:55.306982381Z tests/test_cli_invocation.py::TestSubcommands::test_mock_build_op_selection[(--publish)]
2024-12-31T03:21:55.306985014Z tests/test_cli_invocation.py::TestSubcommands::test_mock_build_op_selection[(--clean)]
2024-12-31T03:21:55.306987482Z tests/test_cli_invocation.py::TestSubcommands::test_mock_build_op_selection[(--publish --clean)]
2024-12-31T03:21:55.307047866Z tests/test_cli_invocation.py::TestSubcommands::test_mock_build_op_selection[(--tag-outputs)]
2024-12-31T03:21:55.307068528Z tests/test_cli_invocation.py::TestSubcommands::test_mock_build_op_selection[(--lock --build --publish --clean --tag-outputs)]
2024-12-31T03:21:55.307072390Z tests/test_cli_invocation.py::TestSubcommands::test_mock_build_op_selection[(--no-lock --no-build --no-publish --no-clean --no-tag-outputs)]
2024-12-31T03:21:55.307075743Z tests/test_cli_invocation.py::TestSubcommands::test_mock_lock_op_selection[()]
2024-12-31T03:21:55.307090070Z tests/test_cli_invocation.py::TestSubcommands::test_mock_lock_op_selection[(--clean)]
2024-12-31T03:21:55.307093439Z tests/test_cli_invocation.py::TestSubcommands::test_mock_lock_op_selection[(--no-clean)]
2024-12-31T03:21:55.307097985Z tests/test_cli_invocation.py::TestSubcommands::test_mock_lock_usage_error[--lock]
2024-12-31T03:21:55.307100217Z tests/test_cli_invocation.py::TestSubcommands::test_mock_lock_usage_error[--no-lock]
2024-12-31T03:21:55.307102301Z tests/test_cli_invocation.py::TestSubcommands::test_mock_lock_usage_error[--build]
2024-12-31T03:21:55.307134293Z tests/test_cli_invocation.py::TestSubcommands::test_mock_lock_usage_error[--no-build]
2024-12-31T03:21:55.307138668Z tests/test_cli_invocation.py::TestSubcommands::test_mock_lock_usage_error[--publish]
2024-12-31T03:21:55.307140745Z tests/test_cli_invocation.py::TestSubcommands::test_mock_lock_usage_error[--no-publish]
2024-12-31T03:21:55.307142782Z tests/test_cli_invocation.py::TestSubcommands::test_mock_lock_usage_error[--tag-outputs]
2024-12-31T03:21:55.307144855Z tests/test_cli_invocation.py::TestSubcommands::test_mock_lock_usage_error[--no-tag-outputs]
2024-12-31T03:21:55.307146985Z tests/test_cli_invocation.py::TestSubcommands::test_mock_publish_op_selection[()]
2024-12-31T03:21:55.307148986Z tests/test_cli_invocation.py::TestSubcommands::test_mock_publish_op_selection[(--force)]
2024-12-31T03:21:55.307150975Z tests/test_cli_invocation.py::TestSubcommands::test_mock_publish_op_selection[(--dry-run)]
2024-12-31T03:21:55.307158696Z tests/test_cli_invocation.py::TestSubcommands::test_mock_publish_op_selection[(--tag-outputs)]
2024-12-31T03:21:55.307162840Z tests/test_cli_invocation.py::TestSubcommands::test_mock_publish_op_selection[(--no-force --no-dry-run --no-tag-outputs)]
2024-12-31T03:21:55.307182365Z tests/test_cli_invocation.py::TestSubcommands::test_mock_publish_usage_error[--lock]
2024-12-31T03:21:55.307185043Z tests/test_cli_invocation.py::TestSubcommands::test_mock_publish_usage_error[--no-lock]
2024-12-31T03:21:55.307187080Z tests/test_cli_invocation.py::TestSubcommands::test_mock_publish_usage_error[--build]
2024-12-31T03:21:55.307189132Z tests/test_cli_invocation.py::TestSubcommands::test_mock_publish_usage_error[--no-build]
2024-12-31T03:21:55.307191587Z tests/test_cli_invocation.py::TestSubcommands::test_mock_publish_usage_error[--publish]
2024-12-31T03:21:55.307193626Z tests/test_cli_invocation.py::TestSubcommands::test_mock_publish_usage_error[--no-publish]
2024-12-31T03:21:55.307195645Z tests/test_cli_invocation.py::TestSubcommands::test_mock_publish_usage_error[--clean]
2024-12-31T03:21:55.307197717Z tests/test_cli_invocation.py::TestSubcommands::test_mock_publish_usage_error[--no-clean]
2024-12-31T03:21:55.307199743Z tests/test_cli_invocation.py::TestSubcommands::test_mock_export_op_selection[()]
2024-12-31T03:21:55.307217889Z tests/test_cli_invocation.py::TestSubcommands::test_mock_export_op_selection[(--force)]
2024-12-31T03:21:55.307233679Z tests/test_cli_invocation.py::TestSubcommands::test_mock_export_op_selection[(--dry-run)]
2024-12-31T03:21:55.307245767Z tests/test_cli_invocation.py::TestSubcommands::test_mock_export_op_selection[(--no-force --no-dry-run)]
2024-12-31T03:21:55.307248189Z tests/test_cli_invocation.py::TestSubcommands::test_mock_export_usage_error[--lock]
2024-12-31T03:21:55.307250329Z tests/test_cli_invocation.py::TestSubcommands::test_mock_export_usage_error[--no-lock]
2024-12-31T03:21:55.307254247Z tests/test_cli_invocation.py::TestSubcommands::test_mock_export_usage_error[--build]
2024-12-31T03:21:55.307256747Z tests/test_cli_invocation.py::TestSubcommands::test_mock_export_usage_error[--no-build]
2024-12-31T03:21:55.307259289Z tests/test_cli_invocation.py::TestSubcommands::test_mock_export_usage_error[--publish]
2024-12-31T03:21:55.307285160Z tests/test_cli_invocation.py::TestSubcommands::test_mock_export_usage_error[--no-publish]
2024-12-31T03:21:55.307309658Z tests/test_cli_invocation.py::TestSubcommands::test_mock_export_usage_error[--clean]
2024-12-31T03:21:55.307312422Z tests/test_cli_invocation.py::TestSubcommands::test_mock_export_usage_error[--no-clean]
2024-12-31T03:21:55.307315116Z tests/test_cli_invocation.py::TestSubcommands::test_mock_export_usage_error[--tag-outputs]
2024-12-31T03:21:55.307330872Z tests/test_cli_invocation.py::TestSubcommands::test_mock_export_usage_error[--no-tag-outputs]
2024-12-31T03:21:55.307337554Z tests/test_hashing.py::TestFileHashing::test_default_hash[file.txt-84dae841773532dcc56da3a65a4c992534c385649645bf0340873da2e2ce7d6a]
2024-12-31T03:21:55.307339976Z tests/test_hashing.py::TestFileHashing::test_default_hash[file_duplicate.txt-84dae841773532dcc56da3a65a4c992534c385649645bf0340873da2e2ce7d6a]
2024-12-31T03:21:55.307342150Z tests/test_hashing.py::TestFileHashing::test_default_hash[different_file.txt-43691ae21f1fd9540bb5b9a6f2ab07fd5be4c2a0545231dc505a5f33a1619337]
2024-12-31T03:21:55.307344483Z tests/test_hashing.py::TestFileHashing::test_algorithm_selection[sha256-file.txt-84dae841773532dcc56da3a65a4c992534c385649645bf0340873da2e2ce7d6a]
2024-12-31T03:21:55.307346657Z tests/test_hashing.py::TestFileHashing::test_algorithm_selection[sha256-file_duplicate.txt-84dae841773532dcc56da3a65a4c992534c385649645bf0340873da2e2ce7d6a]
2024-12-31T03:21:55.307372391Z tests/test_hashing.py::TestFileHashing::test_algorithm_selection[sha256-different_file.txt-43691ae21f1fd9540bb5b9a6f2ab07fd5be4c2a0545231dc505a5f33a1619337]
2024-12-31T03:21:55.307375050Z tests/test_hashing.py::TestFileHashing::test_algorithm_selection[blake2b-file.txt-bf4d9de4092670662fe8985f38880ce2d1b34ee74a4a110ea6dde23903388bc4fb18b233cc5fb027a2b374731ed6cc9274e244af5605040aa59882a7d6b68b0d]
2024-12-31T03:21:55.307377637Z tests/test_hashing.py::TestFileHashing::test_algorithm_selection[blake2b-file_duplicate.txt-bf4d9de4092670662fe8985f38880ce2d1b34ee74a4a110ea6dde23903388bc4fb18b233cc5fb027a2b374731ed6cc9274e244af5605040aa59882a7d6b68b0d]
2024-12-31T03:21:55.307379972Z tests/test_hashing.py::TestFileHashing::test_algorithm_selection[blake2b-different_file.txt-4783a95cdf9b6d0ebc4fe0d553ed6424b0a55400d9ead89b7c5b2dff26fb210aa1f7f9f8b809e58c7f2c79b4e046eea1b52c3a19032d2b861e792814b4ad0782]
2024-12-31T03:21:55.307382229Z tests/test_hashing.py::TestDirectoryHashing::test_default_hash
2024-12-31T03:21:55.307387802Z tests/test_hashing.py::TestDirectoryHashing::test_algorithm_selection[sha256-17080228f013e5d2cf42814bec71a9048b019b86c68b7b1071173c5d68c495ce]
2024-12-31T03:21:55.307418973Z tests/test_hashing.py::TestDirectoryHashing::test_algorithm_selection[blake2b-d20e2dd58878655c323f8b9ec4d2d81b82802e187373c1310af061b4d93fa72531d700c0694ae9cbc667287af03b5204059a59727e71483eb04f4e18e17bb56a]
2024-12-31T03:21:55.307422827Z tests/test_hashing.py::TestDirectoryHashing::test_root_dir_name_change_detected
2024-12-31T03:21:55.307424867Z tests/test_hashing.py::TestDirectoryHashing::test_subdir_name_change_detected
2024-12-31T03:21:55.307427315Z tests/test_hashing.py::TestDirectoryHashing::test_file_name_change_detected
2024-12-31T03:21:55.307429328Z tests/test_hashing.py::TestDirectoryHashing::test_file_contents_change_detected
2024-12-31T03:21:55.307431421Z tests/test_index_config.py::TestDefaultOptions::test_uv_pip_compile
2024-12-31T03:21:55.307433910Z tests/test_index_config.py::TestDefaultOptions::test_pip_install
2024-12-31T03:21:55.307460821Z tests/test_index_config.py::TestConfiguredOptions::test_uv_pip_compile
2024-12-31T03:21:55.307473827Z tests/test_index_config.py::TestConfiguredOptions::test_pip_install
2024-12-31T03:21:55.307476492Z tests/test_index_config.py::test_wheel_dir_not_in_sequence
2024-12-31T03:21:55.307479029Z tests/test_index_config.py::test_lexical_path_resolution
2024-12-31T03:21:55.307481159Z tests/test_minimal_project.py::TestMinimalSpec::test_spec_loading
2024-12-31T03:21:55.307483200Z tests/test_minimal_project.py::TestMinimalBuildDirectoryResolution::test_custom_build_directory_absolute
2024-12-31T03:21:55.307505184Z tests/test_minimal_project.py::TestMinimalBuildDirectoryResolution::test_custom_build_directory_relative
2024-12-31T03:21:55.307508031Z tests/test_minimal_project.py::TestMinimalBuildDirectoryResolution::test_custom_build_directory_user
2024-12-31T03:21:55.307539551Z tests/test_minimal_project.py::TestMinimalBuildDirectoryResolution::test_default_build_directory
2024-12-31T03:21:55.307558135Z tests/test_minimal_project.py::TestMinimalOutputDirectoryResolution::test_custom_output_directory_absolute
2024-12-31T03:21:55.307561242Z tests/test_minimal_project.py::TestMinimalOutputDirectoryResolution::test_custom_output_directory_relative
2024-12-31T03:21:55.307563553Z tests/test_minimal_project.py::TestMinimalOutputDirectoryResolution::test_custom_output_directory_user
2024-12-31T03:21:55.307565839Z tests/test_minimal_project.py::TestMinimalOutputDirectoryResolution::test_default_output_directory
2024-12-31T03:21:55.307568579Z tests/test_minimal_project.py::TestMinimalBuild::test_create_environments
2024-12-31T03:21:55.307570605Z tests/test_minimal_project.py::TestMinimalBuild::test_locking_and_publishing
2024-12-31T03:21:55.307572864Z tests/test_postinstall.py::test_pyvenv_cfg
2024-12-31T03:21:55.307575424Z tests/test_postinstall.py::test_sitecustomize_empty
2024-12-31T03:21:55.307592489Z tests/test_postinstall.py::test_sitecustomize
2024-12-31T03:21:55.307594782Z tests/test_postinstall.py::test_sitecustomize_with_dynlib
2024-12-31T03:21:55.307596925Z tests/test_postinstall.py::test_sitecustomize_with_missing_dynlib
2024-12-31T03:21:55.307598938Z tests/test_sample_project.py::TestStackSpec::test_spec_loading
2024-12-31T03:21:55.307600972Z tests/test_sample_project.py::TestBuildEnvironment::test_build_is_reproducible
2024-12-31T03:21:55.307603050Z tests/test_sample_project.py::TestBuildEnvironment::test_create_environments
2024-12-31T03:21:55.307605304Z tests/test_sample_project.py::TestBuildEnvironment::test_default_operation_selection
2024-12-31T03:21:55.307609078Z tests/test_sample_project.py::TestBuildEnvironment::test_get_unmatched_patterns
2024-12-31T03:21:55.307611437Z tests/test_sample_project.py::TestBuildEnvironment::test_layer_selection
2024-12-31T03:21:55.307613431Z tests/test_sample_project.py::TestBuildEnvironment::test_operation_selection
2024-12-31T03:21:55.307619785Z tests/test_stack_specs.py::test_at_symbol_in_layer_names
2024-12-31T03:21:55.307625653Z tests/test_stack_specs.py::test_future_warning_for_fully_versioned_name
2024-12-31T03:21:55.307633698Z tests/test_stack_specs.py::test_future_warning_for_build_requirements
2024-12-31T03:21:55.308458963Z 
2024-12-31T03:21:55.308572234Z [32m[32m126 tests collected[0m[32m in 0.30s[0m[0m
2024-12-31T03:21:58.122285735Z [?2004h(venv) root@71d17cbce9a9:/venvstacks# pytest
2024-12-31T03:21:58.324195385Z [?2004l
[1m====================================================================================================================================================== test session starts =======================================================================================================================================================[0m
2024-12-31T03:21:58.324215273Z platform linux -- Python 3.11.11, pytest-8.3.4, pluggy-1.5.0
2024-12-31T03:21:58.325806403Z rootdir: /venvstacks
2024-12-31T03:21:58.325816064Z configfile: pyproject.toml
2024-12-31T03:21:58.325818363Z plugins: anyio-4.7.0
2024-12-31T03:21:58.512335101Z [1mcollecting ... [0m[1m
collected 126 items                                                                                                                                                                                                                                                                                                              [0m
2024-12-31T03:21:58.512604588Z 
2024-12-31T03:21:58.549280906Z tests/test_basics.py [32m.[0m[31mF[0m[31mF[0m[31m                                                                                                                                                                                                                                                                                                   [  2%][0m
2024-12-31T03:22:01.838853090Z tests/test_cli_invocation.py [31mF[0m[32m.[0m[32m.[0m[32m.[0m[32m.[0m[32m.[0m[32m.[0m[32m.[0m[32m.[0m[32m.[0m[32m.[0m[32m.[0m[31mF[0m[31mF[0m[31mF[0m[31mF[0m[32m.[0m[32m.[0m[32m.[0m[32m.[0m[32m.[0m[32m.[0m[32m.[0m[32m.[0m[32m.[0m[32m.[0m[32m.[0m[32m.[0m[32m.[0m[32m.[0m[32m.[0m[32m.[0m[32m.[0m[32m.[0m[32m.[0m[32m.[0m[32m.[0m[32m.[0m[32m.[0m[32m.[0m[31mF[0m[31mF[0m[31mF[0m[31mF[0m[31mF[0m[31mF[0m[31mF[0m[31mF[0m[32m.[0m[32m.[0m[32m.[0m[32m.[0m[32m.[0m[31mF[0m[31mF[0m[31mF[0m[31mF[0m[31mF[0m[31mF[0m[31mF[0m[31mF[0m[32m.[0m[32m.[0m[32m.[0m[32m.[0m[31mF[0m[31mF[0m[31mF[0m[31mF[0m[31mF[0m[31mF[0m[31mF[0m[31mF[0m[31mF[0m[31mF[0m[31m                                                                                                                                                                                                                   [ 61%][0m
2024-12-31T03:22:01.858157151Z tests/test_hashing.py [32m.[0m[32m.[0m[32m.[0m[32m.[0m[32m.[0m[32m.[0m[32m.[0m[32m.[0m[32m.[0m[32m.[0m[32m.[0m[32m.[0m[32m.[0m[32m.[0m[32m.[0m[32m.[0m[31m                                                                                                                                                                                                                                                                                     [ 74%][0m
2024-12-31T03:22:01.862004630Z tests/test_index_config.py [32m.[0m[32m.[0m[32m.[0m[32m.[0m[32m.[0m[32m.[0m[31m                                                                                                                                                                                                                                                                                          [ 79%][0m
2024-12-31T03:23:50.754397048Z tests/test_minimal_project.py [32m.[0m[32m.[0m[32m.[0m[32m.[0m[32m.[0m[32m.[0m[32m.[0m[32m.[0m[32m.[0m[32m.[0m[32m.[0m[31m                                                                                                                                                                                                                                                                                  [ 88%][0m
2024-12-31T03:23:50.759009408Z tests/test_postinstall.py [32m.[0m[32m.[0m[32m.[0m[32m.[0m[32m.[0m[31m                                                                                                                                                                                                                                                                                            [ 92%][0m
2024-12-31T03:24:12.660133975Z tests/test_sample_project.py [32m.[0m^C
2024-12-31T03:24:12.660175986Z 
2024-12-31T03:24:12.660180219Z ============================================================================================================================================================ FAILURES ============================================================================================================================================================
2024-12-31T03:24:12.660185066Z [31m[1m_______________________________________________________________________________________________________________________________________ test_pinned_dev_packages[pbs-installer-2024.10.10] _______________________________________________________________________________________________________________________________________[0m
2024-12-31T03:24:12.660189521Z 
2024-12-31T03:24:12.660192714Z pkg_name = 'pbs-installer', version = '2024.10.10'
2024-12-31T03:24:12.660195662Z 
2024-12-31T03:24:12.698794144Z     [0m[37m@pytest[39;49;00m.mark.parametrize([33m"[39;49;00m[33mpkg_name,version[39;49;00m[33m"[39;49;00m, PINNED_DEV_PACKAGES)[90m[39;49;00m
2024-12-31T03:24:12.698820747Z     [94mdef[39;49;00m [92mtest_pinned_dev_packages[39;49;00m(pkg_name: [96mstr[39;49;00m, version: [96mstr[39;49;00m) -> [94mNone[39;49;00m:[90m[39;49;00m
2024-12-31T03:24:12.698824619Z >       [94massert[39;49;00m pkg_version(pkg_name) == version[90m[39;49;00m
2024-12-31T03:24:12.698827321Z [1m[31mE       AssertionError: assert '2024.12.19' == '2024.10.10'[0m
2024-12-31T03:24:12.698829778Z [1m[31mE         [0m
2024-12-31T03:24:12.698832067Z [1m[31mE         - 2024.10.10[0m
2024-12-31T03:24:12.698834358Z [1m[31mE         ?       ^  ^[0m
2024-12-31T03:24:12.698836579Z [1m[31mE         + 2024.12.19[0m
2024-12-31T03:24:12.698838776Z [1m[31mE         ?       ^  ^[0m
2024-12-31T03:24:12.698840995Z 
2024-12-31T03:24:12.698843399Z [1m[31mtests/test_basics.py[0m:21: AssertionError
2024-12-31T03:24:12.699008164Z [31m[1m______________________________________________________________________________________________________________________________________________ test_pinned_dev_packages[uv-0.4.21] _______________________________________________________________________________________________________________________________________________[0m
2024-12-31T03:24:12.699042185Z 
2024-12-31T03:24:12.699045914Z pkg_name = 'uv', version = '0.4.21'
2024-12-31T03:24:12.699048345Z 
2024-12-31T03:24:12.699627598Z     [0m[37m@pytest[39;49;00m.mark.parametrize([33m"[39;49;00m[33mpkg_name,version[39;49;00m[33m"[39;49;00m, PINNED_DEV_PACKAGES)[90m[39;49;00m
2024-12-31T03:24:12.699641862Z     [94mdef[39;49;00m [92mtest_pinned_dev_packages[39;49;00m(pkg_name: [96mstr[39;49;00m, version: [96mstr[39;49;00m) -> [94mNone[39;49;00m:[90m[39;49;00m
2024-12-31T03:24:12.699657810Z >       [94massert[39;49;00m pkg_version(pkg_name) == version[90m[39;49;00m
2024-12-31T03:24:12.699661198Z [1m[31mE       AssertionError: assert '0.5.13' == '0.4.21'[0m
2024-12-31T03:24:12.699664728Z [1m[31mE         [0m
2024-12-31T03:24:12.699667575Z [1m[31mE         - 0.4.21[0m
2024-12-31T03:24:12.699679897Z [1m[31mE         + 0.5.13[0m
2024-12-31T03:24:12.699683205Z 
2024-12-31T03:24:12.699686005Z [1m[31mtests/test_basics.py[0m:21: AssertionError
2024-12-31T03:24:12.699755535Z [31m[1m_____________________________________________________________________________________________________________________________________________ TestTopLevelCommand.test_implicit_help _____________________________________________________________________________________________________________________________________________[0m
2024-12-31T03:24:12.699766675Z 
2024-12-31T03:24:12.699769994Z self = <test_cli_invocation.TestTopLevelCommand object at 0x7f4b05b43bd0>, mocked_runner = <test_cli_invocation.MockedRunner object at 0x7f4b06fd49d0>
2024-12-31T03:24:12.699773672Z 
2024-12-31T03:24:12.700313850Z     [0m[94mdef[39;49;00m [92mtest_implicit_help[39;49;00m([96mself[39;49;00m, mocked_runner: MockedRunner) -> [94mNone[39;49;00m:[90m[39;49;00m
2024-12-31T03:24:12.700323400Z         result = mocked_runner.invoke([])[90m[39;49;00m
2024-12-31T03:24:12.700325962Z         [90m# Usage message should suggest indirect execution[39;49;00m[90m[39;49;00m
2024-12-31T03:24:12.700328369Z >       [94massert[39;49;00m [33m"[39;49;00m[33mUsage: python -m venvstacks [[39;49;00m[33m"[39;49;00m [95min[39;49;00m result.stdout[90m[39;49;00m
2024-12-31T03:24:12.700402527Z [1m[31mE       AssertionError: assert 'Usage: python -m venvstacks [' in '                                                                                \n Usage: python3 -m venvstacks [OPTIONS] COMMAND [ARGS]...                       \n                                                                                \n Lock, build, and publish Python virtual environment stacks.                    \n                                                                                \nâ•­â”€ Options â”€â”€â”€â”€â”€â”€â”€â”€â”€â”€â”€â”€â”€â”€â”€â”€â”€â”€â”€â”€â”€â”€â”€â”€â”€â”€â”€â”€â”€â”€â”€â”€â”€â”€â”€â”€â”€â”€â”€â”€â”€â”€â”€â”€â”€â”€â”€â”€â”€â”€â”€â”€â”€â”€â”€â”€â”€â”€â”€â”€â”€â”€â”€â”€â”€â”€â”€â”€â•®\nâ”‚ --help          Show this message and exit.                                  â”‚\nâ•°â”€â”€â”€â”€â”€â”€â”€â”€â”€â”€â”€â”€â”€â”€â”€â”€â”€â”€â”€â”€â”€â”€â”€â”€â”€â”€â”€â”€â”€â”€â”€â”€â”€â”€â”€â”€â”€â”€â”€â”€â”€â”€â”€â”€â”€â”€â”€â”€â”€â”€â”€â”€â”€â”€â”€â”€â”€â”€â”€â”€â”€â”€â”€â”€â”€â”€â”€â”€â”€â”€â”€â”€â”€â”€â”€â”€â”€â”€â•¯\nâ•­â”€ Commands â”€â”€â”€â”€â”€â”€â”€â”€â”€â”€â”€â”€â”€â”€â”€â”€â”€â”€â”€â”€â”€â”€â”€â”€â”€â”€â”€â”€â”€â”€â”€â”€â”€â”€â”€â”€â”€â”€â”€â”€â”€â”€â”€â”€â”€â”€â”€â”€â”€â”€â”€â”€â”€â”€â”€â”€â”€â”€â”€â”€â”€â”€â”€â”€â”€â”€â”€â•®\nâ”‚ build          Build (/lock/publish) Python virtual environment stacks.      â”‚\nâ”‚ lock           Lock layer requirements for Python virtual environment        â”‚\nâ”‚                stacks.                                                       â”‚\nâ”‚ publish        Publish layer archives for Python virtual environment stacks. â”‚\nâ”‚ local-export   Export layer environments for Python virtual environment      â”‚\nâ”‚                stacks.                                                       â”‚\nâ•°â”€â”€â”€â”€â”€â”€â”€â”€â”€â”€â”€â”€â”€â”€â”€â”€â”€â”€â”€â”€â”€â”€â”€â”€â”€â”€â”€â”€â”€â”€â”€â”€â”€â”€â”€â”€â”€â”€â”€â”€â”€â”€â”€â”€â”€â”€â”€â”€â”€â”€â”€â”€â”€â”€â”€â”€â”€â”€â”€â”€â”€â”€â”€â”€â”€â”€â”€â”€â”€â”€â”€â”€â”€â”€â”€â”€â”€â”€â•¯\n\n'[0m
2024-12-31T03:24:12.700436197Z [1m[31mE        +  where '                                                                                \n Usage: python3 -m venvstacks [OPTIONS] COMMAND [ARGS]...                       \n                                                                                \n Lock, build, and publish Python virtual environment stacks.                    \n                                                                                \nâ•­â”€ Options â”€â”€â”€â”€â”€â”€â”€â”€â”€â”€â”€â”€â”€â”€â”€â”€â”€â”€â”€â”€â”€â”€â”€â”€â”€â”€â”€â”€â”€â”€â”€â”€â”€â”€â”€â”€â”€â”€â”€â”€â”€â”€â”€â”€â”€â”€â”€â”€â”€â”€â”€â”€â”€â”€â”€â”€â”€â”€â”€â”€â”€â”€â”€â”€â”€â”€â”€â”€â•®\nâ”‚ --help          Show this message and exit.                                  â”‚\nâ•°â”€â”€â”€â”€â”€â”€â”€â”€â”€â”€â”€â”€â”€â”€â”€â”€â”€â”€â”€â”€â”€â”€â”€â”€â”€â”€â”€â”€â”€â”€â”€â”€â”€â”€â”€â”€â”€â”€â”€â”€â”€â”€â”€â”€â”€â”€â”€â”€â”€â”€â”€â”€â”€â”€â”€â”€â”€â”€â”€â”€â”€â”€â”€â”€â”€â”€â”€â”€â”€â”€â”€â”€â”€â”€â”€â”€â”€â”€â•¯\nâ•­â”€ Commands â”€â”€â”€â”€â”€â”€â”€â”€â”€â”€â”€â”€â”€â”€â”€â”€â”€â”€â”€â”€â”€â”€â”€â”€â”€â”€â”€â”€â”€â”€â”€â”€â”€â”€â”€â”€â”€â”€â”€â”€â”€â”€â”€â”€â”€â”€â”€â”€â”€â”€â”€â”€â”€â”€â”€â”€â”€â”€â”€â”€â”€â”€â”€â”€â”€â”€â”€â•®\nâ”‚ build          Build (/lock/publish) Python virtual environment stacks.      â”‚\nâ”‚ lock           Lock layer requirements for Python virtual environment        â”‚\nâ”‚                stacks.                                                       â”‚\nâ”‚ publish        Publish layer archives for Python virtual environment stacks. â”‚\nâ”‚ local-export   Export layer environments for Python virtual environment      â”‚\nâ”‚                stacks.                                                       â”‚\nâ•°â”€â”€â”€â”€â”€â”€â”€â”€â”€â”€â”€â”€â”€â”€â”€â”€â”€â”€â”€â”€â”€â”€â”€â”€â”€â”€â”€â”€â”€â”€â”€â”€â”€â”€â”€â”€â”€â”€â”€â”€â”€â”€â”€â”€â”€â”€â”€â”€â”€â”€â”€â”€â”€â”€â”€â”€â”€â”€â”€â”€â”€â”€â”€â”€â”€â”€â”€â”€â”€â”€â”€â”€â”€â”€â”€â”€â”€â”€â•¯\n\n' = <Result okay>.stdout[0m
2024-12-31T03:24:12.700443251Z 
2024-12-31T03:24:12.700445267Z [1m[31mtests/test_cli_invocation.py[0m:138: AssertionError
2024-12-31T03:24:12.700526911Z [31m[1m____________________________________________________________________________________________________________________________________________ TestSubcommands.test_usage_error[build] _____________________________________________________________________________________________________________________________________________[0m
2024-12-31T03:24:12.700536932Z 
2024-12-31T03:24:12.700539865Z self = <test_cli_invocation.TestSubcommands object at 0x7f4b05b55150>, mocked_runner = <test_cli_invocation.MockedRunner object at 0x7f4b05a76c10>, command = 'build'
2024-12-31T03:24:12.700543379Z 
2024-12-31T03:24:12.702104311Z     [0m[37m@pytest[39;49;00m.mark.parametrize([33m"[39;49;00m[33mcommand[39;49;00m[33m"[39;49;00m, NEEDS_SPEC_PATH)[90m[39;49;00m
2024-12-31T03:24:12.702123807Z     [94mdef[39;49;00m [92mtest_usage_error[39;49;00m([96mself[39;49;00m, mocked_runner: MockedRunner, command: [96mstr[39;49;00m) -> [94mNone[39;49;00m:[90m[39;49;00m
2024-12-31T03:24:12.702127029Z         result = mocked_runner.invoke([command])[90m[39;49;00m
2024-12-31T03:24:12.702129518Z         [90m# No overall help in a usage error[39;49;00m[90m[39;49;00m
2024-12-31T03:24:12.702131861Z         command_impl_name = command.replace([33m"[39;49;00m[33m-[39;49;00m[33m"[39;49;00m, [33m"[39;49;00m[33m_[39;49;00m[33m"[39;49;00m)[90m[39;49;00m
2024-12-31T03:24:12.702134761Z         command_impl = [96mgetattr[39;49;00m(cli, command_impl_name)[90m[39;49;00m
2024-12-31T03:24:12.702137047Z         cli_help = command_impl.[91m__doc__[39;49;00m[90m[39;49;00m
2024-12-31T03:24:12.702139307Z         [94massert[39;49;00m cli_help [95mis[39;49;00m [95mnot[39;49;00m [94mNone[39;49;00m[90m[39;49;00m
2024-12-31T03:24:12.702141848Z         [94massert[39;49;00m cli_help.strip() [95mnot[39;49;00m [95min[39;49;00m result.stdout[90m[39;49;00m
2024-12-31T03:24:12.702144529Z         [90m# Should complain about the missing required argument[39;49;00m[90m[39;49;00m
2024-12-31T03:24:12.702146990Z >       [94massert[39;49;00m result.stdout[: [96mlen[39;49;00m(EXPECTED_USAGE_PREFIX)] == EXPECTED_USAGE_PREFIX[90m[39;49;00m
2024-12-31T03:24:12.702151152Z [1m[31mE       AssertionError: assert 'Usage: python3 -m venvstacks' == 'Usage: python -m venvstacks '[0m
2024-12-31T03:24:12.702153509Z [1m[31mE         [0m
2024-12-31T03:24:12.702155643Z [1m[31mE         - Usage: python -m venvstacks [0m
2024-12-31T03:24:12.702157782Z [1m[31mE         ?                            -[0m
2024-12-31T03:24:12.702159943Z [1m[31mE         + Usage: python3 -m venvstacks[0m
2024-12-31T03:24:12.702203045Z [1m[31mE         ?              +[0m
2024-12-31T03:24:12.702213103Z 
2024-12-31T03:24:12.702215893Z [1m[31mtests/test_cli_invocation.py[0m:288: AssertionError
2024-12-31T03:24:12.702319680Z [31m[1m_________________________________________________________________________________________________________________________________________ TestSubcommands.test_usage_error[local-export] _________________________________________________________________________________________________________________________________________[0m
2024-12-31T03:24:12.702325439Z 
2024-12-31T03:24:12.702328521Z self = <test_cli_invocation.TestSubcommands object at 0x7f4b05b553d0>, mocked_runner = <test_cli_invocation.MockedRunner object at 0x7f4b058e0590>, command = 'local-export'
2024-12-31T03:24:12.702338216Z 
2024-12-31T03:24:12.703924951Z     [0m[37m@pytest[39;49;00m.mark.parametrize([33m"[39;49;00m[33mcommand[39;49;00m[33m"[39;49;00m, NEEDS_SPEC_PATH)[90m[39;49;00m
2024-12-31T03:24:12.703947603Z     [94mdef[39;49;00m [92mtest_usage_error[39;49;00m([96mself[39;49;00m, mocked_runner: MockedRunner, command: [96mstr[39;49;00m) -> [94mNone[39;49;00m:[90m[39;49;00m
2024-12-31T03:24:12.703952854Z         result = mocked_runner.invoke([command])[90m[39;49;00m
2024-12-31T03:24:12.703956438Z         [90m# No overall help in a usage error[39;49;00m[90m[39;49;00m
2024-12-31T03:24:12.703960102Z         command_impl_name = command.replace([33m"[39;49;00m[33m-[39;49;00m[33m"[39;49;00m, [33m"[39;49;00m[33m_[39;49;00m[33m"[39;49;00m)[90m[39;49;00m
2024-12-31T03:24:12.703964433Z         command_impl = [96mgetattr[39;49;00m(cli, command_impl_name)[90m[39;49;00m
2024-12-31T03:24:12.703968229Z         cli_help = command_impl.[91m__doc__[39;49;00m[90m[39;49;00m
2024-12-31T03:24:12.703971751Z         [94massert[39;49;00m cli_help [95mis[39;49;00m [95mnot[39;49;00m [94mNone[39;49;00m[90m[39;49;00m
2024-12-31T03:24:12.703979445Z         [94massert[39;49;00m cli_help.strip() [95mnot[39;49;00m [95min[39;49;00m result.stdout[90m[39;49;00m
2024-12-31T03:24:12.703983876Z         [90m# Should complain about the missing required argument[39;49;00m[90m[39;49;00m
2024-12-31T03:24:12.703987349Z >       [94massert[39;49;00m result.stdout[: [96mlen[39;49;00m(EXPECTED_USAGE_PREFIX)] == EXPECTED_USAGE_PREFIX[90m[39;49;00m
2024-12-31T03:24:12.703991068Z [1m[31mE       AssertionError: assert 'Usage: python3 -m venvstacks' == 'Usage: python -m venvstacks '[0m
2024-12-31T03:24:12.703994163Z [1m[31mE         [0m
2024-12-31T03:24:12.703996939Z [1m[31mE         - Usage: python -m venvstacks [0m
2024-12-31T03:24:12.703999921Z [1m[31mE         ?                            -[0m
2024-12-31T03:24:12.704003176Z [1m[31mE         + Usage: python3 -m venvstacks[0m
2024-12-31T03:24:12.704019907Z [1m[31mE         ?              +[0m
2024-12-31T03:24:12.704043671Z 
2024-12-31T03:24:12.704047174Z [1m[31mtests/test_cli_invocation.py[0m:288: AssertionError
2024-12-31T03:24:12.704161054Z [31m[1m_____________________________________________________________________________________________________________________________________________ TestSubcommands.test_usage_error[lock] _____________________________________________________________________________________________________________________________________________[0m
2024-12-31T03:24:12.704174336Z 
2024-12-31T03:24:12.704177205Z self = <test_cli_invocation.TestSubcommands object at 0x7f4b05b55650>, mocked_runner = <test_cli_invocation.MockedRunner object at 0x7f4b0590bd50>, command = 'lock'
2024-12-31T03:24:12.704180562Z 
2024-12-31T03:24:12.705788502Z     [0m[37m@pytest[39;49;00m.mark.parametrize([33m"[39;49;00m[33mcommand[39;49;00m[33m"[39;49;00m, NEEDS_SPEC_PATH)[90m[39;49;00m
2024-12-31T03:24:12.705798363Z     [94mdef[39;49;00m [92mtest_usage_error[39;49;00m([96mself[39;49;00m, mocked_runner: MockedRunner, command: [96mstr[39;49;00m) -> [94mNone[39;49;00m:[90m[39;49;00m
2024-12-31T03:24:12.705801600Z         result = mocked_runner.invoke([command])[90m[39;49;00m
2024-12-31T03:24:12.705803868Z         [90m# No overall help in a usage error[39;49;00m[90m[39;49;00m
2024-12-31T03:24:12.705806394Z         command_impl_name = command.replace([33m"[39;49;00m[33m-[39;49;00m[33m"[39;49;00m, [33m"[39;49;00m[33m_[39;49;00m[33m"[39;49;00m)[90m[39;49;00m
2024-12-31T03:24:12.705809028Z         command_impl = [96mgetattr[39;49;00m(cli, command_impl_name)[90m[39;49;00m
2024-12-31T03:24:12.705811277Z         cli_help = command_impl.[91m__doc__[39;49;00m[90m[39;49;00m
2024-12-31T03:24:12.705813862Z         [94massert[39;49;00m cli_help [95mis[39;49;00m [95mnot[39;49;00m [94mNone[39;49;00m[90m[39;49;00m
2024-12-31T03:24:12.705816392Z         [94massert[39;49;00m cli_help.strip() [95mnot[39;49;00m [95min[39;49;00m result.stdout[90m[39;49;00m
2024-12-31T03:24:12.705818715Z         [90m# Should complain about the missing required argument[39;49;00m[90m[39;49;00m
2024-12-31T03:24:12.705820943Z >       [94massert[39;49;00m result.stdout[: [96mlen[39;49;00m(EXPECTED_USAGE_PREFIX)] == EXPECTED_USAGE_PREFIX[90m[39;49;00m
2024-12-31T03:24:12.705823383Z [1m[31mE       AssertionError: assert 'Usage: python3 -m venvstacks' == 'Usage: python -m venvstacks '[0m
2024-12-31T03:24:12.705828809Z [1m[31mE         [0m
2024-12-31T03:24:12.705830951Z [1m[31mE         - Usage: python -m venvstacks [0m
2024-12-31T03:24:12.705846478Z [1m[31mE         ?                            -[0m
2024-12-31T03:24:12.705854818Z [1m[31mE         + Usage: python3 -m venvstacks[0m
2024-12-31T03:24:12.705857692Z [1m[31mE         ?              +[0m
2024-12-31T03:24:12.705898701Z 
2024-12-31T03:24:12.705909917Z [1m[31mtests/test_cli_invocation.py[0m:288: AssertionError
2024-12-31T03:24:12.706060416Z [31m[1m___________________________________________________________________________________________________________________________________________ TestSubcommands.test_usage_error[publish] ____________________________________________________________________________________________________________________________________________[0m
2024-12-31T03:24:12.706074721Z 
2024-12-31T03:24:12.706076858Z self = <test_cli_invocation.TestSubcommands object at 0x7f4b05b558d0>, mocked_runner = <test_cli_invocation.MockedRunner object at 0x7f4b058e6b10>, command = 'publish'
2024-12-31T03:24:12.706079651Z 
2024-12-31T03:24:12.707686402Z     [0m[37m@pytest[39;49;00m.mark.parametrize([33m"[39;49;00m[33mcommand[39;49;00m[33m"[39;49;00m, NEEDS_SPEC_PATH)[90m[39;49;00m
2024-12-31T03:24:12.707693550Z     [94mdef[39;49;00m [92mtest_usage_error[39;49;00m([96mself[39;49;00m, mocked_runner: MockedRunner, command: [96mstr[39;49;00m) -> [94mNone[39;49;00m:[90m[39;49;00m
2024-12-31T03:24:12.707697182Z         result = mocked_runner.invoke([command])[90m[39;49;00m
2024-12-31T03:24:12.707700121Z         [90m# No overall help in a usage error[39;49;00m[90m[39;49;00m
2024-12-31T03:24:12.707703958Z         command_impl_name = command.replace([33m"[39;49;00m[33m-[39;49;00m[33m"[39;49;00m, [33m"[39;49;00m[33m_[39;49;00m[33m"[39;49;00m)[90m[39;49;00m
2024-12-31T03:24:12.707707674Z         command_impl = [96mgetattr[39;49;00m(cli, command_impl_name)[90m[39;49;00m
2024-12-31T03:24:12.707710885Z         cli_help = command_impl.[91m__doc__[39;49;00m[90m[39;49;00m
2024-12-31T03:24:12.707713843Z         [94massert[39;49;00m cli_help [95mis[39;49;00m [95mnot[39;49;00m [94mNone[39;49;00m[90m[39;49;00m
2024-12-31T03:24:12.707717140Z         [94massert[39;49;00m cli_help.strip() [95mnot[39;49;00m [95min[39;49;00m result.stdout[90m[39;49;00m
2024-12-31T03:24:12.707720335Z         [90m# Should complain about the missing required argument[39;49;00m[90m[39;49;00m
2024-12-31T03:24:12.707723243Z >       [94massert[39;49;00m result.stdout[: [96mlen[39;49;00m(EXPECTED_USAGE_PREFIX)] == EXPECTED_USAGE_PREFIX[90m[39;49;00m
2024-12-31T03:24:12.707727789Z [1m[31mE       AssertionError: assert 'Usage: python3 -m venvstacks' == 'Usage: python -m venvstacks '[0m
2024-12-31T03:24:12.707731326Z [1m[31mE         [0m
2024-12-31T03:24:12.707734201Z [1m[31mE         - Usage: python -m venvstacks [0m
2024-12-31T03:24:12.707737304Z [1m[31mE         ?                            -[0m
2024-12-31T03:24:12.707804429Z [1m[31mE         + Usage: python3 -m venvstacks[0m
2024-12-31T03:24:12.707812625Z [1m[31mE         ?              +[0m
2024-12-31T03:24:12.707815037Z 
2024-12-31T03:24:12.707831579Z [1m[31mtests/test_cli_invocation.py[0m:288: AssertionError
2024-12-31T03:24:12.707929485Z [31m[1m_______________________________________________________________________________________________________________________________________ TestSubcommands.test_mock_lock_usage_error[--lock] _______________________________________________________________________________________________________________________________________[0m
2024-12-31T03:24:12.707941203Z 
2024-12-31T03:24:12.707947702Z self = <test_cli_invocation.TestSubcommands object at 0x7f4b05b76a10>, mocked_runner = <test_cli_invocation.MockedRunner object at 0x7f4b059687d0>, invalid_flag = '--lock'
2024-12-31T03:24:12.707951905Z 
2024-12-31T03:24:12.709092417Z     [0m[37m@pytest[39;49;00m.mark.parametrize([33m"[39;49;00m[33minvalid_flag[39;49;00m[33m"[39;49;00m, [96mlist[39;49;00m(get_invalid_lock_options()))[90m[39;49;00m
2024-12-31T03:24:12.709100592Z     [94mdef[39;49;00m [92mtest_mock_lock_usage_error[39;49;00m([90m[39;49;00m
2024-12-31T03:24:12.709103582Z         [96mself[39;49;00m, mocked_runner: MockedRunner, invalid_flag: [96mstr[39;49;00m[90m[39;49;00m
2024-12-31T03:24:12.709106116Z     ) -> [94mNone[39;49;00m:[90m[39;49;00m
2024-12-31T03:24:12.709108509Z         mocked_spec_path = [33m"[39;49;00m[33m/no/such/path/spec[39;49;00m[33m"[39;49;00m[90m[39;49;00m
2024-12-31T03:24:12.709110934Z         result = mocked_runner.invoke([[33m"[39;49;00m[33mlock[39;49;00m[33m"[39;49;00m, invalid_flag, mocked_spec_path])[90m[39;49;00m
2024-12-31T03:24:12.709113457Z         [90m# Should complain about the invalid flag[39;49;00m[90m[39;49;00m
2024-12-31T03:24:12.709115701Z >       [94massert[39;49;00m result.stdout[: [96mlen[39;49;00m(EXPECTED_USAGE_PREFIX)] == EXPECTED_USAGE_PREFIX[90m[39;49;00m
2024-12-31T03:24:12.709131837Z [1m[31mE       AssertionError: assert 'Usage: python3 -m venvstacks' == 'Usage: python -m venvstacks '[0m
2024-12-31T03:24:12.709139679Z [1m[31mE         [0m
2024-12-31T03:24:12.709142955Z [1m[31mE         - Usage: python -m venvstacks [0m
2024-12-31T03:24:12.709145954Z [1m[31mE         ?                            -[0m
2024-12-31T03:24:12.709182503Z [1m[31mE         + Usage: python3 -m venvstacks[0m
2024-12-31T03:24:12.709200282Z [1m[31mE         ?              +[0m
2024-12-31T03:24:12.709204059Z 
2024-12-31T03:24:12.709207503Z [1m[31mtests/test_cli_invocation.py[0m:568: AssertionError
2024-12-31T03:24:12.709324661Z [31m[1m_____________________________________________________________________________________________________________________________________ TestSubcommands.test_mock_lock_usage_error[--no-lock] ______________________________________________________________________________________________________________________________________[0m
2024-12-31T03:24:12.709336148Z 
2024-12-31T03:24:12.709338221Z self = <test_cli_invocation.TestSubcommands object at 0x7f4b05b76c90>, mocked_runner = <test_cli_invocation.MockedRunner object at 0x7f4b0633e090>, invalid_flag = '--no-lock'
2024-12-31T03:24:12.709340748Z 
2024-12-31T03:24:12.710414942Z     [0m[37m@pytest[39;49;00m.mark.parametrize([33m"[39;49;00m[33minvalid_flag[39;49;00m[33m"[39;49;00m, [96mlist[39;49;00m(get_invalid_lock_options()))[90m[39;49;00m
2024-12-31T03:24:12.710421450Z     [94mdef[39;49;00m [92mtest_mock_lock_usage_error[39;49;00m([90m[39;49;00m
2024-12-31T03:24:12.710424173Z         [96mself[39;49;00m, mocked_runner: MockedRunner, invalid_flag: [96mstr[39;49;00m[90m[39;49;00m
2024-12-31T03:24:12.710426556Z     ) -> [94mNone[39;49;00m:[90m[39;49;00m
2024-12-31T03:24:12.710428677Z         mocked_spec_path = [33m"[39;49;00m[33m/no/such/path/spec[39;49;00m[33m"[39;49;00m[90m[39;49;00m
2024-12-31T03:24:12.710431061Z         result = mocked_runner.invoke([[33m"[39;49;00m[33mlock[39;49;00m[33m"[39;49;00m, invalid_flag, mocked_spec_path])[90m[39;49;00m
2024-12-31T03:24:12.710433369Z         [90m# Should complain about the invalid flag[39;49;00m[90m[39;49;00m
2024-12-31T03:24:12.710435503Z >       [94massert[39;49;00m result.stdout[: [96mlen[39;49;00m(EXPECTED_USAGE_PREFIX)] == EXPECTED_USAGE_PREFIX[90m[39;49;00m
2024-12-31T03:24:12.710450804Z [1m[31mE       AssertionError: assert 'Usage: python3 -m venvstacks' == 'Usage: python -m venvstacks '[0m
2024-12-31T03:24:12.710453261Z [1m[31mE         [0m
2024-12-31T03:24:12.710455326Z [1m[31mE         - Usage: python -m venvstacks [0m
2024-12-31T03:24:12.710457501Z [1m[31mE         ?                            -[0m
2024-12-31T03:24:12.710459878Z [1m[31mE         + Usage: python3 -m venvstacks[0m
2024-12-31T03:24:12.710509835Z [1m[31mE         ?              +[0m
2024-12-31T03:24:12.710522147Z 
2024-12-31T03:24:12.710525666Z [1m[31mtests/test_cli_invocation.py[0m:568: AssertionError
2024-12-31T03:24:12.710637597Z [31m[1m______________________________________________________________________________________________________________________________________ TestSubcommands.test_mock_lock_usage_error[--build] _______________________________________________________________________________________________________________________________________[0m
2024-12-31T03:24:12.710644005Z 
2024-12-31T03:24:12.710648632Z self = <test_cli_invocation.TestSubcommands object at 0x7f4b05b76f10>, mocked_runner = <test_cli_invocation.MockedRunner object at 0x7f4b057fc690>, invalid_flag = '--build'
2024-12-31T03:24:12.710655783Z 
2024-12-31T03:24:12.711751367Z     [0m[37m@pytest[39;49;00m.mark.parametrize([33m"[39;49;00m[33minvalid_flag[39;49;00m[33m"[39;49;00m, [96mlist[39;49;00m(get_invalid_lock_options()))[90m[39;49;00m
2024-12-31T03:24:12.711757953Z     [94mdef[39;49;00m [92mtest_mock_lock_usage_error[39;49;00m([90m[39;49;00m
2024-12-31T03:24:12.711760642Z         [96mself[39;49;00m, mocked_runner: MockedRunner, invalid_flag: [96mstr[39;49;00m[90m[39;49;00m
2024-12-31T03:24:12.711762954Z     ) -> [94mNone[39;49;00m:[90m[39;49;00m
2024-12-31T03:24:12.711765666Z         mocked_spec_path = [33m"[39;49;00m[33m/no/such/path/spec[39;49;00m[33m"[39;49;00m[90m[39;49;00m
2024-12-31T03:24:12.711767996Z         result = mocked_runner.invoke([[33m"[39;49;00m[33mlock[39;49;00m[33m"[39;49;00m, invalid_flag, mocked_spec_path])[90m[39;49;00m
2024-12-31T03:24:12.711770336Z         [90m# Should complain about the invalid flag[39;49;00m[90m[39;49;00m
2024-12-31T03:24:12.711772563Z >       [94massert[39;49;00m result.stdout[: [96mlen[39;49;00m(EXPECTED_USAGE_PREFIX)] == EXPECTED_USAGE_PREFIX[90m[39;49;00m
2024-12-31T03:24:12.711847997Z [1m[31mE       AssertionError: assert 'Usage: python3 -m venvstacks' == 'Usage: python -m venvstacks '[0m
2024-12-31T03:24:12.711851649Z [1m[31mE         [0m
2024-12-31T03:24:12.711853745Z [1m[31mE         - Usage: python -m venvstacks [0m
2024-12-31T03:24:12.711855916Z [1m[31mE         ?                            -[0m
2024-12-31T03:24:12.711858227Z [1m[31mE         + Usage: python3 -m venvstacks[0m
2024-12-31T03:24:12.711860479Z [1m[31mE         ?              +[0m
2024-12-31T03:24:12.711862507Z 
2024-12-31T03:24:12.711864467Z [1m[31mtests/test_cli_invocation.py[0m:568: AssertionError
2024-12-31T03:24:12.711962537Z [31m[1m_____________________________________________________________________________________________________________________________________ TestSubcommands.test_mock_lock_usage_error[--no-build] _____________________________________________________________________________________________________________________________________[0m
2024-12-31T03:24:12.711967024Z 
2024-12-31T03:24:12.711968960Z self = <test_cli_invocation.TestSubcommands object at 0x7f4b05b77190>, mocked_runner = <test_cli_invocation.MockedRunner object at 0x7f4b05832810>, invalid_flag = '--no-build'
2024-12-31T03:24:12.711971480Z 
2024-12-31T03:24:12.713076647Z     [0m[37m@pytest[39;49;00m.mark.parametrize([33m"[39;49;00m[33minvalid_flag[39;49;00m[33m"[39;49;00m, [96mlist[39;49;00m(get_invalid_lock_options()))[90m[39;49;00m
2024-12-31T03:24:12.713089231Z     [94mdef[39;49;00m [92mtest_mock_lock_usage_error[39;49;00m([90m[39;49;00m
2024-12-31T03:24:12.713091594Z         [96mself[39;49;00m, mocked_runner: MockedRunner, invalid_flag: [96mstr[39;49;00m[90m[39;49;00m
2024-12-31T03:24:12.713094161Z     ) -> [94mNone[39;49;00m:[90m[39;49;00m
2024-12-31T03:24:12.713096324Z         mocked_spec_path = [33m"[39;49;00m[33m/no/such/path/spec[39;49;00m[33m"[39;49;00m[90m[39;49;00m
2024-12-31T03:24:12.713098633Z         result = mocked_runner.invoke([[33m"[39;49;00m[33mlock[39;49;00m[33m"[39;49;00m, invalid_flag, mocked_spec_path])[90m[39;49;00m
2024-12-31T03:24:12.713101030Z         [90m# Should complain about the invalid flag[39;49;00m[90m[39;49;00m
2024-12-31T03:24:12.713103155Z >       [94massert[39;49;00m result.stdout[: [96mlen[39;49;00m(EXPECTED_USAGE_PREFIX)] == EXPECTED_USAGE_PREFIX[90m[39;49;00m
2024-12-31T03:24:12.713121900Z [1m[31mE       AssertionError: assert 'Usage: python3 -m venvstacks' == 'Usage: python -m venvstacks '[0m
2024-12-31T03:24:12.713131238Z [1m[31mE         [0m
2024-12-31T03:24:12.713133884Z [1m[31mE         - Usage: python -m venvstacks [0m
2024-12-31T03:24:12.713136208Z [1m[31mE         ?                            -[0m
2024-12-31T03:24:12.713138453Z [1m[31mE         + Usage: python3 -m venvstacks[0m
2024-12-31T03:24:12.713168687Z [1m[31mE         ?              +[0m
2024-12-31T03:24:12.713175374Z 
2024-12-31T03:24:12.713177287Z [1m[31mtests/test_cli_invocation.py[0m:568: AssertionError
2024-12-31T03:24:12.713313451Z [31m[1m_____________________________________________________________________________________________________________________________________ TestSubcommands.test_mock_lock_usage_error[--publish] ______________________________________________________________________________________________________________________________________[0m
2024-12-31T03:24:12.713320202Z 
2024-12-31T03:24:12.713322354Z self = <test_cli_invocation.TestSubcommands object at 0x7f4b05b77450>, mocked_runner = <test_cli_invocation.MockedRunner object at 0x7f4b057d4e10>, invalid_flag = '--publish'
2024-12-31T03:24:12.713324915Z 
2024-12-31T03:24:12.714390771Z     [0m[37m@pytest[39;49;00m.mark.parametrize([33m"[39;49;00m[33minvalid_flag[39;49;00m[33m"[39;49;00m, [96mlist[39;49;00m(get_invalid_lock_options()))[90m[39;49;00m
2024-12-31T03:24:12.714397336Z     [94mdef[39;49;00m [92mtest_mock_lock_usage_error[39;49;00m([90m[39;49;00m
2024-12-31T03:24:12.714399711Z         [96mself[39;49;00m, mocked_runner: MockedRunner, invalid_flag: [96mstr[39;49;00m[90m[39;49;00m
2024-12-31T03:24:12.714408702Z     ) -> [94mNone[39;49;00m:[90m[39;49;00m
2024-12-31T03:24:12.714410964Z         mocked_spec_path = [33m"[39;49;00m[33m/no/such/path/spec[39;49;00m[33m"[39;49;00m[90m[39;49;00m
2024-12-31T03:24:12.714413387Z         result = mocked_runner.invoke([[33m"[39;49;00m[33mlock[39;49;00m[33m"[39;49;00m, invalid_flag, mocked_spec_path])[90m[39;49;00m
2024-12-31T03:24:12.714415808Z         [90m# Should complain about the invalid flag[39;49;00m[90m[39;49;00m
2024-12-31T03:24:12.714418063Z >       [94massert[39;49;00m result.stdout[: [96mlen[39;49;00m(EXPECTED_USAGE_PREFIX)] == EXPECTED_USAGE_PREFIX[90m[39;49;00m
2024-12-31T03:24:12.714420425Z [1m[31mE       AssertionError: assert 'Usage: python3 -m venvstacks' == 'Usage: python -m venvstacks '[0m
2024-12-31T03:24:12.714422696Z [1m[31mE         [0m
2024-12-31T03:24:12.714424699Z [1m[31mE         - Usage: python -m venvstacks [0m
2024-12-31T03:24:12.714428128Z [1m[31mE         ?                            -[0m
2024-12-31T03:24:12.714430383Z [1m[31mE         + Usage: python3 -m venvstacks[0m
2024-12-31T03:24:12.714432392Z [1m[31mE         ?              +[0m
2024-12-31T03:24:12.714434401Z 
2024-12-31T03:24:12.714436372Z [1m[31mtests/test_cli_invocation.py[0m:568: AssertionError
2024-12-31T03:24:12.714604085Z [31m[1m____________________________________________________________________________________________________________________________________ TestSubcommands.test_mock_lock_usage_error[--no-publish] ____________________________________________________________________________________________________________________________________[0m
2024-12-31T03:24:12.714620487Z 
2024-12-31T03:24:12.714623624Z self = <test_cli_invocation.TestSubcommands object at 0x7f4b05b77750>, mocked_runner = <test_cli_invocation.MockedRunner object at 0x7f4b05836e10>, invalid_flag = '--no-publish'
2024-12-31T03:24:12.714626521Z 
2024-12-31T03:24:12.715749672Z     [0m[37m@pytest[39;49;00m.mark.parametrize([33m"[39;49;00m[33minvalid_flag[39;49;00m[33m"[39;49;00m, [96mlist[39;49;00m(get_invalid_lock_options()))[90m[39;49;00m
2024-12-31T03:24:12.715765094Z     [94mdef[39;49;00m [92mtest_mock_lock_usage_error[39;49;00m([90m[39;49;00m
2024-12-31T03:24:12.715768251Z         [96mself[39;49;00m, mocked_runner: MockedRunner, invalid_flag: [96mstr[39;49;00m[90m[39;49;00m
2024-12-31T03:24:12.715773895Z     ) -> [94mNone[39;49;00m:[90m[39;49;00m
2024-12-31T03:24:12.715776113Z         mocked_spec_path = [33m"[39;49;00m[33m/no/such/path/spec[39;49;00m[33m"[39;49;00m[90m[39;49;00m
2024-12-31T03:24:12.715778613Z         result = mocked_runner.invoke([[33m"[39;49;00m[33mlock[39;49;00m[33m"[39;49;00m, invalid_flag, mocked_spec_path])[90m[39;49;00m
2024-12-31T03:24:12.715789628Z         [90m# Should complain about the invalid flag[39;49;00m[90m[39;49;00m
2024-12-31T03:24:12.715792148Z >       [94massert[39;49;00m result.stdout[: [96mlen[39;49;00m(EXPECTED_USAGE_PREFIX)] == EXPECTED_USAGE_PREFIX[90m[39;49;00m
2024-12-31T03:24:12.715794513Z [1m[31mE       AssertionError: assert 'Usage: python3 -m venvstacks' == 'Usage: python -m venvstacks '[0m
2024-12-31T03:24:12.715797085Z [1m[31mE         [0m
2024-12-31T03:24:12.715799525Z [1m[31mE         - Usage: python -m venvstacks [0m
2024-12-31T03:24:12.715803112Z [1m[31mE         ?                            -[0m
2024-12-31T03:24:12.715805514Z [1m[31mE         + Usage: python3 -m venvstacks[0m
2024-12-31T03:24:12.715807657Z [1m[31mE         ?              +[0m
2024-12-31T03:24:12.715809710Z 
2024-12-31T03:24:12.715811835Z [1m[31mtests/test_cli_invocation.py[0m:568: AssertionError
2024-12-31T03:24:12.715978851Z [31m[1m___________________________________________________________________________________________________________________________________ TestSubcommands.test_mock_lock_usage_error[--tag-outputs] ____________________________________________________________________________________________________________________________________[0m
2024-12-31T03:24:12.715994508Z 
2024-12-31T03:24:12.715997033Z self = <test_cli_invocation.TestSubcommands object at 0x7f4b05b77a50>, mocked_runner = <test_cli_invocation.MockedRunner object at 0x7f4b0581dd50>, invalid_flag = '--tag-outputs'
2024-12-31T03:24:12.716000670Z 
2024-12-31T03:24:12.717056276Z     [0m[37m@pytest[39;49;00m.mark.parametrize([33m"[39;49;00m[33minvalid_flag[39;49;00m[33m"[39;49;00m, [96mlist[39;49;00m(get_invalid_lock_options()))[90m[39;49;00m
2024-12-31T03:24:12.717067211Z     [94mdef[39;49;00m [92mtest_mock_lock_usage_error[39;49;00m([90m[39;49;00m
2024-12-31T03:24:12.717069598Z         [96mself[39;49;00m, mocked_runner: MockedRunner, invalid_flag: [96mstr[39;49;00m[90m[39;49;00m
2024-12-31T03:24:12.717072227Z     ) -> [94mNone[39;49;00m:[90m[39;49;00m
2024-12-31T03:24:12.717074428Z         mocked_spec_path = [33m"[39;49;00m[33m/no/such/path/spec[39;49;00m[33m"[39;49;00m[90m[39;49;00m
2024-12-31T03:24:12.717076739Z         result = mocked_runner.invoke([[33m"[39;49;00m[33mlock[39;49;00m[33m"[39;49;00m, invalid_flag, mocked_spec_path])[90m[39;49;00m
2024-12-31T03:24:12.717079048Z         [90m# Should complain about the invalid flag[39;49;00m[90m[39;49;00m
2024-12-31T03:24:12.717081394Z >       [94massert[39;49;00m result.stdout[: [96mlen[39;49;00m(EXPECTED_USAGE_PREFIX)] == EXPECTED_USAGE_PREFIX[90m[39;49;00m
2024-12-31T03:24:12.717089120Z [1m[31mE       AssertionError: assert 'Usage: python3 -m venvstacks' == 'Usage: python -m venvstacks '[0m
2024-12-31T03:24:12.717091457Z [1m[31mE         [0m
2024-12-31T03:24:12.717095112Z [1m[31mE         - Usage: python -m venvstacks [0m
2024-12-31T03:24:12.717097232Z [1m[31mE         ?                            -[0m
2024-12-31T03:24:12.717099216Z [1m[31mE         + Usage: python3 -m venvstacks[0m
2024-12-31T03:24:12.717101363Z [1m[31mE         ?              +[0m
2024-12-31T03:24:12.717103494Z 
2024-12-31T03:24:12.717105595Z [1m[31mtests/test_cli_invocation.py[0m:568: AssertionError
2024-12-31T03:24:12.717239094Z [31m[1m__________________________________________________________________________________________________________________________________ TestSubcommands.test_mock_lock_usage_error[--no-tag-outputs] __________________________________________________________________________________________________________________________________[0m
2024-12-31T03:24:12.717245106Z 
2024-12-31T03:24:12.717247130Z self = <test_cli_invocation.TestSubcommands object at 0x7f4b05b77d50>, mocked_runner = <test_cli_invocation.MockedRunner object at 0x7f4b05a08790>, invalid_flag = '--no-tag-outputs'
2024-12-31T03:24:12.717249651Z 
2024-12-31T03:24:12.718291935Z     [0m[37m@pytest[39;49;00m.mark.parametrize([33m"[39;49;00m[33minvalid_flag[39;49;00m[33m"[39;49;00m, [96mlist[39;49;00m(get_invalid_lock_options()))[90m[39;49;00m
2024-12-31T03:24:12.718297132Z     [94mdef[39;49;00m [92mtest_mock_lock_usage_error[39;49;00m([90m[39;49;00m
2024-12-31T03:24:12.718299578Z         [96mself[39;49;00m, mocked_runner: MockedRunner, invalid_flag: [96mstr[39;49;00m[90m[39;49;00m
2024-12-31T03:24:12.718301820Z     ) -> [94mNone[39;49;00m:[90m[39;49;00m
2024-12-31T03:24:12.718303868Z         mocked_spec_path = [33m"[39;49;00m[33m/no/such/path/spec[39;49;00m[33m"[39;49;00m[90m[39;49;00m
2024-12-31T03:24:12.718306329Z         result = mocked_runner.invoke([[33m"[39;49;00m[33mlock[39;49;00m[33m"[39;49;00m, invalid_flag, mocked_spec_path])[90m[39;49;00m
2024-12-31T03:24:12.718308715Z         [90m# Should complain about the invalid flag[39;49;00m[90m[39;49;00m
2024-12-31T03:24:12.718321994Z >       [94massert[39;49;00m result.stdout[: [96mlen[39;49;00m(EXPECTED_USAGE_PREFIX)] == EXPECTED_USAGE_PREFIX[90m[39;49;00m
2024-12-31T03:24:12.718324596Z [1m[31mE       AssertionError: assert 'Usage: python3 -m venvstacks' == 'Usage: python -m venvstacks '[0m
2024-12-31T03:24:12.718326767Z [1m[31mE         [0m
2024-12-31T03:24:12.718344161Z [1m[31mE         - Usage: python -m venvstacks [0m
2024-12-31T03:24:12.718349165Z [1m[31mE         ?                            -[0m
2024-12-31T03:24:12.718351281Z [1m[31mE         + Usage: python3 -m venvstacks[0m
2024-12-31T03:24:12.718366039Z [1m[31mE         ?              +[0m
2024-12-31T03:24:12.718368384Z 
2024-12-31T03:24:12.718370401Z [1m[31mtests/test_cli_invocation.py[0m:568: AssertionError
2024-12-31T03:24:12.718512901Z [31m[1m_____________________________________________________________________________________________________________________________________ TestSubcommands.test_mock_publish_usage_error[--lock] ______________________________________________________________________________________________________________________________________[0m
2024-12-31T03:24:12.718519586Z 
2024-12-31T03:24:12.718521520Z self = <test_cli_invocation.TestSubcommands object at 0x7f4b05b86c50>, mocked_runner = <test_cli_invocation.MockedRunner object at 0x7f4b059687d0>, invalid_flag = '--lock'
2024-12-31T03:24:12.718523988Z 
2024-12-31T03:24:12.719616198Z     [0m[37m@pytest[39;49;00m.mark.parametrize([33m"[39;49;00m[33minvalid_flag[39;49;00m[33m"[39;49;00m, [96mlist[39;49;00m(get_invalid_publish_options()))[90m[39;49;00m
2024-12-31T03:24:12.719622399Z     [94mdef[39;49;00m [92mtest_mock_publish_usage_error[39;49;00m([90m[39;49;00m
2024-12-31T03:24:12.719624650Z         [96mself[39;49;00m, mocked_runner: MockedRunner, invalid_flag: [96mstr[39;49;00m[90m[39;49;00m
2024-12-31T03:24:12.719626965Z     ) -> [94mNone[39;49;00m:[90m[39;49;00m
2024-12-31T03:24:12.719629083Z         spec_path_to_mock = [33m"[39;49;00m[33m/no/such/path/spec[39;49;00m[33m"[39;49;00m[90m[39;49;00m
2024-12-31T03:24:12.719631554Z         result = mocked_runner.invoke([[33m"[39;49;00m[33mpublish[39;49;00m[33m"[39;49;00m, invalid_flag, spec_path_to_mock])[90m[39;49;00m
2024-12-31T03:24:12.719633919Z         [90m# Should complain about the invalid flag[39;49;00m[90m[39;49;00m
2024-12-31T03:24:12.719636003Z >       [94massert[39;49;00m result.stdout[: [96mlen[39;49;00m(EXPECTED_USAGE_PREFIX)] == EXPECTED_USAGE_PREFIX[90m[39;49;00m
2024-12-31T03:24:12.719664187Z [1m[31mE       AssertionError: assert 'Usage: python3 -m venvstacks' == 'Usage: python -m venvstacks '[0m
2024-12-31T03:24:12.719682788Z [1m[31mE         [0m
2024-12-31T03:24:12.719685679Z [1m[31mE         - Usage: python -m venvstacks [0m
2024-12-31T03:24:12.719688049Z [1m[31mE         ?                            -[0m
2024-12-31T03:24:12.719690095Z [1m[31mE         + Usage: python3 -m venvstacks[0m
2024-12-31T03:24:12.719699533Z [1m[31mE         ?              +[0m
2024-12-31T03:24:12.719703160Z 
2024-12-31T03:24:12.719705554Z [1m[31mtests/test_cli_invocation.py[0m:664: AssertionError
2024-12-31T03:24:12.719828385Z [31m[1m____________________________________________________________________________________________________________________________________ TestSubcommands.test_mock_publish_usage_error[--no-lock] ____________________________________________________________________________________________________________________________________[0m
2024-12-31T03:24:12.719832906Z 
2024-12-31T03:24:12.719834857Z self = <test_cli_invocation.TestSubcommands object at 0x7f4b05b86d90>, mocked_runner = <test_cli_invocation.MockedRunner object at 0x7f4b0612f290>, invalid_flag = '--no-lock'
2024-12-31T03:24:12.719837387Z 
2024-12-31T03:24:12.720908557Z     [0m[37m@pytest[39;49;00m.mark.parametrize([33m"[39;49;00m[33minvalid_flag[39;49;00m[33m"[39;49;00m, [96mlist[39;49;00m(get_invalid_publish_options()))[90m[39;49;00m
2024-12-31T03:24:12.720915049Z     [94mdef[39;49;00m [92mtest_mock_publish_usage_error[39;49;00m([90m[39;49;00m
2024-12-31T03:24:12.720917544Z         [96mself[39;49;00m, mocked_runner: MockedRunner, invalid_flag: [96mstr[39;49;00m[90m[39;49;00m
2024-12-31T03:24:12.720919937Z     ) -> [94mNone[39;49;00m:[90m[39;49;00m
2024-12-31T03:24:12.720922124Z         spec_path_to_mock = [33m"[39;49;00m[33m/no/such/path/spec[39;49;00m[33m"[39;49;00m[90m[39;49;00m
2024-12-31T03:24:12.720924740Z         result = mocked_runner.invoke([[33m"[39;49;00m[33mpublish[39;49;00m[33m"[39;49;00m, invalid_flag, spec_path_to_mock])[90m[39;49;00m
2024-12-31T03:24:12.720927203Z         [90m# Should complain about the invalid flag[39;49;00m[90m[39;49;00m
2024-12-31T03:24:12.720929388Z >       [94massert[39;49;00m result.stdout[: [96mlen[39;49;00m(EXPECTED_USAGE_PREFIX)] == EXPECTED_USAGE_PREFIX[90m[39;49;00m
2024-12-31T03:24:12.720949973Z [1m[31mE       AssertionError: assert 'Usage: python3 -m venvstacks' == 'Usage: python -m venvstacks '[0m
2024-12-31T03:24:12.720961561Z [1m[31mE         [0m
2024-12-31T03:24:12.720963923Z [1m[31mE         - Usage: python -m venvstacks [0m
2024-12-31T03:24:12.720966205Z [1m[31mE         ?                            -[0m
2024-12-31T03:24:12.720968639Z [1m[31mE         + Usage: python3 -m venvstacks[0m
2024-12-31T03:24:12.720970880Z [1m[31mE         ?              +[0m
2024-12-31T03:24:12.720974778Z 
2024-12-31T03:24:12.720977288Z [1m[31mtests/test_cli_invocation.py[0m:664: AssertionError
2024-12-31T03:24:12.721115365Z [31m[1m_____________________________________________________________________________________________________________________________________ TestSubcommands.test_mock_publish_usage_error[--build] _____________________________________________________________________________________________________________________________________[0m
2024-12-31T03:24:12.721122264Z 
2024-12-31T03:24:12.721124270Z self = <test_cli_invocation.TestSubcommands object at 0x7f4b05b86f90>, mocked_runner = <test_cli_invocation.MockedRunner object at 0x7f4b05887dd0>, invalid_flag = '--build'
2024-12-31T03:24:12.721126753Z 
2024-12-31T03:24:12.722198102Z     [0m[37m@pytest[39;49;00m.mark.parametrize([33m"[39;49;00m[33minvalid_flag[39;49;00m[33m"[39;49;00m, [96mlist[39;49;00m(get_invalid_publish_options()))[90m[39;49;00m
2024-12-31T03:24:12.722205605Z     [94mdef[39;49;00m [92mtest_mock_publish_usage_error[39;49;00m([90m[39;49;00m
2024-12-31T03:24:12.722208007Z         [96mself[39;49;00m, mocked_runner: MockedRunner, invalid_flag: [96mstr[39;49;00m[90m[39;49;00m
2024-12-31T03:24:12.722210439Z     ) -> [94mNone[39;49;00m:[90m[39;49;00m
2024-12-31T03:24:12.722212979Z         spec_path_to_mock = [33m"[39;49;00m[33m/no/such/path/spec[39;49;00m[33m"[39;49;00m[90m[39;49;00m
2024-12-31T03:24:12.722215564Z         result = mocked_runner.invoke([[33m"[39;49;00m[33mpublish[39;49;00m[33m"[39;49;00m, invalid_flag, spec_path_to_mock])[90m[39;49;00m
2024-12-31T03:24:12.722217879Z         [90m# Should complain about the invalid flag[39;49;00m[90m[39;49;00m
2024-12-31T03:24:12.722220008Z >       [94massert[39;49;00m result.stdout[: [96mlen[39;49;00m(EXPECTED_USAGE_PREFIX)] == EXPECTED_USAGE_PREFIX[90m[39;49;00m
2024-12-31T03:24:12.722222251Z [1m[31mE       AssertionError: assert 'Usage: python3 -m venvstacks' == 'Usage: python -m venvstacks '[0m
2024-12-31T03:24:12.722224523Z [1m[31mE         [0m
2024-12-31T03:24:12.722228960Z [1m[31mE         - Usage: python -m venvstacks [0m
2024-12-31T03:24:12.722231069Z [1m[31mE         ?                            -[0m
2024-12-31T03:24:12.722233144Z [1m[31mE         + Usage: python3 -m venvstacks[0m
2024-12-31T03:24:12.722235259Z [1m[31mE         ?              +[0m
2024-12-31T03:24:12.722238636Z 
2024-12-31T03:24:12.722240845Z [1m[31mtests/test_cli_invocation.py[0m:664: AssertionError
2024-12-31T03:24:12.722371582Z [31m[1m___________________________________________________________________________________________________________________________________ TestSubcommands.test_mock_publish_usage_error[--no-build] ____________________________________________________________________________________________________________________________________[0m
2024-12-31T03:24:12.722390456Z 
2024-12-31T03:24:12.722392580Z self = <test_cli_invocation.TestSubcommands object at 0x7f4b05b87210>, mocked_runner = <test_cli_invocation.MockedRunner object at 0x7f4b05734fd0>, invalid_flag = '--no-build'
2024-12-31T03:24:12.722395429Z 
2024-12-31T03:24:12.723482937Z     [0m[37m@pytest[39;49;00m.mark.parametrize([33m"[39;49;00m[33minvalid_flag[39;49;00m[33m"[39;49;00m, [96mlist[39;49;00m(get_invalid_publish_options()))[90m[39;49;00m
2024-12-31T03:24:12.723492309Z     [94mdef[39;49;00m [92mtest_mock_publish_usage_error[39;49;00m([90m[39;49;00m
2024-12-31T03:24:12.723494894Z         [96mself[39;49;00m, mocked_runner: MockedRunner, invalid_flag: [96mstr[39;49;00m[90m[39;49;00m
2024-12-31T03:24:12.723497261Z     ) -> [94mNone[39;49;00m:[90m[39;49;00m
2024-12-31T03:24:12.723499663Z         spec_path_to_mock = [33m"[39;49;00m[33m/no/such/path/spec[39;49;00m[33m"[39;49;00m[90m[39;49;00m
2024-12-31T03:24:12.723502237Z         result = mocked_runner.invoke([[33m"[39;49;00m[33mpublish[39;49;00m[33m"[39;49;00m, invalid_flag, spec_path_to_mock])[90m[39;49;00m
2024-12-31T03:24:12.723504549Z         [90m# Should complain about the invalid flag[39;49;00m[90m[39;49;00m
2024-12-31T03:24:12.723506800Z >       [94massert[39;49;00m result.stdout[: [96mlen[39;49;00m(EXPECTED_USAGE_PREFIX)] == EXPECTED_USAGE_PREFIX[90m[39;49;00m
2024-12-31T03:24:12.723525381Z [1m[31mE       AssertionError: assert 'Usage: python3 -m venvstacks' == 'Usage: python -m venvstacks '[0m
2024-12-31T03:24:12.723528255Z [1m[31mE         [0m
2024-12-31T03:24:12.723530401Z [1m[31mE         - Usage: python -m venvstacks [0m
2024-12-31T03:24:12.723532938Z [1m[31mE         ?                            -[0m
2024-12-31T03:24:12.723534951Z [1m[31mE         + Usage: python3 -m venvstacks[0m
2024-12-31T03:24:12.723537587Z [1m[31mE         ?              +[0m
2024-12-31T03:24:12.723540505Z 
2024-12-31T03:24:12.723568161Z [1m[31mtests/test_cli_invocation.py[0m:664: AssertionError
2024-12-31T03:24:12.723730382Z [31m[1m____________________________________________________________________________________________________________________________________ TestSubcommands.test_mock_publish_usage_error[--publish] ____________________________________________________________________________________________________________________________________[0m
2024-12-31T03:24:12.723745733Z 
2024-12-31T03:24:12.723748555Z self = <test_cli_invocation.TestSubcommands object at 0x7f4b05b874d0>, mocked_runner = <test_cli_invocation.MockedRunner object at 0x7f4b05764dd0>, invalid_flag = '--publish'
2024-12-31T03:24:12.723751663Z 
2024-12-31T03:24:12.724796482Z     [0m[37m@pytest[39;49;00m.mark.parametrize([33m"[39;49;00m[33minvalid_flag[39;49;00m[33m"[39;49;00m, [96mlist[39;49;00m(get_invalid_publish_options()))[90m[39;49;00m
2024-12-31T03:24:12.724804594Z     [94mdef[39;49;00m [92mtest_mock_publish_usage_error[39;49;00m([90m[39;49;00m
2024-12-31T03:24:12.724807227Z         [96mself[39;49;00m, mocked_runner: MockedRunner, invalid_flag: [96mstr[39;49;00m[90m[39;49;00m
2024-12-31T03:24:12.724809671Z     ) -> [94mNone[39;49;00m:[90m[39;49;00m
2024-12-31T03:24:12.724811905Z         spec_path_to_mock = [33m"[39;49;00m[33m/no/such/path/spec[39;49;00m[33m"[39;49;00m[90m[39;49;00m
2024-12-31T03:24:12.724814252Z         result = mocked_runner.invoke([[33m"[39;49;00m[33mpublish[39;49;00m[33m"[39;49;00m, invalid_flag, spec_path_to_mock])[90m[39;49;00m
2024-12-31T03:24:12.724816706Z         [90m# Should complain about the invalid flag[39;49;00m[90m[39;49;00m
2024-12-31T03:24:12.724818845Z >       [94massert[39;49;00m result.stdout[: [96mlen[39;49;00m(EXPECTED_USAGE_PREFIX)] == EXPECTED_USAGE_PREFIX[90m[39;49;00m
2024-12-31T03:24:12.724827612Z [1m[31mE       AssertionError: assert 'Usage: python3 -m venvstacks' == 'Usage: python -m venvstacks '[0m
2024-12-31T03:24:12.724833483Z [1m[31mE         [0m
2024-12-31T03:24:12.724835760Z [1m[31mE         - Usage: python -m venvstacks [0m
2024-12-31T03:24:12.724837822Z [1m[31mE         ?                            -[0m
2024-12-31T03:24:12.724839869Z [1m[31mE         + Usage: python3 -m venvstacks[0m
2024-12-31T03:24:12.724868134Z [1m[31mE         ?              +[0m
2024-12-31T03:24:12.724871495Z 
2024-12-31T03:24:12.724873358Z [1m[31mtests/test_cli_invocation.py[0m:664: AssertionError
2024-12-31T03:24:12.724991172Z [31m[1m__________________________________________________________________________________________________________________________________ TestSubcommands.test_mock_publish_usage_error[--no-publish] ___________________________________________________________________________________________________________________________________[0m
2024-12-31T03:24:12.724995021Z 
2024-12-31T03:24:12.724997034Z self = <test_cli_invocation.TestSubcommands object at 0x7f4b05b877d0>, mocked_runner = <test_cli_invocation.MockedRunner object at 0x7f4b0560d690>, invalid_flag = '--no-publish'
2024-12-31T03:24:12.724999496Z 
2024-12-31T03:24:12.726103413Z     [0m[37m@pytest[39;49;00m.mark.parametrize([33m"[39;49;00m[33minvalid_flag[39;49;00m[33m"[39;49;00m, [96mlist[39;49;00m(get_invalid_publish_options()))[90m[39;49;00m
2024-12-31T03:24:12.726108090Z     [94mdef[39;49;00m [92mtest_mock_publish_usage_error[39;49;00m([90m[39;49;00m
2024-12-31T03:24:12.726116338Z         [96mself[39;49;00m, mocked_runner: MockedRunner, invalid_flag: [96mstr[39;49;00m[90m[39;49;00m
2024-12-31T03:24:12.726118621Z     ) -> [94mNone[39;49;00m:[90m[39;49;00m
2024-12-31T03:24:12.726120699Z         spec_path_to_mock = [33m"[39;49;00m[33m/no/such/path/spec[39;49;00m[33m"[39;49;00m[90m[39;49;00m
2024-12-31T03:24:12.726123040Z         result = mocked_runner.invoke([[33m"[39;49;00m[33mpublish[39;49;00m[33m"[39;49;00m, invalid_flag, spec_path_to_mock])[90m[39;49;00m
2024-12-31T03:24:12.726125478Z         [90m# Should complain about the invalid flag[39;49;00m[90m[39;49;00m
2024-12-31T03:24:12.726127574Z >       [94massert[39;49;00m result.stdout[: [96mlen[39;49;00m(EXPECTED_USAGE_PREFIX)] == EXPECTED_USAGE_PREFIX[90m[39;49;00m
2024-12-31T03:24:12.726129806Z [1m[31mE       AssertionError: assert 'Usage: python3 -m venvstacks' == 'Usage: python -m venvstacks '[0m
2024-12-31T03:24:12.726131990Z [1m[31mE         [0m
2024-12-31T03:24:12.726146679Z [1m[31mE         - Usage: python -m venvstacks [0m
2024-12-31T03:24:12.726152126Z [1m[31mE         ?                            -[0m
2024-12-31T03:24:12.726177111Z [1m[31mE         + Usage: python3 -m venvstacks[0m
2024-12-31T03:24:12.726187843Z [1m[31mE         ?              +[0m
2024-12-31T03:24:12.726191285Z 
2024-12-31T03:24:12.726194300Z [1m[31mtests/test_cli_invocation.py[0m:664: AssertionError
2024-12-31T03:24:12.726297409Z [31m[1m_____________________________________________________________________________________________________________________________________ TestSubcommands.test_mock_publish_usage_error[--clean] _____________________________________________________________________________________________________________________________________[0m
2024-12-31T03:24:12.726303259Z 
2024-12-31T03:24:12.726305614Z self = <test_cli_invocation.TestSubcommands object at 0x7f4b05b87ad0>, mocked_runner = <test_cli_invocation.MockedRunner object at 0x7f4b0563d8d0>, invalid_flag = '--clean'
2024-12-31T03:24:12.726308247Z 
2024-12-31T03:24:12.727402180Z     [0m[37m@pytest[39;49;00m.mark.parametrize([33m"[39;49;00m[33minvalid_flag[39;49;00m[33m"[39;49;00m, [96mlist[39;49;00m(get_invalid_publish_options()))[90m[39;49;00m
2024-12-31T03:24:12.727409577Z     [94mdef[39;49;00m [92mtest_mock_publish_usage_error[39;49;00m([90m[39;49;00m
2024-12-31T03:24:12.727412165Z         [96mself[39;49;00m, mocked_runner: MockedRunner, invalid_flag: [96mstr[39;49;00m[90m[39;49;00m
2024-12-31T03:24:12.727414723Z     ) -> [94mNone[39;49;00m:[90m[39;49;00m
2024-12-31T03:24:12.727432731Z         spec_path_to_mock = [33m"[39;49;00m[33m/no/such/path/spec[39;49;00m[33m"[39;49;00m[90m[39;49;00m
2024-12-31T03:24:12.727435783Z         result = mocked_runner.invoke([[33m"[39;49;00m[33mpublish[39;49;00m[33m"[39;49;00m, invalid_flag, spec_path_to_mock])[90m[39;49;00m
2024-12-31T03:24:12.727438239Z         [90m# Should complain about the invalid flag[39;49;00m[90m[39;49;00m
2024-12-31T03:24:12.727440565Z >       [94massert[39;49;00m result.stdout[: [96mlen[39;49;00m(EXPECTED_USAGE_PREFIX)] == EXPECTED_USAGE_PREFIX[90m[39;49;00m
2024-12-31T03:24:12.727445506Z [1m[31mE       AssertionError: assert 'Usage: python3 -m venvstacks' == 'Usage: python -m venvstacks '[0m
2024-12-31T03:24:12.727447888Z [1m[31mE         [0m
2024-12-31T03:24:12.727450034Z [1m[31mE         - Usage: python -m venvstacks [0m
2024-12-31T03:24:12.727453528Z [1m[31mE         ?                            -[0m
2024-12-31T03:24:12.727455540Z [1m[31mE         + Usage: python3 -m venvstacks[0m
2024-12-31T03:24:12.727458483Z [1m[31mE         ?              +[0m
2024-12-31T03:24:12.727474212Z 
2024-12-31T03:24:12.727504689Z [1m[31mtests/test_cli_invocation.py[0m:664: AssertionError
2024-12-31T03:24:12.727616004Z [31m[1m___________________________________________________________________________________________________________________________________ TestSubcommands.test_mock_publish_usage_error[--no-clean] ____________________________________________________________________________________________________________________________________[0m
2024-12-31T03:24:12.727621075Z 
2024-12-31T03:24:12.727623625Z self = <test_cli_invocation.TestSubcommands object at 0x7f4b05b87dd0>, mocked_runner = <test_cli_invocation.MockedRunner object at 0x7f4b055fd810>, invalid_flag = '--no-clean'
2024-12-31T03:24:12.727626074Z 
2024-12-31T03:24:12.728708983Z     [0m[37m@pytest[39;49;00m.mark.parametrize([33m"[39;49;00m[33minvalid_flag[39;49;00m[33m"[39;49;00m, [96mlist[39;49;00m(get_invalid_publish_options()))[90m[39;49;00m
2024-12-31T03:24:12.728713461Z     [94mdef[39;49;00m [92mtest_mock_publish_usage_error[39;49;00m([90m[39;49;00m
2024-12-31T03:24:12.728715785Z         [96mself[39;49;00m, mocked_runner: MockedRunner, invalid_flag: [96mstr[39;49;00m[90m[39;49;00m
2024-12-31T03:24:12.728717981Z     ) -> [94mNone[39;49;00m:[90m[39;49;00m
2024-12-31T03:24:12.728720160Z         spec_path_to_mock = [33m"[39;49;00m[33m/no/such/path/spec[39;49;00m[33m"[39;49;00m[90m[39;49;00m
2024-12-31T03:24:12.728722669Z         result = mocked_runner.invoke([[33m"[39;49;00m[33mpublish[39;49;00m[33m"[39;49;00m, invalid_flag, spec_path_to_mock])[90m[39;49;00m
2024-12-31T03:24:12.728730922Z         [90m# Should complain about the invalid flag[39;49;00m[90m[39;49;00m
2024-12-31T03:24:12.728733327Z >       [94massert[39;49;00m result.stdout[: [96mlen[39;49;00m(EXPECTED_USAGE_PREFIX)] == EXPECTED_USAGE_PREFIX[90m[39;49;00m
2024-12-31T03:24:12.728735609Z [1m[31mE       AssertionError: assert 'Usage: python3 -m venvstacks' == 'Usage: python -m venvstacks '[0m
2024-12-31T03:24:12.728737782Z [1m[31mE         [0m
2024-12-31T03:24:12.728740573Z [1m[31mE         - Usage: python -m venvstacks [0m
2024-12-31T03:24:12.728742615Z [1m[31mE         ?                            -[0m
2024-12-31T03:24:12.728750931Z [1m[31mE         + Usage: python3 -m venvstacks[0m
2024-12-31T03:24:12.728785090Z [1m[31mE         ?              +[0m
2024-12-31T03:24:12.728793889Z 
2024-12-31T03:24:12.728796008Z [1m[31mtests/test_cli_invocation.py[0m:664: AssertionError
2024-12-31T03:24:12.728921704Z [31m[1m______________________________________________________________________________________________________________________________________ TestSubcommands.test_mock_export_usage_error[--lock] ______________________________________________________________________________________________________________________________________[0m
2024-12-31T03:24:12.728928115Z 
2024-12-31T03:24:12.728931625Z self = <test_cli_invocation.TestSubcommands object at 0x7f4b05b8f390>, mocked_runner = <test_cli_invocation.MockedRunner object at 0x7f4b0586ef50>, invalid_flag = '--lock'
2024-12-31T03:24:12.728935428Z 
2024-12-31T03:24:12.729988058Z     [0m[37m@pytest[39;49;00m.mark.parametrize([33m"[39;49;00m[33minvalid_flag[39;49;00m[33m"[39;49;00m, [96mlist[39;49;00m(get_invalid_export_options()))[90m[39;49;00m
2024-12-31T03:24:12.729996203Z     [94mdef[39;49;00m [92mtest_mock_export_usage_error[39;49;00m([90m[39;49;00m
2024-12-31T03:24:12.729998729Z         [96mself[39;49;00m, mocked_runner: MockedRunner, invalid_flag: [96mstr[39;49;00m[90m[39;49;00m
2024-12-31T03:24:12.730001051Z     ) -> [94mNone[39;49;00m:[90m[39;49;00m
2024-12-31T03:24:12.730003258Z         spec_path_to_mock = [33m"[39;49;00m[33m/no/such/path/spec[39;49;00m[33m"[39;49;00m[90m[39;49;00m
2024-12-31T03:24:12.730005708Z         result = mocked_runner.invoke([[33m"[39;49;00m[33mlocal-export[39;49;00m[33m"[39;49;00m, invalid_flag, spec_path_to_mock])[90m[39;49;00m
2024-12-31T03:24:12.730008019Z         [90m# Should complain about the invalid flag[39;49;00m[90m[39;49;00m
2024-12-31T03:24:12.730010274Z >       [94massert[39;49;00m result.stdout[: [96mlen[39;49;00m(EXPECTED_USAGE_PREFIX)] == EXPECTED_USAGE_PREFIX[90m[39;49;00m
2024-12-31T03:24:12.730021130Z [1m[31mE       AssertionError: assert 'Usage: python3 -m venvstacks' == 'Usage: python -m venvstacks '[0m
2024-12-31T03:24:12.730023737Z [1m[31mE         [0m
2024-12-31T03:24:12.730025758Z [1m[31mE         - Usage: python -m venvstacks [0m
2024-12-31T03:24:12.730039733Z [1m[31mE         ?                            -[0m
2024-12-31T03:24:12.730043888Z [1m[31mE         + Usage: python3 -m venvstacks[0m
2024-12-31T03:24:12.730046688Z [1m[31mE         ?              +[0m
2024-12-31T03:24:12.730048824Z 
2024-12-31T03:24:12.730075326Z [1m[31mtests/test_cli_invocation.py[0m:754: AssertionError
2024-12-31T03:24:12.730190507Z [31m[1m____________________________________________________________________________________________________________________________________ TestSubcommands.test_mock_export_usage_error[--no-lock] _____________________________________________________________________________________________________________________________________[0m
2024-12-31T03:24:12.730194716Z 
2024-12-31T03:24:12.730196731Z self = <test_cli_invocation.TestSubcommands object at 0x7f4b05b8f610>, mocked_runner = <test_cli_invocation.MockedRunner object at 0x7f4b06311a10>, invalid_flag = '--no-lock'
2024-12-31T03:24:12.730199586Z 
2024-12-31T03:24:12.731295941Z     [0m[37m@pytest[39;49;00m.mark.parametrize([33m"[39;49;00m[33minvalid_flag[39;49;00m[33m"[39;49;00m, [96mlist[39;49;00m(get_invalid_export_options()))[90m[39;49;00m
2024-12-31T03:24:12.731306867Z     [94mdef[39;49;00m [92mtest_mock_export_usage_error[39;49;00m([90m[39;49;00m
2024-12-31T03:24:12.731309580Z         [96mself[39;49;00m, mocked_runner: MockedRunner, invalid_flag: [96mstr[39;49;00m[90m[39;49;00m
2024-12-31T03:24:12.731312105Z     ) -> [94mNone[39;49;00m:[90m[39;49;00m
2024-12-31T03:24:12.731314248Z         spec_path_to_mock = [33m"[39;49;00m[33m/no/such/path/spec[39;49;00m[33m"[39;49;00m[90m[39;49;00m
2024-12-31T03:24:12.731316611Z         result = mocked_runner.invoke([[33m"[39;49;00m[33mlocal-export[39;49;00m[33m"[39;49;00m, invalid_flag, spec_path_to_mock])[90m[39;49;00m
2024-12-31T03:24:12.731319435Z         [90m# Should complain about the invalid flag[39;49;00m[90m[39;49;00m
2024-12-31T03:24:12.731321612Z >       [94massert[39;49;00m result.stdout[: [96mlen[39;49;00m(EXPECTED_USAGE_PREFIX)] == EXPECTED_USAGE_PREFIX[90m[39;49;00m
2024-12-31T03:24:12.731325136Z [1m[31mE       AssertionError: assert 'Usage: python3 -m venvstacks' == 'Usage: python -m venvstacks '[0m
2024-12-31T03:24:12.731327410Z [1m[31mE         [0m
2024-12-31T03:24:12.731337003Z [1m[31mE         - Usage: python -m venvstacks [0m
2024-12-31T03:24:12.731339175Z [1m[31mE         ?                            -[0m
2024-12-31T03:24:12.731341276Z [1m[31mE         + Usage: python3 -m venvstacks[0m
2024-12-31T03:24:12.731376397Z [1m[31mE         ?              +[0m
2024-12-31T03:24:12.731382179Z 
2024-12-31T03:24:12.731384176Z [1m[31mtests/test_cli_invocation.py[0m:754: AssertionError
2024-12-31T03:24:12.731501746Z [31m[1m_____________________________________________________________________________________________________________________________________ TestSubcommands.test_mock_export_usage_error[--build] ______________________________________________________________________________________________________________________________________[0m
2024-12-31T03:24:12.731508746Z 
2024-12-31T03:24:12.731511062Z self = <test_cli_invocation.TestSubcommands object at 0x7f4b05b8f890>, mocked_runner = <test_cli_invocation.MockedRunner object at 0x7f4b058d7610>, invalid_flag = '--build'
2024-12-31T03:24:12.731513462Z 
2024-12-31T03:24:12.732581873Z     [0m[37m@pytest[39;49;00m.mark.parametrize([33m"[39;49;00m[33minvalid_flag[39;49;00m[33m"[39;49;00m, [96mlist[39;49;00m(get_invalid_export_options()))[90m[39;49;00m
2024-12-31T03:24:12.732588568Z     [94mdef[39;49;00m [92mtest_mock_export_usage_error[39;49;00m([90m[39;49;00m
2024-12-31T03:24:12.732591088Z         [96mself[39;49;00m, mocked_runner: MockedRunner, invalid_flag: [96mstr[39;49;00m[90m[39;49;00m
2024-12-31T03:24:12.732593266Z     ) -> [94mNone[39;49;00m:[90m[39;49;00m
2024-12-31T03:24:12.732595314Z         spec_path_to_mock = [33m"[39;49;00m[33m/no/such/path/spec[39;49;00m[33m"[39;49;00m[90m[39;49;00m
2024-12-31T03:24:12.732597757Z         result = mocked_runner.invoke([[33m"[39;49;00m[33mlocal-export[39;49;00m[33m"[39;49;00m, invalid_flag, spec_path_to_mock])[90m[39;49;00m
2024-12-31T03:24:12.732600103Z         [90m# Should complain about the invalid flag[39;49;00m[90m[39;49;00m
2024-12-31T03:24:12.732602536Z >       [94massert[39;49;00m result.stdout[: [96mlen[39;49;00m(EXPECTED_USAGE_PREFIX)] == EXPECTED_USAGE_PREFIX[90m[39;49;00m
2024-12-31T03:24:12.732615775Z [1m[31mE       AssertionError: assert 'Usage: python3 -m venvstacks' == 'Usage: python -m venvstacks '[0m
2024-12-31T03:24:12.732621768Z [1m[31mE         [0m
2024-12-31T03:24:12.732624046Z [1m[31mE         - Usage: python -m venvstacks [0m
2024-12-31T03:24:12.732626311Z [1m[31mE         ?                            -[0m
2024-12-31T03:24:12.732628401Z [1m[31mE         + Usage: python3 -m venvstacks[0m
2024-12-31T03:24:12.732638916Z [1m[31mE         ?              +[0m
2024-12-31T03:24:12.732641580Z 
2024-12-31T03:24:12.732644849Z [1m[31mtests/test_cli_invocation.py[0m:754: AssertionError
2024-12-31T03:24:12.732778293Z [31m[1m____________________________________________________________________________________________________________________________________ TestSubcommands.test_mock_export_usage_error[--no-build] ____________________________________________________________________________________________________________________________________[0m
2024-12-31T03:24:12.732783689Z 
2024-12-31T03:24:12.732785769Z self = <test_cli_invocation.TestSubcommands object at 0x7f4b05b8fb10>, mocked_runner = <test_cli_invocation.MockedRunner object at 0x7f4b05708910>, invalid_flag = '--no-build'
2024-12-31T03:24:12.732788177Z 
2024-12-31T03:24:12.733889540Z     [0m[37m@pytest[39;49;00m.mark.parametrize([33m"[39;49;00m[33minvalid_flag[39;49;00m[33m"[39;49;00m, [96mlist[39;49;00m(get_invalid_export_options()))[90m[39;49;00m
2024-12-31T03:24:12.733898378Z     [94mdef[39;49;00m [92mtest_mock_export_usage_error[39;49;00m([90m[39;49;00m
2024-12-31T03:24:12.733900778Z         [96mself[39;49;00m, mocked_runner: MockedRunner, invalid_flag: [96mstr[39;49;00m[90m[39;49;00m
2024-12-31T03:24:12.733903042Z     ) -> [94mNone[39;49;00m:[90m[39;49;00m
2024-12-31T03:24:12.733905163Z         spec_path_to_mock = [33m"[39;49;00m[33m/no/such/path/spec[39;49;00m[33m"[39;49;00m[90m[39;49;00m
2024-12-31T03:24:12.733907421Z         result = mocked_runner.invoke([[33m"[39;49;00m[33mlocal-export[39;49;00m[33m"[39;49;00m, invalid_flag, spec_path_to_mock])[90m[39;49;00m
2024-12-31T03:24:12.733909725Z         [90m# Should complain about the invalid flag[39;49;00m[90m[39;49;00m
2024-12-31T03:24:12.733911830Z >       [94massert[39;49;00m result.stdout[: [96mlen[39;49;00m(EXPECTED_USAGE_PREFIX)] == EXPECTED_USAGE_PREFIX[90m[39;49;00m
2024-12-31T03:24:12.733915261Z [1m[31mE       AssertionError: assert 'Usage: python3 -m venvstacks' == 'Usage: python -m venvstacks '[0m
2024-12-31T03:24:12.733917667Z [1m[31mE         [0m
2024-12-31T03:24:12.733919655Z [1m[31mE         - Usage: python -m venvstacks [0m
2024-12-31T03:24:12.733921765Z [1m[31mE         ?                            -[0m
2024-12-31T03:24:12.733924310Z [1m[31mE         + Usage: python3 -m venvstacks[0m
2024-12-31T03:24:12.733946177Z [1m[31mE         ?              +[0m
2024-12-31T03:24:12.733953637Z 
2024-12-31T03:24:12.733957717Z [1m[31mtests/test_cli_invocation.py[0m:754: AssertionError
2024-12-31T03:24:12.734115109Z [31m[1m____________________________________________________________________________________________________________________________________ TestSubcommands.test_mock_export_usage_error[--publish] _____________________________________________________________________________________________________________________________________[0m
2024-12-31T03:24:12.734132579Z 
2024-12-31T03:24:12.734134921Z self = <test_cli_invocation.TestSubcommands object at 0x7f4b05b8fdd0>, mocked_runner = <test_cli_invocation.MockedRunner object at 0x7f4b0570a8d0>, invalid_flag = '--publish'
2024-12-31T03:24:12.734137213Z 
2024-12-31T03:24:12.735300791Z     [0m[37m@pytest[39;49;00m.mark.parametrize([33m"[39;49;00m[33minvalid_flag[39;49;00m[33m"[39;49;00m, [96mlist[39;49;00m(get_invalid_export_options()))[90m[39;49;00m
2024-12-31T03:24:12.735310461Z     [94mdef[39;49;00m [92mtest_mock_export_usage_error[39;49;00m([90m[39;49;00m
2024-12-31T03:24:12.735312811Z         [96mself[39;49;00m, mocked_runner: MockedRunner, invalid_flag: [96mstr[39;49;00m[90m[39;49;00m
2024-12-31T03:24:12.735315121Z     ) -> [94mNone[39;49;00m:[90m[39;49;00m
2024-12-31T03:24:12.735317244Z         spec_path_to_mock = [33m"[39;49;00m[33m/no/such/path/spec[39;49;00m[33m"[39;49;00m[90m[39;49;00m
2024-12-31T03:24:12.735319975Z         result = mocked_runner.invoke([[33m"[39;49;00m[33mlocal-export[39;49;00m[33m"[39;49;00m, invalid_flag, spec_path_to_mock])[90m[39;49;00m
2024-12-31T03:24:12.735322318Z         [90m# Should complain about the invalid flag[39;49;00m[90m[39;49;00m
2024-12-31T03:24:12.735324438Z >       [94massert[39;49;00m result.stdout[: [96mlen[39;49;00m(EXPECTED_USAGE_PREFIX)] == EXPECTED_USAGE_PREFIX[90m[39;49;00m
2024-12-31T03:24:12.735326709Z [1m[31mE       AssertionError: assert 'Usage: python3 -m venvstacks' == 'Usage: python -m venvstacks '[0m
2024-12-31T03:24:12.735329089Z [1m[31mE         [0m
2024-12-31T03:24:12.735331096Z [1m[31mE         - Usage: python -m venvstacks [0m
2024-12-31T03:24:12.735333276Z [1m[31mE         ?                            -[0m
2024-12-31T03:24:12.735335316Z [1m[31mE         + Usage: python3 -m venvstacks[0m
2024-12-31T03:24:12.735337468Z [1m[31mE         ?              +[0m
2024-12-31T03:24:12.735339498Z 
2024-12-31T03:24:12.735341376Z [1m[31mtests/test_cli_invocation.py[0m:754: AssertionError
2024-12-31T03:24:12.735422311Z [31m[1m___________________________________________________________________________________________________________________________________ TestSubcommands.test_mock_export_usage_error[--no-publish] ___________________________________________________________________________________________________________________________________[0m
2024-12-31T03:24:12.735427934Z 
2024-12-31T03:24:12.735433903Z self = <test_cli_invocation.TestSubcommands object at 0x7f4b05b94110>, mocked_runner = <test_cli_invocation.MockedRunner object at 0x7f4b0561af10>, invalid_flag = '--no-publish'
2024-12-31T03:24:12.735436382Z 
2024-12-31T03:24:12.736519264Z     [0m[37m@pytest[39;49;00m.mark.parametrize([33m"[39;49;00m[33minvalid_flag[39;49;00m[33m"[39;49;00m, [96mlist[39;49;00m(get_invalid_export_options()))[90m[39;49;00m
2024-12-31T03:24:12.736527210Z     [94mdef[39;49;00m [92mtest_mock_export_usage_error[39;49;00m([90m[39;49;00m
2024-12-31T03:24:12.736529531Z         [96mself[39;49;00m, mocked_runner: MockedRunner, invalid_flag: [96mstr[39;49;00m[90m[39;49;00m
2024-12-31T03:24:12.736531840Z     ) -> [94mNone[39;49;00m:[90m[39;49;00m
2024-12-31T03:24:12.736533937Z         spec_path_to_mock = [33m"[39;49;00m[33m/no/such/path/spec[39;49;00m[33m"[39;49;00m[90m[39;49;00m
2024-12-31T03:24:12.736536344Z         result = mocked_runner.invoke([[33m"[39;49;00m[33mlocal-export[39;49;00m[33m"[39;49;00m, invalid_flag, spec_path_to_mock])[90m[39;49;00m
2024-12-31T03:24:12.736538658Z         [90m# Should complain about the invalid flag[39;49;00m[90m[39;49;00m
2024-12-31T03:24:12.736540800Z >       [94massert[39;49;00m result.stdout[: [96mlen[39;49;00m(EXPECTED_USAGE_PREFIX)] == EXPECTED_USAGE_PREFIX[90m[39;49;00m
2024-12-31T03:24:12.736544632Z [1m[31mE       AssertionError: assert 'Usage: python3 -m venvstacks' == 'Usage: python -m venvstacks '[0m
2024-12-31T03:24:12.736622617Z [1m[31mE         [0m
2024-12-31T03:24:12.736628654Z [1m[31mE         - Usage: python -m venvstacks [0m
2024-12-31T03:24:12.736634936Z [1m[31mE         ?                            -[0m
2024-12-31T03:24:12.736637225Z [1m[31mE         + Usage: python3 -m venvstacks[0m
2024-12-31T03:24:12.736639264Z [1m[31mE         ?              +[0m
2024-12-31T03:24:12.736641373Z 
2024-12-31T03:24:12.736648780Z [1m[31mtests/test_cli_invocation.py[0m:754: AssertionError
2024-12-31T03:24:12.736749656Z [31m[1m_____________________________________________________________________________________________________________________________________ TestSubcommands.test_mock_export_usage_error[--clean] ______________________________________________________________________________________________________________________________________[0m
2024-12-31T03:24:12.736759342Z 
2024-12-31T03:24:12.736761648Z self = <test_cli_invocation.TestSubcommands object at 0x7f4b05b94410>, mocked_runner = <test_cli_invocation.MockedRunner object at 0x7f4b0571ddd0>, invalid_flag = '--clean'
2024-12-31T03:24:12.736764215Z 
2024-12-31T03:24:12.737841332Z     [0m[37m@pytest[39;49;00m.mark.parametrize([33m"[39;49;00m[33minvalid_flag[39;49;00m[33m"[39;49;00m, [96mlist[39;49;00m(get_invalid_export_options()))[90m[39;49;00m
2024-12-31T03:24:12.737863833Z     [94mdef[39;49;00m [92mtest_mock_export_usage_error[39;49;00m([90m[39;49;00m
2024-12-31T03:24:12.737866789Z         [96mself[39;49;00m, mocked_runner: MockedRunner, invalid_flag: [96mstr[39;49;00m[90m[39;49;00m
2024-12-31T03:24:12.737869167Z     ) -> [94mNone[39;49;00m:[90m[39;49;00m
2024-12-31T03:24:12.737871331Z         spec_path_to_mock = [33m"[39;49;00m[33m/no/such/path/spec[39;49;00m[33m"[39;49;00m[90m[39;49;00m
2024-12-31T03:24:12.737873905Z         result = mocked_runner.invoke([[33m"[39;49;00m[33mlocal-export[39;49;00m[33m"[39;49;00m, invalid_flag, spec_path_to_mock])[90m[39;49;00m
2024-12-31T03:24:12.737876512Z         [90m# Should complain about the invalid flag[39;49;00m[90m[39;49;00m
2024-12-31T03:24:12.737878679Z >       [94massert[39;49;00m result.stdout[: [96mlen[39;49;00m(EXPECTED_USAGE_PREFIX)] == EXPECTED_USAGE_PREFIX[90m[39;49;00m
2024-12-31T03:24:12.737881273Z [1m[31mE       AssertionError: assert 'Usage: python3 -m venvstacks' == 'Usage: python -m venvstacks '[0m
2024-12-31T03:24:12.737883792Z [1m[31mE         [0m
2024-12-31T03:24:12.737885820Z [1m[31mE         - Usage: python -m venvstacks [0m
2024-12-31T03:24:12.737887942Z [1m[31mE         ?                            -[0m
2024-12-31T03:24:12.737891076Z [1m[31mE         + Usage: python3 -m venvstacks[0m
2024-12-31T03:24:12.737893213Z [1m[31mE         ?              +[0m
2024-12-31T03:24:12.737895240Z 
2024-12-31T03:24:12.737929766Z [1m[31mtests/test_cli_invocation.py[0m:754: AssertionError
2024-12-31T03:24:12.738002150Z [31m[1m____________________________________________________________________________________________________________________________________ TestSubcommands.test_mock_export_usage_error[--no-clean] ____________________________________________________________________________________________________________________________________[0m
2024-12-31T03:24:12.738007162Z 
2024-12-31T03:24:12.738009140Z self = <test_cli_invocation.TestSubcommands object at 0x7f4b05b94710>, mocked_runner = <test_cli_invocation.MockedRunner object at 0x7f4b059387d0>, invalid_flag = '--no-clean'
2024-12-31T03:24:12.738012080Z 
2024-12-31T03:24:12.739097175Z     [0m[37m@pytest[39;49;00m.mark.parametrize([33m"[39;49;00m[33minvalid_flag[39;49;00m[33m"[39;49;00m, [96mlist[39;49;00m(get_invalid_export_options()))[90m[39;49;00m
2024-12-31T03:24:12.739104642Z     [94mdef[39;49;00m [92mtest_mock_export_usage_error[39;49;00m([90m[39;49;00m
2024-12-31T03:24:12.739112162Z         [96mself[39;49;00m, mocked_runner: MockedRunner, invalid_flag: [96mstr[39;49;00m[90m[39;49;00m
2024-12-31T03:24:12.739114584Z     ) -> [94mNone[39;49;00m:[90m[39;49;00m
2024-12-31T03:24:12.739116629Z         spec_path_to_mock = [33m"[39;49;00m[33m/no/such/path/spec[39;49;00m[33m"[39;49;00m[90m[39;49;00m
2024-12-31T03:24:12.739119069Z         result = mocked_runner.invoke([[33m"[39;49;00m[33mlocal-export[39;49;00m[33m"[39;49;00m, invalid_flag, spec_path_to_mock])[90m[39;49;00m
2024-12-31T03:24:12.739121557Z         [90m# Should complain about the invalid flag[39;49;00m[90m[39;49;00m
2024-12-31T03:24:12.739123707Z >       [94massert[39;49;00m result.stdout[: [96mlen[39;49;00m(EXPECTED_USAGE_PREFIX)] == EXPECTED_USAGE_PREFIX[90m[39;49;00m
2024-12-31T03:24:12.739139759Z [1m[31mE       AssertionError: assert 'Usage: python3 -m venvstacks' == 'Usage: python -m venvstacks '[0m
2024-12-31T03:24:12.739150996Z [1m[31mE         [0m
2024-12-31T03:24:12.739154039Z [1m[31mE         - Usage: python -m venvstacks [0m
2024-12-31T03:24:12.739157094Z [1m[31mE         ?                            -[0m
2024-12-31T03:24:12.739161408Z [1m[31mE         + Usage: python3 -m venvstacks[0m
2024-12-31T03:24:12.739164606Z [1m[31mE         ?              +[0m
2024-12-31T03:24:12.739167812Z 
2024-12-31T03:24:12.739214295Z [1m[31mtests/test_cli_invocation.py[0m:754: AssertionError
2024-12-31T03:24:12.739300786Z [31m[1m__________________________________________________________________________________________________________________________________ TestSubcommands.test_mock_export_usage_error[--tag-outputs] ___________________________________________________________________________________________________________________________________[0m
2024-12-31T03:24:12.739305719Z 
2024-12-31T03:24:12.739307868Z self = <test_cli_invocation.TestSubcommands object at 0x7f4b05b94a10>, mocked_runner = <test_cli_invocation.MockedRunner object at 0x7f4b0574f610>, invalid_flag = '--tag-outputs'
2024-12-31T03:24:12.739310354Z 
2024-12-31T03:24:12.740383962Z     [0m[37m@pytest[39;49;00m.mark.parametrize([33m"[39;49;00m[33minvalid_flag[39;49;00m[33m"[39;49;00m, [96mlist[39;49;00m(get_invalid_export_options()))[90m[39;49;00m
2024-12-31T03:24:12.740390142Z     [94mdef[39;49;00m [92mtest_mock_export_usage_error[39;49;00m([90m[39;49;00m
2024-12-31T03:24:12.740392327Z         [96mself[39;49;00m, mocked_runner: MockedRunner, invalid_flag: [96mstr[39;49;00m[90m[39;49;00m
2024-12-31T03:24:12.740394626Z     ) -> [94mNone[39;49;00m:[90m[39;49;00m
2024-12-31T03:24:12.740401891Z         spec_path_to_mock = [33m"[39;49;00m[33m/no/such/path/spec[39;49;00m[33m"[39;49;00m[90m[39;49;00m
2024-12-31T03:24:12.740404335Z         result = mocked_runner.invoke([[33m"[39;49;00m[33mlocal-export[39;49;00m[33m"[39;49;00m, invalid_flag, spec_path_to_mock])[90m[39;49;00m
2024-12-31T03:24:12.740406875Z         [90m# Should complain about the invalid flag[39;49;00m[90m[39;49;00m
2024-12-31T03:24:12.740409068Z >       [94massert[39;49;00m result.stdout[: [96mlen[39;49;00m(EXPECTED_USAGE_PREFIX)] == EXPECTED_USAGE_PREFIX[90m[39;49;00m
2024-12-31T03:24:12.740413088Z [1m[31mE       AssertionError: assert 'Usage: python3 -m venvstacks' == 'Usage: python -m venvstacks '[0m
2024-12-31T03:24:12.740415568Z [1m[31mE         [0m
2024-12-31T03:24:12.740417583Z [1m[31mE         - Usage: python -m venvstacks [0m
2024-12-31T03:24:12.740420212Z [1m[31mE         ?                            -[0m
2024-12-31T03:24:12.740458245Z [1m[31mE         + Usage: python3 -m venvstacks[0m
2024-12-31T03:24:12.740465547Z [1m[31mE         ?              +[0m
2024-12-31T03:24:12.740467834Z 
2024-12-31T03:24:12.740470168Z [1m[31mtests/test_cli_invocation.py[0m:754: AssertionError
2024-12-31T03:24:12.740585908Z [31m[1m_________________________________________________________________________________________________________________________________ TestSubcommands.test_mock_export_usage_error[--no-tag-outputs] _________________________________________________________________________________________________________________________________[0m
2024-12-31T03:24:12.740590918Z 
2024-12-31T03:24:12.740592851Z self = <test_cli_invocation.TestSubcommands object at 0x7f4b05b94cd0>, mocked_runner = <test_cli_invocation.MockedRunner object at 0x7f4b056c3990>, invalid_flag = '--no-tag-outputs'
2024-12-31T03:24:12.740595412Z 
2024-12-31T03:24:12.741656929Z     [0m[37m@pytest[39;49;00m.mark.parametrize([33m"[39;49;00m[33minvalid_flag[39;49;00m[33m"[39;49;00m, [96mlist[39;49;00m(get_invalid_export_options()))[90m[39;49;00m
2024-12-31T03:24:12.741663068Z     [94mdef[39;49;00m [92mtest_mock_export_usage_error[39;49;00m([90m[39;49;00m
2024-12-31T03:24:12.741665488Z         [96mself[39;49;00m, mocked_runner: MockedRunner, invalid_flag: [96mstr[39;49;00m[90m[39;49;00m
2024-12-31T03:24:12.741668029Z     ) -> [94mNone[39;49;00m:[90m[39;49;00m
2024-12-31T03:24:12.741670222Z         spec_path_to_mock = [33m"[39;49;00m[33m/no/such/path/spec[39;49;00m[33m"[39;49;00m[90m[39;49;00m
2024-12-31T03:24:12.741683808Z         result = mocked_runner.invoke([[33m"[39;49;00m[33mlocal-export[39;49;00m[33m"[39;49;00m, invalid_flag, spec_path_to_mock])[90m[39;49;00m
2024-12-31T03:24:12.741691552Z         [90m# Should complain about the invalid flag[39;49;00m[90m[39;49;00m
2024-12-31T03:24:12.741694263Z >       [94massert[39;49;00m result.stdout[: [96mlen[39;49;00m(EXPECTED_USAGE_PREFIX)] == EXPECTED_USAGE_PREFIX[90m[39;49;00m
2024-12-31T03:24:12.741698144Z [1m[31mE       AssertionError: assert 'Usage: python3 -m venvstacks' == 'Usage: python -m venvstacks '[0m
2024-12-31T03:24:12.741700346Z [1m[31mE         [0m
2024-12-31T03:24:12.741702337Z [1m[31mE         - Usage: python -m venvstacks [0m
2024-12-31T03:24:12.741755790Z [1m[31mE         ?                            -[0m
2024-12-31T03:24:12.741762903Z [1m[31mE         + Usage: python3 -m venvstacks[0m
2024-12-31T03:24:12.741765209Z [1m[31mE         ?              +[0m
2024-12-31T03:24:12.741767356Z 
2024-12-31T03:24:12.741779284Z [1m[31mtests/test_cli_invocation.py[0m:754: AssertionError
2024-12-31T03:24:12.743819126Z [36m[1m==================================================================================================================================================== short test summary info =====================================================================================================================================================[0m
2024-12-31T03:24:12.743829390Z [31mFAILED[0m tests/test_basics.py::[1mtest_pinned_dev_packages[pbs-installer-2024.10.10][0m - AssertionError: assert '2024.12.19' == '2024.10.10'
2024-12-31T03:24:12.743831932Z [31mFAILED[0m tests/test_basics.py::[1mtest_pinned_dev_packages[uv-0.4.21][0m - AssertionError: assert '0.5.13' == '0.4.21'
2024-12-31T03:24:12.743870339Z [31mFAILED[0m tests/test_cli_invocation.py::[1mTestTopLevelCommand::test_implicit_help[0m - AssertionError: assert 'Usage: python -m venvstacks [' in '                                                                                \n Usage: python3 -m venvstacks [OPTIONS] COMMAND [ARGS]...                       \n                                                                                \n Lock, build...
2024-12-31T03:24:12.743875309Z [31mFAILED[0m tests/test_cli_invocation.py::[1mTestSubcommands::test_usage_error[build][0m - AssertionError: assert 'Usage: python3 -m venvstacks' == 'Usage: python -m venvstacks '
2024-12-31T03:24:12.743924558Z [31mFAILED[0m tests/test_cli_invocation.py::[1mTestSubcommands::test_usage_error[local-export][0m - AssertionError: assert 'Usage: python3 -m venvstacks' == 'Usage: python -m venvstacks '
2024-12-31T03:24:12.743933186Z [31mFAILED[0m tests/test_cli_invocation.py::[1mTestSubcommands::test_usage_error[lock][0m - AssertionError: assert 'Usage: python3 -m venvstacks' == 'Usage: python -m venvstacks '
2024-12-31T03:24:12.743935741Z [31mFAILED[0m tests/test_cli_invocation.py::[1mTestSubcommands::test_usage_error[publish][0m - AssertionError: assert 'Usage: python3 -m venvstacks' == 'Usage: python -m venvstacks '
2024-12-31T03:24:12.743944390Z [31mFAILED[0m tests/test_cli_invocation.py::[1mTestSubcommands::test_mock_lock_usage_error[--lock][0m - AssertionError: assert 'Usage: python3 -m venvstacks' == 'Usage: python -m venvstacks '
2024-12-31T03:24:12.743946915Z [31mFAILED[0m tests/test_cli_invocation.py::[1mTestSubcommands::test_mock_lock_usage_error[--no-lock][0m - AssertionError: assert 'Usage: python3 -m venvstacks' == 'Usage: python -m venvstacks '
2024-12-31T03:24:12.743949346Z [31mFAILED[0m tests/test_cli_invocation.py::[1mTestSubcommands::test_mock_lock_usage_error[--build][0m - AssertionError: assert 'Usage: python3 -m venvstacks' == 'Usage: python -m venvstacks '
2024-12-31T03:24:12.743951670Z [31mFAILED[0m tests/test_cli_invocation.py::[1mTestSubcommands::test_mock_lock_usage_error[--no-build][0m - AssertionError: assert 'Usage: python3 -m venvstacks' == 'Usage: python -m venvstacks '
2024-12-31T03:24:12.743958437Z [31mFAILED[0m tests/test_cli_invocation.py::[1mTestSubcommands::test_mock_lock_usage_error[--publish][0m - AssertionError: assert 'Usage: python3 -m venvstacks' == 'Usage: python -m venvstacks '
2024-12-31T03:24:12.743962464Z [31mFAILED[0m tests/test_cli_invocation.py::[1mTestSubcommands::test_mock_lock_usage_error[--no-publish][0m - AssertionError: assert 'Usage: python3 -m venvstacks' == 'Usage: python -m venvstacks '
2024-12-31T03:24:12.743964856Z [31mFAILED[0m tests/test_cli_invocation.py::[1mTestSubcommands::test_mock_lock_usage_error[--tag-outputs][0m - AssertionError: assert 'Usage: python3 -m venvstacks' == 'Usage: python -m venvstacks '
2024-12-31T03:24:12.743984519Z [31mFAILED[0m tests/test_cli_invocation.py::[1mTestSubcommands::test_mock_lock_usage_error[--no-tag-outputs][0m - AssertionError: assert 'Usage: python3 -m venvstacks' == 'Usage: python -m venvstacks '
2024-12-31T03:24:12.743995994Z [31mFAILED[0m tests/test_cli_invocation.py::[1mTestSubcommands::test_mock_publish_usage_error[--lock][0m - AssertionError: assert 'Usage: python3 -m venvstacks' == 'Usage: python -m venvstacks '
2024-12-31T03:24:12.744011322Z [31mFAILED[0m tests/test_cli_invocation.py::[1mTestSubcommands::test_mock_publish_usage_error[--no-lock][0m - AssertionError: assert 'Usage: python3 -m venvstacks' == 'Usage: python -m venvstacks '
2024-12-31T03:24:12.744016484Z [31mFAILED[0m tests/test_cli_invocation.py::[1mTestSubcommands::test_mock_publish_usage_error[--build][0m - AssertionError: assert 'Usage: python3 -m venvstacks' == 'Usage: python -m venvstacks '
2024-12-31T03:24:12.744019937Z [31mFAILED[0m tests/test_cli_invocation.py::[1mTestSubcommands::test_mock_publish_usage_error[--no-build][0m - AssertionError: assert 'Usage: python3 -m venvstacks' == 'Usage: python -m venvstacks '
2024-12-31T03:24:12.744023654Z [31mFAILED[0m tests/test_cli_invocation.py::[1mTestSubcommands::test_mock_publish_usage_error[--publish][0m - AssertionError: assert 'Usage: python3 -m venvstacks' == 'Usage: python -m venvstacks '
2024-12-31T03:24:12.744061956Z [31mFAILED[0m tests/test_cli_invocation.py::[1mTestSubcommands::test_mock_publish_usage_error[--no-publish][0m - AssertionError: assert 'Usage: python3 -m venvstacks' == 'Usage: python -m venvstacks '
2024-12-31T03:24:12.744069905Z [31mFAILED[0m tests/test_cli_invocation.py::[1mTestSubcommands::test_mock_publish_usage_error[--clean][0m - AssertionError: assert 'Usage: python3 -m venvstacks' == 'Usage: python -m venvstacks '
2024-12-31T03:24:12.744072317Z [31mFAILED[0m tests/test_cli_invocation.py::[1mTestSubcommands::test_mock_publish_usage_error[--no-clean][0m - AssertionError: assert 'Usage: python3 -m venvstacks' == 'Usage: python -m venvstacks '
2024-12-31T03:24:12.744074597Z [31mFAILED[0m tests/test_cli_invocation.py::[1mTestSubcommands::test_mock_export_usage_error[--lock][0m - AssertionError: assert 'Usage: python3 -m venvstacks' == 'Usage: python -m venvstacks '
2024-12-31T03:24:12.744076862Z [31mFAILED[0m tests/test_cli_invocation.py::[1mTestSubcommands::test_mock_export_usage_error[--no-lock][0m - AssertionError: assert 'Usage: python3 -m venvstacks' == 'Usage: python -m venvstacks '
2024-12-31T03:24:12.744079303Z [31mFAILED[0m tests/test_cli_invocation.py::[1mTestSubcommands::test_mock_export_usage_error[--build][0m - AssertionError: assert 'Usage: python3 -m venvstacks' == 'Usage: python -m venvstacks '
2024-12-31T03:24:12.744095001Z [31mFAILED[0m tests/test_cli_invocation.py::[1mTestSubcommands::test_mock_export_usage_error[--no-build][0m - AssertionError: assert 'Usage: python3 -m venvstacks' == 'Usage: python -m venvstacks '
2024-12-31T03:24:12.744099568Z [31mFAILED[0m tests/test_cli_invocation.py::[1mTestSubcommands::test_mock_export_usage_error[--publish][0m - AssertionError: assert 'Usage: python3 -m venvstacks' == 'Usage: python -m venvstacks '
2024-12-31T03:24:12.744102149Z [31mFAILED[0m tests/test_cli_invocation.py::[1mTestSubcommands::test_mock_export_usage_error[--no-publish][0m - AssertionError: assert 'Usage: python3 -m venvstacks' == 'Usage: python -m venvstacks '
2024-12-31T03:24:12.744105413Z [31mFAILED[0m tests/test_cli_invocation.py::[1mTestSubcommands::test_mock_export_usage_error[--clean][0m - AssertionError: assert 'Usage: python3 -m venvstacks' == 'Usage: python -m venvstacks '
2024-12-31T03:24:12.744107773Z [31mFAILED[0m tests/test_cli_invocation.py::[1mTestSubcommands::test_mock_export_usage_error[--no-clean][0m - AssertionError: assert 'Usage: python3 -m venvstacks' == 'Usage: python -m venvstacks '
2024-12-31T03:24:12.744130480Z [31mFAILED[0m tests/test_cli_invocation.py::[1mTestSubcommands::test_mock_export_usage_error[--tag-outputs][0m - AssertionError: assert 'Usage: python3 -m venvstacks' == 'Usage: python -m venvstacks '
2024-12-31T03:24:12.744134528Z [31mFAILED[0m tests/test_cli_invocation.py::[1mTestSubcommands::test_mock_export_usage_error[--no-tag-outputs][0m - AssertionError: assert 'Usage: python3 -m venvstacks' == 'Usage: python -m venvstacks '
2024-12-31T03:24:12.744191406Z !!!!!!!!!!!!!!!!!!!!!!!!!!!!!!!!!!!!!!!!!!!!!!!!!!!!!!!!!!!!!!!!!!!!!!!!!!!!!!!!!!!!!!!!!!!!!!!!!!!!!!!!!!!!!!!!!!!!!!!!!!!!!!!!!!!!!!!!!!!!!!!!!!!!!!! KeyboardInterrupt !!!!!!!!!!!!!!!!!!!!!!!!!!!!!!!!!!!!!!!!!!!!!!!!!!!!!!!!!!!!!!!!!!!!!!!!!!!!!!!!!!!!!!!!!!!!!!!!!!!!!!!!!!!!!!!!!!!!!!!!!!!!!!!!!!!!!!!!!!!!!!!!!!!!!!!!
2024-12-31T03:24:12.744194898Z [1m[31m/usr/local/lib/python3.11/subprocess.py[0m:2011: KeyboardInterrupt
2024-12-31T03:24:12.744197029Z [33m(to show a full traceback on KeyboardInterrupt use --full-trace)[0m
2024-12-31T03:24:12.744599612Z [31m=========================================================================================================================================== [31m[1m33 failed[0m, [32m84 passed[0m[31m in 134.42s (0:02:14)[0m[31m ============================================================================================================================================[0m
2024-12-31T03:24:13.160903219Z [?2004h(venv) root@71d17cbce9a9:/venvstacks# ^C[?2004l
[?2004h[?2004l

2024-12-31T03:24:13.366641725Z [?2004h(venv) root@71d17cbce9a9:/venvstacks# ^C[?2004l
[?2004h[?2004l

2024-12-31T03:24:13.539635733Z [?2004h(venv) root@71d17cbce9a9:/venvstacks# ^C[?2004l
[?2004h[?2004l

2024-12-31T03:24:13.752110783Z [?2004h(venv) root@71d17cbce9a9:/venvstacks# ^C[?2004l
[?2004h[?2004l

2024-12-31T03:24:13.958200338Z [?2004h(venv) root@71d17cbce9a9:/venvstacks# ^C[?2004l
[?2004h[?2004l

2024-12-31T03:24:16.301788652Z [?2004h(venv) root@71d17cbce9a9:/venvstacks# [?2004l

2024-12-31T03:24:16.301816992Z exit
