openrecall/openrecall
225a2750e3122718a9bad9c4d4ba4b0e99985c00
Container compassionate_ganguly 0e3a07d93c84 started with image build_env_python:3.10
************** configuration **************
You are an expert skilled in environment configuration. You can refer to various files and structures in the repository such as `requirements.txt`, `setup.py`, etc., and use dependency prediction tools like pipreqs to install and download the corresponding third-party libraries in a given Docker image. This ensures that the repository can be successfully configured and able to correctly execute the specified tests.
* Note that this repository originally did not have a Dockerfile, or the existing Dockerfile has been deleted, and do not attempt to use the information from the original Dockerfile of the repository.*

* We have already configured poetry, pipdeptree, and pytest for you; no additional configuration is needed. However, you cannot directly invoke pytest; you need to run tests using `runtest` or `poetryruntest`.

WORK PROCESS:
1. **Read Directory Structure**: Check the folder structure in the root directory, focusing on the configuration files related to setting up the environment.
2. **Determine Python Version**: Decide if you need to switch the Python version in the Docker container. The current version is python:3.10. If you want to switch the Python version, please run the `change_python_version python_version` command, where python_version is the Python version number (for example, `change_python_version 3.9`), and you do not need to add quotation marks. If you do not need to make any changes, please ignore this step. You can also run these commands at any point later during the environment configuration to switch the Python version.
    *Note*: You can only switch the Python version within the container; switching to other images is not allowed.
3. **Check the configuration files in the root directory**: Read configuration files related to setting up the environment, such as: Information in the `.github` folder, `setup.py`, `setup.cfg`, `Pipfile` and `Pipfile.lock`, `environment.yml`, `poetry.lock` and `pyproject.toml`, etc.
3.5 **Try testing (optional)**: Using `runtest` command to check if it is possible to pass the tests directly without any additional configuration.
4. **Review Additional Files**: Consider other potential files and structures for environment configuration.
5. **Automatically install according to the installation script**: Based on the observed structure in the root directory, determine the necessary installation commands:
    a. Poetry Detected: If a poetry.lock file is present in the root directory, Install Poetry using the relevant method for your system. Execute the command `poetry install` to install the dependencies specified in the lock file.
    b. Setup.py Detected: If a setup.py file exists in the root directory, run the command `pip install -e .` to install the package in editable mode along with its dependencies.
    c. Other Descriptor Files: For other specific files that indicate dependency management, assess and determine the appropriate method to install the required dependencies.
    *Note*: We only consider automatically installation script in the repository. Do not consider `requirements.txt` directly in this step!
6. **Collecting Third-Party Library Download List**: In this step, you need to locate all files in the root directory that list dependencies line by line, such as `requirements.txt`, `requirements_dev.txt`, etc. Use a command like `queue_file /repo/requirements.txt` to submit them to the download list. I will handle the unified downloading later.
    If you have determined the path to the requirements file, please enter `waitinglist addfile` followed by the path to the requirements file. For example, `waitinglist addfile /repo/requirements.txt`.
    *Note*: The files you collect must follow the standard requirements.txt format. Do not collect files in any other formats. For instance, if you are unsure about the format of `/repo/requirements_test.txt`, you can use the command `cat /repo/requirements_test.txt` to read the file contents and ensure the file fully meets the requirements before submitting it. If no such dependency-listing files are found, you may skip this step.
    *Note*: In a standard requirements.txt file, each valid entry on a line consists of package_name followed by version_constraints (if there are no version_constraints, the latest version is implied). For example: "numpy==2.1", "numpy>2.0,<3.0", "numpy" (implies the latest version).
    *Note*: We will not collect items that are improperly formatted.
7. **Using pipreqs to Obtain Additional Lists**: In this step, you should use `runpipreqs` to analyze the third-party libraries that need to be installed based on the findings of the previous step. Simply use the command `get pipreqs`, and it will generate a `requirements_pipreqs.txt` file in the project root directory (/repo) and show you the warnings and errors.
    *Note*: If you have already collected some requirements.txt files in Step 5, you do not need to execute `runpipreqs` in this step. Avoid collecting too many dependencies repeatedly. You can directly execute `download` after handling conflicts and formatting errors. If errors occur in subsequent tests, you can then run `runpipreqs`.
8. **Handling pipreqs Warnings**: For warnings that appear in pipreqs, such as not being able to find a module on PyPI, it may be due to a discrepancy between the download name and the import name of a third-party library. For example, `import cv2` requires downloading not `cv2` but `opencv-python`. For each warning, you need to address the discrepancy by ensuring the correct package names are used for the downloads.
    You should review "pipreqs_output.txt" (used to store output during the pipreqs dependency generation process) and "requirements_pipreqs.txt" (the final generated dependency results) to check for any inconsistencies. Use ```diff and ``` to make adjustments to "requirements_pipreqs.txt" as needed.
    *Note*: If you did not execute runpipreqs, then you do not need to perform this step.
9. **Update lists**: Add the "requirements_pipreqs.txt" file generated by pipreqs and corrected by you (or maybe not) to the waiting list using the command `waitinglist addfile /repo/requirements_pipreqs.txt`.
    *Note*: If you did not execute runpipreqs, then you do not need to perform this step.
10. **Resolve version_constraint conflicts**: Process the elements in conflict_list. Based on the information in conflict_list, resolve any existing version_constraints conflicts. Only after these have been resolved can you proceed with the download.
11. **Unified download execution**: After analyzing the original requirements.txt of the repository and the "requirements.txt" generated by pipreqs, and resolving any conflict issues, you need to enter download to execute the unified `download`. This will download each element currently in the waiting_list one by one, and eventually, the download status will be returned.
12. **Error Handling**: After the download is complete, you need to handle the error messages based on the information provided. We will return the list of third-party libraries and their dependencies in your current environment. When resolving these errors, you need to ensure that these dependencies are properly managed. For example, you cannot directly uninstall a package that is required by another package, nor can you install a version that does not meet the constraints.
    For instance, if package A depends on package B with a requirement of "B>=1.0", you cannot simply run pip uninstall B as this would cause package A to lack its dependency. Similarly, you cannot run `pip install B==0.5` because this would not satisfy the requirement of "B>=1.0".
    You can make use of the following tools:
    a.(Strongly recommend) `pipdeptree`: Use pipdeptree to see the structure of the python third-party library downloaded.
    b.(Strongly recommend) `pipdeptree -p <package_name>`: Use pipdeptree -p followed by package_name can display the dependency information of a specific third-party library.
    c.(Strongly recommend) `pip index versions <package_name> --python-version <python_version>`: This command is used to query the versions of a specific package for a particular Python version, including pre-release versions. For example, `pip index versions requests --python-version 3.10` can be used to find the versions of requests that are available for Python 3.10.
    d. `pip install -q`: Use this command to install a specific version of a package with minimal output. This greatly reduces the verbosity, showing only crucial information and final status. It is recommended to specify the version with == to avoid conflicts with the existing environment. For example, use pip install -q requests==2.25.1 to ensure a quiet and specific version installation.
    e. `pip install -e`: Use this command to install a package in "editable" mode. This is particularly useful during development when you want to make changes to the source code and have them immediately reflected in the installed package without needing to reinstall it. For example, pip install -e . will install the package located in the current directory in editable mode. Another common use case is to install a package from a local path or a VCS repository while keeping it editable. For example, pip install -e git+https://github.com/username/repo.git#egg=package_name.
    f. `pip uninstall`: Use this command to uninstall a third-party library. This should be used cautiously as it may cause dependency issues. If you need to change the version of a package, it is better to use `pip install [package_name]==[version]` instead.
    g. `apt-get update -qq && apt-get install [package]=[version] -y -qq`: Use this command to install system packages if needed, remember to use `-y`. Use `-qq` to minimize the output if there is nothing wrong.
    h. `export <variable>=<value>`: Use this command to set system environment variables.
    i. You can use the `--help` parameter to view detailed usage instructions for various tools, such as `pipdeptree --help` and `pip install --help`, etc.
    j. You may also use other commands that are not listed here, including built-in Bash commands and other system commands.
    *Note*: Always consider the potential impact of each command on the system. Aim to achieve the best results with minimal changes.
    *Note*: For modules not found in the error message, first check if the corresponding module is available in the project folder before proceeding with external downloads. For example, if you encounter an error stating ModuleNotFoundError: No module named 'my_module', check if there is a file named my_module.py in your project directory. If it is not present, then you can look for the module externally and download it if necessary.
    *Note*: Do not use external download tools like `git clone` or `wget` to download a large number of files directly in the /repo folder (or its subdirectories) to avoid causing significant changes to the original repository.
    *Note*: Flexibility: You do not need to complete all configurations in one go. If you are unsure whether the configuration is approximately complete, you can use the `runtest` or `poetryruntest`(When you configured in poetry environment) command. I will check the configured environment and return any error messages. Based on the error messages, you can make further adjustments.
    *Note*: In special cases, if you feel that the Docker environment has become too messy to achieve your goal, you can use `clear_configuration` command to restore it to the initial Python 3.10 environment or `change_python_version` and start over.
**Most Important!** You can execute `runtest` or `poetryruntest` anywhere when you decide to test the environment. You do not need to complete all the previous steps; you can directly run `runtest` or `poetryruntest` to check if the configuration is complete and get feedback from the error messages. Be flexible. Our goal is to pass the runtest or poetryruntest checks.
If you encounter import errors such as ModuleNotFoundError or ImportError, you can consider two solutions. One solution is to use external tools like pip or apt-get to download these dependencies. The other solution is to check for local dependencies in the repository; if local dependencies are available, you can use `export PYTHONPATH=` statements to set environment variables (preferably), or modify the __init__.py file to resolve the issue.
Please note that when manually using pip, apt-get, poetry, or other tools to download third-party libraries, try to use the `-q` (quiet) mode if available to reduce intermediate progress bar outputs. Additionally, we will help remove more obvious progress bar information to minimize interference with the analysis.
If you need to install packages using pip, please consider adding them to the waiting list first, and then use the `download` command to proceed with the installation.
In each round of the conversation, we will inform you of the commands that have been correctly executed and have changed the state of the current Docker container. Please reflect on each round's Observation in relation to the current state of the Docker container and decide the subsequent Action.
If you need to run two or more commands, please strictly follow the order by enclosing each command in ONE ```bash and ``` blocks connected by "&&" with ONE line! It is not recommended to use backslashes (\) for line continuation. If you need to execute commands that span multiple lines, it is advisable to write them into a .sh file and then run the executable file. For example, if you want to enter the /repo directory and execute `poetry install`, you should input:
```bash
cd /repo && poetry install
```

It is not recommended to directly input:
```bash
cd /repo
```
```bash
poetry install
```

Nor is it recommended to input:
```bash
cd /repo \
poetry install
```

We also strongly request that you try to write the instructions on the same line as much as possible, and do not break them into multiple lines, as this may cause parsing errors. Even if the line of instructions contains a lot of && connections, do not arbitrarily break it into multiple lines.

We will automatically maintain two lists in the background to facilitate the installation and download of third-party libraries. These are:
1. waiting list: Used to store third-party libraries waiting to be downloaded, including both pip and apt libraries. You can use `waitinglist show` to show all items in it.
2. conflict list: Used to store elements with the same name as those in the waiting list but with inconsistent version constraints. You can use `conflictlist show` to show all items in it.
*Note*: you only need to follow the prompts to complete operations on these lists during the running process and can only manipulate them using the provided commands.
*Note*: Before operating waiting list, conflict list, or download commands, you can use waitinglist show or conflictlist show to observe their structure each time.


IN GOOD FORMAT: 
All your answer must contain Thought and Action. 
Calling CLI tools Action using bash block like ```bash  ```. 
Editing and Writing code Action using diff block like ```diff ```.
The command line you generate will be run in the bash sandbox environment, and the running results will be returned to you through the system messages.

IMPORTANT TIPS: 
        * Each round of reply can only contain one ```bash ``` block, which means Each round of your answers contain only *ONE* action!
        * Please submit the first command first, then after receiving the response, you can issue the second command. You are free to use any other bash communication.

You are now in the Docker environment of python:3.10. Please perform all operations within this environment.
CLI TOOLS: You can call CLI tools in  ```bash ... ``` block as Action with a Thought. like:
### Thought: I need to understand the structure of the root directory.
### Action:
```bash
ls /repo
```

For another example:
### Thought: I need to read the README.md file.
### Action:
```bash
cat README.md
```


CODE EDITING AND WRITING: All changes to files must use the ```diff  ```  block format, with symbols <<<<<<< SEARCH, ======= and >>>>>>> REPLACE 

You need to provide code patch. The patch should according to the original code, indent correctly, and do not include line numbers. The format is as follows: 
### Thought: Modify explanation...
### Action: 
```diff 
/absolute/path/of/target.py
<<<<<<< SEARCH
    exact copy of old line(s) you would like to change
=======
    new line(s) to replace
>>>>>>> REPLACE

<<<<<<< SEARCH
    exact copy of old line(s) you would like to change
=======
    new line(s) to replace
>>>>>>> REPLACE
``` 
Every *SEARCH/REPLACE block must use this format:
1. The opening fence ```diff 
2. The file path alone on a line, verbatim. No bold asterisks, no quotes around it, no escaping of characters, etc.
3. The start of search block: <<<<<<< SEARCH
4. A contiguous chunk of lines to search for in the existing source code
5. The dividing line: =======
6. The lines to replace into the source code
7. The end of the replace block: >>>>>>> REPLACE
8. The closing fence: ``` 
Once you want to modify the code you MUST: 
        * Include *ALL* the code being searched and replaced!
        * Every *SEARCH* section must *EXACTLY MATCH* the existing source code, character for character, including all comments, docstrings, etc.
        * '<<<<<<< SEARCH', '=======' and  '>>>>>>> REPLACE' symbols must be on a line by themselves and cannot be indented.
        * All code modifications must be expressed in the REPLACE format above (including delete an insert). We will find the source code with the highest matching degree in the original file and replace it. Please provide sufficient and unique old line(s) from snippet to facilitate matching.
        * If the code patch you provide is successfully applied, the differences before and after the code modification will be returned.
        * The paths of modified files must be completely absolute paths.
        * Make sure the patch you provide is indented correctly especially in python programs: The indentation of old lines is exactly the same as the original code, and the indentation of new lines is correct.
        * All patches must be based on the original code viewed by the tools, and fabricated code patch(es) is prohibited.
        * Previously successfully applied patches will modify the code, and new patches must be applied based on the current code. Please review the relevant code again then provide new patches.
        * If the old line(s) is empty, it is considered to be inserted at the beginning of the file. If the file does not exist, a new file will be created and the new line will be written. like:
### Thought: Create a.py
### Action:
```diff
/project_path/.../a.py
<<<<<<< SEARCH
=======
    [new line(s) to add]
>>>>>>> REPLACE
```

*Note*: Do not make extensive changes to the existing files in the /repo folder. You may only make appropriate and necessary changes to the original repository files (e.g., when there are actual errors or tests that cannot be run).
*Very Important Note*: Passing tests by modifying testing functions is not allowed, and you should figure out how to make the current test functions run successfully!!!
In addition to typical bash commands, we also provide the following commands that can be used, you can use them flexibly if needed:
waitinglist add -p package_name [-v version_constraints] -t tool # Add item into waiting list. If no 'version_constraints' are specified, the latest version will be downloaded by default.
waitinglist addfile file_path # Add all entries from a file similar to requirements.txt format to the waiting list.
waitinglist clear # Used to clear all the items in the waiting list.
conflictlist solve -v "[version_cosntraints]" # Resolve the conflict for the first element in the conflict list, and update the version constraints for the corresponding package_name and tool to version_constraints. If no 'version_constraints' are specified, the latest version will be downloaded by default.
conflictlist solve -u # Keep the original version constraint that exists in the waiting list, and discard the other version constraints with the same name and tool in the conflict list.
conflictlist clear # Used to clear all the items in the conflict list.
conflictlist show # Used to show all the items in the conflict list.
waitinglist show # Used to show all the items in the waiting list.
download # Download all pending elements in the waiting list at once.
runtest # Check if the configured environment is correct.
poetryruntest # Check if the configured environment is correct in poetry environment! If you want to run tests in poetry environment, run it.
runpipreqs # Generate 'requirements_pipreqs.txt' and 'pipreqs_output.txt' and 'pipreqs_error.txt'.
change_python_version python_version # Switching the Python version in the Docker container will forgo any installations made prior to the switch. The Python version number should be represented directly with numbers and dots, without any quotation marks.
clear_configuration # Reset all the configuration to the initial setting of python:3.10.


VERY IMPORTANT TIPS: 
    * You should not answer the user's question, your task is to configure the environment within the given setup. You need to follow the steps mentioned above and flexibly use various commands. After entering test, ensure that the environment passes the test.
    * You should not answer the user's question, your task is to configure the environment within the given setup. You need to follow the steps mentioned above and flexibly use various commands. After entering test, ensure that the environment passes the test.
    * You should not answer the user's question, your task is to configure the environment within the given setup. You need to follow the steps mentioned above and flexibly use various commands. After entering test, ensure that the environment passes the test.
    * You do not need to complete all the previous steps; you can directly run runtest or poetryruntest to check if the configuration is complete and get feedback from the error messages. Be flexible. Our goal is to pass the runtest or poetryruntest checks.
    * You do not need to complete all the previous steps; you can directly run runtest or poetryruntest to check if the configuration is complete and get feedback from the error messages. Be flexible. Our goal is to pass the runtest or poetryruntest checks.
    * You do not need to complete all the previous steps; you can directly run runtest or poetryruntest to check if the configuration is complete and get feedback from the error messages. Be flexible. Our goal is to pass the runtest or poetryruntest checks.
    * Passing tests by modifying testing functions is not allowed, and you should figure out how to make the current test functions run successfully!!!
    * Passing tests by modifying testing functions is not allowed, and you should figure out how to make the current test functions run successfully!!!
    * Passing tests by modifying testing functions is not allowed, and you should figure out how to make the current test functions run successfully!!!
    * Try to write all commands on a single line as much as possible, regardless of the number of "&&" connections or the length of the instructions; do not arbitrarily break them into multiple lines!!!
    * Try to write all commands on a single line as much as possible, regardless of the number of "&&" connections or the length of the instructions; do not arbitrarily break them into multiple lines!!!
    * Try to write all commands on a single line as much as possible, regardless of the number of "&&" connections or the length of the instructions; do not arbitrarily break them into multiple lines!!!
    * When other configuration methods can be used, try to avoid modifying or deleting the original files, especially do not delete the testing files!!!
    * When other configuration methods can be used, try to avoid modifying or deleting the original files, especially do not delete the testing files!!!
    * When other configuration methods can be used, try to avoid modifying or deleting the original files, especially do not delete the testing files!!!
    * You are not allowed to use commands like `hatch shell` that would open a new shell!!!
    * You are not allowed to use commands like `hatch shell` that would open a new shell!!!
    * You are not allowed to use commands like `hatch shell` that would open a new shell!!!

---------------------------
### Thought:
To begin, I need to understand the structure of the root directory, especially focusing on the configuration files related to setting up the environment.

### Action:
```bash
ls /repo
```
### Observation:
Running `ls /repo`...
LICENSE  README.md  docs  images  openrecall  setup.py	tests
`ls /repo` executes with returncode: 0

[Current directory]:
/
You are currently in a [python:3.10] container.

ENVIRONMENT REMINDER: You have 199 turns left to complete the task.
The container remains in its original state.
---------------------------
### Thought:
Based on the directory structure, I see there is a `setup.py` which often contains dependency information and instructions for installing a package. Now, I will read the contents of the `setup.py` file to determine the dependencies and setup instructions.

### Action:
```bash
cat /repo/setup.py
```
### Observation:
Running `cat /repo/setup.py`...
import io
import platform
from setuptools import find_packages, setup
# Read the README.md file
with io.open("README.md", "r", encoding="utf-8") as f:
    long_description = f.read()
install_requires = [
    "Flask==3.0.3",
    "numpy==1.26.4",
    "mss==9.0.1",
    "sentence-transformers==3.0.0",
    "torch==2.2.0",
    "torchvision==0.17.0",
    "shapely==2.0.4",
    "h5py==3.11.0",
    "rapidfuzz==3.9.3",
    "Pillow==10.3.0",
]
# Define OS-specific dependencies
extras_require = {
    "windows": ["pywin32", "psutil"],
    "macos": ["pyobjc==10.3"],
    "linux": [],
    "python-doctr": [
        "python-doctr @ git+https://github.com/koenvaneijk/doctr.git@af711bc04eb8876a7189923fb51ec44481ee18cd"
    ],
}
# Determine the current OS
current_os = platform.system().lower()
if current_os.startswith("win"):
    current_os = "windows"
elif current_os == "darwin":
    current_os = "macos"
elif current_os == "linux":
    current_os = "linux"
else:
    current_os = None
# Include the OS-specific dependencies if the current OS is recognized
if current_os and current_os in extras_require:
    install_requires.extend(extras_require[current_os])
install_requires.extend(extras_require.get("python-doctr", []))
setup(
    name="OpenRecall",
    version="0.8",
    packages=find_packages(),
    install_requires=install_requires,
    long_description=long_description,
    long_description_content_type="text/markdown",
    extras_require=extras_require,
)
`cat /repo/setup.py` executes with returncode: 0

[Current directory]:
/
You are currently in a [python:3.10] container.

ENVIRONMENT REMINDER: You have 198 turns left to complete the task.
The container remains in its original state.
---------------------------
### Thought:
The `setup.py` contains a list of dependencies under the `install_requires` variable. There are also OS-specific dependencies that are managed through `extras_require`. Since we're in a Docker environment (which is typically based on Linux), the Linux-specific dependencies will apply here.

As the next step, I will install the dependencies listed in `setup.py` using `pip install -e .`, which will install the package in editable mode along with its dependencies.

### Action:
```bash
cd /repo && pip install -e .
```
### Observation:
Running `cd /repo`...
`cd /repo` executes with returncode: 0
Running `pip install -e .`...
The output is too long, so we've truncated it to show you the first and last 5000 characters.
Running `pip install -e .`...
Looking in indexes: http://simple/
Obtaining file:///repo
  Preparing metadata (setup.py) ... [?25l- done
  Cloning https://github.com/koenvaneijk/doctr.git (to revision af711bc04eb8876a7189923fb51ec44481ee18cd) to /tmp/pip-install-g3ounv0k/python-doctr_796d371104ff48bab3f8e9346d733f68
  Running command git clone --filter=blob:none --quiet https://github.com/koenvaneijk/doctr.git /tmp/pip-install-g3ounv0k/python-doctr_796d371104ff48bab3f8e9346d733f68
  Running command git rev-parse -q --verify 'sha^af711bc04eb8876a7189923fb51ec44481ee18cd'
  Running command git fetch -q https://github.com/koenvaneijk/doctr.git af711bc04eb8876a7189923fb51ec44481ee18cd
  Resolved https://github.com/koenvaneijk/doctr.git to commit af711bc04eb8876a7189923fb51ec44481ee18cd
  Installing build dependencies ... [?25l- \ | / - done
  Downloading http://packages/flask/flask-3.0.3-py3-none-any.whl (101 kB)
Collecting numpy==1.26.4 (from OpenRecall==0.8)
  Downloading http://packages/numpy/numpy-1.26.4-cp310-cp310-manylinux_2_17_x86_64.manylinux2014_x86_64.whl (18.2 MB)
  Downloading http://packages/mss/mss-9.0.1-py3-none-any.whl (22 kB)
Collecting sentence-transformers==3.0.0 (from OpenRecall==0.8)
  Downloading http://packages/sentence-transformers/sentence_transformers-3.0.0-py3-none-any.whl (224 kB)
Collecting torch==2.2.0 (from OpenRecall==0.8)
  Downloading http://packages/torch/torch-2.2.0-cp310-cp310-manylinux1_x86_64.whl (755.5 MB)
  Downloading http://packages/torchvision/torchvision-0.17.0-cp310-cp310-manylinux1_x86_64.whl (6.9 MB)
  Downloading http://packages/shapely/shapely-2.0.4-cp310-cp310-manylinux_2_17_x86_64.manylinux2014_x86_64.whl (2.5 MB)
  Downloading http://packages/h5py/h5py-3.11.0-cp310-cp310-manylinux_2_17_x86_64.manylinux2014_x86_64.whl (5.3 MB)
  Downloading http://packages/rapidfuzz/rapidfuzz-3.9.3-cp310-cp310-manylinux_2_17_x86_64.manylinux2014_x86_64.whl (3.4 MB)
  Downloading http://packages/pillow/pillow-10.3.0-cp310-cp310-manylinux_2_28_x86_64.whl (4.5 MB)
  Downloading http://packages/werkzeug/werkzeug-3.1.3-py3-none-any.whl (224 kB)
Collecting Jinja2>=3.1.2 (from Flask==3.0.3->OpenRecall==0.8)
  Downloading http://packages/jinja2/jinja2-3.1.4-py3-none-any.whl (133 kB)
Collecting itsdangerous>=2.1.2 (from Flask==3.0.3->OpenRecall==0.8)
  Downloading http://packages/itsdangerous/itsdangerous-2.2.0-py3-none-any.whl (16 kB)
Collecting click>=8.1.3 (from Flask==3.0.3->OpenRecall==0.8)
  Downloading http://packages/click/click-8.1.7-py3-none-any.whl (97 kB)
Collecting blinker>=1.6.2 (from Flask==3.0.3->OpenRecall==0.8)
  Downloading http://packages/blinker/blinker-1.9.0-py3-none-any.whl (8.5 kB)
Collecting transformers<5.0.0,>=4.34.0 (from sentence-transformers==3.0.0->OpenRecall==0.8)
  Downloading http://packages/transformers/transformers-4.47.0-py3-none-any.whl (10.1 MB)
  Downloading http://packages/tqdm/tqdm-4.67.1-py3-none-any.whl (78 kB)
Collecting scikit-learn (from sentence-transformers==3.0.0->OpenRecall==0.8)
  Downloading http://packages/scikit-learn/scikit_learn-1.6.0-cp310-cp310-manylinux_2_17_x86_64.manylinux2014_x86_64.whl (13.5 MB)
  Downloading http://packages/scipy/scipy-1.14.1-cp310-cp310-manylinux_2_17_x86_64.manylinux2014_x86_64.whl (41.2 MB)
  Downloading http://packages/huggingface-hub/huggingface_hub-0.27.0-py3-none-any.whl (450 kB)
Collecting filelock (from torch==2.2.0->OpenRecall==0.8)
  Using cached http://packages/filelock/filelock-3.16.1-py3-none-any.whl (16 kB)
Collecting typing-extensions>=4.8.0 (from torch==2.2.0->OpenRecall==0.8)
  Downloading http://packages/typing-extensions/typing_extensions-4.12.2-py3-none-any.whl (37 kB)
Collecting sympy (from torch==2.2.0->OpenRecall==0.8)
  Downloading http://packages/sympy/sympy-1.13.3-py3-none-any.whl (6.2 MB)
  Downloading http://packages/networkx/networkx-3.4.2-py3-none-any.whl (1.7 MB)
  Downloading http://packages/fsspec/fsspec-2024.10.0-py3-none-any.whl (179 kB)
Collecting nvidia-cuda-nvrtc-cu12==12.1.105 (from torch==2.2.0->OpenRecall==0.8)
  Downloading http://packages/nvidia-cuda-nvrtc-cu12/nvidia_cuda_nvrtc_cu12-12.1.105-py3-none-manylinux1_x86_64.whl (23.7 MB)
  Downloading http://packages/nvidia-cuda-runtime-cu12/nvidia_cuda_runtime_cu12-12.1.105-py3-none-manylinux1_x86_64.whl (823 kB)
  Downloading http://packages/nvidia-cuda-cupti-cu12/nvidia_cuda_cupti_cu12-12.1.105-py3-none-manylinux1_x86_64.whl (14.1 MB)
  Downloading http://packages/nvidia-cudnn-cu12/nvidia_cudnn_cu12-8.9.2.26-py3-none-manylinux1_x86_64.whl (731.7 MB)
  Downloading http://packages/nvidia-cublas-cu12/nvidia_cublas_cu12-12.1.3.1-py3-none-manylinux1_x86_64.whl (410.6 MB)
  Downloading http://packages/nvidia-cufft-cu12/nvidia_cufft_cu12-11.0.2.54-py3-none-manylinux1_x86_64.whl (121.6 MB)
  Downloading http://packages/nvidia-curand-cu12/nvidia_curand_cu12-10.3.2.106-py3-none-manylinux1_x86_64.whl (56.5 MB)
  Downloading http://packages/nvidia-cusolver-cu12/nvidia_cusolver_cu12-11.4.5.107-py3-none-manylinux1_x86_64.whl (124.2 MB)
  Downloading http://packages/nvidia-cusparse-cu12/nvidia_cusparse_cu12-12.1.0.106-py3-none-manylinux1_x86_64.whl (196.0 MB)
  Downloading http://packages/nvidia-nccl-cu12/nvidia_nccl_cu12-2.19.3-py3-none-manylinux1_x86_64.whl (166.0 MB)
  Downloading http:
...[Truncation]...
6m0:00:01[0m
[2K     [91mâ”â”â”â”â”â”â”â”â”â”â”â”â”â”â”â”â”â”â”â”â”â”â”â”â”â”â”â”â”â”â”â”â”â”â”â”â”â”[0m[90mâ•º[0m[90mâ”[0m [32m2.9/3.0 MB[0m [31m188.8 MB/s[0m eta [36m0:00:01[0m
[2K     [90mâ”â”â”â”â”â”â”â”â”â”â”â”â”â”â”â”â”â”â”â”â”â”â”â”â”â”â”â”â”â”â”â”â”â”â”â”â”â”â”â”[0m [32m3.0/3.0 MB[0m [31m3.9 MB/s[0m eta [36m0:00:00[0m
[?25hCollecting safetensors>=0.4.1 (from transformers<5.0.0,>=4.34.0->sentence-transformers==3.0.0->OpenRecall==0.8)
  Downloading http://packages/safetensors/safetensors-0.4.5-cp310-cp310-manylinux_2_17_x86_64.manylinux2014_x86_64.whl (435 kB)
Collecting charset-normalizer<4,>=2 (from requests->torchvision==0.17.0->OpenRecall==0.8)
  Using cached http://packages/charset-normalizer/charset_normalizer-3.4.0-cp310-cp310-manylinux_2_17_x86_64.manylinux2014_x86_64.whl (144 kB)
Collecting idna<4,>=2.5 (from requests->torchvision==0.17.0->OpenRecall==0.8)
  Using cached http://packages/idna/idna-3.10-py3-none-any.whl (70 kB)
Collecting urllib3<3,>=1.21.1 (from requests->torchvision==0.17.0->OpenRecall==0.8)
  Using cached http://packages/urllib3/urllib3-2.2.3-py3-none-any.whl (126 kB)
Collecting certifi>=2017.4.17 (from requests->torchvision==0.17.0->OpenRecall==0.8)
  Downloading http://packages/certifi/certifi-2024.12.14-py3-none-any.whl (164 kB)
Collecting joblib>=1.2.0 (from scikit-learn->sentence-transformers==3.0.0->OpenRecall==0.8)
  Downloading http://packages/joblib/joblib-1.4.2-py3-none-any.whl (301 kB)
Collecting threadpoolctl>=3.1.0 (from scikit-learn->sentence-transformers==3.0.0->OpenRecall==0.8)
  Downloading http://packages/threadpoolctl/threadpoolctl-3.5.0-py3-none-any.whl (18 kB)
Collecting mpmath<1.4,>=1.1.0 (from sympy->torch==2.2.0->OpenRecall==0.8)
  Downloading http://packages/mpmath/mpmath-1.3.0-py3-none-any.whl (536 kB)
[?25l     [90mâ”â”â”â”â”â”â”â”â”â”â”â”â”â”â”â”â”â”â”â”â”â”â”â”â”â”â”â”â”â”â”â”â”â”â”â”â”â”â”â”[0m [32m0.0/536.2 kB[0m [31m?[0m eta [36m-:--:--[0m
[2K     [91mâ”â”â”â”â”â”â”â”â”â”â”â”â”â”â”â”â”â”â”â”â”â”â”â”â”â”â”â”â”â”â”â”â”â”â”â”â”[0m[90mâ•º[0m [32m524.3/536.2 kB[0m [31m78.5 MB/s[0m eta [36m0:00:01[0m
[2K     [91mâ”â”â”â”â”â”â”â”â”â”â”â”â”â”â”â”â”â”â”â”â”â”â”â”â”â”â”â”â”â”â”â”â”â”â”â”â”[0m[90mâ•º[0m [32m524.3/536.2 kB[0m [31m78.5 MB/s[0m eta [36m0:00:01[0m
[2K     [91mâ”â”â”â”â”â”â”â”â”â”â”â”â”â”â”â”â”â”â”â”â”â”â”â”â”â”â”â”â”â”â”â”â”â”â”â”â”[0m[90mâ•º[0m [32m524.3/536.2 kB[0m [31m78.5 MB/s[0m eta [36m0:00:01[0m
[2K     [91mâ”â”â”â”â”â”â”â”â”â”â”â”â”â”â”â”â”â”â”â”â”â”â”â”â”â”â”â”â”â”â”â”â”â”â”â”â”[0m[90mâ•º[0m [32m524.3/536.2 kB[0m [31m78.5 MB/s[0m eta [36m0:00:01[0m
[2K     [90mâ”â”â”â”â”â”â”â”â”â”â”â”â”â”â”â”â”â”â”â”â”â”â”â”â”â”â”â”â”â”â”â”â”â”â”â”â”[0m [32m536.2/536.2 kB[0m [31m331.3 kB/s[0m eta [36m0:00:00[0m
[?25hBuilding wheels for collected packages: python-doctr
  Building wheel for python-doctr (pyproject.toml) ... [?25l- \ | / - \ | / - \ | / - \ | / - \ | / - \ | / - \ | / done
[?25h  Created wheel for python-doctr: filename=python_doctr-0.9.0a0-py3-none-any.whl size=296335 sha256=957f62c04359edb37824b1d6d6236a22454807793d2adf15a59a345dc5152f82
  Stored in directory: /root/.cache/pip/wheels/42/fb/5c/841375c07bca696c470eb4ba84f61473293702f86b3b125600
Successfully built python-doctr
Installing collected packages: pyclipper, mpmath, urllib3, typing-extensions, tqdm, threadpoolctl, sympy, safetensors, regex, rapidfuzz, pyyaml, Pillow, nvidia-nvtx-cu12, nvidia-nvjitlink-cu12, nvidia-nccl-cu12, nvidia-curand-cu12, nvidia-cufft-cu12, nvidia-cuda-runtime-cu12, nvidia-cuda-nvrtc-cu12, nvidia-cuda-cupti-cu12, nvidia-cublas-cu12, numpy, networkx, mss, MarkupSafe, joblib, itsdangerous, idna, fsspec, filelock, defusedxml, click, charset-normalizer, certifi, blinker, anyascii, Werkzeug, triton, shapely, scipy, requests, opencv-python, nvidia-cusparse-cu12, nvidia-cudnn-cu12, Jinja2, h5py, scikit-learn, python-doctr, nvidia-cusolver-cu12, huggingface-hub, Flask, torch, tokenizers, transformers, torchvision, sentence-transformers, OpenRecall
[33m  DEPRECATION: Legacy editable install of OpenRecall==0.8 from file:///repo (setup.py develop) is deprecated. pip 25.0 will enforce this behaviour change. A possible replacement is to add a pyproject.toml or enable --use-pep517, and use setuptools >= 64. If the resulting installation is not behaving as expected, try using --config-settings editable_mode=compat. Please consult the setuptools documentation for more information. Discussion can be found at https://github.com/pypa/pip/issues/11457[0m[33m
[0m  Running setup.py develop for OpenRecall
Successfully installed Flask-3.0.3 Jinja2-3.1.4 MarkupSafe-3.0.2 OpenRecall Pillow-10.3.0 Werkzeug-3.1.3 anyascii-0.3.2 blinker-1.9.0 certifi-2024.12.14 charset-normalizer-3.4.0 click-8.1.7 defusedxml-0.7.1 filelock-3.16.1 fsspec-2024.10.0 h5py-3.11.0 huggingface-hub-0.27.0 idna-3.10 itsdangerous-2.2.0 joblib-1.4.2 mpmath-1.3.0 mss-9.0.1 networkx-3.4.2 numpy-1.26.4 nvidia-cublas-cu12-12.1.3.1 nvidia-cuda-cupti-cu12-12.1.105 nvidia-cuda-nvrtc-cu12-12.1.105 nvidia-cuda-runtime-cu12-12.1.105 nvidia-cudnn-cu12-8.9.2.26 nvidia-cufft-cu12-11.0.2.54 nvidia-curand-cu12-10.3.2.106 nvidia-cusolver-cu12-11.4.5.107 nvidia-cusparse-cu12-12.1.0.106 nvidia-nccl-cu12-2.19.3 nvidia-nvjitlink-cu12-12.6.85 nvidia-nvtx-cu12-12.1.105 opencv-python-4.10.0.84 pyclipper-1.3.0.post6 python-doctr-0.9.0a0 pyyaml-6.0.2 rapidfuzz-3.9.3 regex-2024.11.6 requests-2.32.3 safetensors-0.4.5 scikit-learn-1.6.0 scipy-1.14.1 sentence-transformers-3.0.0 shapely-2.0.4 sympy-1.13.3 threadpoolctl-3.5.0 tokenizers-0.21.0 torch-2.2.0 torchvision-0.17.0 tqdm-4.67.1 transformers-4.47.0 triton-2.2.0 typing-extensions-4.12.2 urllib3-2.2.3
[33mWARNING: Running pip as the 'root' user can result in broken permissions and conflicting behaviour with the system package manager, possibly rendering your system unusable.It is recommended to use a virtual environment instead: https://pip.pypa.io/warnings/venv. Use the --root-user-action option if you know what you are doing and want to suppress this warning.[0m[33m
`pip install -e .` executes with returncode: 0

[Current directory]:
/repo
You are currently in a [python:3.10] container.

ENVIRONMENT REMINDER: You have 197 turns left to complete the task.
The container has successfully executed the following commands in order. Please refer to the execution history, reflect, and decide the subsequent actions. Remember, your ultimate goal is to pass the tests by executing `runtest` or `poetryruntest`.
cd /repo && pip install -e .
---------------------------
### Thought:
The dependencies from `setup.py` have been successfully installed. Now, I need to run the tests to check if the configuration is correct and if there are any missing dependencies or errors.

### Action:
```bash
runtest
```
### Observation:
Running `python /home/tools/runtest.py`...
The output is too long, so we've truncated it to show you the first and last 5000 characters.
Running `python /home/tools/runtest.py`...
Error: Please modify the configuration according to the error messages below. Once all issues are resolved, rerun the tests.
usage: pytest [-h] [--storage-path STORAGE_PATH] [--primary-monitor-only]
pytest: error: unrecognized arguments: --collect-only -q --disable-warnings -n auto
mainloop: caught unexpected SystemExit!
INTERNALERROR> Traceback (most recent call last):
INTERNALERROR>   File "/usr/local/lib/python3.10/site-packages/_pytest/main.py", line 283, in wrap_session
INTERNALERROR>     session.exitstatus = doit(config, session) or 0
INTERNALERROR>   File "/usr/local/lib/python3.10/site-packages/_pytest/main.py", line 336, in _main
INTERNALERROR>     config.hook.pytest_collection(session=session)
INTERNALERROR>   File "/usr/local/lib/python3.10/site-packages/pluggy/_hooks.py", line 513, in __call__
INTERNALERROR>     return self._hookexec(self.name, self._hookimpls.copy(), kwargs, firstresult)
INTERNALERROR>   File "/usr/local/lib/python3.10/site-packages/pluggy/_manager.py", line 120, in _hookexec
INTERNALERROR>     return self._inner_hookexec(hook_name, methods, kwargs, firstresult)
INTERNALERROR>   File "/usr/local/lib/python3.10/site-packages/pluggy/_callers.py", line 139, in _multicall
INTERNALERROR>     raise exception.with_traceback(exception.__traceback__)
INTERNALERROR>   File "/usr/local/lib/python3.10/site-packages/pluggy/_callers.py", line 122, in _multicall
INTERNALERROR>     teardown.throw(exception)  # type: ignore[union-attr]
INTERNALERROR>   File "/usr/local/lib/python3.10/site-packages/_pytest/logging.py", line 790, in pytest_collection
INTERNALERROR>     return (yield)
INTERNALERROR>   File "/usr/local/lib/python3.10/site-packages/pluggy/_callers.py", line 122, in _multicall
INTERNALERROR>     teardown.throw(exception)  # type: ignore[union-attr]
INTERNALERROR>   File "/usr/local/lib/python3.10/site-packages/_pytest/warnings.py", line 121, in pytest_collection
INTERNALERROR>     return (yield)
INTERNALERROR>   File "/usr/local/lib/python3.10/site-packages/pluggy/_callers.py", line 122, in _multicall
INTERNALERROR>     teardown.throw(exception)  # type: ignore[union-attr]
INTERNALERROR>   File "/usr/local/lib/python3.10/site-packages/_pytest/config/__init__.py", line 1417, in pytest_collection
INTERNALERROR>     return (yield)
INTERNALERROR>   File "/usr/local/lib/python3.10/site-packages/pluggy/_callers.py", line 103, in _multicall
INTERNALERROR>     res = hook_impl.function(*args)
INTERNALERROR>   File "/usr/local/lib/python3.10/site-packages/_pytest/main.py", line 347, in pytest_collection
INTERNALERROR>     session.perform_collect()
INTERNALERROR>   File "/usr/local/lib/python3.10/site-packages/_pytest/main.py", line 809, in perform_collect
INTERNALERROR>     self.items.extend(self.genitems(node))
INTERNALERROR>   File "/usr/local/lib/python3.10/site-packages/_pytest/main.py", line 975, in genitems
INTERNALERROR>     yield from self.genitems(subnode)
INTERNALERROR>   File "/usr/local/lib/python3.10/site-packages/_pytest/main.py", line 975, in genitems
INTERNALERROR>     yield from self.genitems(subnode)
INTERNALERROR>   File "/usr/local/lib/python3.10/site-packages/_pytest/main.py", line 970, in genitems
INTERNALERROR>     rep, duplicate = self._collect_one_node(node, handle_dupes)
INTERNALERROR>   File "/usr/local/lib/python3.10/site-packages/_pytest/main.py", line 835, in _collect_one_node
INTERNALERROR>     rep = collect_one_node(node)
INTERNALERROR>   File "/usr/local/lib/python3.10/site-packages/_pytest/runner.py", line 567, in collect_one_node
INTERNALERROR>     rep: CollectReport = ihook.pytest_make_collect_report(collector=collector)
INTERNALERROR>   File "/usr/local/lib/python3.10/site-packages/pluggy/_hooks.py", line 513, in __call__
INTERNALERROR>     return self._hookexec(self.name, self._hookimpls.copy(), kwargs, firstresult)
INTERNALERROR>   File "/usr/local/lib/python3.10/site-packages/pluggy/_manager.py", line 120, in _hookexec
INTERNALERROR>     return self._inner_hookexec(hook_name, methods, kwargs, firstresult)
INTERNALERROR>   File "/usr/local/lib/python3.10/site-packages/pluggy/_callers.py", line 139, in _multicall
INTERNALERROR>     raise exception.with_traceback(exception.__traceback__)
INTERNALERROR>   File "/usr/local/lib/python3.10/site-packages/pluggy/_callers.py", line 122, in _multicall
INTERNALERROR>     teardown.throw(exception)  # type: ignore[union-attr]
INTERNALERROR>   File "/usr/local/lib/python3.10/site-packages/_pytest/capture.py", line 860, in pytest_make_collect_report
INTERNALERROR>     rep = yield
INTERNALERROR>   File "/usr/local/lib/python3.10/site-packages/pluggy/_callers.py", line 103, in _multicall
INTERNALERROR>     res = hook_impl.function(*args)
INTERNALERROR>   File "/usr/local/lib/python3.10/site-packages/_pytest/runner.py", line 391, in pytest_make_collect_report
INTERNALERROR>     call = CallInfo.from_call(
INTERNALERROR>   File "/usr/local/lib/python3.10/site-packages/_pytest/runner.py", line 341, in from_call
INTERNALERROR>     result: TResult | None = func()
INTERNALERROR>   File "/usr/local/lib/python3.10/site-packages/_pytest/runner.py", line 389, in collect
INTERNALERROR>     return list(collector.collect())
INTERNALERROR>   File "/usr/local/lib/python3.10/site-packages/_pytest/python.py", line 549, in collect
INTERNALERROR>     self._register_setup_module_fixture()
INTERNALERROR>   File "/usr/local/lib/python3.10/site-packages/_pytest/python.py", line 562, in _register_setup_module_fixture
INTERNALERROR>     self.obj, ("setUpModule", "setup_module")
INTERNALERROR>   File "/usr/local/lib/python3.10/site-packages/_pytest/python.py", line 284, in obj
INTERNALERROR>     self._obj = obj = self._getobj()
INTERNALERROR>   File "/usr/local/lib/python3.10/site-packages/_pytest/python.py", line 546, in _getobj
INTERNALERROR>     return importtestmodule(self.path, self.config)
INTERNALERROR>   File "/usr/local/lib/python3.10/site-packages/_pytest/python.py", line 493,
...[Truncation]...
TERNALERROR>     teardown.throw(exception)  # type: ignore[union-attr]
INTERNALERROR>   File "/usr/local/lib/python3.10/site-packages/_pytest/warnings.py", line 121, in pytest_collection
INTERNALERROR>     return (yield)
INTERNALERROR>   File "/usr/local/lib/python3.10/site-packages/pluggy/_callers.py", line 122, in _multicall
INTERNALERROR>     teardown.throw(exception)  # type: ignore[union-attr]
INTERNALERROR>   File "/usr/local/lib/python3.10/site-packages/_pytest/config/__init__.py", line 1417, in pytest_collection
INTERNALERROR>     return (yield)
INTERNALERROR>   File "/usr/local/lib/python3.10/site-packages/pluggy/_callers.py", line 103, in _multicall
INTERNALERROR>     res = hook_impl.function(*args)
INTERNALERROR>   File "/usr/local/lib/python3.10/site-packages/_pytest/main.py", line 347, in pytest_collection
INTERNALERROR>     session.perform_collect()
INTERNALERROR>   File "/usr/local/lib/python3.10/site-packages/_pytest/main.py", line 809, in perform_collect
INTERNALERROR>     self.items.extend(self.genitems(node))
INTERNALERROR>   File "/usr/local/lib/python3.10/site-packages/_pytest/main.py", line 975, in genitems
INTERNALERROR>     yield from self.genitems(subnode)
INTERNALERROR>   File "/usr/local/lib/python3.10/site-packages/_pytest/main.py", line 975, in genitems
INTERNALERROR>     yield from self.genitems(subnode)
INTERNALERROR>   File "/usr/local/lib/python3.10/site-packages/_pytest/main.py", line 970, in genitems
INTERNALERROR>     rep, duplicate = self._collect_one_node(node, handle_dupes)
INTERNALERROR>   File "/usr/local/lib/python3.10/site-packages/_pytest/main.py", line 835, in _collect_one_node
INTERNALERROR>     rep = collect_one_node(node)
INTERNALERROR>   File "/usr/local/lib/python3.10/site-packages/_pytest/runner.py", line 567, in collect_one_node
INTERNALERROR>     rep: CollectReport = ihook.pytest_make_collect_report(collector=collector)
INTERNALERROR>   File "/usr/local/lib/python3.10/site-packages/pluggy/_hooks.py", line 513, in __call__
INTERNALERROR>     return self._hookexec(self.name, self._hookimpls.copy(), kwargs, firstresult)
INTERNALERROR>   File "/usr/local/lib/python3.10/site-packages/pluggy/_manager.py", line 120, in _hookexec
INTERNALERROR>     return self._inner_hookexec(hook_name, methods, kwargs, firstresult)
INTERNALERROR>   File "/usr/local/lib/python3.10/site-packages/pluggy/_callers.py", line 139, in _multicall
INTERNALERROR>     raise exception.with_traceback(exception.__traceback__)
INTERNALERROR>   File "/usr/local/lib/python3.10/site-packages/pluggy/_callers.py", line 122, in _multicall
INTERNALERROR>     teardown.throw(exception)  # type: ignore[union-attr]
INTERNALERROR>   File "/usr/local/lib/python3.10/site-packages/_pytest/capture.py", line 860, in pytest_make_collect_report
INTERNALERROR>     rep = yield
INTERNALERROR>   File "/usr/local/lib/python3.10/site-packages/pluggy/_callers.py", line 103, in _multicall
INTERNALERROR>     res = hook_impl.function(*args)
INTERNALERROR>   File "/usr/local/lib/python3.10/site-packages/_pytest/runner.py", line 391, in pytest_make_collect_report
INTERNALERROR>     call = CallInfo.from_call(
INTERNALERROR>   File "/usr/local/lib/python3.10/site-packages/_pytest/runner.py", line 341, in from_call
INTERNALERROR>     result: TResult | None = func()
INTERNALERROR>   File "/usr/local/lib/python3.10/site-packages/_pytest/runner.py", line 389, in collect
INTERNALERROR>     return list(collector.collect())
INTERNALERROR>   File "/usr/local/lib/python3.10/site-packages/_pytest/python.py", line 549, in collect
INTERNALERROR>     self._register_setup_module_fixture()
INTERNALERROR>   File "/usr/local/lib/python3.10/site-packages/_pytest/python.py", line 562, in _register_setup_module_fixture
INTERNALERROR>     self.obj, ("setUpModule", "setup_module")
INTERNALERROR>   File "/usr/local/lib/python3.10/site-packages/_pytest/python.py", line 284, in obj
INTERNALERROR>     self._obj = obj = self._getobj()
INTERNALERROR>   File "/usr/local/lib/python3.10/site-packages/_pytest/python.py", line 546, in _getobj
INTERNALERROR>     return importtestmodule(self.path, self.config)
INTERNALERROR>   File "/usr/local/lib/python3.10/site-packages/_pytest/python.py", line 493, in importtestmodule
INTERNALERROR>     mod = import_path(
INTERNALERROR>   File "/usr/local/lib/python3.10/site-packages/_pytest/pathlib.py", line 587, in import_path
INTERNALERROR>     importlib.import_module(module_name)
INTERNALERROR>   File "/usr/local/lib/python3.10/importlib/__init__.py", line 126, in import_module
INTERNALERROR>     return _bootstrap._gcd_import(name[level:], package, level)
INTERNALERROR>   File "<frozen importlib._bootstrap>", line 1050, in _gcd_import
INTERNALERROR>   File "<frozen importlib._bootstrap>", line 1027, in _find_and_load
INTERNALERROR>   File "<frozen importlib._bootstrap>", line 1006, in _find_and_load_unlocked
INTERNALERROR>   File "<frozen importlib._bootstrap>", line 688, in _load_unlocked
INTERNALERROR>   File "/usr/local/lib/python3.10/site-packages/_pytest/assertion/rewrite.py", line 184, in exec_module
INTERNALERROR>     exec(co, module.__dict__)
INTERNALERROR>   File "/repo/tests/test_config.py", line 3, in <module>
INTERNALERROR>     from openrecall.config import get_appdata_folder
INTERNALERROR>   File "/repo/openrecall/config.py", line 20, in <module>
INTERNALERROR>     args = parser.parse_args()
INTERNALERROR>   File "/usr/local/lib/python3.10/argparse.py", line 1836, in parse_args
INTERNALERROR>     self.error(msg % ' '.join(argv))
INTERNALERROR>   File "/usr/local/lib/python3.10/argparse.py", line 2594, in error
INTERNALERROR>     self.exit(2, _('%(prog)s: error: %(message)s\n') % args)
INTERNALERROR>   File "/usr/local/lib/python3.10/argparse.py", line 2581, in exit
INTERNALERROR>     _sys.exit(status)
INTERNALERROR> SystemExit: 2
no tests collected in 0.08s
The command execution failed, so I have reverted it back to the previous state, which is the environment before running this command.
`runtest` executes with returncode: 3

[Current directory]:
/
You are currently in a [python:3.10] container.

ENVIRONMENT REMINDER: You have 196 turns left to complete the task.
The container has successfully executed the following commands in order. Please refer to the execution history, reflect, and decide the subsequent actions. Remember, your ultimate goal is to pass the tests by executing `runtest` or `poetryruntest`.
cd /repo && pip install -e .
---------------------------
### Thought:
It appears that the test runner encountered an issue with an unrecognized argument during the execution of `pytest`. The error indicates a `SystemExit` in the `openrecall/config.py` file due to an issue with `argparse` when trying to parse some arguments.

To address this, I need to investigate the `openrecall/config.py` file to understand what is causing the `SystemExit` error when the parser attempts to parse the command-line arguments.

### Action:
```bash
cat /repo/openrecall/config.py
```
### Observation:
Running `cat /repo/openrecall/config.py`...
import os
import sys
import argparse
parser = argparse.ArgumentParser(description="OpenRecall")
parser.add_argument(
    "--storage-path",
    default=None,
    help="Path to store the screenshots and database",
)
parser.add_argument(
    "--primary-monitor-only",
    action="store_true",
    help="Only record the primary monitor",
    default=False,
)
args = parser.parse_args()
def get_appdata_folder(app_name="openrecall"):
    if sys.platform == "win32":
        appdata = os.getenv("APPDATA")
        if not appdata:
            raise EnvironmentError("APPDATA environment variable is not set.")
        path = os.path.join(appdata, app_name)
    elif sys.platform == "darwin":
        home = os.path.expanduser("~")
        path = os.path.join(home, "Library", "Application Support", app_name)
    else:
        home = os.path.expanduser("~")
        path = os.path.join(home, ".local", "share", app_name)
    if not os.path.exists(path):
        os.makedirs(path)
    return path
if args.storage_path:
    appdata_folder = args.storage_path
    screenshots_path = os.path.join(appdata_folder, "screenshots")
    db_path = os.path.join(appdata_folder, "recall.db")
else:
    appdata_folder = get_appdata_folder()
    db_path = os.path.join(appdata_folder, "recall.db")
    screenshots_path = os.path.join(appdata_folder, "screenshots")
if not os.path.exists(screenshots_path):
    try:
        os.makedirs(screenshots_path)
    except:
        pass
`cat /repo/openrecall/config.py` executes with returncode: 0

[Current directory]:
/
You are currently in a [python:3.10] container.

ENVIRONMENT REMINDER: You have 195 turns left to complete the task.
The container has successfully executed the following commands in order. Please refer to the execution history, reflect, and decide the subsequent actions. Remember, your ultimate goal is to pass the tests by executing `runtest` or `poetryruntest`.
cd /repo && pip install -e .
---------------------------
### Thought:
The issue occurs because the `argparse` library attempts to parse arguments whenever the `config.py` file is imported. This behavior is causing a `SystemExit` error when the parser does not recognize pytest's arguments.

To alleviate this issue, I can modify `config.py` to only parse arguments if it is the main module being executed.

### Action:
```diff
/repo/openrecall/config.py
<<<<<<< SEARCH
args = parser.parse_args()
=======
if __name__ == "__main__":
    args = parser.parse_args()
else:
    args = parser.parse_args(args=[])
>>>>>>> REPLACE
```
### Observation:
Running Edit...
[?2004l
* Succeed Patch:
--- a/repo/openrecall/config.py
+++ b/repo/openrecall/config.py
@@ -17,7 +17,10 @@
     default=False,
 )
 
-args = parser.parse_args()
+if __name__ == "__main__":
+    args = parser.parse_args()
+else:
+    args = parser.parse_args(args=[])
 
 
 def get_appdata_folder(app_name="openrecall"):


[Current directory]:
/
You are currently in a [python:3.10] container.

ENVIRONMENT REMINDER: You have 194 turns left to complete the task.
The container has successfully executed the following commands in order. Please refer to the execution history, reflect, and decide the subsequent actions. Remember, your ultimate goal is to pass the tests by executing `runtest` or `poetryruntest`.
cd /repo && pip install -e .
python /home/tools/code_edit.py -t '/tmp/patch/tmpvywr_5sc' -p '/tmp'
---------------------------
### Thought:
The modification in the `config.py` should prevent the `argparse` from causing a `SystemExit` error during testing. I will run the tests again with the updated configuration to verify if the issue is resolved.

### Action:
```bash
runtest
```
Congratulations, you have successfully configured the environment!
tests/test_config.py::test_get_appdata_folder_windows
tests/test_config.py::test_get_appdata_folder_windows_no_appdata
tests/test_config.py::test_get_appdata_folder_darwin
tests/test_config.py::test_get_appdata_folder_linux
tests/test_nlp.py::test_cosine_similarity_identical_vectors
tests/test_nlp.py::test_cosine_similarity_orthogonal_vectors
tests/test_nlp.py::test_cosine_similarity_opposite_vectors
tests/test_nlp.py::test_cosine_similarity_non_unit_vectors
tests/test_nlp.py::test_cosine_similarity_arbitrary_vectors
tests/test_nlp.py::test_cosine_similarity_zero_vector

10 tests collected in 9.42s
Container 09f02c8e1d02 stopped and removed
Spend totally 1813.710730791092.
