huggingface/lerobot
4c41f6fcc624e1e495daf1d319034148df3f6793
Container tender_cerf 9b2e762b7a31 started with image build_env_python:3.10
************** configuration **************
You are an expert skilled in environment configuration. You can refer to various files and structures in the repository such as `requirements.txt`, `setup.py`, etc., and use dependency prediction tools like pipreqs to install and download the corresponding third-party libraries in a given Docker image. This ensures that the repository can be successfully configured and able to correctly execute the specified tests.
* Note that this repository originally did not have a Dockerfile, or the existing Dockerfile has been deleted, and do not attempt to use the information from the original Dockerfile of the repository.*

* We have already configured poetry, pipdeptree, and pytest for you; no additional configuration is needed. However, you cannot directly invoke pytest; you need to run tests using `runtest` or `poetryruntest`.

WORK PROCESS:
1. **Read Directory Structure**: Check the folder structure in the root directory, focusing on the configuration files related to setting up the environment.
2. **Determine Python Version**: Decide if you need to switch the Python version in the Docker container. The current version is python:3.10. If you want to switch the Python version, please run the `change_python_version python_version` command, where python_version is the Python version number (for example, `change_python_version 3.9`), and you do not need to add quotation marks. If you do not need to make any changes, please ignore this step. You can also run these commands at any point later during the environment configuration to switch the Python version.
    *Note*: You can only switch the Python version within the container; switching to other images is not allowed.
3. **Check the configuration files in the root directory**: Read configuration files related to setting up the environment, such as: Information in the `.github` folder, `setup.py`, `setup.cfg`, `Pipfile` and `Pipfile.lock`, `environment.yml`, `poetry.lock` and `pyproject.toml`, etc.
3.5 **Try testing (optional)**: Using `runtest` command to check if it is possible to pass the tests directly without any additional configuration.
4. **Review Additional Files**: Consider other potential files and structures for environment configuration.
5. **Automatically install according to the installation script**: Based on the observed structure in the root directory, determine the necessary installation commands:
    a. Poetry Detected: If a poetry.lock file is present in the root directory, Install Poetry using the relevant method for your system. Execute the command `poetry install` to install the dependencies specified in the lock file.
    b. Setup.py Detected: If a setup.py file exists in the root directory, run the command `pip install -e .` to install the package in editable mode along with its dependencies.
    c. Other Descriptor Files: For other specific files that indicate dependency management, assess and determine the appropriate method to install the required dependencies.
    *Note*: We only consider automatically installation script in the repository. Do not consider `requirements.txt` directly in this step!
6. **Collecting Third-Party Library Download List**: In this step, you need to locate all files in the root directory that list dependencies line by line, such as `requirements.txt`, `requirements_dev.txt`, etc. Use a command like `queue_file /repo/requirements.txt` to submit them to the download list. I will handle the unified downloading later.
    If you have determined the path to the requirements file, please enter `waitinglist addfile` followed by the path to the requirements file. For example, `waitinglist addfile /repo/requirements.txt`.
    *Note*: The files you collect must follow the standard requirements.txt format. Do not collect files in any other formats. For instance, if you are unsure about the format of `/repo/requirements_test.txt`, you can use the command `cat /repo/requirements_test.txt` to read the file contents and ensure the file fully meets the requirements before submitting it. If no such dependency-listing files are found, you may skip this step.
    *Note*: In a standard requirements.txt file, each valid entry on a line consists of package_name followed by version_constraints (if there are no version_constraints, the latest version is implied). For example: "numpy==2.1", "numpy>2.0,<3.0", "numpy" (implies the latest version).
    *Note*: We will not collect items that are improperly formatted.
7. **Using pipreqs to Obtain Additional Lists**: In this step, you should use `runpipreqs` to analyze the third-party libraries that need to be installed based on the findings of the previous step. Simply use the command `get pipreqs`, and it will generate a `requirements_pipreqs.txt` file in the project root directory (/repo) and show you the warnings and errors.
    *Note*: If you have already collected some requirements.txt files in Step 5, you do not need to execute `runpipreqs` in this step. Avoid collecting too many dependencies repeatedly. You can directly execute `download` after handling conflicts and formatting errors. If errors occur in subsequent tests, you can then run `runpipreqs`.
8. **Handling pipreqs Warnings**: For warnings that appear in pipreqs, such as not being able to find a module on PyPI, it may be due to a discrepancy between the download name and the import name of a third-party library. For example, `import cv2` requires downloading not `cv2` but `opencv-python`. For each warning, you need to address the discrepancy by ensuring the correct package names are used for the downloads.
    You should review "pipreqs_output.txt" (used to store output during the pipreqs dependency generation process) and "requirements_pipreqs.txt" (the final generated dependency results) to check for any inconsistencies. Use ```diff and ``` to make adjustments to "requirements_pipreqs.txt" as needed.
    *Note*: If you did not execute runpipreqs, then you do not need to perform this step.
9. **Update lists**: Add the "requirements_pipreqs.txt" file generated by pipreqs and corrected by you (or maybe not) to the waiting list using the command `waitinglist addfile /repo/requirements_pipreqs.txt`.
    *Note*: If you did not execute runpipreqs, then you do not need to perform this step.
10. **Resolve version_constraint conflicts**: Process the elements in conflict_list. Based on the information in conflict_list, resolve any existing version_constraints conflicts. Only after these have been resolved can you proceed with the download.
11. **Unified download execution**: After analyzing the original requirements.txt of the repository and the "requirements.txt" generated by pipreqs, and resolving any conflict issues, you need to enter download to execute the unified `download`. This will download each element currently in the waiting_list one by one, and eventually, the download status will be returned.
12. **Error Handling**: After the download is complete, you need to handle the error messages based on the information provided. We will return the list of third-party libraries and their dependencies in your current environment. When resolving these errors, you need to ensure that these dependencies are properly managed. For example, you cannot directly uninstall a package that is required by another package, nor can you install a version that does not meet the constraints.
    For instance, if package A depends on package B with a requirement of "B>=1.0", you cannot simply run pip uninstall B as this would cause package A to lack its dependency. Similarly, you cannot run `pip install B==0.5` because this would not satisfy the requirement of "B>=1.0".
    You can make use of the following tools:
    a.(Strongly recommend) `pipdeptree`: Use pipdeptree to see the structure of the python third-party library downloaded.
    b.(Strongly recommend) `pipdeptree -p <package_name>`: Use pipdeptree -p followed by package_name can display the dependency information of a specific third-party library.
    c.(Strongly recommend) `pip index versions <package_name> --python-version <python_version>`: This command is used to query the versions of a specific package for a particular Python version, including pre-release versions. For example, `pip index versions requests --python-version 3.10` can be used to find the versions of requests that are available for Python 3.10.
    d. `pip install -q`: Use this command to install a specific version of a package with minimal output. This greatly reduces the verbosity, showing only crucial information and final status. It is recommended to specify the version with == to avoid conflicts with the existing environment. For example, use pip install -q requests==2.25.1 to ensure a quiet and specific version installation.
    e. `pip install -e`: Use this command to install a package in "editable" mode. This is particularly useful during development when you want to make changes to the source code and have them immediately reflected in the installed package without needing to reinstall it. For example, pip install -e . will install the package located in the current directory in editable mode. Another common use case is to install a package from a local path or a VCS repository while keeping it editable. For example, pip install -e git+https://github.com/username/repo.git#egg=package_name.
    f. `pip uninstall`: Use this command to uninstall a third-party library. This should be used cautiously as it may cause dependency issues. If you need to change the version of a package, it is better to use `pip install [package_name]==[version]` instead.
    g. `apt-get update -qq && apt-get install [package]=[version] -y -qq`: Use this command to install system packages if needed, remember to use `-y`. Use `-qq` to minimize the output if there is nothing wrong.
    h. `export <variable>=<value>`: Use this command to set system environment variables.
    i. You can use the `--help` parameter to view detailed usage instructions for various tools, such as `pipdeptree --help` and `pip install --help`, etc.
    j. You may also use other commands that are not listed here, including built-in Bash commands and other system commands.
    *Note*: Always consider the potential impact of each command on the system. Aim to achieve the best results with minimal changes.
    *Note*: For modules not found in the error message, first check if the corresponding module is available in the project folder before proceeding with external downloads. For example, if you encounter an error stating ModuleNotFoundError: No module named 'my_module', check if there is a file named my_module.py in your project directory. If it is not present, then you can look for the module externally and download it if necessary.
    *Note*: Do not use external download tools like `git clone` or `wget` to download a large number of files directly in the /repo folder (or its subdirectories) to avoid causing significant changes to the original repository.
    *Note*: Flexibility: You do not need to complete all configurations in one go. If you are unsure whether the configuration is approximately complete, you can use the `runtest` or `poetryruntest`(When you configured in poetry environment) command. I will check the configured environment and return any error messages. Based on the error messages, you can make further adjustments.
    *Note*: In special cases, if you feel that the Docker environment has become too messy to achieve your goal, you can use `clear_configuration` command to restore it to the initial Python 3.10 environment or `change_python_version` and start over.
**Most Important!** You can execute `runtest` or `poetryruntest` anywhere when you decide to test the environment. You do not need to complete all the previous steps; you can directly run `runtest` or `poetryruntest` to check if the configuration is complete and get feedback from the error messages. Be flexible. Our goal is to pass the runtest or poetryruntest checks.
If you encounter import errors such as ModuleNotFoundError or ImportError, you can consider two solutions. One solution is to use external tools like pip or apt-get to download these dependencies. The other solution is to check for local dependencies in the repository; if local dependencies are available, you can use `export PYTHONPATH=` statements to set environment variables (preferably), or modify the __init__.py file to resolve the issue.
Please note that when manually using pip, apt-get, poetry, or other tools to download third-party libraries, try to use the `-q` (quiet) mode if available to reduce intermediate progress bar outputs. Additionally, we will help remove more obvious progress bar information to minimize interference with the analysis.
If you need to install packages using pip, please consider adding them to the waiting list first, and then use the `download` command to proceed with the installation.
In each round of the conversation, we will inform you of the commands that have been correctly executed and have changed the state of the current Docker container. Please reflect on each round's Observation in relation to the current state of the Docker container and decide the subsequent Action.
If you need to run two or more commands, please strictly follow the order by enclosing each command in ONE ```bash and ``` blocks connected by "&&" with ONE line! It is not recommended to use backslashes (\) for line continuation. If you need to execute commands that span multiple lines, it is advisable to write them into a .sh file and then run the executable file. For example, if you want to enter the /repo directory and execute `poetry install`, you should input:
```bash
cd /repo && poetry install
```

It is not recommended to directly input:
```bash
cd /repo
```
```bash
poetry install
```

Nor is it recommended to input:
```bash
cd /repo \
poetry install
```

We also strongly request that you try to write the instructions on the same line as much as possible, and do not break them into multiple lines, as this may cause parsing errors. Even if the line of instructions contains a lot of && connections, do not arbitrarily break it into multiple lines.

We will automatically maintain two lists in the background to facilitate the installation and download of third-party libraries. These are:
1. waiting list: Used to store third-party libraries waiting to be downloaded, including both pip and apt libraries. You can use `waitinglist show` to show all items in it.
2. conflict list: Used to store elements with the same name as those in the waiting list but with inconsistent version constraints. You can use `conflictlist show` to show all items in it.
*Note*: you only need to follow the prompts to complete operations on these lists during the running process and can only manipulate them using the provided commands.
*Note*: Before operating waiting list, conflict list, or download commands, you can use waitinglist show or conflictlist show to observe their structure each time.


IN GOOD FORMAT: 
All your answer must contain Thought and Action. 
Calling CLI tools Action using bash block like ```bash  ```. 
Editing and Writing code Action using diff block like ```diff ```.
The command line you generate will be run in the bash sandbox environment, and the running results will be returned to you through the system messages.

IMPORTANT TIPS: 
        * Each round of reply can only contain one ```bash ``` block, which means Each round of your answers contain only *ONE* action!
        * Please submit the first command first, then after receiving the response, you can issue the second command. You are free to use any other bash communication.

You are now in the Docker environment of python:3.10. Please perform all operations within this environment.
CLI TOOLS: You can call CLI tools in  ```bash ... ``` block as Action with a Thought. like:
### Thought: I need to understand the structure of the root directory.
### Action:
```bash
ls /repo
```

For another example:
### Thought: I need to read the README.md file.
### Action:
```bash
cat README.md
```


CODE EDITING AND WRITING: All changes to files must use the ```diff  ```  block format, with symbols <<<<<<< SEARCH, ======= and >>>>>>> REPLACE 

You need to provide code patch. The patch should according to the original code, indent correctly, and do not include line numbers. The format is as follows: 
### Thought: Modify explanation...
### Action: 
```diff 
/absolute/path/of/target.py
<<<<<<< SEARCH
    exact copy of old line(s) you would like to change
=======
    new line(s) to replace
>>>>>>> REPLACE

<<<<<<< SEARCH
    exact copy of old line(s) you would like to change
=======
    new line(s) to replace
>>>>>>> REPLACE
``` 
Every *SEARCH/REPLACE block must use this format:
1. The opening fence ```diff 
2. The file path alone on a line, verbatim. No bold asterisks, no quotes around it, no escaping of characters, etc.
3. The start of search block: <<<<<<< SEARCH
4. A contiguous chunk of lines to search for in the existing source code
5. The dividing line: =======
6. The lines to replace into the source code
7. The end of the replace block: >>>>>>> REPLACE
8. The closing fence: ``` 
Once you want to modify the code you MUST: 
        * Include *ALL* the code being searched and replaced!
        * Every *SEARCH* section must *EXACTLY MATCH* the existing source code, character for character, including all comments, docstrings, etc.
        * '<<<<<<< SEARCH', '=======' and  '>>>>>>> REPLACE' symbols must be on a line by themselves and cannot be indented.
        * All code modifications must be expressed in the REPLACE format above (including delete an insert). We will find the source code with the highest matching degree in the original file and replace it. Please provide sufficient and unique old line(s) from snippet to facilitate matching.
        * If the code patch you provide is successfully applied, the differences before and after the code modification will be returned.
        * The paths of modified files must be completely absolute paths.
        * Make sure the patch you provide is indented correctly especially in python programs: The indentation of old lines is exactly the same as the original code, and the indentation of new lines is correct.
        * All patches must be based on the original code viewed by the tools, and fabricated code patch(es) is prohibited.
        * Previously successfully applied patches will modify the code, and new patches must be applied based on the current code. Please review the relevant code again then provide new patches.
        * If the old line(s) is empty, it is considered to be inserted at the beginning of the file. If the file does not exist, a new file will be created and the new line will be written. like:
### Thought: Create a.py
### Action:
```diff
/project_path/.../a.py
<<<<<<< SEARCH
=======
    [new line(s) to add]
>>>>>>> REPLACE
```

*Note*: Do not make extensive changes to the existing files in the /repo folder. You may only make appropriate and necessary changes to the original repository files (e.g., when there are actual errors or tests that cannot be run).
*Very Important Note*: Passing tests by modifying testing functions is not allowed, and you should figure out how to make the current test functions run successfully!!!
In addition to typical bash commands, we also provide the following commands that can be used, you can use them flexibly if needed:
waitinglist add -p package_name [-v version_constraints] -t tool # Add item into waiting list. If no 'version_constraints' are specified, the latest version will be downloaded by default.
waitinglist addfile file_path # Add all entries from a file similar to requirements.txt format to the waiting list.
waitinglist clear # Used to clear all the items in the waiting list.
conflictlist solve -v "[version_cosntraints]" # Resolve the conflict for the first element in the conflict list, and update the version constraints for the corresponding package_name and tool to version_constraints. If no 'version_constraints' are specified, the latest version will be downloaded by default.
conflictlist solve -u # Keep the original version constraint that exists in the waiting list, and discard the other version constraints with the same name and tool in the conflict list.
conflictlist clear # Used to clear all the items in the conflict list.
conflictlist show # Used to show all the items in the conflict list.
waitinglist show # Used to show all the items in the waiting list.
download # Download all pending elements in the waiting list at once.
runtest # Check if the configured environment is correct.
poetryruntest # Check if the configured environment is correct in poetry environment! If you want to run tests in poetry environment, run it.
runpipreqs # Generate 'requirements_pipreqs.txt' and 'pipreqs_output.txt' and 'pipreqs_error.txt'.
change_python_version python_version # Switching the Python version in the Docker container will forgo any installations made prior to the switch. The Python version number should be represented directly with numbers and dots, without any quotation marks.
clear_configuration # Reset all the configuration to the initial setting of python:3.10.


VERY IMPORTANT TIPS: 
    * You should not answer the user's question, your task is to configure the environment within the given setup. You need to follow the steps mentioned above and flexibly use various commands. After entering test, ensure that the environment passes the test.
    * You should not answer the user's question, your task is to configure the environment within the given setup. You need to follow the steps mentioned above and flexibly use various commands. After entering test, ensure that the environment passes the test.
    * You should not answer the user's question, your task is to configure the environment within the given setup. You need to follow the steps mentioned above and flexibly use various commands. After entering test, ensure that the environment passes the test.
    * You do not need to complete all the previous steps; you can directly run runtest or poetryruntest to check if the configuration is complete and get feedback from the error messages. Be flexible. Our goal is to pass the runtest or poetryruntest checks.
    * You do not need to complete all the previous steps; you can directly run runtest or poetryruntest to check if the configuration is complete and get feedback from the error messages. Be flexible. Our goal is to pass the runtest or poetryruntest checks.
    * You do not need to complete all the previous steps; you can directly run runtest or poetryruntest to check if the configuration is complete and get feedback from the error messages. Be flexible. Our goal is to pass the runtest or poetryruntest checks.
    * Passing tests by modifying testing functions is not allowed, and you should figure out how to make the current test functions run successfully!!!
    * Passing tests by modifying testing functions is not allowed, and you should figure out how to make the current test functions run successfully!!!
    * Passing tests by modifying testing functions is not allowed, and you should figure out how to make the current test functions run successfully!!!
    * Try to write all commands on a single line as much as possible, regardless of the number of "&&" connections or the length of the instructions; do not arbitrarily break them into multiple lines!!!
    * Try to write all commands on a single line as much as possible, regardless of the number of "&&" connections or the length of the instructions; do not arbitrarily break them into multiple lines!!!
    * Try to write all commands on a single line as much as possible, regardless of the number of "&&" connections or the length of the instructions; do not arbitrarily break them into multiple lines!!!
    * When other configuration methods can be used, try to avoid modifying or deleting the original files, especially do not delete the testing files!!!
    * When other configuration methods can be used, try to avoid modifying or deleting the original files, especially do not delete the testing files!!!
    * When other configuration methods can be used, try to avoid modifying or deleting the original files, especially do not delete the testing files!!!
    * You are not allowed to use commands like `hatch shell` that would open a new shell!!!
    * You are not allowed to use commands like `hatch shell` that would open a new shell!!!
    * You are not allowed to use commands like `hatch shell` that would open a new shell!!!

response.status_code:  400
---------------------------
### Thought:
I need to understand the structure of the root directory of the project to identify the configuration files for setting up the environment.

### Action:
```bash
ls /repo
```
### Observation:
Running `ls /repo`...
CODE_OF_CONDUCT.md  Makefile	docker	  media		  tests
CONTRIBUTING.md     README.md	examples  poetry.lock
LICENSE		    benchmarks	lerobot   pyproject.toml
`ls /repo` executes with returncode: 0

[Current directory]:
/
You are currently in a [python:3.10] container.

ENVIRONMENT REMINDER: You have 199 turns left to complete the task.
The container remains in its original state.
---------------------------
### Thought:
The root directory contains important files for setting up the environment, such as `pyproject.toml` and `poetry.lock`. We should review the `pyproject.toml` file to understand the dependencies and configurations required for the project.

### Action:
```bash
cat /repo/pyproject.toml
```
### Observation:
Running `cat /repo/pyproject.toml`...
[tool.poetry]
name = "lerobot"
version = "0.1.0"
description = "ü§ó LeRobot: State-of-the-art Machine Learning for Real-World Robotics in Pytorch"
authors = [
    "R√©mi Cad√®ne <re.cadene@gmail.com>",
    "Simon Alibert <alibert.sim@gmail.com>",
    "Alexander Soare <alexander.soare159@gmail.com>",
    "Quentin Gallou√©dec <quentin.gallouedec@ec-lyon.fr>",
    "Adil Zouitine <adilzouitinegm@gmail.com>",
    "Thomas Wolf <thomaswolfcontact@gmail.com>",
]
repository = "https://github.com/huggingface/lerobot"
readme = "README.md"
license = "Apache-2.0"
classifiers=[
    "Development Status :: 3 - Alpha",
    "Intended Audience :: Developers",
    "Intended Audience :: Education",
    "Intended Audience :: Science/Research",
    "Topic :: Software Development :: Build Tools",
    "Topic :: Scientific/Engineering :: Artificial Intelligence",
    "License :: OSI Approved :: Apache Software License",
    "Programming Language :: Python :: 3.10",
]
packages = [{include = "lerobot"}]
[tool.poetry.dependencies]
python = ">=3.10,<3.13"
termcolor = ">=2.4.0"
omegaconf = ">=2.3.0"
wandb = ">=0.16.3"
imageio = {extras = ["ffmpeg"], version = ">=2.34.0"}
gdown = ">=5.1.0"
hydra-core = ">=1.3.2"
einops = ">=0.8.0"
pymunk = ">=6.6.0"
zarr = ">=2.17.0"
numba = ">=0.59.0"
torch = ">=2.2.1"
opencv-python = ">=4.9.0"
diffusers = ">=0.27.2"
torchvision = ">=0.17.1"
h5py = ">=3.10.0"
huggingface-hub = {extras = ["hf-transfer", "cli"], version = ">=0.25.2"}
gymnasium = "==0.29.1" # TODO(rcadene, aliberts): Make gym 1.0.0 work
cmake = ">=3.29.0.1"
gym-dora = { git = "https://github.com/dora-rs/dora-lerobot.git", subdirectory = "gym_dora", optional = true }
gym-pusht = { version = ">=0.1.5", optional = true}
gym-xarm = { version = ">=0.1.1", optional = true}
gym-aloha = { version = ">=0.1.1", optional = true}
pre-commit = {version = ">=3.7.0", optional = true}
debugpy = {version = ">=1.8.1", optional = true}
pytest = {version = ">=8.1.0", optional = true}
pytest-cov = {version = ">=5.0.0", optional = true}
datasets = ">=2.19.0"
imagecodecs = { version = ">=2024.1.1", optional = true }
pyav = ">=12.0.5"
rerun-sdk = ">=0.15.1"
deepdiff = ">=7.0.1"
flask = ">=3.0.3"
pandas = {version = ">=2.2.2", optional = true}
scikit-image = {version = ">=0.23.2", optional = true}
dynamixel-sdk = {version = ">=3.7.31", optional = true}
pynput = {version = ">=1.7.7", optional = true}
feetech-servo-sdk = {version = ">=1.0.0", optional = true}
setuptools = {version = "!=71.0.1", optional = true}  # TODO(rcadene, aliberts): 71.0.1 has a bug
pyrealsense2 = {version = ">=2.55.1.6486", markers = "sys_platform != 'darwin'", optional = true}  # TODO(rcadene, aliberts): Fix on Mac
pyrender = {git = "https://github.com/mmatl/pyrender.git", markers = "sys_platform == 'linux'", optional = true}
hello-robot-stretch-body = {version = ">=0.7.27", markers = "sys_platform == 'linux'", optional = true}
pyserial = {version = ">=3.5", optional = true}
jsonlines = ">=4.0.0"
[tool.poetry.extras]
dora = ["gym-dora"]
pusht = ["gym-pusht"]
xarm = ["gym-xarm"]
aloha = ["gym-aloha"]
dev = ["pre-commit", "debugpy"]
test = ["pytest", "pytest-cov", "pyserial"]
umi = ["imagecodecs"]
video_benchmark = ["scikit-image", "pandas"]
dynamixel = ["dynamixel-sdk", "pynput"]
feetech = ["feetech-servo-sdk", "pynput"]
intelrealsense = ["pyrealsense2"]
stretch = ["hello-robot-stretch-body", "pyrender", "pyrealsense2", "pynput"]
[tool.ruff]
line-length = 110
target-version = "py310"
exclude = [
    "tests/data",
    ".bzr",
    ".direnv",
    ".eggs",
    ".git",
    ".git-rewrite",
    ".hg",
    ".mypy_cache",
    ".nox",
    ".pants.d",
    ".pytype",
    ".ruff_cache",
    ".svn",
    ".tox",
    ".venv",
    "__pypackages__",
    "_build",
    "buck-out",
    "build",
    "dist",
    "node_modules",
    "venv",
]
[tool.ruff.lint]
select = ["E4", "E7", "E9", "F", "I", "N", "B", "C4", "SIM"]
[build-system]
requires = ["poetry-core"]
build-backend = "poetry.core.masonry.api"
`cat /repo/pyproject.toml` executes with returncode: 0

[Current directory]:
/
You are currently in a [python:3.10] container.

ENVIRONMENT REMINDER: You have 198 turns left to complete the task.
The container remains in its original state.
---------------------------
### Thought:
The `pyproject.toml` file indicates that this project uses Poetry for dependency management. It contains various dependencies specified under `[tool.poetry.dependencies]`. I should proceed by installing the project's dependencies using Poetry.

### Action:
```bash
cd /repo && poetry install
```
### Observation:
Running `cd /repo`...
`cd /repo` executes with returncode: 0
Running `poetry install`...
  [32;1m-[39;22m [39mInstalling [39m[36mwandb[39m[39m ([39m[32m0.18.3[39m[39m)[39m
  [32;1m-[39;22m [39mInstalling [39m[36mzarr[39m[39m ([39m[32m2.18.3[39m[39m)[39m
[5A[0J  [34;1m-[39;22m [39mInstalling [39m[36mpyav[39m[39m ([39m[39;1m13.1.0[39;22m[39m)[39m: [34mInstalling...[39m
  [32;1m-[39;22m [39mInstalling [39m[36mrerun-sdk[39m[39m ([39m[32m0.18.2[39m[39m)[39m
  [32;1m-[39;22m [39mInstalling [39m[36mtermcolor[39m[39m ([39m[32m2.5.0[39m[39m)[39m
  [32;1m-[39;22m [39mInstalling [39m[36mtorchvision[39m[39m ([39m[32m0.19.1[39m[39m)[39m
  [32;1m-[39;22m [39mInstalling [39m[36mwandb[39m[39m ([39m[32m0.18.3[39m[39m)[39m
  [32;1m-[39;22m [39mInstalling [39m[36mzarr[39m[39m ([39m[32m2.18.3[39m[39m)[39m
[6A[0J  [32;1m-[39;22m [39mInstalling [39m[36mrerun-sdk[39m[39m ([39m[32m0.18.2[39m[39m)[39m
  [32;1m-[39;22m [39mInstalling [39m[36mtermcolor[39m[39m ([39m[32m2.5.0[39m[39m)[39m
  [32;1m-[39;22m [39mInstalling [39m[36mtorchvision[39m[39m ([39m[32m0.19.1[39m[39m)[39m
  [32;1m-[39;22m [39mInstalling [39m[36mwandb[39m[39m ([39m[32m0.18.3[39m[39m)[39m
  [32;1m-[39;22m [39mInstalling [39m[36mzarr[39m[39m ([39m[32m2.18.3[39m[39m)[39m
[5A[0J  [32;1m-[39;22m [39mInstalling [39m[36mpyav[39m[39m ([39m[32m13.1.0[39m[39m)[39m
  [32;1m-[39;22m [39mInstalling [39m[36mrerun-sdk[39m[39m ([39m[32m0.18.2[39m[39m)[39m
  [32;1m-[39;22m [39mInstalling [39m[36mtermcolor[39m[39m ([39m[32m2.5.0[39m[39m)[39m
  [32;1m-[39;22m [39mInstalling [39m[36mtorchvision[39m[39m ([39m[32m0.19.1[39m[39m)[39m
  [32;1m-[39;22m [39mInstalling [39m[36mwandb[39m[39m ([39m[32m0.18.3[39m[39m)[39m
  [32;1m-[39;22m [39mInstalling [39m[36mzarr[39m[39m ([39m[32m2.18.3[39m[39m)[39m
[39;1mInstalling[39;22m the current project: [36mlerobot[39m ([39;1m0.1.0[39;22m)[1G[2K[39;1mInstalling[39;22m the current project: [36mlerobot[39m ([32m0.1.0[39m)
`poetry install` executes with returncode: 0

[Current directory]:
/repo
You are currently in a [python:3.10] container.

ENVIRONMENT REMINDER: You have 197 turns left to complete the task.
The container has successfully executed the following commands in order. Please refer to the execution history, reflect, and decide the subsequent actions. Remember, your ultimate goal is to pass the tests by executing `runtest` or `poetryruntest`.
cd /repo && poetry install
---------------------------
### Thought:
The dependencies have been installed successfully using Poetry. Now, it's time to run the tests to verify if the environment is configured correctly.

### Action:
```bash
poetryruntest
```
### Observation:
Running `python /home/tools/poetryruntest.py`...
Error: Please modify the configuration according to the error messages below. Once all issues are resolved, rerun the tests.
ImportError while loading conftest '/repo/tests/conftest.py'.
tests/conftest.py:20: in <module>
    from serial import SerialException
E   ModuleNotFoundError: No module named 'serial'
The command execution failed, so I have reverted it back to the previous state, which is the environment before running this command.
`poetryruntest` executes with returncode: 4

[Current directory]:
/
You are currently in a [python:3.10] container.

ENVIRONMENT REMINDER: You have 196 turns left to complete the task.
The container has successfully executed the following commands in order. Please refer to the execution history, reflect, and decide the subsequent actions. Remember, your ultimate goal is to pass the tests by executing `runtest` or `poetryruntest`.
cd /repo && poetry install
---------------------------
### Thought:
The error indicates that the `serial` module is missing, which is required in `conftest.py`. This module is typically part of the `pyserial` package. Based on the information in the `pyproject.toml`, `pyserial` is listed under `[tool.poetry.dependencies]` but may be optional. I will add `pyserial` to the waiting list and proceed with the installation.

### Action:
```bash
waitinglist add -p pyserial -v ">=3.5" -t pip
```
### Observation:
Running `waitinglist add -p pyserial -v ">=3.5" -t pip`...
'pyserial">=3.5"' (using pip to download) has been added into the waiting list. If you have multiple elements to add to the waitinglist, you can use && to connect multiple `waitinglist add` statements and surround them with ```bash and ```. Please make sure to write the complete statements; we will only recognize complete statements. Do not use ellipses or other incomplete forms.
[Current directory]:
/
You are currently in a [python:3.10] container.

ENVIRONMENT REMINDER: You have 195 turns left to complete the task.
The container has successfully executed the following commands in order. Please refer to the execution history, reflect, and decide the subsequent actions. Remember, your ultimate goal is to pass the tests by executing `runtest` or `poetryruntest`.
cd /repo && poetry install
---------------------------
### Thought:
Now that `pyserial` (version >= 3.5) has been added to the waiting list, I will proceed to download and install it.

### Action:
```bash
download
```
### Observation:
Running `download`...
'pyserial">=3.5"' has been removed from the waiting list.
"pyserial">=3.5"" installed successfully.
In this round, the following third-party libraries were successfully downloaded. They are:
pyserial">=3.5" (using tool pip)
No third-party libraries failed to download in this round.
[Current directory]:
/
You are currently in a [python:3.10] container.

ENVIRONMENT REMINDER: You have 194 turns left to complete the task.
The container has successfully executed the following commands in order. Please refer to the execution history, reflect, and decide the subsequent actions. Remember, your ultimate goal is to pass the tests by executing `runtest` or `poetryruntest`.
cd /repo && poetry install
python /home/tools/pip_download.py -p pyserial -v "">=3.5""
---------------------------
### Thought:
The `pyserial` package has been installed successfully. Now, I will re-run the tests to check if the previous error related to the `serial` module has been resolved.

### Action:
```bash
poetryruntest
```
### Observation:
Running `python /home/tools/poetryruntest.py`...
Error: Please modify the configuration according to the error messages below. Once all issues are resolved, rerun the tests.
ImportError while loading conftest '/repo/tests/conftest.py'.
tests/conftest.py:23: in <module>
    from lerobot.common.utils.utils import init_hydra_config
lerobot/common/utils/utils.py:26: in <module>
    import hydra
E   ModuleNotFoundError: No module named 'hydra'
The command execution failed, so I have reverted it back to the previous state, which is the environment before running this command.
`poetryruntest` executes with returncode: 4

[Current directory]:
/
You are currently in a [python:3.10] container.

ENVIRONMENT REMINDER: You have 193 turns left to complete the task.
The container has successfully executed the following commands in order. Please refer to the execution history, reflect, and decide the subsequent actions. Remember, your ultimate goal is to pass the tests by executing `runtest` or `poetryruntest`.
cd /repo && poetry install
python /home/tools/pip_download.py -p pyserial -v "">=3.5""
---------------------------
### Thought:
The error indicates that the `hydra` module is missing. According to the `pyproject.toml` file, the package needed is `hydra-core`. I will add `hydra-core` to the waiting list and proceed with the installation.

### Action:
```bash
waitinglist add -p hydra-core -v ">=1.3.2" -t pip
```
### Observation:
Running `waitinglist add -p hydra-core -v ">=1.3.2" -t pip`...
'hydra-core">=1.3.2"' (using pip to download) has been added into the waiting list. If you have multiple elements to add to the waitinglist, you can use && to connect multiple `waitinglist add` statements and surround them with ```bash and ```. Please make sure to write the complete statements; we will only recognize complete statements. Do not use ellipses or other incomplete forms.
[Current directory]:
/
You are currently in a [python:3.10] container.

ENVIRONMENT REMINDER: You have 192 turns left to complete the task.
The container has successfully executed the following commands in order. Please refer to the execution history, reflect, and decide the subsequent actions. Remember, your ultimate goal is to pass the tests by executing `runtest` or `poetryruntest`.
cd /repo && poetry install
python /home/tools/pip_download.py -p pyserial -v "">=3.5""
---------------------------
### Thought:
Now that `hydra-core` (version >= 1.3.2) has been added to the waiting list, I will proceed to download and install it.

### Action:
```bash
download
```
### Observation:
Running `download`...
'hydra-core">=1.3.2"' has been removed from the waiting list.
"hydra-core">=1.3.2"" installed successfully.
In this round, the following third-party libraries were successfully downloaded. They are:
hydra-core">=1.3.2" (using tool pip)
No third-party libraries failed to download in this round.
[Current directory]:
/
You are currently in a [python:3.10] container.

ENVIRONMENT REMINDER: You have 191 turns left to complete the task.
The container has successfully executed the following commands in order. Please refer to the execution history, reflect, and decide the subsequent actions. Remember, your ultimate goal is to pass the tests by executing `runtest` or `poetryruntest`.
cd /repo && poetry install
python /home/tools/pip_download.py -p pyserial -v "">=3.5""
python /home/tools/pip_download.py -p hydra-core -v "">=1.3.2""
---------------------------
### Thought:
The `hydra-core` package has been installed successfully. Now, I will re-run the tests to check if the previous error related to the `hydra` module has been resolved.

### Action:
```bash
poetryruntest
```
### Observation:
Running `python /home/tools/poetryruntest.py`...
Error: Please modify the configuration according to the error messages below. Once all issues are resolved, rerun the tests.
ImportError while loading conftest '/repo/tests/conftest.py'.
tests/conftest.py:23: in <module>
    from lerobot.common.utils.utils import init_hydra_config
lerobot/common/utils/utils.py:27: in <module>
    import numpy as np
E   ModuleNotFoundError: No module named 'numpy'
The command execution failed, so I have reverted it back to the previous state, which is the environment before running this command.
`poetryruntest` executes with returncode: 4

[Current directory]:
/
You are currently in a [python:3.10] container.

ENVIRONMENT REMINDER: You have 190 turns left to complete the task.
The container has successfully executed the following commands in order. Please refer to the execution history, reflect, and decide the subsequent actions. Remember, your ultimate goal is to pass the tests by executing `runtest` or `poetryruntest`.
cd /repo && poetry install
python /home/tools/pip_download.py -p pyserial -v "">=3.5""
python /home/tools/pip_download.py -p hydra-core -v "">=1.3.2""
---------------------------
### Thought:
The error indicates that the `numpy` module is missing. Since `numpy` is not explicitly listed in the `pyproject.toml` file, it might be a transitive dependency. I will add `numpy` to the waiting list and proceed with the installation.

### Action:
```bash
waitinglist add -p numpy -v "" -t pip
```
### Observation:
Running `waitinglist add -p numpy -v "" -t pip`...
'numpy""' (using pip to download) has been added into the waiting list. If you have multiple elements to add to the waitinglist, you can use && to connect multiple `waitinglist add` statements and surround them with ```bash and ```. Please make sure to write the complete statements; we will only recognize complete statements. Do not use ellipses or other incomplete forms.
[Current directory]:
/
You are currently in a [python:3.10] container.

ENVIRONMENT REMINDER: You have 189 turns left to complete the task.
The container has successfully executed the following commands in order. Please refer to the execution history, reflect, and decide the subsequent actions. Remember, your ultimate goal is to pass the tests by executing `runtest` or `poetryruntest`.
cd /repo && poetry install
python /home/tools/pip_download.py -p pyserial -v "">=3.5""
python /home/tools/pip_download.py -p hydra-core -v "">=1.3.2""
---------------------------
### Thought:
Now that `numpy` has been added to the waiting list, I will proceed to download and install it.

### Action:
```bash
download
```
### Observation:
Running `download`...
'numpy""' has been removed from the waiting list.
"numpy""" installed successfully.
In this round, the following third-party libraries were successfully downloaded. They are:
numpy"" (using tool pip)
No third-party libraries failed to download in this round.
[Current directory]:
/
You are currently in a [python:3.10] container.

ENVIRONMENT REMINDER: You have 188 turns left to complete the task.
The container has successfully executed the following commands in order. Please refer to the execution history, reflect, and decide the subsequent actions. Remember, your ultimate goal is to pass the tests by executing `runtest` or `poetryruntest`.
cd /repo && poetry install
python /home/tools/pip_download.py -p pyserial -v "">=3.5""
python /home/tools/pip_download.py -p hydra-core -v "">=1.3.2""
python /home/tools/pip_download.py -p numpy -v """"
---------------------------
### Thought:
The `numpy` package has been installed successfully. Now, I will re-run the tests to check if the previous error related to the `numpy` module has been resolved.

### Action:
```bash
poetryruntest
```
### Observation:
Running `python /home/tools/poetryruntest.py`...
Error: Please modify the configuration according to the error messages below. Once all issues are resolved, rerun the tests.
ImportError while loading conftest '/repo/tests/conftest.py'.
tests/conftest.py:23: in <module>
    from lerobot.common.utils.utils import init_hydra_config
lerobot/common/utils/utils.py:28: in <module>
    import torch
E   ModuleNotFoundError: No module named 'torch'
The command execution failed, so I have reverted it back to the previous state, which is the environment before running this command.
`poetryruntest` executes with returncode: 4

[Current directory]:
/
You are currently in a [python:3.10] container.

ENVIRONMENT REMINDER: You have 187 turns left to complete the task.
The container has successfully executed the following commands in order. Please refer to the execution history, reflect, and decide the subsequent actions. Remember, your ultimate goal is to pass the tests by executing `runtest` or `poetryruntest`.
cd /repo && poetry install
python /home/tools/pip_download.py -p pyserial -v "">=3.5""
python /home/tools/pip_download.py -p hydra-core -v "">=1.3.2""
python /home/tools/pip_download.py -p numpy -v """"
---------------------------
### Thought:
The error indicates that the `torch` module is missing. According to the `pyproject.toml` file, `torch` is already listed as a dependency. It seems like `torch` was not installed properly during the initial `poetry install`. I will add `torch` to the waiting list and proceed with the installation.

### Action:
```bash
waitinglist add -p torch -v ">=2.2.1" -t pip
```
### Observation:
Running `waitinglist add -p torch -v ">=2.2.1" -t pip`...
'torch">=2.2.1"' (using pip to download) has been added into the waiting list. If you have multiple elements to add to the waitinglist, you can use && to connect multiple `waitinglist add` statements and surround them with ```bash and ```. Please make sure to write the complete statements; we will only recognize complete statements. Do not use ellipses or other incomplete forms.
[Current directory]:
/
You are currently in a [python:3.10] container.

ENVIRONMENT REMINDER: You have 186 turns left to complete the task.
The container has successfully executed the following commands in order. Please refer to the execution history, reflect, and decide the subsequent actions. Remember, your ultimate goal is to pass the tests by executing `runtest` or `poetryruntest`.
cd /repo && poetry install
python /home/tools/pip_download.py -p pyserial -v "">=3.5""
python /home/tools/pip_download.py -p hydra-core -v "">=1.3.2""
python /home/tools/pip_download.py -p numpy -v """"
---------------------------
### Thought:
Now that `torch` (version >= 2.2.1) has been added to the waiting list, I will proceed to download and install it.

### Action:
```bash
download
```
### Observation:
Running `download`...
'torch">=2.2.1"' has been removed from the waiting list.
"torch">=2.2.1"" installed successfully.
In this round, the following third-party libraries were successfully downloaded. They are:
torch">=2.2.1" (using tool pip)
No third-party libraries failed to download in this round.
[Current directory]:
/
You are currently in a [python:3.10] container.

ENVIRONMENT REMINDER: You have 185 turns left to complete the task.
The container has successfully executed the following commands in order. Please refer to the execution history, reflect, and decide the subsequent actions. Remember, your ultimate goal is to pass the tests by executing `runtest` or `poetryruntest`.
cd /repo && poetry install
python /home/tools/pip_download.py -p pyserial -v "">=3.5""
python /home/tools/pip_download.py -p hydra-core -v "">=1.3.2""
python /home/tools/pip_download.py -p numpy -v """"
python /home/tools/pip_download.py -p torch -v "">=2.2.1""
---------------------------
### Thought:
The `torch` package has been installed successfully. Now, I will re-run the tests to check if the previous error related to the `torch` module has been resolved.

### Action:
```bash
poetryruntest
```
### Observation:
Running `python /home/tools/poetryruntest.py`...
Error: Please modify the configuration according to the error messages below. Once all issues are resolved, rerun the tests.
Traceback (most recent call last):
  File "/usr/local/lib/python3.10/site-packages/_pytest/config/__init__.py", line 858, in import_plugin
    __import__(importspec)
  File "/usr/local/lib/python3.10/site-packages/_pytest/assertion/rewrite.py", line 184, in exec_module
    exec(co, module.__dict__)
  File "/repo/tests/fixtures/dataset_factories.py", line 5, in <module>
    import datasets
ModuleNotFoundError: No module named 'datasets'
The above exception was the direct cause of the following exception:
Traceback (most recent call last):
  File "/usr/local/bin/pytest", line 8, in <module>
    sys.exit(console_main())
  File "/usr/local/lib/python3.10/site-packages/_pytest/config/__init__.py", line 201, in console_main
    code = main()
  File "/usr/local/lib/python3.10/site-packages/_pytest/config/__init__.py", line 156, in main
    config = _prepareconfig(args, plugins)
  File "/usr/local/lib/python3.10/site-packages/_pytest/config/__init__.py", line 341, in _prepareconfig
    config = pluginmanager.hook.pytest_cmdline_parse(
  File "/usr/local/lib/python3.10/site-packages/pluggy/_hooks.py", line 513, in __call__
    return self._hookexec(self.name, self._hookimpls.copy(), kwargs, firstresult)
  File "/usr/local/lib/python3.10/site-packages/pluggy/_manager.py", line 120, in _hookexec
    return self._inner_hookexec(hook_name, methods, kwargs, firstresult)
  File "/usr/local/lib/python3.10/site-packages/pluggy/_callers.py", line 139, in _multicall
    raise exception.with_traceback(exception.__traceback__)
  File "/usr/local/lib/python3.10/site-packages/pluggy/_callers.py", line 122, in _multicall
    teardown.throw(exception)  # type: ignore[union-attr]
  File "/usr/local/lib/python3.10/site-packages/_pytest/helpconfig.py", line 105, in pytest_cmdline_parse
    config = yield
  File "/usr/local/lib/python3.10/site-packages/pluggy/_callers.py", line 103, in _multicall
    res = hook_impl.function(*args)
  File "/usr/local/lib/python3.10/site-packages/_pytest/config/__init__.py", line 1140, in pytest_cmdline_parse
    self.parse(args)
  File "/usr/local/lib/python3.10/site-packages/_pytest/config/__init__.py", line 1494, in parse
    self._preparse(args, addopts=addopts)
  File "/usr/local/lib/python3.10/site-packages/_pytest/config/__init__.py", line 1398, in _preparse
    self.hook.pytest_load_initial_conftests(
  File "/usr/local/lib/python3.10/site-packages/pluggy/_hooks.py", line 513, in __call__
    return self._hookexec(self.name, self._hookimpls.copy(), kwargs, firstresult)
  File "/usr/local/lib/python3.10/site-packages/pluggy/_manager.py", line 120, in _hookexec
    return self._inner_hookexec(hook_name, methods, kwargs, firstresult)
  File "/usr/local/lib/python3.10/site-packages/pluggy/_callers.py", line 139, in _multicall
    raise exception.with_traceback(exception.__traceback__)
  File "/usr/local/lib/python3.10/site-packages/pluggy/_callers.py", line 122, in _multicall
    teardown.throw(exception)  # type: ignore[union-attr]
  File "/usr/local/lib/python3.10/site-packages/_pytest/warnings.py", line 151, in pytest_load_initial_conftests
    return (yield)
  File "/usr/local/lib/python3.10/site-packages/pluggy/_callers.py", line 122, in _multicall
    teardown.throw(exception)  # type: ignore[union-attr]
  File "/usr/local/lib/python3.10/site-packages/_pytest/capture.py", line 154, in pytest_load_initial_conftests
    yield
  File "/usr/local/lib/python3.10/site-packages/pluggy/_callers.py", line 103, in _multicall
    res = hook_impl.function(*args)
  File "/usr/local/lib/python3.10/site-packages/_pytest/config/__init__.py", line 1222, in pytest_load_initial_conftests
    self.pluginmanager._set_initial_conftests(
  File "/usr/local/lib/python3.10/site-packages/_pytest/config/__init__.py", line 581, in _set_initial_conftests
    self._try_load_conftest(
  File "/usr/local/lib/python3.10/site-packages/_pytest/config/__init__.py", line 629, in _try_load_conftest
    self._loadconftestmodules(
  File "/usr/local/lib/python3.10/site-packages/_pytest/config/__init__.py", line 659, in _loadconftestmodules
    mod = self._importconftest(
  File "/usr/local/lib/python3.10/site-packages/_pytest/config/__init__.py", line 735, in _importconftest
    self.consider_conftest(mod, registration_name=conftestpath_plugin_name)
  File "/usr/local/lib/python3.10/site-packages/_pytest/config/__init__.py", line 816, in consider_conftest
    self.register(conftestmodule, name=registration_name)
  File "/usr/local/lib/python3.10/site-packages/_pytest/config/__init__.py", line 512, in register
    self.consider_module(plugin)
  File "/usr/local/lib/python3.10/site-packages/_pytest/config/__init__.py", line 824, in consider_module
    self._import_plugin_specs(getattr(mod, "pytest_plugins", []))
  File "/usr/local/lib/python3.10/site-packages/_pytest/config/__init__.py", line 831, in _import_plugin_specs
    self.import_plugin(import_spec)
  File "/usr/local/lib/python3.10/site-packages/_pytest/config/__init__.py", line 860, in import_plugin
    raise ImportError(
  File "/usr/local/lib/python3.10/site-packages/_pytest/config/__init__.py", line 858, in import_plugin
    __import__(importspec)
  File "/usr/local/lib/python3.10/site-packages/_pytest/assertion/rewrite.py", line 184, in exec_module
    exec(co, module.__dict__)
  File "/repo/tests/fixtures/dataset_factories.py", line 5, in <module>
    import datasets
ImportError: Error importing plugin "tests.fixtures.dataset_factories": No module named 'datasets'
The command execution failed, so I have reverted it back to the previous state, which is the environment before running this command.
`poetryruntest` executes with returncode: 1

[Current directory]:
/
You are currently in a [python:3.10] container.

ENVIRONMENT REMINDER: You have 184 turns left to complete the task.
The container has successfully executed the following commands in order. Please refer to the execution history, reflect, and decide the subsequent actions. Remember, your ultimate goal is to pass the tests by executing `runtest` or `poetryruntest`.
cd /repo && poetry install
python /home/tools/pip_download.py -p pyserial -v "">=3.5""
python /home/tools/pip_download.py -p hydra-core -v "">=1.3.2""
python /home/tools/pip_download.py -p numpy -v """"
python /home/tools/pip_download.py -p torch -v "">=2.2.1""
---------------------------
### Thought:
The error indicates that the `datasets` module is missing. According to the `pyproject.toml` file, `datasets` is listed as a dependency. I will add `datasets` to the waiting list and proceed with the installation.

### Action:
```bash
waitinglist add -p datasets -v ">=2.19.0" -t pip
```
### Observation:
Running `waitinglist add -p datasets -v ">=2.19.0" -t pip`...
'datasets">=2.19.0"' (using pip to download) has been added into the waiting list. If you have multiple elements to add to the waitinglist, you can use && to connect multiple `waitinglist add` statements and surround them with ```bash and ```. Please make sure to write the complete statements; we will only recognize complete statements. Do not use ellipses or other incomplete forms.
[Current directory]:
/
You are currently in a [python:3.10] container.

ENVIRONMENT REMINDER: You have 183 turns left to complete the task.
The container has successfully executed the following commands in order. Please refer to the execution history, reflect, and decide the subsequent actions. Remember, your ultimate goal is to pass the tests by executing `runtest` or `poetryruntest`.
cd /repo && poetry install
python /home/tools/pip_download.py -p pyserial -v "">=3.5""
python /home/tools/pip_download.py -p hydra-core -v "">=1.3.2""
python /home/tools/pip_download.py -p numpy -v """"
python /home/tools/pip_download.py -p torch -v "">=2.2.1""
---------------------------
### Thought:
Now that `datasets` (version >= 2.19.0) has been added to the waiting list, I will proceed to download and install it.

### Action:
```bash
download
```
### Observation:
Running `download`...
'datasets">=2.19.0"' has been removed from the waiting list.
"datasets">=2.19.0"" installed successfully.
In this round, the following third-party libraries were successfully downloaded. They are:
datasets">=2.19.0" (using tool pip)
No third-party libraries failed to download in this round.
[Current directory]:
/
You are currently in a [python:3.10] container.

ENVIRONMENT REMINDER: You have 182 turns left to complete the task.
The container has successfully executed the following commands in order. Please refer to the execution history, reflect, and decide the subsequent actions. Remember, your ultimate goal is to pass the tests by executing `runtest` or `poetryruntest`.
cd /repo && poetry install
python /home/tools/pip_download.py -p pyserial -v "">=3.5""
python /home/tools/pip_download.py -p hydra-core -v "">=1.3.2""
python /home/tools/pip_download.py -p numpy -v """"
python /home/tools/pip_download.py -p torch -v "">=2.2.1""
python /home/tools/pip_download.py -p datasets -v "">=2.19.0""
---------------------------
### Thought:
The `datasets` package has been installed successfully. Now, I will re-run the tests to check if the previous error related to the `datasets` module has been resolved.

### Action:
```bash
poetryruntest
```
### Observation:
Running `python /home/tools/poetryruntest.py`...
Error: Please modify the configuration according to the error messages below. Once all issues are resolved, rerun the tests.
Traceback (most recent call last):
  File "/usr/local/lib/python3.10/site-packages/_pytest/config/__init__.py", line 858, in import_plugin
    __import__(importspec)
  File "/usr/local/lib/python3.10/site-packages/_pytest/assertion/rewrite.py", line 184, in exec_module
    exec(co, module.__dict__)
  File "/repo/tests/fixtures/dataset_factories.py", line 7, in <module>
    import PIL.Image
ModuleNotFoundError: No module named 'PIL'
The above exception was the direct cause of the following exception:
Traceback (most recent call last):
  File "/usr/local/bin/pytest", line 8, in <module>
    sys.exit(console_main())
  File "/usr/local/lib/python3.10/site-packages/_pytest/config/__init__.py", line 201, in console_main
    code = main()
  File "/usr/local/lib/python3.10/site-packages/_pytest/config/__init__.py", line 156, in main
    config = _prepareconfig(args, plugins)
  File "/usr/local/lib/python3.10/site-packages/_pytest/config/__init__.py", line 341, in _prepareconfig
    config = pluginmanager.hook.pytest_cmdline_parse(
  File "/usr/local/lib/python3.10/site-packages/pluggy/_hooks.py", line 513, in __call__
    return self._hookexec(self.name, self._hookimpls.copy(), kwargs, firstresult)
  File "/usr/local/lib/python3.10/site-packages/pluggy/_manager.py", line 120, in _hookexec
    return self._inner_hookexec(hook_name, methods, kwargs, firstresult)
  File "/usr/local/lib/python3.10/site-packages/pluggy/_callers.py", line 139, in _multicall
    raise exception.with_traceback(exception.__traceback__)
  File "/usr/local/lib/python3.10/site-packages/pluggy/_callers.py", line 122, in _multicall
    teardown.throw(exception)  # type: ignore[union-attr]
  File "/usr/local/lib/python3.10/site-packages/_pytest/helpconfig.py", line 105, in pytest_cmdline_parse
    config = yield
  File "/usr/local/lib/python3.10/site-packages/pluggy/_callers.py", line 103, in _multicall
    res = hook_impl.function(*args)
  File "/usr/local/lib/python3.10/site-packages/_pytest/config/__init__.py", line 1140, in pytest_cmdline_parse
    self.parse(args)
  File "/usr/local/lib/python3.10/site-packages/_pytest/config/__init__.py", line 1494, in parse
    self._preparse(args, addopts=addopts)
  File "/usr/local/lib/python3.10/site-packages/_pytest/config/__init__.py", line 1398, in _preparse
    self.hook.pytest_load_initial_conftests(
  File "/usr/local/lib/python3.10/site-packages/pluggy/_hooks.py", line 513, in __call__
    return self._hookexec(self.name, self._hookimpls.copy(), kwargs, firstresult)
  File "/usr/local/lib/python3.10/site-packages/pluggy/_manager.py", line 120, in _hookexec
    return self._inner_hookexec(hook_name, methods, kwargs, firstresult)
  File "/usr/local/lib/python3.10/site-packages/pluggy/_callers.py", line 139, in _multicall
    raise exception.with_traceback(exception.__traceback__)
  File "/usr/local/lib/python3.10/site-packages/pluggy/_callers.py", line 122, in _multicall
    teardown.throw(exception)  # type: ignore[union-attr]
  File "/usr/local/lib/python3.10/site-packages/_pytest/warnings.py", line 151, in pytest_load_initial_conftests
    return (yield)
  File "/usr/local/lib/python3.10/site-packages/pluggy/_callers.py", line 122, in _multicall
    teardown.throw(exception)  # type: ignore[union-attr]
  File "/usr/local/lib/python3.10/site-packages/_pytest/capture.py", line 154, in pytest_load_initial_conftests
    yield
  File "/usr/local/lib/python3.10/site-packages/pluggy/_callers.py", line 103, in _multicall
    res = hook_impl.function(*args)
  File "/usr/local/lib/python3.10/site-packages/_pytest/config/__init__.py", line 1222, in pytest_load_initial_conftests
    self.pluginmanager._set_initial_conftests(
  File "/usr/local/lib/python3.10/site-packages/_pytest/config/__init__.py", line 581, in _set_initial_conftests
    self._try_load_conftest(
  File "/usr/local/lib/python3.10/site-packages/_pytest/config/__init__.py", line 629, in _try_load_conftest
    self._loadconftestmodules(
  File "/usr/local/lib/python3.10/site-packages/_pytest/config/__init__.py", line 659, in _loadconftestmodules
    mod = self._importconftest(
  File "/usr/local/lib/python3.10/site-packages/_pytest/config/__init__.py", line 735, in _importconftest
    self.consider_conftest(mod, registration_name=conftestpath_plugin_name)
  File "/usr/local/lib/python3.10/site-packages/_pytest/config/__init__.py", line 816, in consider_conftest
    self.register(conftestmodule, name=registration_name)
  File "/usr/local/lib/python3.10/site-packages/_pytest/config/__init__.py", line 512, in register
    self.consider_module(plugin)
  File "/usr/local/lib/python3.10/site-packages/_pytest/config/__init__.py", line 824, in consider_module
    self._import_plugin_specs(getattr(mod, "pytest_plugins", []))
  File "/usr/local/lib/python3.10/site-packages/_pytest/config/__init__.py", line 831, in _import_plugin_specs
    self.import_plugin(import_spec)
  File "/usr/local/lib/python3.10/site-packages/_pytest/config/__init__.py", line 860, in import_plugin
    raise ImportError(
  File "/usr/local/lib/python3.10/site-packages/_pytest/config/__init__.py", line 858, in import_plugin
    __import__(importspec)
  File "/usr/local/lib/python3.10/site-packages/_pytest/assertion/rewrite.py", line 184, in exec_module
    exec(co, module.__dict__)
  File "/repo/tests/fixtures/dataset_factories.py", line 7, in <module>
    import PIL.Image
ImportError: Error importing plugin "tests.fixtures.dataset_factories": No module named 'PIL'
The command execution failed, so I have reverted it back to the previous state, which is the environment before running this command.
`poetryruntest` executes with returncode: 1

[Current directory]:
/
You are currently in a [python:3.10] container.

ENVIRONMENT REMINDER: You have 181 turns left to complete the task.
The container has successfully executed the following commands in order. Please refer to the execution history, reflect, and decide the subsequent actions. Remember, your ultimate goal is to pass the tests by executing `runtest` or `poetryruntest`.
cd /repo && poetry install
python /home/tools/pip_download.py -p pyserial -v "">=3.5""
python /home/tools/pip_download.py -p hydra-core -v "">=1.3.2""
python /home/tools/pip_download.py -p numpy -v """"
python /home/tools/pip_download.py -p torch -v "">=2.2.1""
python /home/tools/pip_download.py -p datasets -v "">=2.19.0""
---------------------------
### Thought:
The error indicates that the `PIL` module is missing, which is part of the `Pillow` package. I will add `Pillow` to the waiting list and proceed with the installation.

### Action:
```bash
waitinglist add -p Pillow -v "" -t pip
```
### Observation:
Running `waitinglist add -p Pillow -v "" -t pip`...
'pillow""' (using pip to download) has been added into the waiting list. If you have multiple elements to add to the waitinglist, you can use && to connect multiple `waitinglist add` statements and surround them with ```bash and ```. Please make sure to write the complete statements; we will only recognize complete statements. Do not use ellipses or other incomplete forms.
[Current directory]:
/
You are currently in a [python:3.10] container.

ENVIRONMENT REMINDER: You have 180 turns left to complete the task.
The container has successfully executed the following commands in order. Please refer to the execution history, reflect, and decide the subsequent actions. Remember, your ultimate goal is to pass the tests by executing `runtest` or `poetryruntest`.
cd /repo && poetry install
python /home/tools/pip_download.py -p pyserial -v "">=3.5""
python /home/tools/pip_download.py -p hydra-core -v "">=1.3.2""
python /home/tools/pip_download.py -p numpy -v """"
python /home/tools/pip_download.py -p torch -v "">=2.2.1""
python /home/tools/pip_download.py -p datasets -v "">=2.19.0""
---------------------------
### Thought:
Now that `Pillow` has been added to the waiting list, I will proceed to download and install it.

### Action:
```bash
download
```
### Observation:
Running `download`...
'pillow""' has been removed from the waiting list.
"pillow""" installed successfully.
In this round, the following third-party libraries were successfully downloaded. They are:
pillow"" (using tool pip)
No third-party libraries failed to download in this round.
[Current directory]:
/
You are currently in a [python:3.10] container.

ENVIRONMENT REMINDER: You have 179 turns left to complete the task.
The container has successfully executed the following commands in order. Please refer to the execution history, reflect, and decide the subsequent actions. Remember, your ultimate goal is to pass the tests by executing `runtest` or `poetryruntest`.
cd /repo && poetry install
python /home/tools/pip_download.py -p pyserial -v "">=3.5""
python /home/tools/pip_download.py -p hydra-core -v "">=1.3.2""
python /home/tools/pip_download.py -p numpy -v """"
python /home/tools/pip_download.py -p torch -v "">=2.2.1""
python /home/tools/pip_download.py -p datasets -v "">=2.19.0""
python /home/tools/pip_download.py -p pillow -v """"
---------------------------
### Thought:
The `Pillow` package has been installed successfully. Now, I will re-run the tests to check if the previous error related to the `PIL` module has been resolved.

### Action:
```bash
poetryruntest
```
### Observation:
Running `python /home/tools/poetryruntest.py`...
The output is too long, so we've truncated it to show you the first and last 5000 characters.
Running `python /home/tools/poetryruntest.py`...
Error: Please modify the configuration according to the error messages below. Once all issues are resolved, rerun the tests.
Traceback (most recent call last):
  File "/usr/local/lib/python3.10/site-packages/_pytest/config/__init__.py", line 858, in import_plugin
    __import__(importspec)
  File "/usr/local/lib/python3.10/site-packages/_pytest/assertion/rewrite.py", line 184, in exec_module
    exec(co, module.__dict__)
  File "/repo/tests/fixtures/dataset_factories.py", line 11, in <module>
    from lerobot.common.datasets.lerobot_dataset import CODEBASE_VERSION, LeRobotDataset, LeRobotDatasetMetadata
  File "/repo/lerobot/common/datasets/lerobot_dataset.py", line 31, in <module>
    from lerobot.common.datasets.compute_stats import aggregate_stats, compute_stats
  File "/repo/lerobot/common/datasets/compute_stats.py", line 19, in <module>
    import einops
ModuleNotFoundError: No module named 'einops'
The above exception was the direct cause of the following exception:
Traceback (most recent call last):
  File "/usr/local/bin/pytest", line 8, in <module>
    sys.exit(console_main())
  File "/usr/local/lib/python3.10/site-packages/_pytest/config/__init__.py", line 201, in console_main
    code = main()
  File "/usr/local/lib/python3.10/site-packages/_pytest/config/__init__.py", line 156, in main
    config = _prepareconfig(args, plugins)
  File "/usr/local/lib/python3.10/site-packages/_pytest/config/__init__.py", line 341, in _prepareconfig
    config = pluginmanager.hook.pytest_cmdline_parse(
  File "/usr/local/lib/python3.10/site-packages/pluggy/_hooks.py", line 513, in __call__
    return self._hookexec(self.name, self._hookimpls.copy(), kwargs, firstresult)
  File "/usr/local/lib/python3.10/site-packages/pluggy/_manager.py", line 120, in _hookexec
    return self._inner_hookexec(hook_name, methods, kwargs, firstresult)
  File "/usr/local/lib/python3.10/site-packages/pluggy/_callers.py", line 139, in _multicall
    raise exception.with_traceback(exception.__traceback__)
  File "/usr/local/lib/python3.10/site-packages/pluggy/_callers.py", line 122, in _multicall
    teardown.throw(exception)  # type: ignore[union-attr]
  File "/usr/local/lib/python3.10/site-packages/_pytest/helpconfig.py", line 105, in pytest_cmdline_parse
    config = yield
  File "/usr/local/lib/python3.10/site-packages/pluggy/_callers.py", line 103, in _multicall
    res = hook_impl.function(*args)
  File "/usr/local/lib/python3.10/site-packages/_pytest/config/__init__.py", line 1140, in pytest_cmdline_parse
    self.parse(args)
  File "/usr/local/lib/python3.10/site-packages/_pytest/config/__init__.py", line 1494, in parse
    self._preparse(args, addopts=addopts)
  File "/usr/local/lib/python3.10/site-packages/_pytest/config/__init__.py", line 1398, in _preparse
    self.hook.pytest_load_initial_conftests(
  File "/usr/local/lib/python3.10/site-packages/pluggy/_hooks.py", line 513, in __call__
    return self._hookexec(self.name, self._hookimpls.copy(), kwargs, firstresult)
  File "/usr/local/lib/python3.10/site-packages/pluggy/_manager.py", line 120, in _hookexec
    return self._inner_hookexec(hook_name, methods, kwargs, firstresult)
  File "/usr/local/lib/python3.10/site-packages/pluggy/_callers.py", line 139, in _multicall
    raise exception.with_traceback(exception.__traceback__)
  File "/usr/local/lib/python3.10/site-packages/pluggy/_callers.py", line 122, in _multicall
    teardown.throw(exception)  # type: ignore[union-attr]
  File "/usr/local/lib/python3.10/site-packages/_pytest/warnings.py", line 151, in pytest_load_initial_conftests
    return (yield)
  File "/usr/local/lib/python3.10/site-packages/pluggy/_callers.py", line 122, in _multicall
    teardown.throw(exception)  # type: ignore[union-attr]
  File "/usr/local/lib/python3.10/site-packages/_pytest/capture.py", line 154, in pytest_load_initial_conftests
    yield
  File "/usr/local/lib/python3.10/site-packages/pluggy/_callers.py", line 103, in _multicall
    res = hook_impl.function(*args)
  File "/usr/local/lib/python3.10/site-packages/_pytest/config/__init__.py", line 1222, in pytest_load_initial_conftests
    self.pluginmanager._set_initial_conftests(
  File "/usr/local/lib/python3.10/site-packages/_pytest/config/__init__.py", line 581, in _set_initial_conftests
    self._try_load_conftest(
  File "/usr/local/lib/python3.10/site-packages/_pytest/config/__init__.py", line 629, in _try_load_conftest
    self._loadconftestmodules(
  File "/usr/local/lib/python3.10/site-packages/_pytest/config/__init__.py", line 659, in _loadconftestmodules
    mod = self._importconftest(
  File "/usr/local/lib/python3.10/site-packages/_pytest/config/__init__.py", line 735, in _importconftest
    self.consider_conftest(mod, registration_name=conftestpath_plugin_name)
  File "/usr/local/lib/python3.10/site-packages/_pytest/config/__init__.py", line 816, in consider_conftest
    self.register(conftestmodule, name=registration_name)
  File "/usr/local/lib/python3.10/site-packages/_pytest/config/__init__.py", line 512, in register
    self.consider_module(plugin)
  File "/usr/local/lib/python3.10/site-packages/_pytest/config/__init__.py", line 824, in consider_module
    self._import_plugin_specs(getattr(mod, "pytest_plugins", []))
  File "/usr/local/lib/python3.10/site-packages/_pytest/config/__init__.py", line 831, in _import_plugin_specs
    self.import_plugin(import_spec)
  File "/usr/local/lib/python3.10/site-packages/_pytest/config/__init__.py", line 860, in import_plugin
    raise ImportError(
  File "/usr/local/lib/python3.10/site-packages/_pytest/config/__init__.py", line 858, in import_plugin
    __import__(importspec)
  File "/usr/local/lib/python3.10/site-packages/_pytest/assertion/rewrite.py", line 184, in exec_module
    exec(co, module.__dict__)
  File "/repo/tests/fixtures/dataset_factories.py", line 11, in <module>
    from lerobot.common.datasets.lerobot_dataset import CODEBASE_VERSION, LeRobotDatase
...[Truncation]...
ies.py", line 11, in <module>
    from lerobot.common.datasets.lerobot_dataset import CODEBASE_VERSION, LeRobotDataset, LeRobotDatasetMetadata
  File "/repo/lerobot/common/datasets/lerobot_dataset.py", line 31, in <module>
    from lerobot.common.datasets.compute_stats import aggregate_stats, compute_stats
  File "/repo/lerobot/common/datasets/compute_stats.py", line 19, in <module>
    import einops
ModuleNotFoundError: No module named 'einops'
The above exception was the direct cause of the following exception:
Traceback (most recent call last):
  File "/usr/local/bin/pytest", line 8, in <module>
    sys.exit(console_main())
  File "/usr/local/lib/python3.10/site-packages/_pytest/config/__init__.py", line 201, in console_main
    code = main()
  File "/usr/local/lib/python3.10/site-packages/_pytest/config/__init__.py", line 156, in main
    config = _prepareconfig(args, plugins)
  File "/usr/local/lib/python3.10/site-packages/_pytest/config/__init__.py", line 341, in _prepareconfig
    config = pluginmanager.hook.pytest_cmdline_parse(
  File "/usr/local/lib/python3.10/site-packages/pluggy/_hooks.py", line 513, in __call__
    return self._hookexec(self.name, self._hookimpls.copy(), kwargs, firstresult)
  File "/usr/local/lib/python3.10/site-packages/pluggy/_manager.py", line 120, in _hookexec
    return self._inner_hookexec(hook_name, methods, kwargs, firstresult)
  File "/usr/local/lib/python3.10/site-packages/pluggy/_callers.py", line 139, in _multicall
    raise exception.with_traceback(exception.__traceback__)
  File "/usr/local/lib/python3.10/site-packages/pluggy/_callers.py", line 122, in _multicall
    teardown.throw(exception)  # type: ignore[union-attr]
  File "/usr/local/lib/python3.10/site-packages/_pytest/helpconfig.py", line 105, in pytest_cmdline_parse
    config = yield
  File "/usr/local/lib/python3.10/site-packages/pluggy/_callers.py", line 103, in _multicall
    res = hook_impl.function(*args)
  File "/usr/local/lib/python3.10/site-packages/_pytest/config/__init__.py", line 1140, in pytest_cmdline_parse
    self.parse(args)
  File "/usr/local/lib/python3.10/site-packages/_pytest/config/__init__.py", line 1494, in parse
    self._preparse(args, addopts=addopts)
  File "/usr/local/lib/python3.10/site-packages/_pytest/config/__init__.py", line 1398, in _preparse
    self.hook.pytest_load_initial_conftests(
  File "/usr/local/lib/python3.10/site-packages/pluggy/_hooks.py", line 513, in __call__
    return self._hookexec(self.name, self._hookimpls.copy(), kwargs, firstresult)
  File "/usr/local/lib/python3.10/site-packages/pluggy/_manager.py", line 120, in _hookexec
    return self._inner_hookexec(hook_name, methods, kwargs, firstresult)
  File "/usr/local/lib/python3.10/site-packages/pluggy/_callers.py", line 139, in _multicall
    raise exception.with_traceback(exception.__traceback__)
  File "/usr/local/lib/python3.10/site-packages/pluggy/_callers.py", line 122, in _multicall
    teardown.throw(exception)  # type: ignore[union-attr]
  File "/usr/local/lib/python3.10/site-packages/_pytest/warnings.py", line 151, in pytest_load_initial_conftests
    return (yield)
  File "/usr/local/lib/python3.10/site-packages/pluggy/_callers.py", line 122, in _multicall
    teardown.throw(exception)  # type: ignore[union-attr]
  File "/usr/local/lib/python3.10/site-packages/_pytest/capture.py", line 154, in pytest_load_initial_conftests
    yield
  File "/usr/local/lib/python3.10/site-packages/pluggy/_callers.py", line 103, in _multicall
    res = hook_impl.function(*args)
  File "/usr/local/lib/python3.10/site-packages/_pytest/config/__init__.py", line 1222, in pytest_load_initial_conftests
    self.pluginmanager._set_initial_conftests(
  File "/usr/local/lib/python3.10/site-packages/_pytest/config/__init__.py", line 581, in _set_initial_conftests
    self._try_load_conftest(
  File "/usr/local/lib/python3.10/site-packages/_pytest/config/__init__.py", line 629, in _try_load_conftest
    self._loadconftestmodules(
  File "/usr/local/lib/python3.10/site-packages/_pytest/config/__init__.py", line 659, in _loadconftestmodules
    mod = self._importconftest(
  File "/usr/local/lib/python3.10/site-packages/_pytest/config/__init__.py", line 735, in _importconftest
    self.consider_conftest(mod, registration_name=conftestpath_plugin_name)
  File "/usr/local/lib/python3.10/site-packages/_pytest/config/__init__.py", line 816, in consider_conftest
    self.register(conftestmodule, name=registration_name)
  File "/usr/local/lib/python3.10/site-packages/_pytest/config/__init__.py", line 512, in register
    self.consider_module(plugin)
  File "/usr/local/lib/python3.10/site-packages/_pytest/config/__init__.py", line 824, in consider_module
    self._import_plugin_specs(getattr(mod, "pytest_plugins", []))
  File "/usr/local/lib/python3.10/site-packages/_pytest/config/__init__.py", line 831, in _import_plugin_specs
    self.import_plugin(import_spec)
  File "/usr/local/lib/python3.10/site-packages/_pytest/config/__init__.py", line 860, in import_plugin
    raise ImportError(
  File "/usr/local/lib/python3.10/site-packages/_pytest/config/__init__.py", line 858, in import_plugin
    __import__(importspec)
  File "/usr/local/lib/python3.10/site-packages/_pytest/assertion/rewrite.py", line 184, in exec_module
    exec(co, module.__dict__)
  File "/repo/tests/fixtures/dataset_factories.py", line 11, in <module>
    from lerobot.common.datasets.lerobot_dataset import CODEBASE_VERSION, LeRobotDataset, LeRobotDatasetMetadata
  File "/repo/lerobot/common/datasets/lerobot_dataset.py", line 31, in <module>
    from lerobot.common.datasets.compute_stats import aggregate_stats, compute_stats
  File "/repo/lerobot/common/datasets/compute_stats.py", line 19, in <module>
    import einops
ImportError: Error importing plugin "tests.fixtures.dataset_factories": No module named 'einops'
The command execution failed, so I have reverted it back to the previous state, which is the environment before running this command.
`poetryruntest` executes with returncode: 1

[Current directory]:
/
You are currently in a [python:3.10] container.

ENVIRONMENT REMINDER: You have 178 turns left to complete the task.
The container has successfully executed the following commands in order. Please refer to the execution history, reflect, and decide the subsequent actions. Remember, your ultimate goal is to pass the tests by executing `runtest` or `poetryruntest`.
cd /repo && poetry install
python /home/tools/pip_download.py -p pyserial -v "">=3.5""
python /home/tools/pip_download.py -p hydra-core -v "">=1.3.2""
python /home/tools/pip_download.py -p numpy -v """"
python /home/tools/pip_download.py -p torch -v "">=2.2.1""
python /home/tools/pip_download.py -p datasets -v "">=2.19.0""
python /home/tools/pip_download.py -p pillow -v """"
---------------------------
### Thought:
The error indicates that the `einops` module is missing. According to the `pyproject.toml` file, `einops` is listed as a dependency. I will add `einops` to the waiting list and proceed with the installation.

### Action:
```bash
waitinglist add -p einops -v ">=0.8.0" -t pip
```
### Observation:
Running `waitinglist add -p einops -v ">=0.8.0" -t pip`...
'einops">=0.8.0"' (using pip to download) has been added into the waiting list. If you have multiple elements to add to the waitinglist, you can use && to connect multiple `waitinglist add` statements and surround them with ```bash and ```. Please make sure to write the complete statements; we will only recognize complete statements. Do not use ellipses or other incomplete forms.
[Current directory]:
/
You are currently in a [python:3.10] container.

ENVIRONMENT REMINDER: You have 177 turns left to complete the task.
The container has successfully executed the following commands in order. Please refer to the execution history, reflect, and decide the subsequent actions. Remember, your ultimate goal is to pass the tests by executing `runtest` or `poetryruntest`.
cd /repo && poetry install
python /home/tools/pip_download.py -p pyserial -v "">=3.5""
python /home/tools/pip_download.py -p hydra-core -v "">=1.3.2""
python /home/tools/pip_download.py -p numpy -v """"
python /home/tools/pip_download.py -p torch -v "">=2.2.1""
python /home/tools/pip_download.py -p datasets -v "">=2.19.0""
python /home/tools/pip_download.py -p pillow -v """"
---------------------------
### Thought:
Now that `einops` (version >= 0.8.0) has been added to the waiting list, I will proceed to download and install it.

### Action:
```bash
download
```
### Observation:
Running `download`...
'einops">=0.8.0"' has been removed from the waiting list.
"einops">=0.8.0"" installed successfully.
In this round, the following third-party libraries were successfully downloaded. They are:
einops">=0.8.0" (using tool pip)
No third-party libraries failed to download in this round.
[Current directory]:
/
You are currently in a [python:3.10] container.

ENVIRONMENT REMINDER: You have 176 turns left to complete the task.
The container has successfully executed the following commands in order. Please refer to the execution history, reflect, and decide the subsequent actions. Remember, your ultimate goal is to pass the tests by executing `runtest` or `poetryruntest`.
cd /repo && poetry install
python /home/tools/pip_download.py -p pyserial -v "">=3.5""
python /home/tools/pip_download.py -p hydra-core -v "">=1.3.2""
python /home/tools/pip_download.py -p numpy -v """"
python /home/tools/pip_download.py -p torch -v "">=2.2.1""
python /home/tools/pip_download.py -p datasets -v "">=2.19.0""
python /home/tools/pip_download.py -p pillow -v """"
python /home/tools/pip_download.py -p einops -v "">=0.8.0""
response.status_code:  400
---------------------------
### Thought:
The `einops` package has been installed successfully. Now, I will re-run the tests to check if the previous error related to the `einops` module has been resolved.

### Action:
```bash
poetryruntest
```
### Observation:
Running `python /home/tools/poetryruntest.py`...
The output is too long, so we've truncated it to show you the first and last 5000 characters.
Running `python /home/tools/poetryruntest.py`...
Error: Please modify the configuration according to the error messages below. Once all issues are resolved, rerun the tests.
Traceback (most recent call last):
  File "/usr/local/lib/python3.10/site-packages/_pytest/config/__init__.py", line 858, in import_plugin
    __import__(importspec)
  File "/usr/local/lib/python3.10/site-packages/_pytest/assertion/rewrite.py", line 184, in exec_module
    exec(co, module.__dict__)
  File "/repo/tests/fixtures/dataset_factories.py", line 11, in <module>
    from lerobot.common.datasets.lerobot_dataset import CODEBASE_VERSION, LeRobotDataset, LeRobotDatasetMetadata
  File "/repo/lerobot/common/datasets/lerobot_dataset.py", line 33, in <module>
    from lerobot.common.datasets.utils import (
  File "/repo/lerobot/common/datasets/utils.py", line 26, in <module>
    import jsonlines
ModuleNotFoundError: No module named 'jsonlines'
The above exception was the direct cause of the following exception:
Traceback (most recent call last):
  File "/usr/local/bin/pytest", line 8, in <module>
    sys.exit(console_main())
  File "/usr/local/lib/python3.10/site-packages/_pytest/config/__init__.py", line 201, in console_main
    code = main()
  File "/usr/local/lib/python3.10/site-packages/_pytest/config/__init__.py", line 156, in main
    config = _prepareconfig(args, plugins)
  File "/usr/local/lib/python3.10/site-packages/_pytest/config/__init__.py", line 341, in _prepareconfig
    config = pluginmanager.hook.pytest_cmdline_parse(
  File "/usr/local/lib/python3.10/site-packages/pluggy/_hooks.py", line 513, in __call__
    return self._hookexec(self.name, self._hookimpls.copy(), kwargs, firstresult)
  File "/usr/local/lib/python3.10/site-packages/pluggy/_manager.py", line 120, in _hookexec
    return self._inner_hookexec(hook_name, methods, kwargs, firstresult)
  File "/usr/local/lib/python3.10/site-packages/pluggy/_callers.py", line 139, in _multicall
    raise exception.with_traceback(exception.__traceback__)
  File "/usr/local/lib/python3.10/site-packages/pluggy/_callers.py", line 122, in _multicall
    teardown.throw(exception)  # type: ignore[union-attr]
  File "/usr/local/lib/python3.10/site-packages/_pytest/helpconfig.py", line 105, in pytest_cmdline_parse
    config = yield
  File "/usr/local/lib/python3.10/site-packages/pluggy/_callers.py", line 103, in _multicall
    res = hook_impl.function(*args)
  File "/usr/local/lib/python3.10/site-packages/_pytest/config/__init__.py", line 1140, in pytest_cmdline_parse
    self.parse(args)
  File "/usr/local/lib/python3.10/site-packages/_pytest/config/__init__.py", line 1494, in parse
    self._preparse(args, addopts=addopts)
  File "/usr/local/lib/python3.10/site-packages/_pytest/config/__init__.py", line 1398, in _preparse
    self.hook.pytest_load_initial_conftests(
  File "/usr/local/lib/python3.10/site-packages/pluggy/_hooks.py", line 513, in __call__
    return self._hookexec(self.name, self._hookimpls.copy(), kwargs, firstresult)
  File "/usr/local/lib/python3.10/site-packages/pluggy/_manager.py", line 120, in _hookexec
    return self._inner_hookexec(hook_name, methods, kwargs, firstresult)
  File "/usr/local/lib/python3.10/site-packages/pluggy/_callers.py", line 139, in _multicall
    raise exception.with_traceback(exception.__traceback__)
  File "/usr/local/lib/python3.10/site-packages/pluggy/_callers.py", line 122, in _multicall
    teardown.throw(exception)  # type: ignore[union-attr]
  File "/usr/local/lib/python3.10/site-packages/_pytest/warnings.py", line 151, in pytest_load_initial_conftests
    return (yield)
  File "/usr/local/lib/python3.10/site-packages/pluggy/_callers.py", line 122, in _multicall
    teardown.throw(exception)  # type: ignore[union-attr]
  File "/usr/local/lib/python3.10/site-packages/_pytest/capture.py", line 154, in pytest_load_initial_conftests
    yield
  File "/usr/local/lib/python3.10/site-packages/pluggy/_callers.py", line 103, in _multicall
    res = hook_impl.function(*args)
  File "/usr/local/lib/python3.10/site-packages/_pytest/config/__init__.py", line 1222, in pytest_load_initial_conftests
    self.pluginmanager._set_initial_conftests(
  File "/usr/local/lib/python3.10/site-packages/_pytest/config/__init__.py", line 581, in _set_initial_conftests
    self._try_load_conftest(
  File "/usr/local/lib/python3.10/site-packages/_pytest/config/__init__.py", line 629, in _try_load_conftest
    self._loadconftestmodules(
  File "/usr/local/lib/python3.10/site-packages/_pytest/config/__init__.py", line 659, in _loadconftestmodules
    mod = self._importconftest(
  File "/usr/local/lib/python3.10/site-packages/_pytest/config/__init__.py", line 735, in _importconftest
    self.consider_conftest(mod, registration_name=conftestpath_plugin_name)
  File "/usr/local/lib/python3.10/site-packages/_pytest/config/__init__.py", line 816, in consider_conftest
    self.register(conftestmodule, name=registration_name)
  File "/usr/local/lib/python3.10/site-packages/_pytest/config/__init__.py", line 512, in register
    self.consider_module(plugin)
  File "/usr/local/lib/python3.10/site-packages/_pytest/config/__init__.py", line 824, in consider_module
    self._import_plugin_specs(getattr(mod, "pytest_plugins", []))
  File "/usr/local/lib/python3.10/site-packages/_pytest/config/__init__.py", line 831, in _import_plugin_specs
    self.import_plugin(import_spec)
  File "/usr/local/lib/python3.10/site-packages/_pytest/config/__init__.py", line 860, in import_plugin
    raise ImportError(
  File "/usr/local/lib/python3.10/site-packages/_pytest/config/__init__.py", line 858, in import_plugin
    __import__(importspec)
  File "/usr/local/lib/python3.10/site-packages/_pytest/assertion/rewrite.py", line 184, in exec_module
    exec(co, module.__dict__)
  File "/repo/tests/fixtures/dataset_factories.py", line 11, in <module>
    from lerobot.common.datasets.lerobot_dataset import CODEBASE_VERSION, LeRobotDataset, LeRobotDatasetMetadata
  File "/repo
...[Truncation]...
dule
    exec(co, module.__dict__)
  File "/repo/tests/fixtures/dataset_factories.py", line 11, in <module>
    from lerobot.common.datasets.lerobot_dataset import CODEBASE_VERSION, LeRobotDataset, LeRobotDatasetMetadata
  File "/repo/lerobot/common/datasets/lerobot_dataset.py", line 33, in <module>
    from lerobot.common.datasets.utils import (
  File "/repo/lerobot/common/datasets/utils.py", line 26, in <module>
    import jsonlines
ModuleNotFoundError: No module named 'jsonlines'
The above exception was the direct cause of the following exception:
Traceback (most recent call last):
  File "/usr/local/bin/pytest", line 8, in <module>
    sys.exit(console_main())
  File "/usr/local/lib/python3.10/site-packages/_pytest/config/__init__.py", line 201, in console_main
    code = main()
  File "/usr/local/lib/python3.10/site-packages/_pytest/config/__init__.py", line 156, in main
    config = _prepareconfig(args, plugins)
  File "/usr/local/lib/python3.10/site-packages/_pytest/config/__init__.py", line 341, in _prepareconfig
    config = pluginmanager.hook.pytest_cmdline_parse(
  File "/usr/local/lib/python3.10/site-packages/pluggy/_hooks.py", line 513, in __call__
    return self._hookexec(self.name, self._hookimpls.copy(), kwargs, firstresult)
  File "/usr/local/lib/python3.10/site-packages/pluggy/_manager.py", line 120, in _hookexec
    return self._inner_hookexec(hook_name, methods, kwargs, firstresult)
  File "/usr/local/lib/python3.10/site-packages/pluggy/_callers.py", line 139, in _multicall
    raise exception.with_traceback(exception.__traceback__)
  File "/usr/local/lib/python3.10/site-packages/pluggy/_callers.py", line 122, in _multicall
    teardown.throw(exception)  # type: ignore[union-attr]
  File "/usr/local/lib/python3.10/site-packages/_pytest/helpconfig.py", line 105, in pytest_cmdline_parse
    config = yield
  File "/usr/local/lib/python3.10/site-packages/pluggy/_callers.py", line 103, in _multicall
    res = hook_impl.function(*args)
  File "/usr/local/lib/python3.10/site-packages/_pytest/config/__init__.py", line 1140, in pytest_cmdline_parse
    self.parse(args)
  File "/usr/local/lib/python3.10/site-packages/_pytest/config/__init__.py", line 1494, in parse
    self._preparse(args, addopts=addopts)
  File "/usr/local/lib/python3.10/site-packages/_pytest/config/__init__.py", line 1398, in _preparse
    self.hook.pytest_load_initial_conftests(
  File "/usr/local/lib/python3.10/site-packages/pluggy/_hooks.py", line 513, in __call__
    return self._hookexec(self.name, self._hookimpls.copy(), kwargs, firstresult)
  File "/usr/local/lib/python3.10/site-packages/pluggy/_manager.py", line 120, in _hookexec
    return self._inner_hookexec(hook_name, methods, kwargs, firstresult)
  File "/usr/local/lib/python3.10/site-packages/pluggy/_callers.py", line 139, in _multicall
    raise exception.with_traceback(exception.__traceback__)
  File "/usr/local/lib/python3.10/site-packages/pluggy/_callers.py", line 122, in _multicall
    teardown.throw(exception)  # type: ignore[union-attr]
  File "/usr/local/lib/python3.10/site-packages/_pytest/warnings.py", line 151, in pytest_load_initial_conftests
    return (yield)
  File "/usr/local/lib/python3.10/site-packages/pluggy/_callers.py", line 122, in _multicall
    teardown.throw(exception)  # type: ignore[union-attr]
  File "/usr/local/lib/python3.10/site-packages/_pytest/capture.py", line 154, in pytest_load_initial_conftests
    yield
  File "/usr/local/lib/python3.10/site-packages/pluggy/_callers.py", line 103, in _multicall
    res = hook_impl.function(*args)
  File "/usr/local/lib/python3.10/site-packages/_pytest/config/__init__.py", line 1222, in pytest_load_initial_conftests
    self.pluginmanager._set_initial_conftests(
  File "/usr/local/lib/python3.10/site-packages/_pytest/config/__init__.py", line 581, in _set_initial_conftests
    self._try_load_conftest(
  File "/usr/local/lib/python3.10/site-packages/_pytest/config/__init__.py", line 629, in _try_load_conftest
    self._loadconftestmodules(
  File "/usr/local/lib/python3.10/site-packages/_pytest/config/__init__.py", line 659, in _loadconftestmodules
    mod = self._importconftest(
  File "/usr/local/lib/python3.10/site-packages/_pytest/config/__init__.py", line 735, in _importconftest
    self.consider_conftest(mod, registration_name=conftestpath_plugin_name)
  File "/usr/local/lib/python3.10/site-packages/_pytest/config/__init__.py", line 816, in consider_conftest
    self.register(conftestmodule, name=registration_name)
  File "/usr/local/lib/python3.10/site-packages/_pytest/config/__init__.py", line 512, in register
    self.consider_module(plugin)
  File "/usr/local/lib/python3.10/site-packages/_pytest/config/__init__.py", line 824, in consider_module
    self._import_plugin_specs(getattr(mod, "pytest_plugins", []))
  File "/usr/local/lib/python3.10/site-packages/_pytest/config/__init__.py", line 831, in _import_plugin_specs
    self.import_plugin(import_spec)
  File "/usr/local/lib/python3.10/site-packages/_pytest/config/__init__.py", line 860, in import_plugin
    raise ImportError(
  File "/usr/local/lib/python3.10/site-packages/_pytest/config/__init__.py", line 858, in import_plugin
    __import__(importspec)
  File "/usr/local/lib/python3.10/site-packages/_pytest/assertion/rewrite.py", line 184, in exec_module
    exec(co, module.__dict__)
  File "/repo/tests/fixtures/dataset_factories.py", line 11, in <module>
    from lerobot.common.datasets.lerobot_dataset import CODEBASE_VERSION, LeRobotDataset, LeRobotDatasetMetadata
  File "/repo/lerobot/common/datasets/lerobot_dataset.py", line 33, in <module>
    from lerobot.common.datasets.utils import (
  File "/repo/lerobot/common/datasets/utils.py", line 26, in <module>
    import jsonlines
ImportError: Error importing plugin "tests.fixtures.dataset_factories": No module named 'jsonlines'
The command execution failed, so I have reverted it back to the previous state, which is the environment before running this command.
`poetryruntest` executes with returncode: 1

[Current directory]:
/
You are currently in a [python:3.10] container.

ENVIRONMENT REMINDER: You have 175 turns left to complete the task.
The container has successfully executed the following commands in order. Please refer to the execution history, reflect, and decide the subsequent actions. Remember, your ultimate goal is to pass the tests by executing `runtest` or `poetryruntest`.
cd /repo && poetry install
python /home/tools/pip_download.py -p pyserial -v "">=3.5""
python /home/tools/pip_download.py -p hydra-core -v "">=1.3.2""
python /home/tools/pip_download.py -p numpy -v """"
python /home/tools/pip_download.py -p torch -v "">=2.2.1""
python /home/tools/pip_download.py -p datasets -v "">=2.19.0""
python /home/tools/pip_download.py -p pillow -v """"
python /home/tools/pip_download.py -p einops -v "">=0.8.0""
---------------------------
### Thought:
The error indicates that the `jsonlines` module is missing. According to the `pyproject.toml` file, `jsonlines` is listed as a dependency. I will add `jsonlines` to the waiting list and proceed with the installation.

### Action:
```bash
waitinglist add -p jsonlines -v ">=4.0.0" -t pip
```
### Observation:
Running `waitinglist add -p jsonlines -v ">=4.0.0" -t pip`...
'jsonlines">=4.0.0"' (using pip to download) has been added into the waiting list. If you have multiple elements to add to the waitinglist, you can use && to connect multiple `waitinglist add` statements and surround them with ```bash and ```. Please make sure to write the complete statements; we will only recognize complete statements. Do not use ellipses or other incomplete forms.
[Current directory]:
/
You are currently in a [python:3.10] container.

ENVIRONMENT REMINDER: You have 174 turns left to complete the task.
The container has successfully executed the following commands in order. Please refer to the execution history, reflect, and decide the subsequent actions. Remember, your ultimate goal is to pass the tests by executing `runtest` or `poetryruntest`.
cd /repo && poetry install
python /home/tools/pip_download.py -p pyserial -v "">=3.5""
python /home/tools/pip_download.py -p hydra-core -v "">=1.3.2""
python /home/tools/pip_download.py -p numpy -v """"
python /home/tools/pip_download.py -p torch -v "">=2.2.1""
python /home/tools/pip_download.py -p datasets -v "">=2.19.0""
python /home/tools/pip_download.py -p pillow -v """"
python /home/tools/pip_download.py -p einops -v "">=0.8.0""
---------------------------
### Thought:
Now that `jsonlines` (version >= 4.0.0) has been added to the waiting list, I will proceed to download and install it.

### Action:
```bash
download
```
### Observation:
Running `download`...
'jsonlines">=4.0.0"' has been removed from the waiting list.
"jsonlines">=4.0.0"" installed successfully.
In this round, the following third-party libraries were successfully downloaded. They are:
jsonlines">=4.0.0" (using tool pip)
No third-party libraries failed to download in this round.
[Current directory]:
/
You are currently in a [python:3.10] container.

ENVIRONMENT REMINDER: You have 173 turns left to complete the task.
The container has successfully executed the following commands in order. Please refer to the execution history, reflect, and decide the subsequent actions. Remember, your ultimate goal is to pass the tests by executing `runtest` or `poetryruntest`.
cd /repo && poetry install
python /home/tools/pip_download.py -p pyserial -v "">=3.5""
python /home/tools/pip_download.py -p hydra-core -v "">=1.3.2""
python /home/tools/pip_download.py -p numpy -v """"
python /home/tools/pip_download.py -p torch -v "">=2.2.1""
python /home/tools/pip_download.py -p datasets -v "">=2.19.0""
python /home/tools/pip_download.py -p pillow -v """"
python /home/tools/pip_download.py -p einops -v "">=0.8.0""
python /home/tools/pip_download.py -p jsonlines -v "">=4.0.0""
---------------------------
### Thought:
The `jsonlines` package has been installed successfully. Now, I will re-run the tests to check if the previous error related to the `jsonlines` module has been resolved.

### Action:
```bash
poetryruntest
```
### Observation:
Running `python /home/tools/poetryruntest.py`...
The output is too long, so we've truncated it to show you the first and last 5000 characters.
Running `python /home/tools/poetryruntest.py`...
Error: Please modify the configuration according to the error messages below. Once all issues are resolved, rerun the tests.
Traceback (most recent call last):
  File "/usr/local/lib/python3.10/site-packages/_pytest/config/__init__.py", line 858, in import_plugin
    __import__(importspec)
  File "/usr/local/lib/python3.10/site-packages/_pytest/assertion/rewrite.py", line 184, in exec_module
    exec(co, module.__dict__)
  File "/repo/tests/fixtures/dataset_factories.py", line 11, in <module>
    from lerobot.common.datasets.lerobot_dataset import CODEBASE_VERSION, LeRobotDataset, LeRobotDatasetMetadata
  File "/repo/lerobot/common/datasets/lerobot_dataset.py", line 33, in <module>
    from lerobot.common.datasets.utils import (
  File "/repo/lerobot/common/datasets/utils.py", line 33, in <module>
    from torchvision import transforms
ModuleNotFoundError: No module named 'torchvision'
The above exception was the direct cause of the following exception:
Traceback (most recent call last):
  File "/usr/local/bin/pytest", line 8, in <module>
    sys.exit(console_main())
  File "/usr/local/lib/python3.10/site-packages/_pytest/config/__init__.py", line 201, in console_main
    code = main()
  File "/usr/local/lib/python3.10/site-packages/_pytest/config/__init__.py", line 156, in main
    config = _prepareconfig(args, plugins)
  File "/usr/local/lib/python3.10/site-packages/_pytest/config/__init__.py", line 341, in _prepareconfig
    config = pluginmanager.hook.pytest_cmdline_parse(
  File "/usr/local/lib/python3.10/site-packages/pluggy/_hooks.py", line 513, in __call__
    return self._hookexec(self.name, self._hookimpls.copy(), kwargs, firstresult)
  File "/usr/local/lib/python3.10/site-packages/pluggy/_manager.py", line 120, in _hookexec
    return self._inner_hookexec(hook_name, methods, kwargs, firstresult)
  File "/usr/local/lib/python3.10/site-packages/pluggy/_callers.py", line 139, in _multicall
    raise exception.with_traceback(exception.__traceback__)
  File "/usr/local/lib/python3.10/site-packages/pluggy/_callers.py", line 122, in _multicall
    teardown.throw(exception)  # type: ignore[union-attr]
  File "/usr/local/lib/python3.10/site-packages/_pytest/helpconfig.py", line 105, in pytest_cmdline_parse
    config = yield
  File "/usr/local/lib/python3.10/site-packages/pluggy/_callers.py", line 103, in _multicall
    res = hook_impl.function(*args)
  File "/usr/local/lib/python3.10/site-packages/_pytest/config/__init__.py", line 1140, in pytest_cmdline_parse
    self.parse(args)
  File "/usr/local/lib/python3.10/site-packages/_pytest/config/__init__.py", line 1494, in parse
    self._preparse(args, addopts=addopts)
  File "/usr/local/lib/python3.10/site-packages/_pytest/config/__init__.py", line 1398, in _preparse
    self.hook.pytest_load_initial_conftests(
  File "/usr/local/lib/python3.10/site-packages/pluggy/_hooks.py", line 513, in __call__
    return self._hookexec(self.name, self._hookimpls.copy(), kwargs, firstresult)
  File "/usr/local/lib/python3.10/site-packages/pluggy/_manager.py", line 120, in _hookexec
    return self._inner_hookexec(hook_name, methods, kwargs, firstresult)
  File "/usr/local/lib/python3.10/site-packages/pluggy/_callers.py", line 139, in _multicall
    raise exception.with_traceback(exception.__traceback__)
  File "/usr/local/lib/python3.10/site-packages/pluggy/_callers.py", line 122, in _multicall
    teardown.throw(exception)  # type: ignore[union-attr]
  File "/usr/local/lib/python3.10/site-packages/_pytest/warnings.py", line 151, in pytest_load_initial_conftests
    return (yield)
  File "/usr/local/lib/python3.10/site-packages/pluggy/_callers.py", line 122, in _multicall
    teardown.throw(exception)  # type: ignore[union-attr]
  File "/usr/local/lib/python3.10/site-packages/_pytest/capture.py", line 154, in pytest_load_initial_conftests
    yield
  File "/usr/local/lib/python3.10/site-packages/pluggy/_callers.py", line 103, in _multicall
    res = hook_impl.function(*args)
  File "/usr/local/lib/python3.10/site-packages/_pytest/config/__init__.py", line 1222, in pytest_load_initial_conftests
    self.pluginmanager._set_initial_conftests(
  File "/usr/local/lib/python3.10/site-packages/_pytest/config/__init__.py", line 581, in _set_initial_conftests
    self._try_load_conftest(
  File "/usr/local/lib/python3.10/site-packages/_pytest/config/__init__.py", line 629, in _try_load_conftest
    self._loadconftestmodules(
  File "/usr/local/lib/python3.10/site-packages/_pytest/config/__init__.py", line 659, in _loadconftestmodules
    mod = self._importconftest(
  File "/usr/local/lib/python3.10/site-packages/_pytest/config/__init__.py", line 735, in _importconftest
    self.consider_conftest(mod, registration_name=conftestpath_plugin_name)
  File "/usr/local/lib/python3.10/site-packages/_pytest/config/__init__.py", line 816, in consider_conftest
    self.register(conftestmodule, name=registration_name)
  File "/usr/local/lib/python3.10/site-packages/_pytest/config/__init__.py", line 512, in register
    self.consider_module(plugin)
  File "/usr/local/lib/python3.10/site-packages/_pytest/config/__init__.py", line 824, in consider_module
    self._import_plugin_specs(getattr(mod, "pytest_plugins", []))
  File "/usr/local/lib/python3.10/site-packages/_pytest/config/__init__.py", line 831, in _import_plugin_specs
    self.import_plugin(import_spec)
  File "/usr/local/lib/python3.10/site-packages/_pytest/config/__init__.py", line 860, in import_plugin
    raise ImportError(
  File "/usr/local/lib/python3.10/site-packages/_pytest/config/__init__.py", line 858, in import_plugin
    __import__(importspec)
  File "/usr/local/lib/python3.10/site-packages/_pytest/assertion/rewrite.py", line 184, in exec_module
    exec(co, module.__dict__)
  File "/repo/tests/fixtures/dataset_factories.py", line 11, in <module>
    from lerobot.common.datasets.lerobot_dataset import CODEBASE_VERSION, LeRobotDataset, LeRobotDatasetMe
...[Truncation]...
e "/repo/tests/fixtures/dataset_factories.py", line 11, in <module>
    from lerobot.common.datasets.lerobot_dataset import CODEBASE_VERSION, LeRobotDataset, LeRobotDatasetMetadata
  File "/repo/lerobot/common/datasets/lerobot_dataset.py", line 33, in <module>
    from lerobot.common.datasets.utils import (
  File "/repo/lerobot/common/datasets/utils.py", line 33, in <module>
    from torchvision import transforms
ModuleNotFoundError: No module named 'torchvision'
The above exception was the direct cause of the following exception:
Traceback (most recent call last):
  File "/usr/local/bin/pytest", line 8, in <module>
    sys.exit(console_main())
  File "/usr/local/lib/python3.10/site-packages/_pytest/config/__init__.py", line 201, in console_main
    code = main()
  File "/usr/local/lib/python3.10/site-packages/_pytest/config/__init__.py", line 156, in main
    config = _prepareconfig(args, plugins)
  File "/usr/local/lib/python3.10/site-packages/_pytest/config/__init__.py", line 341, in _prepareconfig
    config = pluginmanager.hook.pytest_cmdline_parse(
  File "/usr/local/lib/python3.10/site-packages/pluggy/_hooks.py", line 513, in __call__
    return self._hookexec(self.name, self._hookimpls.copy(), kwargs, firstresult)
  File "/usr/local/lib/python3.10/site-packages/pluggy/_manager.py", line 120, in _hookexec
    return self._inner_hookexec(hook_name, methods, kwargs, firstresult)
  File "/usr/local/lib/python3.10/site-packages/pluggy/_callers.py", line 139, in _multicall
    raise exception.with_traceback(exception.__traceback__)
  File "/usr/local/lib/python3.10/site-packages/pluggy/_callers.py", line 122, in _multicall
    teardown.throw(exception)  # type: ignore[union-attr]
  File "/usr/local/lib/python3.10/site-packages/_pytest/helpconfig.py", line 105, in pytest_cmdline_parse
    config = yield
  File "/usr/local/lib/python3.10/site-packages/pluggy/_callers.py", line 103, in _multicall
    res = hook_impl.function(*args)
  File "/usr/local/lib/python3.10/site-packages/_pytest/config/__init__.py", line 1140, in pytest_cmdline_parse
    self.parse(args)
  File "/usr/local/lib/python3.10/site-packages/_pytest/config/__init__.py", line 1494, in parse
    self._preparse(args, addopts=addopts)
  File "/usr/local/lib/python3.10/site-packages/_pytest/config/__init__.py", line 1398, in _preparse
    self.hook.pytest_load_initial_conftests(
  File "/usr/local/lib/python3.10/site-packages/pluggy/_hooks.py", line 513, in __call__
    return self._hookexec(self.name, self._hookimpls.copy(), kwargs, firstresult)
  File "/usr/local/lib/python3.10/site-packages/pluggy/_manager.py", line 120, in _hookexec
    return self._inner_hookexec(hook_name, methods, kwargs, firstresult)
  File "/usr/local/lib/python3.10/site-packages/pluggy/_callers.py", line 139, in _multicall
    raise exception.with_traceback(exception.__traceback__)
  File "/usr/local/lib/python3.10/site-packages/pluggy/_callers.py", line 122, in _multicall
    teardown.throw(exception)  # type: ignore[union-attr]
  File "/usr/local/lib/python3.10/site-packages/_pytest/warnings.py", line 151, in pytest_load_initial_conftests
    return (yield)
  File "/usr/local/lib/python3.10/site-packages/pluggy/_callers.py", line 122, in _multicall
    teardown.throw(exception)  # type: ignore[union-attr]
  File "/usr/local/lib/python3.10/site-packages/_pytest/capture.py", line 154, in pytest_load_initial_conftests
    yield
  File "/usr/local/lib/python3.10/site-packages/pluggy/_callers.py", line 103, in _multicall
    res = hook_impl.function(*args)
  File "/usr/local/lib/python3.10/site-packages/_pytest/config/__init__.py", line 1222, in pytest_load_initial_conftests
    self.pluginmanager._set_initial_conftests(
  File "/usr/local/lib/python3.10/site-packages/_pytest/config/__init__.py", line 581, in _set_initial_conftests
    self._try_load_conftest(
  File "/usr/local/lib/python3.10/site-packages/_pytest/config/__init__.py", line 629, in _try_load_conftest
    self._loadconftestmodules(
  File "/usr/local/lib/python3.10/site-packages/_pytest/config/__init__.py", line 659, in _loadconftestmodules
    mod = self._importconftest(
  File "/usr/local/lib/python3.10/site-packages/_pytest/config/__init__.py", line 735, in _importconftest
    self.consider_conftest(mod, registration_name=conftestpath_plugin_name)
  File "/usr/local/lib/python3.10/site-packages/_pytest/config/__init__.py", line 816, in consider_conftest
    self.register(conftestmodule, name=registration_name)
  File "/usr/local/lib/python3.10/site-packages/_pytest/config/__init__.py", line 512, in register
    self.consider_module(plugin)
  File "/usr/local/lib/python3.10/site-packages/_pytest/config/__init__.py", line 824, in consider_module
    self._import_plugin_specs(getattr(mod, "pytest_plugins", []))
  File "/usr/local/lib/python3.10/site-packages/_pytest/config/__init__.py", line 831, in _import_plugin_specs
    self.import_plugin(import_spec)
  File "/usr/local/lib/python3.10/site-packages/_pytest/config/__init__.py", line 860, in import_plugin
    raise ImportError(
  File "/usr/local/lib/python3.10/site-packages/_pytest/config/__init__.py", line 858, in import_plugin
    __import__(importspec)
  File "/usr/local/lib/python3.10/site-packages/_pytest/assertion/rewrite.py", line 184, in exec_module
    exec(co, module.__dict__)
  File "/repo/tests/fixtures/dataset_factories.py", line 11, in <module>
    from lerobot.common.datasets.lerobot_dataset import CODEBASE_VERSION, LeRobotDataset, LeRobotDatasetMetadata
  File "/repo/lerobot/common/datasets/lerobot_dataset.py", line 33, in <module>
    from lerobot.common.datasets.utils import (
  File "/repo/lerobot/common/datasets/utils.py", line 33, in <module>
    from torchvision import transforms
ImportError: Error importing plugin "tests.fixtures.dataset_factories": No module named 'torchvision'
The command execution failed, so I have reverted it back to the previous state, which is the environment before running this command.
`poetryruntest` executes with returncode: 1

[Current directory]:
/
You are currently in a [python:3.10] container.

ENVIRONMENT REMINDER: You have 172 turns left to complete the task.
The container has successfully executed the following commands in order. Please refer to the execution history, reflect, and decide the subsequent actions. Remember, your ultimate goal is to pass the tests by executing `runtest` or `poetryruntest`.
cd /repo && poetry install
python /home/tools/pip_download.py -p pyserial -v "">=3.5""
python /home/tools/pip_download.py -p hydra-core -v "">=1.3.2""
python /home/tools/pip_download.py -p numpy -v """"
python /home/tools/pip_download.py -p torch -v "">=2.2.1""
python /home/tools/pip_download.py -p datasets -v "">=2.19.0""
python /home/tools/pip_download.py -p pillow -v """"
python /home/tools/pip_download.py -p einops -v "">=0.8.0""
python /home/tools/pip_download.py -p jsonlines -v "">=4.0.0""
---------------------------
### Thought:
The error indicates that the `torchvision` module is missing. According to the `pyproject.toml` file, `torchvision` is listed as a dependency. I will add `torchvision` to the waiting list and proceed with the installation.

### Action:
```bash
waitinglist add -p torchvision -v ">=0.17.1" -t pip
```
### Observation:
Running `waitinglist add -p torchvision -v ">=0.17.1" -t pip`...
'torchvision">=0.17.1"' (using pip to download) has been added into the waiting list. If you have multiple elements to add to the waitinglist, you can use && to connect multiple `waitinglist add` statements and surround them with ```bash and ```. Please make sure to write the complete statements; we will only recognize complete statements. Do not use ellipses or other incomplete forms.
[Current directory]:
/
You are currently in a [python:3.10] container.

ENVIRONMENT REMINDER: You have 171 turns left to complete the task.
The container has successfully executed the following commands in order. Please refer to the execution history, reflect, and decide the subsequent actions. Remember, your ultimate goal is to pass the tests by executing `runtest` or `poetryruntest`.
cd /repo && poetry install
python /home/tools/pip_download.py -p pyserial -v "">=3.5""
python /home/tools/pip_download.py -p hydra-core -v "">=1.3.2""
python /home/tools/pip_download.py -p numpy -v """"
python /home/tools/pip_download.py -p torch -v "">=2.2.1""
python /home/tools/pip_download.py -p datasets -v "">=2.19.0""
python /home/tools/pip_download.py -p pillow -v """"
python /home/tools/pip_download.py -p einops -v "">=0.8.0""
python /home/tools/pip_download.py -p jsonlines -v "">=4.0.0""
---------------------------
### Thought:
Now that `torchvision` (version >= 0.17.1) has been added to the waiting list, I will proceed to download and install it.

### Action:
```bash
download
```
### Observation:
Running `download`...
'torchvision">=0.17.1"' has been removed from the waiting list.
"torchvision">=0.17.1"" installed successfully.
In this round, the following third-party libraries were successfully downloaded. They are:
torchvision">=0.17.1" (using tool pip)
No third-party libraries failed to download in this round.
[Current directory]:
/
You are currently in a [python:3.10] container.

ENVIRONMENT REMINDER: You have 170 turns left to complete the task.
The container has successfully executed the following commands in order. Please refer to the execution history, reflect, and decide the subsequent actions. Remember, your ultimate goal is to pass the tests by executing `runtest` or `poetryruntest`.
cd /repo && poetry install
python /home/tools/pip_download.py -p pyserial -v "">=3.5""
python /home/tools/pip_download.py -p hydra-core -v "">=1.3.2""
python /home/tools/pip_download.py -p numpy -v """"
python /home/tools/pip_download.py -p torch -v "">=2.2.1""
python /home/tools/pip_download.py -p datasets -v "">=2.19.0""
python /home/tools/pip_download.py -p pillow -v """"
python /home/tools/pip_download.py -p einops -v "">=0.8.0""
python /home/tools/pip_download.py -p jsonlines -v "">=4.0.0""
python /home/tools/pip_download.py -p torchvision -v "">=0.17.1""
---------------------------
### Thought:
The `torchvision` package has been installed successfully. Now, I will re-run the tests to check if the previous error related to the `torchvision` module has been resolved.

### Action:
```bash
poetryruntest
```
### Observation:
Running `python /home/tools/poetryruntest.py`...
The output is too long, so we've truncated it to show you the first and last 5000 characters.
Running `python /home/tools/poetryruntest.py`...
Error: Please modify the configuration according to the error messages below. Once all issues are resolved, rerun the tests.
tests/test_cameras.py::test_camera[opencv-True]
tests/test_cameras.py::test_camera[opencv-False]
tests/test_cameras.py::test_camera[intelrealsense-True]
tests/test_cameras.py::test_camera[intelrealsense-False]
tests/test_cameras.py::test_save_images_from_cameras[opencv-True]
tests/test_cameras.py::test_save_images_from_cameras[opencv-False]
tests/test_cameras.py::test_save_images_from_cameras[intelrealsense-True]
tests/test_cameras.py::test_save_images_from_cameras[intelrealsense-False]
tests/test_delta_timestamps.py::test_check_timestamps_sync_synced
tests/test_delta_timestamps.py::test_check_timestamps_sync_unsynced
tests/test_delta_timestamps.py::test_check_timestamps_sync_unsynced_no_exception
tests/test_delta_timestamps.py::test_check_timestamps_sync_slightly_off
tests/test_delta_timestamps.py::test_check_timestamps_sync_single_timestamp
tests/test_delta_timestamps.py::test_check_timestamps_sync_empty_dataset
tests/test_delta_timestamps.py::test_check_delta_timestamps_valid
tests/test_delta_timestamps.py::test_check_delta_timestamps_slightly_off
tests/test_delta_timestamps.py::test_check_delta_timestamps_invalid
tests/test_delta_timestamps.py::test_check_delta_timestamps_invalid_no_exception
tests/test_delta_timestamps.py::test_check_delta_timestamps_empty
tests/test_delta_timestamps.py::test_delta_indices
tests/test_examples.py::test_example_1
tests/test_examples.py::test_examples_basic2_basic3_advanced1
tests/test_image_writer.py::test_init_threading
tests/test_image_writer.py::test_init_multiprocessing
tests/test_image_writer.py::test_zero_threads
tests/test_image_writer.py::test_image_array_to_image_rgb
tests/test_image_writer.py::test_image_array_to_image_pytorch_format
tests/test_image_writer.py::test_image_array_to_image_single_channel
tests/test_image_writer.py::test_image_array_to_image_float_array
tests/test_image_writer.py::test_image_array_to_image_out_of_bounds_float
tests/test_image_writer.py::test_write_image_numpy
tests/test_image_writer.py::test_write_image_image
tests/test_image_writer.py::test_write_image_exception
tests/test_image_writer.py::test_save_image_numpy
tests/test_image_writer.py::test_save_image_numpy_multiprocessing
tests/test_image_writer.py::test_save_image_torch
tests/test_image_writer.py::test_save_image_torch_multiprocessing
tests/test_image_writer.py::test_save_image_pil
tests/test_image_writer.py::test_save_image_pil_multiprocessing
tests/test_image_writer.py::test_save_image_invalid_data
tests/test_image_writer.py::test_save_image_after_stop
tests/test_image_writer.py::test_stop
tests/test_image_writer.py::test_stop_multiprocessing
tests/test_image_writer.py::test_multiple_stops
tests/test_image_writer.py::test_multiple_stops_multiprocessing
tests/test_image_writer.py::test_wait_until_done
tests/test_image_writer.py::test_wait_until_done_multiprocessing
tests/test_image_writer.py::test_exception_handling
tests/test_image_writer.py::test_with_different_image_formats
tests/test_image_writer.py::test_safe_stop_image_writer_decorator
tests/test_image_writer.py::test_main_process_time
tests/test_motors.py::test_find_port[dynamixel-True]
tests/test_motors.py::test_find_port[dynamixel-False]
tests/test_motors.py::test_find_port[feetech-True]
tests/test_motors.py::test_find_port[feetech-False]
tests/test_motors.py::test_configure_motors_all_ids_1[dynamixel-True]
tests/test_motors.py::test_configure_motors_all_ids_1[dynamixel-False]
tests/test_motors.py::test_configure_motors_all_ids_1[feetech-True]
tests/test_motors.py::test_configure_motors_all_ids_1[feetech-False]
tests/test_motors.py::test_motors_bus[dynamixel-True]
tests/test_motors.py::test_motors_bus[dynamixel-False]
tests/test_motors.py::test_motors_bus[feetech-True]
tests/test_motors.py::test_motors_bus[feetech-False]
tests/test_online_buffer.py::test_non_mutate
tests/test_online_buffer.py::test_index_error_no_data
tests/test_online_buffer.py::test_index_error_with_data
tests/test_online_buffer.py::test_write_read[False]
tests/test_online_buffer.py::test_write_read[True]
tests/test_online_buffer.py::test_read_data_key
tests/test_online_buffer.py::test_fifo
tests/test_online_buffer.py::test_delta_timestamps_within_tolerance
tests/test_online_buffer.py::test_delta_timestamps_outside_tolerance_inside_episode_range
tests/test_online_buffer.py::test_delta_timestamps_outside_tolerance_outside_episode_range
tests/test_online_buffer.py::test_compute_sampler_weights_trivial[0.0-0-1]
tests/test_online_buffer.py::test_compute_sampler_weights_trivial[0.0-0-6]
tests/test_online_buffer.py::test_compute_sampler_weights_trivial[0.0-4-1]
tests/test_online_buffer.py::test_compute_sampler_weights_trivial[0.0-4-6]
tests/test_online_buffer.py::test_compute_sampler_weights_trivial[1.0-0-1]
tests/test_online_buffer.py::test_compute_sampler_weights_trivial[1.0-0-6]
tests/test_online_buffer.py::test_compute_sampler_weights_trivial[1.0-4-1]
tests/test_online_buffer.py::test_compute_sampler_weights_trivial[1.0-4-6]
tests/test_online_buffer.py::test_compute_sampler_weights_nontrivial_ratio
tests/test_online_buffer.py::test_compute_sampler_weights_nontrivial_ratio_and_drop_last_n
tests/test_online_buffer.py::test_compute_sampler_weights_drop_n_last_frames
tests/test_robots.py::test_robot[koch-True]
tests/test_robots.py::test_robot[koch-False]
tests/test_robots.py::test_robot[koch_bimanual-True]
tests/test_robots.py::test_robot[koch_bimanual-False]
tests/test_robots.py::test_robot[aloha-True]
tests/test_robots.py::test_robot[aloha-False]
tests/test_robots.py::test_robot[so100-True]
tests/test_robots.py::test_robot[so100-False]
tests/test_robots.py::test_robot[moss-True]
tests/test_robots.py::test_robot[moss-False]
tests/test_sampler.py::test_drop_n_first_frames
tests/test_sampler.py::test_drop_n_last_frames
tests/test_sampler.py::test_episode_indices_t
...[Truncation]...
y::test_seeding[random1]
tests/test_utils.py::test_seeding[<lambda>]
tests/test_utils.py::test_get_set_random_state
tests/test_utils.py::test_calculate_episode_data_index
tests/test_utils.py::test_init_hydra_config_empty
Testing with DEVICE='cpu'
==================================== ERRORS ====================================
___________________ ERROR collecting tests/test_available.py ___________________
ImportError while importing test module '/repo/tests/test_available.py'.
Hint: make sure your test modules/packages have valid Python names.
Traceback:
/usr/local/lib/python3.10/importlib/__init__.py:126: in import_module
    return _bootstrap._gcd_import(name[level:], package, level)
tests/test_available.py:18: in <module>
    import gymnasium as gym
E   ModuleNotFoundError: No module named 'gymnasium'
_________________ ERROR collecting tests/test_control_robot.py _________________
ImportError while importing test module '/repo/tests/test_control_robot.py'.
Hint: make sure your test modules/packages have valid Python names.
Traceback:
/usr/local/lib/python3.10/importlib/__init__.py:126: in import_module
    return _bootstrap._gcd_import(name[level:], package, level)
tests/test_control_robot.py:32: in <module>
    from lerobot.common.logger import Logger
lerobot/common/logger.py:30: in <module>
    from termcolor import colored
E   ModuleNotFoundError: No module named 'termcolor'
___________________ ERROR collecting tests/test_datasets.py ____________________
ImportError while importing test module '/repo/tests/test_datasets.py'.
Hint: make sure your test modules/packages have valid Python names.
Traceback:
/usr/local/lib/python3.10/importlib/__init__.py:126: in import_module
    return _bootstrap._gcd_import(name[level:], package, level)
tests/test_datasets.py:27: in <module>
    from safetensors.torch import load_file
E   ModuleNotFoundError: No module named 'safetensors'
_____________________ ERROR collecting tests/test_envs.py ______________________
ImportError while importing test module '/repo/tests/test_envs.py'.
Hint: make sure your test modules/packages have valid Python names.
Traceback:
/usr/local/lib/python3.10/importlib/__init__.py:126: in import_module
    return _bootstrap._gcd_import(name[level:], package, level)
tests/test_envs.py:18: in <module>
    import gymnasium as gym
E   ModuleNotFoundError: No module named 'gymnasium'
_______________ ERROR collecting tests/test_image_transforms.py ________________
ImportError while importing test module '/repo/tests/test_image_transforms.py'.
Hint: make sure your test modules/packages have valid Python names.
Traceback:
/usr/local/lib/python3.10/importlib/__init__.py:126: in import_module
    return _bootstrap._gcd_import(name[level:], package, level)
tests/test_image_transforms.py:20: in <module>
    from safetensors.torch import load_file
E   ModuleNotFoundError: No module named 'safetensors'
___________________ ERROR collecting tests/test_policies.py ____________________
ImportError while importing test module '/repo/tests/test_policies.py'.
Hint: make sure your test modules/packages have valid Python names.
Traceback:
/usr/local/lib/python3.10/importlib/__init__.py:126: in import_module
    return _bootstrap._gcd_import(name[level:], package, level)
tests/test_policies.py:24: in <module>
    from safetensors.torch import load_file
E   ModuleNotFoundError: No module named 'safetensors'
______________ ERROR collecting tests/test_push_dataset_to_hub.py ______________
ImportError while importing test module '/repo/tests/test_push_dataset_to_hub.py'.
Hint: make sure your test modules/packages have valid Python names.
Traceback:
/usr/local/lib/python3.10/importlib/__init__.py:126: in import_module
    return _bootstrap._gcd_import(name[level:], package, level)
tests/test_push_dataset_to_hub.py:21: in <module>
    from lerobot.scripts.push_dataset_to_hub import push_dataset_to_hub
lerobot/scripts/push_dataset_to_hub.py:54: in <module>
    from safetensors.torch import save_file
E   ModuleNotFoundError: No module named 'safetensors'
_______________ ERROR collecting tests/test_visualize_dataset.py _______________
ImportError while importing test module '/repo/tests/test_visualize_dataset.py'.
Hint: make sure your test modules/packages have valid Python names.
Traceback:
/usr/local/lib/python3.10/importlib/__init__.py:126: in import_module
    return _bootstrap._gcd_import(name[level:], package, level)
tests/test_visualize_dataset.py:18: in <module>
    from lerobot.scripts.visualize_dataset import visualize_dataset
lerobot/scripts/visualize_dataset.py:72: in <module>
    import rerun as rr
E   ModuleNotFoundError: No module named 'rerun'
____________ ERROR collecting tests/test_visualize_dataset_html.py _____________
ImportError while importing test module '/repo/tests/test_visualize_dataset_html.py'.
Hint: make sure your test modules/packages have valid Python names.
Traceback:
/usr/local/lib/python3.10/importlib/__init__.py:126: in import_module
    return _bootstrap._gcd_import(name[level:], package, level)
tests/test_visualize_dataset_html.py:17: in <module>
    from lerobot.scripts.visualize_dataset_html import visualize_dataset_html
lerobot/scripts/visualize_dataset_html.py:61: in <module>
    from flask import Flask, redirect, render_template, url_for
E   ModuleNotFoundError: No module named 'flask'
=========================== short test summary info ============================
ERROR tests/test_available.py
ERROR tests/test_control_robot.py
ERROR tests/test_datasets.py
ERROR tests/test_envs.py
ERROR tests/test_image_transforms.py
ERROR tests/test_policies.py
ERROR tests/test_push_dataset_to_hub.py
ERROR tests/test_visualize_dataset.py
ERROR tests/test_visualize_dataset_html.py
!!!!!!!!!!!!!!!!!!! Interrupted: 9 errors during collection !!!!!!!!!!!!!!!!!!!!
104 tests collected, 9 errors in 1.92s
The command execution failed, so I have reverted it back to the previous state, which is the environment before running this command.
`poetryruntest` executes with returncode: 2

[Current directory]:
/
You are currently in a [python:3.10] container.

ENVIRONMENT REMINDER: You have 169 turns left to complete the task.
The container has successfully executed the following commands in order. Please refer to the execution history, reflect, and decide the subsequent actions. Remember, your ultimate goal is to pass the tests by executing `runtest` or `poetryruntest`.
cd /repo && poetry install
python /home/tools/pip_download.py -p pyserial -v "">=3.5""
python /home/tools/pip_download.py -p hydra-core -v "">=1.3.2""
python /home/tools/pip_download.py -p numpy -v """"
python /home/tools/pip_download.py -p torch -v "">=2.2.1""
python /home/tools/pip_download.py -p datasets -v "">=2.19.0""
python /home/tools/pip_download.py -p pillow -v """"
python /home/tools/pip_download.py -p einops -v "">=0.8.0""
python /home/tools/pip_download.py -p jsonlines -v "">=4.0.0""
python /home/tools/pip_download.py -p torchvision -v "">=0.17.1""
---------------------------
### Thought:
The errors indicate that additional modules are missing, including `gymnasium`, `termcolor`, `safetensors`, `rerun`, and `flask`. According to the `pyproject.toml` file, these modules are listed as dependencies. I will add `gymnasium`, `termcolor`, `safetensors`, `rerun-sdk`, and `flask` to the waiting list and proceed with the installation.

### Action:
```bash
waitinglist add -p gymnasium -v "==0.29.1" -t pip && waitinglist add -p safetensors -v "" -t pip && waitinglist add -p rerun-sdk -v ">=0.15.1" -t pip && waitinglist add -p flask -v ">=3.0.3" -t pip
```
### Observation:
Running `waitinglist add -p gymnasium -v "==0.29.1" -t pip`...
'gymnasium"==0.29.1"' (using pip to download) has been added into the waiting list. If you have multiple elements to add to the waitinglist, you can use && to connect multiple `waitinglist add` statements and surround them with ```bash and ```. Please make sure to write the complete statements; we will only recognize complete statements. Do not use ellipses or other incomplete forms.Running `waitinglist add -p safetensors -v "" -t pip`...
'safetensors""' (using pip to download) has been added into the waiting list. If you have multiple elements to add to the waitinglist, you can use && to connect multiple `waitinglist add` statements and surround them with ```bash and ```. Please make sure to write the complete statements; we will only recognize complete statements. Do not use ellipses or other incomplete forms.Running `waitinglist add -p rerun-sdk -v ">=0.15.1" -t pip`...
'rerun-sdk">=0.15.1"' (using pip to download) has been added into the waiting list. If you have multiple elements to add to the waitinglist, you can use && to connect multiple `waitinglist add` statements and surround them with ```bash and ```. Please make sure to write the complete statements; we will only recognize complete statements. Do not use ellipses or other incomplete forms.Running `waitinglist add -p flask -v ">=3.0.3" -t pip`...
'flask">=3.0.3"' (using pip to download) has been added into the waiting list. If you have multiple elements to add to the waitinglist, you can use && to connect multiple `waitinglist add` statements and surround them with ```bash and ```. Please make sure to write the complete statements; we will only recognize complete statements. Do not use ellipses or other incomplete forms.
[Current directory]:
/
You are currently in a [python:3.10] container.

ENVIRONMENT REMINDER: You have 168 turns left to complete the task.
The container has successfully executed the following commands in order. Please refer to the execution history, reflect, and decide the subsequent actions. Remember, your ultimate goal is to pass the tests by executing `runtest` or `poetryruntest`.
cd /repo && poetry install
python /home/tools/pip_download.py -p pyserial -v "">=3.5""
python /home/tools/pip_download.py -p hydra-core -v "">=1.3.2""
python /home/tools/pip_download.py -p numpy -v """"
python /home/tools/pip_download.py -p torch -v "">=2.2.1""
python /home/tools/pip_download.py -p datasets -v "">=2.19.0""
python /home/tools/pip_download.py -p pillow -v """"
python /home/tools/pip_download.py -p einops -v "">=0.8.0""
python /home/tools/pip_download.py -p jsonlines -v "">=4.0.0""
python /home/tools/pip_download.py -p torchvision -v "">=0.17.1""
---------------------------
### Thought:
Now that `gymnasium`, `safetensors`, `rerun-sdk`, and `flask` have been added to the waiting list, I will proceed to download and install them.

### Action:
```bash
download
```
### Observation:
Running `download`...
'gymnasium"==0.29.1"' has been removed from the waiting list.
"gymnasium"==0.29.1"" installed successfully.
'safetensors""' has been removed from the waiting list.
"safetensors""" installed successfully.
'rerun-sdk">=0.15.1"' has been removed from the waiting list.
"rerun-sdk">=0.15.1"" installed successfully.
'flask">=3.0.3"' has been removed from the waiting list.
"flask">=3.0.3"" installed successfully.
In this round, the following third-party libraries were successfully downloaded. They are:
gymnasium"==0.29.1" (using tool pip)
safetensors"" (using tool pip)
rerun-sdk">=0.15.1" (using tool pip)
flask">=3.0.3" (using tool pip)
No third-party libraries failed to download in this round.
[Current directory]:
/
You are currently in a [python:3.10] container.

ENVIRONMENT REMINDER: You have 167 turns left to complete the task.
The container has successfully executed the following commands in order. Please refer to the execution history, reflect, and decide the subsequent actions. Remember, your ultimate goal is to pass the tests by executing `runtest` or `poetryruntest`.
cd /repo && poetry install
python /home/tools/pip_download.py -p pyserial -v "">=3.5""
python /home/tools/pip_download.py -p hydra-core -v "">=1.3.2""
python /home/tools/pip_download.py -p numpy -v """"
python /home/tools/pip_download.py -p torch -v "">=2.2.1""
python /home/tools/pip_download.py -p datasets -v "">=2.19.0""
python /home/tools/pip_download.py -p pillow -v """"
python /home/tools/pip_download.py -p einops -v "">=0.8.0""
python /home/tools/pip_download.py -p jsonlines -v "">=4.0.0""
python /home/tools/pip_download.py -p torchvision -v "">=0.17.1""
python /home/tools/pip_download.py -p gymnasium -v ""==0.29.1""
python /home/tools/pip_download.py -p safetensors -v """"
python /home/tools/pip_download.py -p rerun-sdk -v "">=0.15.1""
python /home/tools/pip_download.py -p flask -v "">=3.0.3""
---------------------------
### Thought:
The required modules have been installed successfully. Now, I will re-run the tests to verify if the previous errors related to the missing modules have been resolved.

### Action:
```bash
poetryruntest
```
### Observation:
Running `python /home/tools/poetryruntest.py`...
The output is too long, so we've truncated it to show you the first and last 5000 characters.
Running `python /home/tools/poetryruntest.py`...
Error: Please modify the configuration according to the error messages below. Once all issues are resolved, rerun the tests.
tests/test_cameras.py::test_camera[opencv-True]
tests/test_cameras.py::test_camera[opencv-False]
tests/test_cameras.py::test_camera[intelrealsense-True]
tests/test_cameras.py::test_camera[intelrealsense-False]
tests/test_cameras.py::test_save_images_from_cameras[opencv-True]
tests/test_cameras.py::test_save_images_from_cameras[opencv-False]
tests/test_cameras.py::test_save_images_from_cameras[intelrealsense-True]
tests/test_cameras.py::test_save_images_from_cameras[intelrealsense-False]
tests/test_datasets.py::test_same_attributes_defined
tests/test_datasets.py::test_dataset_initialization
tests/test_datasets.py::test_factory[aloha-lerobot/aloha_sim_insertion_human-act]
tests/test_datasets.py::test_factory[aloha-lerobot/aloha_sim_insertion_scripted-act]
tests/test_datasets.py::test_factory[aloha-lerobot/aloha_sim_transfer_cube_human-act]
tests/test_datasets.py::test_factory[aloha-lerobot/aloha_sim_transfer_cube_scripted-act]
tests/test_datasets.py::test_factory[aloha-lerobot/aloha_sim_insertion_human_image-act]
tests/test_datasets.py::test_factory[aloha-lerobot/aloha_sim_insertion_scripted_image-act]
tests/test_datasets.py::test_factory[aloha-lerobot/aloha_sim_transfer_cube_human_image-act]
tests/test_datasets.py::test_factory[aloha-lerobot/aloha_sim_transfer_cube_scripted_image-act]
tests/test_datasets.py::test_factory[pusht-lerobot/pusht-diffusion]
tests/test_datasets.py::test_factory[pusht-lerobot/pusht-vqbet]
tests/test_datasets.py::test_factory[pusht-lerobot/pusht_image-diffusion]
tests/test_datasets.py::test_factory[pusht-lerobot/pusht_image-vqbet]
tests/test_datasets.py::test_factory[xarm-lerobot/xarm_lift_medium-tdmpc]
tests/test_datasets.py::test_factory[xarm-lerobot/xarm_lift_medium_replay-tdmpc]
tests/test_datasets.py::test_factory[xarm-lerobot/xarm_push_medium-tdmpc]
tests/test_datasets.py::test_factory[xarm-lerobot/xarm_push_medium_replay-tdmpc]
tests/test_datasets.py::test_factory[xarm-lerobot/xarm_lift_medium_image-tdmpc]
tests/test_datasets.py::test_factory[xarm-lerobot/xarm_lift_medium_replay_image-tdmpc]
tests/test_datasets.py::test_factory[xarm-lerobot/xarm_push_medium_image-tdmpc]
tests/test_datasets.py::test_factory[xarm-lerobot/xarm_push_medium_replay_image-tdmpc]
tests/test_datasets.py::test_factory[dora_aloha_real-lerobot/aloha_static_battery-act_aloha_real]
tests/test_datasets.py::test_factory[dora_aloha_real-lerobot/aloha_static_candy-act_aloha_real]
tests/test_datasets.py::test_factory[dora_aloha_real-lerobot/aloha_static_coffee-act_aloha_real]
tests/test_datasets.py::test_factory[dora_aloha_real-lerobot/aloha_static_coffee_new-act_aloha_real]
tests/test_datasets.py::test_factory[dora_aloha_real-lerobot/aloha_static_cups_open-act_aloha_real]
tests/test_datasets.py::test_factory[dora_aloha_real-lerobot/aloha_static_fork_pick_up-act_aloha_real]
tests/test_datasets.py::test_factory[dora_aloha_real-lerobot/aloha_static_pingpong_test-act_aloha_real]
tests/test_datasets.py::test_factory[dora_aloha_real-lerobot/aloha_static_pro_pencil-act_aloha_real]
tests/test_datasets.py::test_factory[dora_aloha_real-lerobot/aloha_static_screw_driver-act_aloha_real]
tests/test_datasets.py::test_factory[dora_aloha_real-lerobot/aloha_static_tape-act_aloha_real]
tests/test_datasets.py::test_factory[dora_aloha_real-lerobot/aloha_static_thread_velcro-act_aloha_real]
tests/test_datasets.py::test_factory[dora_aloha_real-lerobot/aloha_static_towel-act_aloha_real]
tests/test_datasets.py::test_factory[dora_aloha_real-lerobot/aloha_static_vinh_cup-act_aloha_real]
tests/test_datasets.py::test_factory[dora_aloha_real-lerobot/aloha_static_vinh_cup_left-act_aloha_real]
tests/test_datasets.py::test_factory[dora_aloha_real-lerobot/aloha_static_ziploc_slide-act_aloha_real]
tests/test_datasets.py::test_factory[aloha-repo_id35-act]
tests/test_datasets.py::test_multilerobotdataset_frames
tests/test_datasets.py::test_compute_stats_on_xarm
tests/test_datasets.py::test_flatten_unflatten_dict
tests/test_datasets.py::test_backward_compatibility[lerobot/pusht]
tests/test_datasets.py::test_backward_compatibility[lerobot/aloha_sim_insertion_human]
tests/test_datasets.py::test_backward_compatibility[lerobot/xarm_lift_medium]
tests/test_datasets.py::test_aggregate_stats
tests/test_datasets.py::test_create_branch
tests/test_delta_timestamps.py::test_check_timestamps_sync_synced
tests/test_delta_timestamps.py::test_check_timestamps_sync_unsynced
tests/test_delta_timestamps.py::test_check_timestamps_sync_unsynced_no_exception
tests/test_delta_timestamps.py::test_check_timestamps_sync_slightly_off
tests/test_delta_timestamps.py::test_check_timestamps_sync_single_timestamp
tests/test_delta_timestamps.py::test_check_timestamps_sync_empty_dataset
tests/test_delta_timestamps.py::test_check_delta_timestamps_valid
tests/test_delta_timestamps.py::test_check_delta_timestamps_slightly_off
tests/test_delta_timestamps.py::test_check_delta_timestamps_invalid
tests/test_delta_timestamps.py::test_check_delta_timestamps_invalid_no_exception
tests/test_delta_timestamps.py::test_check_delta_timestamps_empty
tests/test_delta_timestamps.py::test_delta_indices
tests/test_envs.py::test_env[aloha-AlohaInsertion-v0-state]
tests/test_envs.py::test_env[aloha-AlohaInsertion-v0-pixels]
tests/test_envs.py::test_env[aloha-AlohaInsertion-v0-pixels_agent_pos]
tests/test_envs.py::test_env[aloha-AlohaTransferCube-v0-state]
tests/test_envs.py::test_env[aloha-AlohaTransferCube-v0-pixels]
tests/test_envs.py::test_env[aloha-AlohaTransferCube-v0-pixels_agent_pos]
tests/test_envs.py::test_env[pusht-PushT-v0-state]
tests/test_envs.py::test_env[pusht-PushT-v0-pixels]
tests/test_envs.py::test_env[pusht-PushT-v0-pixels_agent_pos]
tests/test_envs.py::test_env[xarm-XarmLift-v0-state]
tests/test_envs.py::test_env[xarm-XarmLift-v0-pixels]
tests/test_envs.py::test_env[xarm-XarmLift-v0-pixels_a
...[Truncation]...

tests/test_online_buffer.py::test_delta_timestamps_outside_tolerance_inside_episode_range
tests/test_online_buffer.py::test_delta_timestamps_outside_tolerance_outside_episode_range
tests/test_online_buffer.py::test_compute_sampler_weights_trivial[0.0-0-1]
tests/test_online_buffer.py::test_compute_sampler_weights_trivial[0.0-0-6]
tests/test_online_buffer.py::test_compute_sampler_weights_trivial[0.0-4-1]
tests/test_online_buffer.py::test_compute_sampler_weights_trivial[0.0-4-6]
tests/test_online_buffer.py::test_compute_sampler_weights_trivial[1.0-0-1]
tests/test_online_buffer.py::test_compute_sampler_weights_trivial[1.0-0-6]
tests/test_online_buffer.py::test_compute_sampler_weights_trivial[1.0-4-1]
tests/test_online_buffer.py::test_compute_sampler_weights_trivial[1.0-4-6]
tests/test_online_buffer.py::test_compute_sampler_weights_nontrivial_ratio
tests/test_online_buffer.py::test_compute_sampler_weights_nontrivial_ratio_and_drop_last_n
tests/test_online_buffer.py::test_compute_sampler_weights_drop_n_last_frames
tests/test_push_dataset_to_hub.py::test_push_dataset_to_hub_invalid_repo_id
tests/test_push_dataset_to_hub.py::test_push_dataset_to_hub_out_dir_force_override_false
tests/test_push_dataset_to_hub.py::test_push_dataset_to_hub_format[required_packages0-pusht_zarr-lerobot/pusht-False]
tests/test_push_dataset_to_hub.py::test_push_dataset_to_hub_format[required_packages1-pusht_zarr-lerobot/pusht-True]
tests/test_push_dataset_to_hub.py::test_push_dataset_to_hub_format[None-xarm_pkl-lerobot/xarm_lift_medium-False]
tests/test_push_dataset_to_hub.py::test_push_dataset_to_hub_format[None-aloha_hdf5-lerobot/aloha_sim_insertion_scripted-False]
tests/test_push_dataset_to_hub.py::test_push_dataset_to_hub_format[required_packages4-umi_zarr-lerobot/umi_cup_in_the_wild-False]
tests/test_push_dataset_to_hub.py::test_push_dataset_to_hub_format[None-dora_parquet-cadene/wrist_gripper-False]
tests/test_push_dataset_to_hub.py::test_push_dataset_to_hub_pusht_backward_compatibility[pusht_zarr-lerobot/pusht]
tests/test_push_dataset_to_hub.py::test_push_dataset_to_hub_pusht_backward_compatibility[xarm_pkl-lerobot/xarm_lift_medium]
tests/test_push_dataset_to_hub.py::test_push_dataset_to_hub_pusht_backward_compatibility[aloha_hdf5-lerobot/aloha_sim_insertion_scripted]
tests/test_push_dataset_to_hub.py::test_push_dataset_to_hub_pusht_backward_compatibility[umi_zarr-lerobot/umi_cup_in_the_wild]
tests/test_push_dataset_to_hub.py::test_push_dataset_to_hub_pusht_backward_compatibility[dora_parquet-cadene/wrist_gripper]
tests/test_robots.py::test_robot[koch-True]
tests/test_robots.py::test_robot[koch-False]
tests/test_robots.py::test_robot[koch_bimanual-True]
tests/test_robots.py::test_robot[koch_bimanual-False]
tests/test_robots.py::test_robot[aloha-True]
tests/test_robots.py::test_robot[aloha-False]
tests/test_robots.py::test_robot[so100-True]
tests/test_robots.py::test_robot[so100-False]
tests/test_robots.py::test_robot[moss-True]
tests/test_robots.py::test_robot[moss-False]
tests/test_sampler.py::test_drop_n_first_frames
tests/test_sampler.py::test_drop_n_last_frames
tests/test_sampler.py::test_episode_indices_to_use
tests/test_sampler.py::test_shuffle
tests/test_utils.py::test_seeding[random0]
tests/test_utils.py::test_seeding[random1]
tests/test_utils.py::test_seeding[<lambda>]
tests/test_utils.py::test_get_set_random_state
tests/test_utils.py::test_calculate_episode_data_index
tests/test_utils.py::test_init_hydra_config_empty
tests/test_visualize_dataset.py::test_visualize_local_dataset
tests/test_visualize_dataset_html.py::test_visualize_dataset_html
Testing with DEVICE='cpu'
==================================== ERRORS ====================================
___________________ ERROR collecting tests/test_available.py ___________________
ImportError while importing test module '/repo/tests/test_available.py'.
Hint: make sure your test modules/packages have valid Python names.
Traceback:
/usr/local/lib/python3.10/importlib/__init__.py:126: in import_module
    return _bootstrap._gcd_import(name[level:], package, level)
tests/test_available.py:23: in <module>
    from lerobot.common.policies.diffusion.modeling_diffusion import DiffusionPolicy
lerobot/common/policies/diffusion/modeling_diffusion.py:32: in <module>
    from diffusers.schedulers.scheduling_ddim import DDIMScheduler
E   ModuleNotFoundError: No module named 'diffusers'
_________________ ERROR collecting tests/test_control_robot.py _________________
ImportError while importing test module '/repo/tests/test_control_robot.py'.
Hint: make sure your test modules/packages have valid Python names.
Traceback:
/usr/local/lib/python3.10/importlib/__init__.py:126: in import_module
    return _bootstrap._gcd_import(name[level:], package, level)
tests/test_control_robot.py:32: in <module>
    from lerobot.common.logger import Logger
lerobot/common/logger.py:30: in <module>
    from termcolor import colored
E   ModuleNotFoundError: No module named 'termcolor'
___________________ ERROR collecting tests/test_policies.py ____________________
ImportError while importing test module '/repo/tests/test_policies.py'.
Hint: make sure your test modules/packages have valid Python names.
Traceback:
/usr/local/lib/python3.10/importlib/__init__.py:126: in import_module
    return _bootstrap._gcd_import(name[level:], package, level)
tests/test_policies.py:40: in <module>
    from lerobot.scripts.train import make_optimizer_and_scheduler
lerobot/scripts/train.py:28: in <module>
    from deepdiff import DeepDiff
E   ModuleNotFoundError: No module named 'deepdiff'
=========================== short test summary info ============================
ERROR tests/test_available.py
ERROR tests/test_control_robot.py
ERROR tests/test_policies.py
!!!!!!!!!!!!!!!!!!! Interrupted: 3 errors during collection !!!!!!!!!!!!!!!!!!!!
221 tests collected, 3 errors in 1.63s
The command execution failed, so I have reverted it back to the previous state, which is the environment before running this command.
`poetryruntest` executes with returncode: 2

[Current directory]:
/
You are currently in a [python:3.10] container.

ENVIRONMENT REMINDER: You have 166 turns left to complete the task.
The container has successfully executed the following commands in order. Please refer to the execution history, reflect, and decide the subsequent actions. Remember, your ultimate goal is to pass the tests by executing `runtest` or `poetryruntest`.
cd /repo && poetry install
python /home/tools/pip_download.py -p pyserial -v "">=3.5""
python /home/tools/pip_download.py -p hydra-core -v "">=1.3.2""
python /home/tools/pip_download.py -p numpy -v """"
python /home/tools/pip_download.py -p torch -v "">=2.2.1""
python /home/tools/pip_download.py -p datasets -v "">=2.19.0""
python /home/tools/pip_download.py -p pillow -v """"
python /home/tools/pip_download.py -p einops -v "">=0.8.0""
python /home/tools/pip_download.py -p jsonlines -v "">=4.0.0""
python /home/tools/pip_download.py -p torchvision -v "">=0.17.1""
python /home/tools/pip_download.py -p gymnasium -v ""==0.29.1""
python /home/tools/pip_download.py -p safetensors -v """"
python /home/tools/pip_download.py -p rerun-sdk -v "">=0.15.1""
python /home/tools/pip_download.py -p flask -v "">=3.0.3""
---------------------------
### Thought:
The errors indicate that additional modules are missing, including `diffusers`, `termcolor`, and `deepdiff`. According to the `pyproject.toml` file, these modules are listed as dependencies. I will add `diffusers`, `termcolor`, and `deepdiff` to the waiting list and proceed with the installation.

### Action:
```bash
waitinglist add -p diffusers -v ">=0.24.0" -t pip && waitinglist add -p deepdiff -v ">=6.2.3" -t pip
```
### Observation:
Running `waitinglist add -p diffusers -v ">=0.24.0" -t pip`...
'diffusers">=0.24.0"' (using pip to download) has been added into the waiting list. If you have multiple elements to add to the waitinglist, you can use && to connect multiple `waitinglist add` statements and surround them with ```bash and ```. Please make sure to write the complete statements; we will only recognize complete statements. Do not use ellipses or other incomplete forms.Running `waitinglist add -p deepdiff -v ">=6.2.3" -t pip`...
'deepdiff">=6.2.3"' (using pip to download) has been added into the waiting list. If you have multiple elements to add to the waitinglist, you can use && to connect multiple `waitinglist add` statements and surround them with ```bash and ```. Please make sure to write the complete statements; we will only recognize complete statements. Do not use ellipses or other incomplete forms.
[Current directory]:
/
You are currently in a [python:3.10] container.

ENVIRONMENT REMINDER: You have 165 turns left to complete the task.
The container has successfully executed the following commands in order. Please refer to the execution history, reflect, and decide the subsequent actions. Remember, your ultimate goal is to pass the tests by executing `runtest` or `poetryruntest`.
cd /repo && poetry install
python /home/tools/pip_download.py -p pyserial -v "">=3.5""
python /home/tools/pip_download.py -p hydra-core -v "">=1.3.2""
python /home/tools/pip_download.py -p numpy -v """"
python /home/tools/pip_download.py -p torch -v "">=2.2.1""
python /home/tools/pip_download.py -p datasets -v "">=2.19.0""
python /home/tools/pip_download.py -p pillow -v """"
python /home/tools/pip_download.py -p einops -v "">=0.8.0""
python /home/tools/pip_download.py -p jsonlines -v "">=4.0.0""
python /home/tools/pip_download.py -p torchvision -v "">=0.17.1""
python /home/tools/pip_download.py -p gymnasium -v ""==0.29.1""
python /home/tools/pip_download.py -p safetensors -v """"
python /home/tools/pip_download.py -p rerun-sdk -v "">=0.15.1""
python /home/tools/pip_download.py -p flask -v "">=3.0.3""
---------------------------
### Thought:
Now that `diffusers` and `deepdiff` have been added to the waiting list, I will proceed to download and install them.

### Action:
```bash
download
```
### Observation:
Running `download`...
'diffusers">=0.24.0"' has been removed from the waiting list.
"diffusers">=0.24.0"" installed successfully.
'deepdiff">=6.2.3"' has been removed from the waiting list.
"deepdiff">=6.2.3"" installed successfully.
In this round, the following third-party libraries were successfully downloaded. They are:
diffusers">=0.24.0" (using tool pip)
deepdiff">=6.2.3" (using tool pip)
No third-party libraries failed to download in this round.
[Current directory]:
/
You are currently in a [python:3.10] container.

ENVIRONMENT REMINDER: You have 164 turns left to complete the task.
The container has successfully executed the following commands in order. Please refer to the execution history, reflect, and decide the subsequent actions. Remember, your ultimate goal is to pass the tests by executing `runtest` or `poetryruntest`.
cd /repo && poetry install
python /home/tools/pip_download.py -p pyserial -v "">=3.5""
python /home/tools/pip_download.py -p hydra-core -v "">=1.3.2""
python /home/tools/pip_download.py -p numpy -v """"
python /home/tools/pip_download.py -p torch -v "">=2.2.1""
python /home/tools/pip_download.py -p datasets -v "">=2.19.0""
python /home/tools/pip_download.py -p pillow -v """"
python /home/tools/pip_download.py -p einops -v "">=0.8.0""
python /home/tools/pip_download.py -p jsonlines -v "">=4.0.0""
python /home/tools/pip_download.py -p torchvision -v "">=0.17.1""
python /home/tools/pip_download.py -p gymnasium -v ""==0.29.1""
python /home/tools/pip_download.py -p safetensors -v """"
python /home/tools/pip_download.py -p rerun-sdk -v "">=0.15.1""
python /home/tools/pip_download.py -p flask -v "">=3.0.3""
python /home/tools/pip_download.py -p diffusers -v "">=0.24.0""
python /home/tools/pip_download.py -p deepdiff -v "">=6.2.3""
---------------------------
### Thought:
The required modules have been installed successfully. Now, I will re-run the tests to verify if the previous errors related to the missing modules have been resolved.

### Action:
```bash
poetryruntest
```
### Observation:
Running `python /home/tools/poetryruntest.py`...
The output is too long, so we've truncated it to show you the first and last 5000 characters.
Running `python /home/tools/poetryruntest.py`...
Error: Please modify the configuration according to the error messages below. Once all issues are resolved, rerun the tests.
tests/test_available.py::test_available_env_task[aloha-AlohaInsertion-v0]
tests/test_available.py::test_available_env_task[aloha-AlohaTransferCube-v0]
tests/test_available.py::test_available_env_task[pusht-PushT-v0]
tests/test_available.py::test_available_env_task[xarm-XarmLift-v0]
tests/test_available.py::test_available_env_task[dora_aloha_real-DoraAloha-v0]
tests/test_available.py::test_available_env_task[dora_aloha_real-DoraKoch-v0]
tests/test_available.py::test_available_env_task[dora_aloha_real-DoraReachy2-v0]
tests/test_available.py::test_available_policies
tests/test_available.py::test_print
tests/test_cameras.py::test_camera[opencv-True]
tests/test_cameras.py::test_camera[opencv-False]
tests/test_cameras.py::test_camera[intelrealsense-True]
tests/test_cameras.py::test_camera[intelrealsense-False]
tests/test_cameras.py::test_save_images_from_cameras[opencv-True]
tests/test_cameras.py::test_save_images_from_cameras[opencv-False]
tests/test_cameras.py::test_save_images_from_cameras[intelrealsense-True]
tests/test_cameras.py::test_save_images_from_cameras[intelrealsense-False]
tests/test_datasets.py::test_same_attributes_defined
tests/test_datasets.py::test_dataset_initialization
tests/test_datasets.py::test_factory[aloha-lerobot/aloha_sim_insertion_human-act]
tests/test_datasets.py::test_factory[aloha-lerobot/aloha_sim_insertion_scripted-act]
tests/test_datasets.py::test_factory[aloha-lerobot/aloha_sim_transfer_cube_human-act]
tests/test_datasets.py::test_factory[aloha-lerobot/aloha_sim_transfer_cube_scripted-act]
tests/test_datasets.py::test_factory[aloha-lerobot/aloha_sim_insertion_human_image-act]
tests/test_datasets.py::test_factory[aloha-lerobot/aloha_sim_insertion_scripted_image-act]
tests/test_datasets.py::test_factory[aloha-lerobot/aloha_sim_transfer_cube_human_image-act]
tests/test_datasets.py::test_factory[aloha-lerobot/aloha_sim_transfer_cube_scripted_image-act]
tests/test_datasets.py::test_factory[pusht-lerobot/pusht-diffusion]
tests/test_datasets.py::test_factory[pusht-lerobot/pusht-vqbet]
tests/test_datasets.py::test_factory[pusht-lerobot/pusht_image-diffusion]
tests/test_datasets.py::test_factory[pusht-lerobot/pusht_image-vqbet]
tests/test_datasets.py::test_factory[xarm-lerobot/xarm_lift_medium-tdmpc]
tests/test_datasets.py::test_factory[xarm-lerobot/xarm_lift_medium_replay-tdmpc]
tests/test_datasets.py::test_factory[xarm-lerobot/xarm_push_medium-tdmpc]
tests/test_datasets.py::test_factory[xarm-lerobot/xarm_push_medium_replay-tdmpc]
tests/test_datasets.py::test_factory[xarm-lerobot/xarm_lift_medium_image-tdmpc]
tests/test_datasets.py::test_factory[xarm-lerobot/xarm_lift_medium_replay_image-tdmpc]
tests/test_datasets.py::test_factory[xarm-lerobot/xarm_push_medium_image-tdmpc]
tests/test_datasets.py::test_factory[xarm-lerobot/xarm_push_medium_replay_image-tdmpc]
tests/test_datasets.py::test_factory[dora_aloha_real-lerobot/aloha_static_battery-act_aloha_real]
tests/test_datasets.py::test_factory[dora_aloha_real-lerobot/aloha_static_candy-act_aloha_real]
tests/test_datasets.py::test_factory[dora_aloha_real-lerobot/aloha_static_coffee-act_aloha_real]
tests/test_datasets.py::test_factory[dora_aloha_real-lerobot/aloha_static_coffee_new-act_aloha_real]
tests/test_datasets.py::test_factory[dora_aloha_real-lerobot/aloha_static_cups_open-act_aloha_real]
tests/test_datasets.py::test_factory[dora_aloha_real-lerobot/aloha_static_fork_pick_up-act_aloha_real]
tests/test_datasets.py::test_factory[dora_aloha_real-lerobot/aloha_static_pingpong_test-act_aloha_real]
tests/test_datasets.py::test_factory[dora_aloha_real-lerobot/aloha_static_pro_pencil-act_aloha_real]
tests/test_datasets.py::test_factory[dora_aloha_real-lerobot/aloha_static_screw_driver-act_aloha_real]
tests/test_datasets.py::test_factory[dora_aloha_real-lerobot/aloha_static_tape-act_aloha_real]
tests/test_datasets.py::test_factory[dora_aloha_real-lerobot/aloha_static_thread_velcro-act_aloha_real]
tests/test_datasets.py::test_factory[dora_aloha_real-lerobot/aloha_static_towel-act_aloha_real]
tests/test_datasets.py::test_factory[dora_aloha_real-lerobot/aloha_static_vinh_cup-act_aloha_real]
tests/test_datasets.py::test_factory[dora_aloha_real-lerobot/aloha_static_vinh_cup_left-act_aloha_real]
tests/test_datasets.py::test_factory[dora_aloha_real-lerobot/aloha_static_ziploc_slide-act_aloha_real]
tests/test_datasets.py::test_factory[aloha-repo_id35-act]
tests/test_datasets.py::test_multilerobotdataset_frames
tests/test_datasets.py::test_compute_stats_on_xarm
tests/test_datasets.py::test_flatten_unflatten_dict
tests/test_datasets.py::test_backward_compatibility[lerobot/pusht]
tests/test_datasets.py::test_backward_compatibility[lerobot/aloha_sim_insertion_human]
tests/test_datasets.py::test_backward_compatibility[lerobot/xarm_lift_medium]
tests/test_datasets.py::test_aggregate_stats
tests/test_datasets.py::test_create_branch
tests/test_delta_timestamps.py::test_check_timestamps_sync_synced
tests/test_delta_timestamps.py::test_check_timestamps_sync_unsynced
tests/test_delta_timestamps.py::test_check_timestamps_sync_unsynced_no_exception
tests/test_delta_timestamps.py::test_check_timestamps_sync_slightly_off
tests/test_delta_timestamps.py::test_check_timestamps_sync_single_timestamp
tests/test_delta_timestamps.py::test_check_timestamps_sync_empty_dataset
tests/test_delta_timestamps.py::test_check_delta_timestamps_valid
tests/test_delta_timestamps.py::test_check_delta_timestamps_slightly_off
tests/test_delta_timestamps.py::test_check_delta_timestamps_invalid
tests/test_delta_timestamps.py::test_check_delta_timestamps_invalid_no_exception
tests/test_delta_timestamps.py::test_check_delta_timestamps_empty
tests/test_delta_timestamps.py::test_delta_indices
tests/test_envs.py::test_env[aloha-AlohaInsertion-v0-state]
tests/test_envs.py::test_env[aloha-AlohaInsertion-v0-
...[Truncation]...
_1[feetech-True]
tests/test_motors.py::test_configure_motors_all_ids_1[feetech-False]
tests/test_motors.py::test_motors_bus[dynamixel-True]
tests/test_motors.py::test_motors_bus[dynamixel-False]
tests/test_motors.py::test_motors_bus[feetech-True]
tests/test_motors.py::test_motors_bus[feetech-False]
tests/test_online_buffer.py::test_non_mutate
tests/test_online_buffer.py::test_index_error_no_data
tests/test_online_buffer.py::test_index_error_with_data
tests/test_online_buffer.py::test_write_read[False]
tests/test_online_buffer.py::test_write_read[True]
tests/test_online_buffer.py::test_read_data_key
tests/test_online_buffer.py::test_fifo
tests/test_online_buffer.py::test_delta_timestamps_within_tolerance
tests/test_online_buffer.py::test_delta_timestamps_outside_tolerance_inside_episode_range
tests/test_online_buffer.py::test_delta_timestamps_outside_tolerance_outside_episode_range
tests/test_online_buffer.py::test_compute_sampler_weights_trivial[0.0-0-1]
tests/test_online_buffer.py::test_compute_sampler_weights_trivial[0.0-0-6]
tests/test_online_buffer.py::test_compute_sampler_weights_trivial[0.0-4-1]
tests/test_online_buffer.py::test_compute_sampler_weights_trivial[0.0-4-6]
tests/test_online_buffer.py::test_compute_sampler_weights_trivial[1.0-0-1]
tests/test_online_buffer.py::test_compute_sampler_weights_trivial[1.0-0-6]
tests/test_online_buffer.py::test_compute_sampler_weights_trivial[1.0-4-1]
tests/test_online_buffer.py::test_compute_sampler_weights_trivial[1.0-4-6]
tests/test_online_buffer.py::test_compute_sampler_weights_nontrivial_ratio
tests/test_online_buffer.py::test_compute_sampler_weights_nontrivial_ratio_and_drop_last_n
tests/test_online_buffer.py::test_compute_sampler_weights_drop_n_last_frames
tests/test_push_dataset_to_hub.py::test_push_dataset_to_hub_invalid_repo_id
tests/test_push_dataset_to_hub.py::test_push_dataset_to_hub_out_dir_force_override_false
tests/test_push_dataset_to_hub.py::test_push_dataset_to_hub_format[required_packages0-pusht_zarr-lerobot/pusht-False]
tests/test_push_dataset_to_hub.py::test_push_dataset_to_hub_format[required_packages1-pusht_zarr-lerobot/pusht-True]
tests/test_push_dataset_to_hub.py::test_push_dataset_to_hub_format[None-xarm_pkl-lerobot/xarm_lift_medium-False]
tests/test_push_dataset_to_hub.py::test_push_dataset_to_hub_format[None-aloha_hdf5-lerobot/aloha_sim_insertion_scripted-False]
tests/test_push_dataset_to_hub.py::test_push_dataset_to_hub_format[required_packages4-umi_zarr-lerobot/umi_cup_in_the_wild-False]
tests/test_push_dataset_to_hub.py::test_push_dataset_to_hub_format[None-dora_parquet-cadene/wrist_gripper-False]
tests/test_push_dataset_to_hub.py::test_push_dataset_to_hub_pusht_backward_compatibility[pusht_zarr-lerobot/pusht]
tests/test_push_dataset_to_hub.py::test_push_dataset_to_hub_pusht_backward_compatibility[xarm_pkl-lerobot/xarm_lift_medium]
tests/test_push_dataset_to_hub.py::test_push_dataset_to_hub_pusht_backward_compatibility[aloha_hdf5-lerobot/aloha_sim_insertion_scripted]
tests/test_push_dataset_to_hub.py::test_push_dataset_to_hub_pusht_backward_compatibility[umi_zarr-lerobot/umi_cup_in_the_wild]
tests/test_push_dataset_to_hub.py::test_push_dataset_to_hub_pusht_backward_compatibility[dora_parquet-cadene/wrist_gripper]
tests/test_robots.py::test_robot[koch-True]
tests/test_robots.py::test_robot[koch-False]
tests/test_robots.py::test_robot[koch_bimanual-True]
tests/test_robots.py::test_robot[koch_bimanual-False]
tests/test_robots.py::test_robot[aloha-True]
tests/test_robots.py::test_robot[aloha-False]
tests/test_robots.py::test_robot[so100-True]
tests/test_robots.py::test_robot[so100-False]
tests/test_robots.py::test_robot[moss-True]
tests/test_robots.py::test_robot[moss-False]
tests/test_sampler.py::test_drop_n_first_frames
tests/test_sampler.py::test_drop_n_last_frames
tests/test_sampler.py::test_episode_indices_to_use
tests/test_sampler.py::test_shuffle
tests/test_utils.py::test_seeding[random0]
tests/test_utils.py::test_seeding[random1]
tests/test_utils.py::test_seeding[<lambda>]
tests/test_utils.py::test_get_set_random_state
tests/test_utils.py::test_calculate_episode_data_index
tests/test_utils.py::test_init_hydra_config_empty
tests/test_visualize_dataset.py::test_visualize_local_dataset
tests/test_visualize_dataset_html.py::test_visualize_dataset_html
Testing with DEVICE='cpu'
==================================== ERRORS ====================================
_________________ ERROR collecting tests/test_control_robot.py _________________
ImportError while importing test module '/repo/tests/test_control_robot.py'.
Hint: make sure your test modules/packages have valid Python names.
Traceback:
/usr/local/lib/python3.10/importlib/__init__.py:126: in import_module
    return _bootstrap._gcd_import(name[level:], package, level)
tests/test_control_robot.py:32: in <module>
    from lerobot.common.logger import Logger
lerobot/common/logger.py:30: in <module>
    from termcolor import colored
E   ModuleNotFoundError: No module named 'termcolor'
___________________ ERROR collecting tests/test_policies.py ____________________
ImportError while importing test module '/repo/tests/test_policies.py'.
Hint: make sure your test modules/packages have valid Python names.
Traceback:
/usr/local/lib/python3.10/importlib/__init__.py:126: in import_module
    return _bootstrap._gcd_import(name[level:], package, level)
tests/test_policies.py:40: in <module>
    from lerobot.scripts.train import make_optimizer_and_scheduler
lerobot/scripts/train.py:30: in <module>
    from termcolor import colored
E   ModuleNotFoundError: No module named 'termcolor'
=========================== short test summary info ============================
ERROR tests/test_control_robot.py
ERROR tests/test_policies.py
!!!!!!!!!!!!!!!!!!! Interrupted: 2 errors during collection !!!!!!!!!!!!!!!!!!!!
230 tests collected, 2 errors in 10.41s
The command execution failed, so I have reverted it back to the previous state, which is the environment before running this command.
`poetryruntest` executes with returncode: 2

[Current directory]:
/
You are currently in a [python:3.10] container.

ENVIRONMENT REMINDER: You have 163 turns left to complete the task.
The container has successfully executed the following commands in order. Please refer to the execution history, reflect, and decide the subsequent actions. Remember, your ultimate goal is to pass the tests by executing `runtest` or `poetryruntest`.
cd /repo && poetry install
python /home/tools/pip_download.py -p pyserial -v "">=3.5""
python /home/tools/pip_download.py -p hydra-core -v "">=1.3.2""
python /home/tools/pip_download.py -p numpy -v """"
python /home/tools/pip_download.py -p torch -v "">=2.2.1""
python /home/tools/pip_download.py -p datasets -v "">=2.19.0""
python /home/tools/pip_download.py -p pillow -v """"
python /home/tools/pip_download.py -p einops -v "">=0.8.0""
python /home/tools/pip_download.py -p jsonlines -v "">=4.0.0""
python /home/tools/pip_download.py -p torchvision -v "">=0.17.1""
python /home/tools/pip_download.py -p gymnasium -v ""==0.29.1""
python /home/tools/pip_download.py -p safetensors -v """"
python /home/tools/pip_download.py -p rerun-sdk -v "">=0.15.1""
python /home/tools/pip_download.py -p flask -v "">=3.0.3""
python /home/tools/pip_download.py -p diffusers -v "">=0.24.0""
python /home/tools/pip_download.py -p deepdiff -v "">=6.2.3""
---------------------------
### Thought:
The errors indicate that the `termcolor` module is still missing. According to the `pyproject.toml` file, `termcolor` is listed as a dependency. I will add `termcolor` to the waiting list and proceed with the installation.

### Action:
```bash
waitinglist add -p termcolor -v ">=2.3.0" -t pip
```
### Observation:
Running `waitinglist add -p termcolor -v ">=2.3.0" -t pip`...
'termcolor">=2.3.0"' (using pip to download) has been added into the waiting list. If you have multiple elements to add to the waitinglist, you can use && to connect multiple `waitinglist add` statements and surround them with ```bash and ```. Please make sure to write the complete statements; we will only recognize complete statements. Do not use ellipses or other incomplete forms.
[Current directory]:
/
You are currently in a [python:3.10] container.

ENVIRONMENT REMINDER: You have 162 turns left to complete the task.
The container has successfully executed the following commands in order. Please refer to the execution history, reflect, and decide the subsequent actions. Remember, your ultimate goal is to pass the tests by executing `runtest` or `poetryruntest`.
cd /repo && poetry install
python /home/tools/pip_download.py -p pyserial -v "">=3.5""
python /home/tools/pip_download.py -p hydra-core -v "">=1.3.2""
python /home/tools/pip_download.py -p numpy -v """"
python /home/tools/pip_download.py -p torch -v "">=2.2.1""
python /home/tools/pip_download.py -p datasets -v "">=2.19.0""
python /home/tools/pip_download.py -p pillow -v """"
python /home/tools/pip_download.py -p einops -v "">=0.8.0""
python /home/tools/pip_download.py -p jsonlines -v "">=4.0.0""
python /home/tools/pip_download.py -p torchvision -v "">=0.17.1""
python /home/tools/pip_download.py -p gymnasium -v ""==0.29.1""
python /home/tools/pip_download.py -p safetensors -v """"
python /home/tools/pip_download.py -p rerun-sdk -v "">=0.15.1""
python /home/tools/pip_download.py -p flask -v "">=3.0.3""
python /home/tools/pip_download.py -p diffusers -v "">=0.24.0""
python /home/tools/pip_download.py -p deepdiff -v "">=6.2.3""
response.status_code:  400
---------------------------
### Thought:
Now that `termcolor` has been added to the waiting list, I will proceed to download and install it.

### Action:
```bash
download
```
### Observation:
Running `download`...
'termcolor">=2.3.0"' has been removed from the waiting list.
"termcolor">=2.3.0"" installed successfully.
In this round, the following third-party libraries were successfully downloaded. They are:
termcolor">=2.3.0" (using tool pip)
No third-party libraries failed to download in this round.
[Current directory]:
/
You are currently in a [python:3.10] container.

ENVIRONMENT REMINDER: You have 161 turns left to complete the task.
The container has successfully executed the following commands in order. Please refer to the execution history, reflect, and decide the subsequent actions. Remember, your ultimate goal is to pass the tests by executing `runtest` or `poetryruntest`.
cd /repo && poetry install
python /home/tools/pip_download.py -p pyserial -v "">=3.5""
python /home/tools/pip_download.py -p hydra-core -v "">=1.3.2""
python /home/tools/pip_download.py -p numpy -v """"
python /home/tools/pip_download.py -p torch -v "">=2.2.1""
python /home/tools/pip_download.py -p datasets -v "">=2.19.0""
python /home/tools/pip_download.py -p pillow -v """"
python /home/tools/pip_download.py -p einops -v "">=0.8.0""
python /home/tools/pip_download.py -p jsonlines -v "">=4.0.0""
python /home/tools/pip_download.py -p torchvision -v "">=0.17.1""
python /home/tools/pip_download.py -p gymnasium -v ""==0.29.1""
python /home/tools/pip_download.py -p safetensors -v """"
python /home/tools/pip_download.py -p rerun-sdk -v "">=0.15.1""
python /home/tools/pip_download.py -p flask -v "">=3.0.3""
python /home/tools/pip_download.py -p diffusers -v "">=0.24.0""
python /home/tools/pip_download.py -p deepdiff -v "">=6.2.3""
python /home/tools/pip_download.py -p termcolor -v "">=2.3.0""
---------------------------
### Thought:
The `termcolor` package has been installed successfully. Now, I will re-run the tests to verify if the previous errors related to the missing modules have been resolved.

### Action:
```bash
poetryruntest
```
### Observation:
Running `python /home/tools/poetryruntest.py`...
The output is too long, so we've truncated it to show you the first and last 5000 characters.
Running `python /home/tools/poetryruntest.py`...
Error: Please modify the configuration according to the error messages below. Once all issues are resolved, rerun the tests.
tests/test_available.py::test_available_env_task[aloha-AlohaInsertion-v0]
tests/test_available.py::test_available_env_task[aloha-AlohaTransferCube-v0]
tests/test_available.py::test_available_env_task[pusht-PushT-v0]
tests/test_available.py::test_available_env_task[xarm-XarmLift-v0]
tests/test_available.py::test_available_env_task[dora_aloha_real-DoraAloha-v0]
tests/test_available.py::test_available_env_task[dora_aloha_real-DoraKoch-v0]
tests/test_available.py::test_available_env_task[dora_aloha_real-DoraReachy2-v0]
tests/test_available.py::test_available_policies
tests/test_available.py::test_print
tests/test_cameras.py::test_camera[opencv-True]
tests/test_cameras.py::test_camera[opencv-False]
tests/test_cameras.py::test_camera[intelrealsense-True]
tests/test_cameras.py::test_camera[intelrealsense-False]
tests/test_cameras.py::test_save_images_from_cameras[opencv-True]
tests/test_cameras.py::test_save_images_from_cameras[opencv-False]
tests/test_cameras.py::test_save_images_from_cameras[intelrealsense-True]
tests/test_cameras.py::test_save_images_from_cameras[intelrealsense-False]
tests/test_datasets.py::test_same_attributes_defined
tests/test_datasets.py::test_dataset_initialization
tests/test_datasets.py::test_factory[aloha-lerobot/aloha_sim_insertion_human-act]
tests/test_datasets.py::test_factory[aloha-lerobot/aloha_sim_insertion_scripted-act]
tests/test_datasets.py::test_factory[aloha-lerobot/aloha_sim_transfer_cube_human-act]
tests/test_datasets.py::test_factory[aloha-lerobot/aloha_sim_transfer_cube_scripted-act]
tests/test_datasets.py::test_factory[aloha-lerobot/aloha_sim_insertion_human_image-act]
tests/test_datasets.py::test_factory[aloha-lerobot/aloha_sim_insertion_scripted_image-act]
tests/test_datasets.py::test_factory[aloha-lerobot/aloha_sim_transfer_cube_human_image-act]
tests/test_datasets.py::test_factory[aloha-lerobot/aloha_sim_transfer_cube_scripted_image-act]
tests/test_datasets.py::test_factory[pusht-lerobot/pusht-diffusion]
tests/test_datasets.py::test_factory[pusht-lerobot/pusht-vqbet]
tests/test_datasets.py::test_factory[pusht-lerobot/pusht_image-diffusion]
tests/test_datasets.py::test_factory[pusht-lerobot/pusht_image-vqbet]
tests/test_datasets.py::test_factory[xarm-lerobot/xarm_lift_medium-tdmpc]
tests/test_datasets.py::test_factory[xarm-lerobot/xarm_lift_medium_replay-tdmpc]
tests/test_datasets.py::test_factory[xarm-lerobot/xarm_push_medium-tdmpc]
tests/test_datasets.py::test_factory[xarm-lerobot/xarm_push_medium_replay-tdmpc]
tests/test_datasets.py::test_factory[xarm-lerobot/xarm_lift_medium_image-tdmpc]
tests/test_datasets.py::test_factory[xarm-lerobot/xarm_lift_medium_replay_image-tdmpc]
tests/test_datasets.py::test_factory[xarm-lerobot/xarm_push_medium_image-tdmpc]
tests/test_datasets.py::test_factory[xarm-lerobot/xarm_push_medium_replay_image-tdmpc]
tests/test_datasets.py::test_factory[dora_aloha_real-lerobot/aloha_static_battery-act_aloha_real]
tests/test_datasets.py::test_factory[dora_aloha_real-lerobot/aloha_static_candy-act_aloha_real]
tests/test_datasets.py::test_factory[dora_aloha_real-lerobot/aloha_static_coffee-act_aloha_real]
tests/test_datasets.py::test_factory[dora_aloha_real-lerobot/aloha_static_coffee_new-act_aloha_real]
tests/test_datasets.py::test_factory[dora_aloha_real-lerobot/aloha_static_cups_open-act_aloha_real]
tests/test_datasets.py::test_factory[dora_aloha_real-lerobot/aloha_static_fork_pick_up-act_aloha_real]
tests/test_datasets.py::test_factory[dora_aloha_real-lerobot/aloha_static_pingpong_test-act_aloha_real]
tests/test_datasets.py::test_factory[dora_aloha_real-lerobot/aloha_static_pro_pencil-act_aloha_real]
tests/test_datasets.py::test_factory[dora_aloha_real-lerobot/aloha_static_screw_driver-act_aloha_real]
tests/test_datasets.py::test_factory[dora_aloha_real-lerobot/aloha_static_tape-act_aloha_real]
tests/test_datasets.py::test_factory[dora_aloha_real-lerobot/aloha_static_thread_velcro-act_aloha_real]
tests/test_datasets.py::test_factory[dora_aloha_real-lerobot/aloha_static_towel-act_aloha_real]
tests/test_datasets.py::test_factory[dora_aloha_real-lerobot/aloha_static_vinh_cup-act_aloha_real]
tests/test_datasets.py::test_factory[dora_aloha_real-lerobot/aloha_static_vinh_cup_left-act_aloha_real]
tests/test_datasets.py::test_factory[dora_aloha_real-lerobot/aloha_static_ziploc_slide-act_aloha_real]
tests/test_datasets.py::test_factory[aloha-repo_id35-act]
tests/test_datasets.py::test_multilerobotdataset_frames
tests/test_datasets.py::test_compute_stats_on_xarm
tests/test_datasets.py::test_flatten_unflatten_dict
tests/test_datasets.py::test_backward_compatibility[lerobot/pusht]
tests/test_datasets.py::test_backward_compatibility[lerobot/aloha_sim_insertion_human]
tests/test_datasets.py::test_backward_compatibility[lerobot/xarm_lift_medium]
tests/test_datasets.py::test_aggregate_stats
tests/test_datasets.py::test_create_branch
tests/test_delta_timestamps.py::test_check_timestamps_sync_synced
tests/test_delta_timestamps.py::test_check_timestamps_sync_unsynced
tests/test_delta_timestamps.py::test_check_timestamps_sync_unsynced_no_exception
tests/test_delta_timestamps.py::test_check_timestamps_sync_slightly_off
tests/test_delta_timestamps.py::test_check_timestamps_sync_single_timestamp
tests/test_delta_timestamps.py::test_check_timestamps_sync_empty_dataset
tests/test_delta_timestamps.py::test_check_delta_timestamps_valid
tests/test_delta_timestamps.py::test_check_delta_timestamps_slightly_off
tests/test_delta_timestamps.py::test_check_delta_timestamps_invalid
tests/test_delta_timestamps.py::test_check_delta_timestamps_invalid_no_exception
tests/test_delta_timestamps.py::test_check_delta_timestamps_empty
tests/test_delta_timestamps.py::test_delta_indices
tests/test_envs.py::test_env[aloha-AlohaInsertion-v0-state]
tests/test_envs.py::test_env[aloha-AlohaInsertion-v0-
...[Truncation]...
py::test_non_mutate
tests/test_online_buffer.py::test_index_error_no_data
tests/test_online_buffer.py::test_index_error_with_data
tests/test_online_buffer.py::test_write_read[False]
tests/test_online_buffer.py::test_write_read[True]
tests/test_online_buffer.py::test_read_data_key
tests/test_online_buffer.py::test_fifo
tests/test_online_buffer.py::test_delta_timestamps_within_tolerance
tests/test_online_buffer.py::test_delta_timestamps_outside_tolerance_inside_episode_range
tests/test_online_buffer.py::test_delta_timestamps_outside_tolerance_outside_episode_range
tests/test_online_buffer.py::test_compute_sampler_weights_trivial[0.0-0-1]
tests/test_online_buffer.py::test_compute_sampler_weights_trivial[0.0-0-6]
tests/test_online_buffer.py::test_compute_sampler_weights_trivial[0.0-4-1]
tests/test_online_buffer.py::test_compute_sampler_weights_trivial[0.0-4-6]
tests/test_online_buffer.py::test_compute_sampler_weights_trivial[1.0-0-1]
tests/test_online_buffer.py::test_compute_sampler_weights_trivial[1.0-0-6]
tests/test_online_buffer.py::test_compute_sampler_weights_trivial[1.0-4-1]
tests/test_online_buffer.py::test_compute_sampler_weights_trivial[1.0-4-6]
tests/test_online_buffer.py::test_compute_sampler_weights_nontrivial_ratio
tests/test_online_buffer.py::test_compute_sampler_weights_nontrivial_ratio_and_drop_last_n
tests/test_online_buffer.py::test_compute_sampler_weights_drop_n_last_frames
tests/test_push_dataset_to_hub.py::test_push_dataset_to_hub_invalid_repo_id
tests/test_push_dataset_to_hub.py::test_push_dataset_to_hub_out_dir_force_override_false
tests/test_push_dataset_to_hub.py::test_push_dataset_to_hub_format[required_packages0-pusht_zarr-lerobot/pusht-False]
tests/test_push_dataset_to_hub.py::test_push_dataset_to_hub_format[required_packages1-pusht_zarr-lerobot/pusht-True]
tests/test_push_dataset_to_hub.py::test_push_dataset_to_hub_format[None-xarm_pkl-lerobot/xarm_lift_medium-False]
tests/test_push_dataset_to_hub.py::test_push_dataset_to_hub_format[None-aloha_hdf5-lerobot/aloha_sim_insertion_scripted-False]
tests/test_push_dataset_to_hub.py::test_push_dataset_to_hub_format[required_packages4-umi_zarr-lerobot/umi_cup_in_the_wild-False]
tests/test_push_dataset_to_hub.py::test_push_dataset_to_hub_format[None-dora_parquet-cadene/wrist_gripper-False]
tests/test_push_dataset_to_hub.py::test_push_dataset_to_hub_pusht_backward_compatibility[pusht_zarr-lerobot/pusht]
tests/test_push_dataset_to_hub.py::test_push_dataset_to_hub_pusht_backward_compatibility[xarm_pkl-lerobot/xarm_lift_medium]
tests/test_push_dataset_to_hub.py::test_push_dataset_to_hub_pusht_backward_compatibility[aloha_hdf5-lerobot/aloha_sim_insertion_scripted]
tests/test_push_dataset_to_hub.py::test_push_dataset_to_hub_pusht_backward_compatibility[umi_zarr-lerobot/umi_cup_in_the_wild]
tests/test_push_dataset_to_hub.py::test_push_dataset_to_hub_pusht_backward_compatibility[dora_parquet-cadene/wrist_gripper]
tests/test_robots.py::test_robot[koch-True]
tests/test_robots.py::test_robot[koch-False]
tests/test_robots.py::test_robot[koch_bimanual-True]
tests/test_robots.py::test_robot[koch_bimanual-False]
tests/test_robots.py::test_robot[aloha-True]
tests/test_robots.py::test_robot[aloha-False]
tests/test_robots.py::test_robot[so100-True]
tests/test_robots.py::test_robot[so100-False]
tests/test_robots.py::test_robot[moss-True]
tests/test_robots.py::test_robot[moss-False]
tests/test_sampler.py::test_drop_n_first_frames
tests/test_sampler.py::test_drop_n_last_frames
tests/test_sampler.py::test_episode_indices_to_use
tests/test_sampler.py::test_shuffle
tests/test_utils.py::test_seeding[random0]
tests/test_utils.py::test_seeding[random1]
tests/test_utils.py::test_seeding[<lambda>]
tests/test_utils.py::test_get_set_random_state
tests/test_utils.py::test_calculate_episode_data_index
tests/test_utils.py::test_init_hydra_config_empty
tests/test_visualize_dataset.py::test_visualize_local_dataset
tests/test_visualize_dataset_html.py::test_visualize_dataset_html
Testing with DEVICE='cpu'
==================================== ERRORS ====================================
_________________ ERROR collecting tests/test_control_robot.py _________________
ImportError while importing test module '/repo/tests/test_control_robot.py'.
Hint: make sure your test modules/packages have valid Python names.
Traceback:
/usr/local/lib/python3.10/importlib/__init__.py:126: in import_module
    return _bootstrap._gcd_import(name[level:], package, level)
tests/test_control_robot.py:35: in <module>
    from lerobot.scripts.control_robot import calibrate, record, replay, teleoperate
lerobot/scripts/control_robot.py:104: in <module>
    from lerobot.common.robot_devices.control_utils import (
lerobot/common/robot_devices/control_utils.py:13: in <module>
    import cv2
E   ModuleNotFoundError: No module named 'cv2'
___________________ ERROR collecting tests/test_policies.py ____________________
ImportError while importing test module '/repo/tests/test_policies.py'.
Hint: make sure your test modules/packages have valid Python names.
Traceback:
/usr/local/lib/python3.10/importlib/__init__.py:126: in import_module
    return _bootstrap._gcd_import(name[level:], package, level)
tests/test_policies.py:40: in <module>
    from lerobot.scripts.train import make_optimizer_and_scheduler
lerobot/scripts/train.py:51: in <module>
    from lerobot.scripts.eval import eval_policy
lerobot/scripts/eval.py:72: in <module>
    from lerobot.common.utils.io_utils import write_video
lerobot/common/utils/io_utils.py:18: in <module>
    import imageio
E   ModuleNotFoundError: No module named 'imageio'
=========================== short test summary info ============================
ERROR tests/test_control_robot.py
ERROR tests/test_policies.py
!!!!!!!!!!!!!!!!!!! Interrupted: 2 errors during collection !!!!!!!!!!!!!!!!!!!!
230 tests collected, 2 errors in 2.27s
The command execution failed, so I have reverted it back to the previous state, which is the environment before running this command.
`poetryruntest` executes with returncode: 2

[Current directory]:
/
You are currently in a [python:3.10] container.

ENVIRONMENT REMINDER: You have 160 turns left to complete the task.
The container has successfully executed the following commands in order. Please refer to the execution history, reflect, and decide the subsequent actions. Remember, your ultimate goal is to pass the tests by executing `runtest` or `poetryruntest`.
cd /repo && poetry install
python /home/tools/pip_download.py -p pyserial -v "">=3.5""
python /home/tools/pip_download.py -p hydra-core -v "">=1.3.2""
python /home/tools/pip_download.py -p numpy -v """"
python /home/tools/pip_download.py -p torch -v "">=2.2.1""
python /home/tools/pip_download.py -p datasets -v "">=2.19.0""
python /home/tools/pip_download.py -p pillow -v """"
python /home/tools/pip_download.py -p einops -v "">=0.8.0""
python /home/tools/pip_download.py -p jsonlines -v "">=4.0.0""
python /home/tools/pip_download.py -p torchvision -v "">=0.17.1""
python /home/tools/pip_download.py -p gymnasium -v ""==0.29.1""
python /home/tools/pip_download.py -p safetensors -v """"
python /home/tools/pip_download.py -p rerun-sdk -v "">=0.15.1""
python /home/tools/pip_download.py -p flask -v "">=3.0.3""
python /home/tools/pip_download.py -p diffusers -v "">=0.24.0""
python /home/tools/pip_download.py -p deepdiff -v "">=6.2.3""
python /home/tools/pip_download.py -p termcolor -v "">=2.3.0""
---------------------------
### Thought:
The errors indicate that additional modules are missing, including `cv2` (opencv-python) and `imageio`. According to the `pyproject.toml` file, these modules are listed as dependencies. I will add `opencv-python-headless` (to avoid unnecessary GUI dependencies) and `imageio` to the waiting list and proceed with the installation.

### Action:
```bash
waitinglist add -p opencv-python-headless -v ">=4.8.1.78" -t pip && waitinglist add -p imageio -v ">=2.32.0" -t pip
```
### Observation:
Running `waitinglist add -p opencv-python-headless -v ">=4.8.1.78" -t pip`...
'opencv-python-headless">=4.8.1.78"' (using pip to download) has been added into the waiting list. If you have multiple elements to add to the waitinglist, you can use && to connect multiple `waitinglist add` statements and surround them with ```bash and ```. Please make sure to write the complete statements; we will only recognize complete statements. Do not use ellipses or other incomplete forms.Running `waitinglist add -p imageio -v ">=2.32.0" -t pip`...
'imageio">=2.32.0"' (using pip to download) has been added into the waiting list. If you have multiple elements to add to the waitinglist, you can use && to connect multiple `waitinglist add` statements and surround them with ```bash and ```. Please make sure to write the complete statements; we will only recognize complete statements. Do not use ellipses or other incomplete forms.
[Current directory]:
/
You are currently in a [python:3.10] container.

ENVIRONMENT REMINDER: You have 159 turns left to complete the task.
The container has successfully executed the following commands in order. Please refer to the execution history, reflect, and decide the subsequent actions. Remember, your ultimate goal is to pass the tests by executing `runtest` or `poetryruntest`.
cd /repo && poetry install
python /home/tools/pip_download.py -p pyserial -v "">=3.5""
python /home/tools/pip_download.py -p hydra-core -v "">=1.3.2""
python /home/tools/pip_download.py -p numpy -v """"
python /home/tools/pip_download.py -p torch -v "">=2.2.1""
python /home/tools/pip_download.py -p datasets -v "">=2.19.0""
python /home/tools/pip_download.py -p pillow -v """"
python /home/tools/pip_download.py -p einops -v "">=0.8.0""
python /home/tools/pip_download.py -p jsonlines -v "">=4.0.0""
python /home/tools/pip_download.py -p torchvision -v "">=0.17.1""
python /home/tools/pip_download.py -p gymnasium -v ""==0.29.1""
python /home/tools/pip_download.py -p safetensors -v """"
python /home/tools/pip_download.py -p rerun-sdk -v "">=0.15.1""
python /home/tools/pip_download.py -p flask -v "">=3.0.3""
python /home/tools/pip_download.py -p diffusers -v "">=0.24.0""
python /home/tools/pip_download.py -p deepdiff -v "">=6.2.3""
python /home/tools/pip_download.py -p termcolor -v "">=2.3.0""
---------------------------
### Thought:
Now that `opencv-python-headless` and `imageio` have been added to the waiting list, I will proceed to download and install them.

### Action:
```bash
download
```
### Observation:
Running `download`...
'opencv-python-headless">=4.8.1.78"' has been removed from the waiting list.
"opencv-python-headless">=4.8.1.78"" installed successfully.
'imageio">=2.32.0"' has been removed from the waiting list.
"imageio">=2.32.0"" installed successfully.
In this round, the following third-party libraries were successfully downloaded. They are:
opencv-python-headless">=4.8.1.78" (using tool pip)
imageio">=2.32.0" (using tool pip)
No third-party libraries failed to download in this round.
[Current directory]:
/
You are currently in a [python:3.10] container.

ENVIRONMENT REMINDER: You have 158 turns left to complete the task.
The container has successfully executed the following commands in order. Please refer to the execution history, reflect, and decide the subsequent actions. Remember, your ultimate goal is to pass the tests by executing `runtest` or `poetryruntest`.
cd /repo && poetry install
python /home/tools/pip_download.py -p pyserial -v "">=3.5""
python /home/tools/pip_download.py -p hydra-core -v "">=1.3.2""
python /home/tools/pip_download.py -p numpy -v """"
python /home/tools/pip_download.py -p torch -v "">=2.2.1""
python /home/tools/pip_download.py -p datasets -v "">=2.19.0""
python /home/tools/pip_download.py -p pillow -v """"
python /home/tools/pip_download.py -p einops -v "">=0.8.0""
python /home/tools/pip_download.py -p jsonlines -v "">=4.0.0""
python /home/tools/pip_download.py -p torchvision -v "">=0.17.1""
python /home/tools/pip_download.py -p gymnasium -v ""==0.29.1""
python /home/tools/pip_download.py -p safetensors -v """"
python /home/tools/pip_download.py -p rerun-sdk -v "">=0.15.1""
python /home/tools/pip_download.py -p flask -v "">=3.0.3""
python /home/tools/pip_download.py -p diffusers -v "">=0.24.0""
python /home/tools/pip_download.py -p deepdiff -v "">=6.2.3""
python /home/tools/pip_download.py -p termcolor -v "">=2.3.0""
python /home/tools/pip_download.py -p opencv-python-headless -v "">=4.8.1.78""
python /home/tools/pip_download.py -p imageio -v "">=2.32.0""
---------------------------
### Thought:
The required modules have been installed successfully. Now, I will re-run the tests to verify if the previous errors related to the missing modules have been resolved.

### Action:
```bash
poetryruntest
```
Congratulations, you have successfully configured the environment!
tests/test_available.py::test_available_env_task[aloha-AlohaInsertion-v0]
tests/test_available.py::test_available_env_task[aloha-AlohaTransferCube-v0]
tests/test_available.py::test_available_env_task[pusht-PushT-v0]
tests/test_available.py::test_available_env_task[xarm-XarmLift-v0]
tests/test_available.py::test_available_env_task[dora_aloha_real-DoraAloha-v0]
tests/test_available.py::test_available_env_task[dora_aloha_real-DoraKoch-v0]
tests/test_available.py::test_available_env_task[dora_aloha_real-DoraReachy2-v0]
tests/test_available.py::test_available_policies
tests/test_available.py::test_print
tests/test_cameras.py::test_camera[opencv-True]
tests/test_cameras.py::test_camera[opencv-False]
tests/test_cameras.py::test_camera[intelrealsense-True]
tests/test_cameras.py::test_camera[intelrealsense-False]
tests/test_cameras.py::test_save_images_from_cameras[opencv-True]
tests/test_cameras.py::test_save_images_from_cameras[opencv-False]
tests/test_cameras.py::test_save_images_from_cameras[intelrealsense-True]
tests/test_cameras.py::test_save_images_from_cameras[intelrealsense-False]
tests/test_control_robot.py::test_teleoperate[koch-True]
tests/test_control_robot.py::test_teleoperate[koch-False]
tests/test_control_robot.py::test_teleoperate[koch_bimanual-True]
tests/test_control_robot.py::test_teleoperate[koch_bimanual-False]
tests/test_control_robot.py::test_teleoperate[aloha-True]
tests/test_control_robot.py::test_teleoperate[aloha-False]
tests/test_control_robot.py::test_teleoperate[so100-True]
tests/test_control_robot.py::test_teleoperate[so100-False]
tests/test_control_robot.py::test_teleoperate[moss-True]
tests/test_control_robot.py::test_teleoperate[moss-False]
tests/test_control_robot.py::test_calibrate[koch-True]
tests/test_control_robot.py::test_calibrate[koch-False]
tests/test_control_robot.py::test_calibrate[koch_bimanual-True]
tests/test_control_robot.py::test_calibrate[koch_bimanual-False]
tests/test_control_robot.py::test_calibrate[aloha-True]
tests/test_control_robot.py::test_calibrate[aloha-False]
tests/test_control_robot.py::test_calibrate[so100-True]
tests/test_control_robot.py::test_calibrate[so100-False]
tests/test_control_robot.py::test_calibrate[moss-True]
tests/test_control_robot.py::test_calibrate[moss-False]
tests/test_control_robot.py::test_record_without_cameras[koch-True]
tests/test_control_robot.py::test_record_without_cameras[koch-False]
tests/test_control_robot.py::test_record_without_cameras[koch_bimanual-True]
tests/test_control_robot.py::test_record_without_cameras[koch_bimanual-False]
tests/test_control_robot.py::test_record_without_cameras[aloha-True]
tests/test_control_robot.py::test_record_without_cameras[aloha-False]
tests/test_control_robot.py::test_record_without_cameras[so100-True]
tests/test_control_robot.py::test_record_without_cameras[so100-False]
tests/test_control_robot.py::test_record_without_cameras[moss-True]
tests/test_control_robot.py::test_record_without_cameras[moss-False]
tests/test_control_robot.py::test_record_and_replay_and_policy[koch-True]
tests/test_control_robot.py::test_record_and_replay_and_policy[koch-False]
tests/test_control_robot.py::test_record_and_replay_and_policy[koch_bimanual-True]
tests/test_control_robot.py::test_record_and_replay_and_policy[koch_bimanual-False]
tests/test_control_robot.py::test_record_and_replay_and_policy[aloha-True]
tests/test_control_robot.py::test_record_and_replay_and_policy[aloha-False]
tests/test_control_robot.py::test_record_and_replay_and_policy[so100-True]
tests/test_control_robot.py::test_record_and_replay_and_policy[so100-False]
tests/test_control_robot.py::test_record_and_replay_and_policy[moss-True]
tests/test_control_robot.py::test_record_and_replay_and_policy[moss-False]
tests/test_control_robot.py::test_resume_record[koch-True]
tests/test_control_robot.py::test_record_with_event_rerecord_episode[koch-True]
tests/test_control_robot.py::test_record_with_event_exit_early[koch-True]
tests/test_control_robot.py::test_record_with_event_stop_recording[koch-True-0]
tests/test_control_robot.py::test_record_with_event_stop_recording[koch-True-1]
tests/test_datasets.py::test_same_attributes_defined
tests/test_datasets.py::test_dataset_initialization
tests/test_datasets.py::test_factory[aloha-lerobot/aloha_sim_insertion_human-act]
tests/test_datasets.py::test_factory[aloha-lerobot/aloha_sim_insertion_scripted-act]
tests/test_datasets.py::test_factory[aloha-lerobot/aloha_sim_transfer_cube_human-act]
tests/test_datasets.py::test_factory[aloha-lerobot/aloha_sim_transfer_cube_scripted-act]
tests/test_datasets.py::test_factory[aloha-lerobot/aloha_sim_insertion_human_image-act]
tests/test_datasets.py::test_factory[aloha-lerobot/aloha_sim_insertion_scripted_image-act]
tests/test_datasets.py::test_factory[aloha-lerobot/aloha_sim_transfer_cube_human_image-act]
tests/test_datasets.py::test_factory[aloha-lerobot/aloha_sim_transfer_cube_scripted_image-act]
tests/test_datasets.py::test_factory[pusht-lerobot/pusht-diffusion]
tests/test_datasets.py::test_factory[pusht-lerobot/pusht-vqbet]
tests/test_datasets.py::test_factory[pusht-lerobot/pusht_image-diffusion]
tests/test_datasets.py::test_factory[pusht-lerobot/pusht_image-vqbet]
tests/test_datasets.py::test_factory[xarm-lerobot/xarm_lift_medium-tdmpc]
tests/test_datasets.py::test_factory[xarm-lerobot/xarm_lift_medium_replay-tdmpc]
tests/test_datasets.py::test_factory[xarm-lerobot/xarm_push_medium-tdmpc]
tests/test_datasets.py::test_factory[xarm-lerobot/xarm_push_medium_replay-tdmpc]
tests/test_datasets.py::test_factory[xarm-lerobot/xarm_lift_medium_image-tdmpc]
tests/test_datasets.py::test_factory[xarm-lerobot/xarm_lift_medium_replay_image-tdmpc]
tests/test_datasets.py::test_factory[xarm-lerobot/xarm_push_medium_image-tdmpc]
tests/test_datasets.py::test_factory[xarm-lerobot/xarm_push_medium_replay_image-tdmpc]
tests/test_datasets.py::test_factory[dora_aloha_real-lerobot/aloha_static_battery-act_aloha_real]
tests/test_datasets.py::test_factory[dora_aloha_real-lerobot/aloha_static_candy-act_aloha_real]
tests/test_datasets.py::test_factory[dora_aloha_real-lerobot/aloha_static_coffee-act_aloha_real]
tests/test_datasets.py::test_factory[dora_aloha_real-lerobot/aloha_static_coffee_new-act_aloha_real]
tests/test_datasets.py::test_factory[dora_aloha_real-lerobot/aloha_static_cups_open-act_aloha_real]
tests/test_datasets.py::test_factory[dora_aloha_real-lerobot/aloha_static_fork_pick_up-act_aloha_real]
tests/test_datasets.py::test_factory[dora_aloha_real-lerobot/aloha_static_pingpong_test-act_aloha_real]
tests/test_datasets.py::test_factory[dora_aloha_real-lerobot/aloha_static_pro_pencil-act_aloha_real]
tests/test_datasets.py::test_factory[dora_aloha_real-lerobot/aloha_static_screw_driver-act_aloha_real]
tests/test_datasets.py::test_factory[dora_aloha_real-lerobot/aloha_static_tape-act_aloha_real]
tests/test_datasets.py::test_factory[dora_aloha_real-lerobot/aloha_static_thread_velcro-act_aloha_real]
tests/test_datasets.py::test_factory[dora_aloha_real-lerobot/aloha_static_towel-act_aloha_real]
tests/test_datasets.py::test_factory[dora_aloha_real-lerobot/aloha_static_vinh_cup-act_aloha_real]
tests/test_datasets.py::test_factory[dora_aloha_real-lerobot/aloha_static_vinh_cup_left-act_aloha_real]
tests/test_datasets.py::test_factory[dora_aloha_real-lerobot/aloha_static_ziploc_slide-act_aloha_real]
tests/test_datasets.py::test_factory[aloha-repo_id35-act]
tests/test_datasets.py::test_multilerobotdataset_frames
tests/test_datasets.py::test_compute_stats_on_xarm
tests/test_datasets.py::test_flatten_unflatten_dict
tests/test_datasets.py::test_backward_compatibility[lerobot/pusht]
tests/test_datasets.py::test_backward_compatibility[lerobot/aloha_sim_insertion_human]
tests/test_datasets.py::test_backward_compatibility[lerobot/xarm_lift_medium]
tests/test_datasets.py::test_aggregate_stats
tests/test_datasets.py::test_create_branch
tests/test_delta_timestamps.py::test_check_timestamps_sync_synced
tests/test_delta_timestamps.py::test_check_timestamps_sync_unsynced
tests/test_delta_timestamps.py::test_check_timestamps_sync_unsynced_no_exception
tests/test_delta_timestamps.py::test_check_timestamps_sync_slightly_off
tests/test_delta_timestamps.py::test_check_timestamps_sync_single_timestamp
tests/test_delta_timestamps.py::test_check_timestamps_sync_empty_dataset
tests/test_delta_timestamps.py::test_check_delta_timestamps_valid
tests/test_delta_timestamps.py::test_check_delta_timestamps_slightly_off
tests/test_delta_timestamps.py::test_check_delta_timestamps_invalid
tests/test_delta_timestamps.py::test_check_delta_timestamps_invalid_no_exception
tests/test_delta_timestamps.py::test_check_delta_timestamps_empty
tests/test_delta_timestamps.py::test_delta_indices
tests/test_envs.py::test_env[aloha-AlohaInsertion-v0-state]
tests/test_envs.py::test_env[aloha-AlohaInsertion-v0-pixels]
tests/test_envs.py::test_env[aloha-AlohaInsertion-v0-pixels_agent_pos]
tests/test_envs.py::test_env[aloha-AlohaTransferCube-v0-state]
tests/test_envs.py::test_env[aloha-AlohaTransferCube-v0-pixels]
tests/test_envs.py::test_env[aloha-AlohaTransferCube-v0-pixels_agent_pos]
tests/test_envs.py::test_env[pusht-PushT-v0-state]
tests/test_envs.py::test_env[pusht-PushT-v0-pixels]
tests/test_envs.py::test_env[pusht-PushT-v0-pixels_agent_pos]
tests/test_envs.py::test_env[xarm-XarmLift-v0-state]
tests/test_envs.py::test_env[xarm-XarmLift-v0-pixels]
tests/test_envs.py::test_env[xarm-XarmLift-v0-pixels_agent_pos]
tests/test_envs.py::test_env[dora_aloha_real-DoraAloha-v0-state]
tests/test_envs.py::test_env[dora_aloha_real-DoraAloha-v0-pixels]
tests/test_envs.py::test_env[dora_aloha_real-DoraAloha-v0-pixels_agent_pos]
tests/test_envs.py::test_env[dora_aloha_real-DoraKoch-v0-state]
tests/test_envs.py::test_env[dora_aloha_real-DoraKoch-v0-pixels]
tests/test_envs.py::test_env[dora_aloha_real-DoraKoch-v0-pixels_agent_pos]
tests/test_envs.py::test_env[dora_aloha_real-DoraReachy2-v0-state]
tests/test_envs.py::test_env[dora_aloha_real-DoraReachy2-v0-pixels]
tests/test_envs.py::test_env[dora_aloha_real-DoraReachy2-v0-pixels_agent_pos]
tests/test_envs.py::test_factory[aloha]
tests/test_envs.py::test_factory[pusht]
tests/test_envs.py::test_factory[xarm]
tests/test_envs.py::test_factory[dora_aloha_real]
tests/test_examples.py::test_example_1
tests/test_examples.py::test_examples_basic2_basic3_advanced1
tests/test_image_transforms.py::test_get_image_transforms_no_transform
tests/test_image_transforms.py::test_get_image_transforms_brightness[min_max0]
tests/test_image_transforms.py::test_get_image_transforms_brightness[min_max1]
tests/test_image_transforms.py::test_get_image_transforms_contrast[min_max0]
tests/test_image_transforms.py::test_get_image_transforms_contrast[min_max1]
tests/test_image_transforms.py::test_get_image_transforms_saturation[min_max0]
tests/test_image_transforms.py::test_get_image_transforms_saturation[min_max1]
tests/test_image_transforms.py::test_get_image_transforms_hue[min_max0]
tests/test_image_transforms.py::test_get_image_transforms_hue[min_max1]
tests/test_image_transforms.py::test_get_image_transforms_sharpness[min_max0]
tests/test_image_transforms.py::test_get_image_transforms_sharpness[min_max1]
tests/test_image_transforms.py::test_get_image_transforms_max_num_transforms
tests/test_image_transforms.py::test_get_image_transforms_random_order
tests/test_image_transforms.py::test_backward_compatibility_torchvision[brightness-min_max_values0]
tests/test_image_transforms.py::test_backward_compatibility_torchvision[contrast-min_max_values1]
tests/test_image_transforms.py::test_backward_compatibility_torchvision[saturation-min_max_values2]
tests/test_image_transforms.py::test_backward_compatibility_torchvision[hue-min_max_values3]
tests/test_image_transforms.py::test_backward_compatibility_torchvision[sharpness-min_max_values4]
tests/test_image_transforms.py::test_backward_compatibility_default_config
tests/test_image_transforms.py::test_random_subset_apply_single_choice[p0]
tests/test_image_transforms.py::test_random_subset_apply_single_choice[p1]
tests/test_image_transforms.py::test_random_subset_apply_random_order
tests/test_image_transforms.py::test_random_subset_apply_valid_transforms
tests/test_image_transforms.py::test_random_subset_apply_probability_length_mismatch
tests/test_image_transforms.py::test_random_subset_apply_invalid_n_subset[0]
tests/test_image_transforms.py::test_random_subset_apply_invalid_n_subset[5]
tests/test_image_transforms.py::test_sharpness_jitter_valid_range_tuple
tests/test_image_transforms.py::test_sharpness_jitter_valid_range_float
tests/test_image_transforms.py::test_sharpness_jitter_invalid_range_min_negative
tests/test_image_transforms.py::test_sharpness_jitter_invalid_range_max_smaller
tests/test_image_transforms.py::test_visualize_image_transforms[lerobot/aloha_sim_transfer_cube_human-3]
tests/test_image_writer.py::test_init_threading
tests/test_image_writer.py::test_init_multiprocessing
tests/test_image_writer.py::test_zero_threads
tests/test_image_writer.py::test_image_array_to_image_rgb
tests/test_image_writer.py::test_image_array_to_image_pytorch_format
tests/test_image_writer.py::test_image_array_to_image_single_channel
tests/test_image_writer.py::test_image_array_to_image_float_array
tests/test_image_writer.py::test_image_array_to_image_out_of_bounds_float
tests/test_image_writer.py::test_write_image_numpy
tests/test_image_writer.py::test_write_image_image
tests/test_image_writer.py::test_write_image_exception
tests/test_image_writer.py::test_save_image_numpy
tests/test_image_writer.py::test_save_image_numpy_multiprocessing
tests/test_image_writer.py::test_save_image_torch
tests/test_image_writer.py::test_save_image_torch_multiprocessing
tests/test_image_writer.py::test_save_image_pil
tests/test_image_writer.py::test_save_image_pil_multiprocessing
tests/test_image_writer.py::test_save_image_invalid_data
tests/test_image_writer.py::test_save_image_after_stop
tests/test_image_writer.py::test_stop
tests/test_image_writer.py::test_stop_multiprocessing
tests/test_image_writer.py::test_multiple_stops
tests/test_image_writer.py::test_multiple_stops_multiprocessing
tests/test_image_writer.py::test_wait_until_done
tests/test_image_writer.py::test_wait_until_done_multiprocessing
tests/test_image_writer.py::test_exception_handling
tests/test_image_writer.py::test_with_different_image_formats
tests/test_image_writer.py::test_safe_stop_image_writer_decorator
tests/test_image_writer.py::test_main_process_time
tests/test_motors.py::test_find_port[dynamixel-True]
tests/test_motors.py::test_find_port[dynamixel-False]
tests/test_motors.py::test_find_port[feetech-True]
tests/test_motors.py::test_find_port[feetech-False]
tests/test_motors.py::test_configure_motors_all_ids_1[dynamixel-True]
tests/test_motors.py::test_configure_motors_all_ids_1[dynamixel-False]
tests/test_motors.py::test_configure_motors_all_ids_1[feetech-True]
tests/test_motors.py::test_configure_motors_all_ids_1[feetech-False]
tests/test_motors.py::test_motors_bus[dynamixel-True]
tests/test_motors.py::test_motors_bus[dynamixel-False]
tests/test_motors.py::test_motors_bus[feetech-True]
tests/test_motors.py::test_motors_bus[feetech-False]
tests/test_online_buffer.py::test_non_mutate
tests/test_online_buffer.py::test_index_error_no_data
tests/test_online_buffer.py::test_index_error_with_data
tests/test_online_buffer.py::test_write_read[False]
tests/test_online_buffer.py::test_write_read[True]
tests/test_online_buffer.py::test_read_data_key
tests/test_online_buffer.py::test_fifo
tests/test_online_buffer.py::test_delta_timestamps_within_tolerance
tests/test_online_buffer.py::test_delta_timestamps_outside_tolerance_inside_episode_range
tests/test_online_buffer.py::test_delta_timestamps_outside_tolerance_outside_episode_range
tests/test_online_buffer.py::test_compute_sampler_weights_trivial[0.0-0-1]
tests/test_online_buffer.py::test_compute_sampler_weights_trivial[0.0-0-6]
tests/test_online_buffer.py::test_compute_sampler_weights_trivial[0.0-4-1]
tests/test_online_buffer.py::test_compute_sampler_weights_trivial[0.0-4-6]
tests/test_online_buffer.py::test_compute_sampler_weights_trivial[1.0-0-1]
tests/test_online_buffer.py::test_compute_sampler_weights_trivial[1.0-0-6]
tests/test_online_buffer.py::test_compute_sampler_weights_trivial[1.0-4-1]
tests/test_online_buffer.py::test_compute_sampler_weights_trivial[1.0-4-6]
tests/test_online_buffer.py::test_compute_sampler_weights_nontrivial_ratio
tests/test_online_buffer.py::test_compute_sampler_weights_nontrivial_ratio_and_drop_last_n
tests/test_online_buffer.py::test_compute_sampler_weights_drop_n_last_frames
tests/test_policies.py::test_get_policy_and_config_classes[act]
tests/test_policies.py::test_get_policy_and_config_classes[diffusion]
tests/test_policies.py::test_get_policy_and_config_classes[tdmpc]
tests/test_policies.py::test_get_policy_and_config_classes[vqbet]
tests/test_policies.py::test_policy[xarm-tdmpc-extra_overrides0]
tests/test_policies.py::test_policy[pusht-diffusion-extra_overrides1]
tests/test_policies.py::test_policy[pusht-vqbet-extra_overrides2]
tests/test_policies.py::test_policy[aloha-act-extra_overrides3]
tests/test_policies.py::test_policy[aloha-act-extra_overrides4]
tests/test_policies.py::test_policy[aloha-act-extra_overrides5]
tests/test_policies.py::test_policy[aloha-act-extra_overrides6]
tests/test_policies.py::test_policy[aloha-diffusion-extra_overrides7]
tests/test_policies.py::test_policy[pusht-act-extra_overrides8]
tests/test_policies.py::test_policy[dora_aloha_real-act_real-extra_overrides9]
tests/test_policies.py::test_policy[dora_aloha_real-act_real_no_state-extra_overrides10]
tests/test_policies.py::test_act_backbone_lr
tests/test_policies.py::test_policy_defaults[act]
tests/test_policies.py::test_policy_defaults[diffusion]
tests/test_policies.py::test_policy_defaults[tdmpc]
tests/test_policies.py::test_policy_defaults[vqbet]
tests/test_policies.py::test_yaml_matches_dataclass[xarm-tdmpc]
tests/test_policies.py::test_yaml_matches_dataclass[pusht-diffusion]
tests/test_policies.py::test_yaml_matches_dataclass[aloha-act]
tests/test_policies.py::test_save_and_load_pretrained[act]
tests/test_policies.py::test_save_and_load_pretrained[diffusion]
tests/test_policies.py::test_save_and_load_pretrained[tdmpc]
tests/test_policies.py::test_save_and_load_pretrained[vqbet]
tests/test_policies.py::test_normalize[False]
tests/test_policies.py::test_normalize[True]
tests/test_policies.py::test_backward_compatibility[xarm-tdmpc-extra_overrides0-use_policy]
tests/test_policies.py::test_backward_compatibility[pusht-diffusion-extra_overrides1-]
tests/test_policies.py::test_backward_compatibility[aloha-act-extra_overrides2-]
tests/test_policies.py::test_backward_compatibility[aloha-act-extra_overrides3-_1000_steps]
tests/test_policies.py::test_backward_compatibility[dora_aloha_real-act_aloha_real-extra_overrides4-]
tests/test_policies.py::test_act_temporal_ensembler
tests/test_push_dataset_to_hub.py::test_push_dataset_to_hub_invalid_repo_id
tests/test_push_dataset_to_hub.py::test_push_dataset_to_hub_out_dir_force_override_false
tests/test_push_dataset_to_hub.py::test_push_dataset_to_hub_format[required_packages0-pusht_zarr-lerobot/pusht-False]
tests/test_push_dataset_to_hub.py::test_push_dataset_to_hub_format[required_packages1-pusht_zarr-lerobot/pusht-True]
tests/test_push_dataset_to_hub.py::test_push_dataset_to_hub_format[None-xarm_pkl-lerobot/xarm_lift_medium-False]
tests/test_push_dataset_to_hub.py::test_push_dataset_to_hub_format[None-aloha_hdf5-lerobot/aloha_sim_insertion_scripted-False]
tests/test_push_dataset_to_hub.py::test_push_dataset_to_hub_format[required_packages4-umi_zarr-lerobot/umi_cup_in_the_wild-False]
tests/test_push_dataset_to_hub.py::test_push_dataset_to_hub_format[None-dora_parquet-cadene/wrist_gripper-False]
tests/test_push_dataset_to_hub.py::test_push_dataset_to_hub_pusht_backward_compatibility[pusht_zarr-lerobot/pusht]
tests/test_push_dataset_to_hub.py::test_push_dataset_to_hub_pusht_backward_compatibility[xarm_pkl-lerobot/xarm_lift_medium]
tests/test_push_dataset_to_hub.py::test_push_dataset_to_hub_pusht_backward_compatibility[aloha_hdf5-lerobot/aloha_sim_insertion_scripted]
tests/test_push_dataset_to_hub.py::test_push_dataset_to_hub_pusht_backward_compatibility[umi_zarr-lerobot/umi_cup_in_the_wild]
tests/test_push_dataset_to_hub.py::test_push_dataset_to_hub_pusht_backward_compatibility[dora_parquet-cadene/wrist_gripper]
tests/test_robots.py::test_robot[koch-True]
tests/test_robots.py::test_robot[koch-False]
tests/test_robots.py::test_robot[koch_bimanual-True]
tests/test_robots.py::test_robot[koch_bimanual-False]
tests/test_robots.py::test_robot[aloha-True]
tests/test_robots.py::test_robot[aloha-False]
tests/test_robots.py::test_robot[so100-True]
tests/test_robots.py::test_robot[so100-False]
tests/test_robots.py::test_robot[moss-True]
tests/test_robots.py::test_robot[moss-False]
tests/test_sampler.py::test_drop_n_first_frames
tests/test_sampler.py::test_drop_n_last_frames
tests/test_sampler.py::test_episode_indices_to_use
tests/test_sampler.py::test_shuffle
tests/test_utils.py::test_seeding[random0]
tests/test_utils.py::test_seeding[random1]
tests/test_utils.py::test_seeding[<lambda>]
tests/test_utils.py::test_get_set_random_state
tests/test_utils.py::test_calculate_episode_data_index
tests/test_utils.py::test_init_hydra_config_empty
tests/test_visualize_dataset.py::test_visualize_local_dataset
tests/test_visualize_dataset_html.py::test_visualize_dataset_html

Testing with DEVICE='cpu'

310 tests collected in 1.72s
Container bc7f48e6042f stopped and removed
Spend totally 4935.160177946091.
