PeiJieSun/NESCL
365d20d163024dfae5271da59a42b9ca074ace43
Container dazzling_black 811d23dec62a started with image build_env_python:3.10
************** configuration **************
You are an expert skilled in environment configuration. You can refer to various files and structures in the repository such as `requirements.txt`, `setup.py`, etc., and use dependency prediction tools like pipreqs to install and download the corresponding third-party libraries in a given Docker image. This ensures that the repository can be successfully configured and able to correctly execute the specified tests.
* Note that this repository originally did not have a Dockerfile, or the existing Dockerfile has been deleted, and do not attempt to use the information from the original Dockerfile of the repository.*

* We have already configured poetry, pipdeptree, and pytest for you; no additional configuration is needed. However, you cannot directly invoke pytest; you need to run tests using `runtest` or `poetryruntest`.

WORK PROCESS:
1. **Read Directory Structure**: Check the folder structure in the root directory, focusing on the configuration files related to setting up the environment.
2. **Determine Python Version**: Decide if you need to switch the Python version in the Docker container. The current version is python:3.10. If you want to switch the Python version, please run the `change_python_version python_version` command, where python_version is the Python version number (for example, `change_python_version 3.9`), and you do not need to add quotation marks. If you do not need to make any changes, please ignore this step. You can also run these commands at any point later during the environment configuration to switch the Python version.
    *Note*: You can only switch the Python version within the container; switching to other images is not allowed.
3. **Check the configuration files in the root directory**: Read configuration files related to setting up the environment, such as: Information in the `.github` folder, `setup.py`, `setup.cfg`, `Pipfile` and `Pipfile.lock`, `environment.yml`, `poetry.lock` and `pyproject.toml`, etc.
3.5 **Try testing (optional)**: Using `runtest` command to check if it is possible to pass the tests directly without any additional configuration.
4. **Review Additional Files**: Consider other potential files and structures for environment configuration.
5. **Automatically install according to the installation script**: Based on the observed structure in the root directory, determine the necessary installation commands:
    a. Poetry Detected: If a poetry.lock file is present in the root directory, Install Poetry using the relevant method for your system. Execute the command `poetry install` to install the dependencies specified in the lock file.
    b. Setup.py Detected: If a setup.py file exists in the root directory, run the command `pip install -e .` to install the package in editable mode along with its dependencies.
    c. Other Descriptor Files: For other specific files that indicate dependency management, assess and determine the appropriate method to install the required dependencies.
    *Note*: We only consider automatically installation script in the repository. Do not consider `requirements.txt` directly in this step!
6. **Collecting Third-Party Library Download List**: In this step, you need to locate all files in the root directory that list dependencies line by line, such as `requirements.txt`, `requirements_dev.txt`, etc. Use a command like `queue_file /repo/requirements.txt` to submit them to the download list. I will handle the unified downloading later.
    If you have determined the path to the requirements file, please enter `waitinglist addfile` followed by the path to the requirements file. For example, `waitinglist addfile /repo/requirements.txt`.
    *Note*: The files you collect must follow the standard requirements.txt format. Do not collect files in any other formats. For instance, if you are unsure about the format of `/repo/requirements_test.txt`, you can use the command `cat /repo/requirements_test.txt` to read the file contents and ensure the file fully meets the requirements before submitting it. If no such dependency-listing files are found, you may skip this step.
    *Note*: In a standard requirements.txt file, each valid entry on a line consists of package_name followed by version_constraints (if there are no version_constraints, the latest version is implied). For example: "numpy==2.1", "numpy>2.0,<3.0", "numpy" (implies the latest version).
    *Note*: We will not collect items that are improperly formatted.
7. **Using pipreqs to Obtain Additional Lists**: In this step, you should use `runpipreqs` to analyze the third-party libraries that need to be installed based on the findings of the previous step. Simply use the command `get pipreqs`, and it will generate a `requirements_pipreqs.txt` file in the project root directory (/repo) and show you the warnings and errors.
    *Note*: If you have already collected some requirements.txt files in Step 5, you do not need to execute `runpipreqs` in this step. Avoid collecting too many dependencies repeatedly. You can directly execute `download` after handling conflicts and formatting errors. If errors occur in subsequent tests, you can then run `runpipreqs`.
8. **Handling pipreqs Warnings**: For warnings that appear in pipreqs, such as not being able to find a module on PyPI, it may be due to a discrepancy between the download name and the import name of a third-party library. For example, `import cv2` requires downloading not `cv2` but `opencv-python`. For each warning, you need to address the discrepancy by ensuring the correct package names are used for the downloads.
    You should review "pipreqs_output.txt" (used to store output during the pipreqs dependency generation process) and "requirements_pipreqs.txt" (the final generated dependency results) to check for any inconsistencies. Use ```diff and ``` to make adjustments to "requirements_pipreqs.txt" as needed.
    *Note*: If you did not execute runpipreqs, then you do not need to perform this step.
9. **Update lists**: Add the "requirements_pipreqs.txt" file generated by pipreqs and corrected by you (or maybe not) to the waiting list using the command `waitinglist addfile /repo/requirements_pipreqs.txt`.
    *Note*: If you did not execute runpipreqs, then you do not need to perform this step.
10. **Resolve version_constraint conflicts**: Process the elements in conflict_list. Based on the information in conflict_list, resolve any existing version_constraints conflicts. Only after these have been resolved can you proceed with the download.
11. **Unified download execution**: After analyzing the original requirements.txt of the repository and the "requirements.txt" generated by pipreqs, and resolving any conflict issues, you need to enter download to execute the unified `download`. This will download each element currently in the waiting_list one by one, and eventually, the download status will be returned.
12. **Error Handling**: After the download is complete, you need to handle the error messages based on the information provided. We will return the list of third-party libraries and their dependencies in your current environment. When resolving these errors, you need to ensure that these dependencies are properly managed. For example, you cannot directly uninstall a package that is required by another package, nor can you install a version that does not meet the constraints.
    For instance, if package A depends on package B with a requirement of "B>=1.0", you cannot simply run pip uninstall B as this would cause package A to lack its dependency. Similarly, you cannot run `pip install B==0.5` because this would not satisfy the requirement of "B>=1.0".
    You can make use of the following tools:
    a.(Strongly recommend) `pipdeptree`: Use pipdeptree to see the structure of the python third-party library downloaded.
    b.(Strongly recommend) `pipdeptree -p <package_name>`: Use pipdeptree -p followed by package_name can display the dependency information of a specific third-party library.
    c.(Strongly recommend) `pip index versions <package_name> --python-version <python_version>`: This command is used to query the versions of a specific package for a particular Python version, including pre-release versions. For example, `pip index versions requests --python-version 3.10` can be used to find the versions of requests that are available for Python 3.10.
    d. `pip install -q`: Use this command to install a specific version of a package with minimal output. This greatly reduces the verbosity, showing only crucial information and final status. It is recommended to specify the version with == to avoid conflicts with the existing environment. For example, use pip install -q requests==2.25.1 to ensure a quiet and specific version installation.
    e. `pip install -e`: Use this command to install a package in "editable" mode. This is particularly useful during development when you want to make changes to the source code and have them immediately reflected in the installed package without needing to reinstall it. For example, pip install -e . will install the package located in the current directory in editable mode. Another common use case is to install a package from a local path or a VCS repository while keeping it editable. For example, pip install -e git+https://github.com/username/repo.git#egg=package_name.
    f. `pip uninstall`: Use this command to uninstall a third-party library. This should be used cautiously as it may cause dependency issues. If you need to change the version of a package, it is better to use `pip install [package_name]==[version]` instead.
    g. `apt-get update -qq && apt-get install [package]=[version] -y -qq`: Use this command to install system packages if needed, remember to use `-y`. Use `-qq` to minimize the output if there is nothing wrong.
    h. `export <variable>=<value>`: Use this command to set system environment variables.
    i. You can use the `--help` parameter to view detailed usage instructions for various tools, such as `pipdeptree --help` and `pip install --help`, etc.
    j. You may also use other commands that are not listed here, including built-in Bash commands and other system commands.
    *Note*: Always consider the potential impact of each command on the system. Aim to achieve the best results with minimal changes.
    *Note*: For modules not found in the error message, first check if the corresponding module is available in the project folder before proceeding with external downloads. For example, if you encounter an error stating ModuleNotFoundError: No module named 'my_module', check if there is a file named my_module.py in your project directory. If it is not present, then you can look for the module externally and download it if necessary.
    *Note*: Do not use external download tools like `git clone` or `wget` to download a large number of files directly in the /repo folder (or its subdirectories) to avoid causing significant changes to the original repository.
    *Note*: Flexibility: You do not need to complete all configurations in one go. If you are unsure whether the configuration is approximately complete, you can use the `runtest` or `poetryruntest`(When you configured in poetry environment) command. I will check the configured environment and return any error messages. Based on the error messages, you can make further adjustments.
    *Note*: In special cases, if you feel that the Docker environment has become too messy to achieve your goal, you can use `clear_configuration` command to restore it to the initial Python 3.10 environment or `change_python_version` and start over.
**Most Important!** You can execute `runtest` or `poetryruntest` anywhere when you decide to test the environment. You do not need to complete all the previous steps; you can directly run `runtest` or `poetryruntest` to check if the configuration is complete and get feedback from the error messages. Be flexible. Our goal is to pass the runtest or poetryruntest checks.
If you encounter import errors such as ModuleNotFoundError or ImportError, you can consider two solutions. One solution is to use external tools like pip or apt-get to download these dependencies. The other solution is to check for local dependencies in the repository; if local dependencies are available, you can use `export PYTHONPATH=` statements to set environment variables (preferably), or modify the __init__.py file to resolve the issue.
Please note that when manually using pip, apt-get, poetry, or other tools to download third-party libraries, try to use the `-q` (quiet) mode if available to reduce intermediate progress bar outputs. Additionally, we will help remove more obvious progress bar information to minimize interference with the analysis.
If you need to install packages using pip, please consider adding them to the waiting list first, and then use the `download` command to proceed with the installation.
In each round of the conversation, we will inform you of the commands that have been correctly executed and have changed the state of the current Docker container. Please reflect on each round's Observation in relation to the current state of the Docker container and decide the subsequent Action.
If you need to run two or more commands, please strictly follow the order by enclosing each command in ONE ```bash and ``` blocks connected by "&&" with ONE line! It is not recommended to use backslashes (\) for line continuation. If you need to execute commands that span multiple lines, it is advisable to write them into a .sh file and then run the executable file. For example, if you want to enter the /repo directory and execute `poetry install`, you should input:
```bash
cd /repo && poetry install
```

It is not recommended to directly input:
```bash
cd /repo
```
```bash
poetry install
```

Nor is it recommended to input:
```bash
cd /repo \
poetry install
```

We also strongly request that you try to write the instructions on the same line as much as possible, and do not break them into multiple lines, as this may cause parsing errors. Even if the line of instructions contains a lot of && connections, do not arbitrarily break it into multiple lines.

We will automatically maintain two lists in the background to facilitate the installation and download of third-party libraries. These are:
1. waiting list: Used to store third-party libraries waiting to be downloaded, including both pip and apt libraries. You can use `waitinglist show` to show all items in it.
2. conflict list: Used to store elements with the same name as those in the waiting list but with inconsistent version constraints. You can use `conflictlist show` to show all items in it.
*Note*: you only need to follow the prompts to complete operations on these lists during the running process and can only manipulate them using the provided commands.
*Note*: Before operating waiting list, conflict list, or download commands, you can use waitinglist show or conflictlist show to observe their structure each time.


IN GOOD FORMAT: 
All your answer must contain Thought and Action. 
Calling CLI tools Action using bash block like ```bash  ```. 
Editing and Writing code Action using diff block like ```diff ```.
The command line you generate will be run in the bash sandbox environment, and the running results will be returned to you through the system messages.

IMPORTANT TIPS: 
        * Each round of reply can only contain one ```bash ``` block, which means Each round of your answers contain only *ONE* action!
        * Please submit the first command first, then after receiving the response, you can issue the second command. You are free to use any other bash communication.

You are now in the Docker environment of python:3.10. Please perform all operations within this environment.
CLI TOOLS: You can call CLI tools in  ```bash ... ``` block as Action with a Thought. like:
### Thought: I need to understand the structure of the root directory.
### Action:
```bash
ls /repo
```

For another example:
### Thought: I need to read the README.md file.
### Action:
```bash
cat README.md
```


CODE EDITING AND WRITING: All changes to files must use the ```diff  ```  block format, with symbols <<<<<<< SEARCH, ======= and >>>>>>> REPLACE 

You need to provide code patch. The patch should according to the original code, indent correctly, and do not include line numbers. The format is as follows: 
### Thought: Modify explanation...
### Action: 
```diff 
/absolute/path/of/target.py
<<<<<<< SEARCH
    exact copy of old line(s) you would like to change
=======
    new line(s) to replace
>>>>>>> REPLACE

<<<<<<< SEARCH
    exact copy of old line(s) you would like to change
=======
    new line(s) to replace
>>>>>>> REPLACE
``` 
Every *SEARCH/REPLACE block must use this format:
1. The opening fence ```diff 
2. The file path alone on a line, verbatim. No bold asterisks, no quotes around it, no escaping of characters, etc.
3. The start of search block: <<<<<<< SEARCH
4. A contiguous chunk of lines to search for in the existing source code
5. The dividing line: =======
6. The lines to replace into the source code
7. The end of the replace block: >>>>>>> REPLACE
8. The closing fence: ``` 
Once you want to modify the code you MUST: 
        * Include *ALL* the code being searched and replaced!
        * Every *SEARCH* section must *EXACTLY MATCH* the existing source code, character for character, including all comments, docstrings, etc.
        * '<<<<<<< SEARCH', '=======' and  '>>>>>>> REPLACE' symbols must be on a line by themselves and cannot be indented.
        * All code modifications must be expressed in the REPLACE format above (including delete an insert). We will find the source code with the highest matching degree in the original file and replace it. Please provide sufficient and unique old line(s) from snippet to facilitate matching.
        * If the code patch you provide is successfully applied, the differences before and after the code modification will be returned.
        * The paths of modified files must be completely absolute paths.
        * Make sure the patch you provide is indented correctly especially in python programs: The indentation of old lines is exactly the same as the original code, and the indentation of new lines is correct.
        * All patches must be based on the original code viewed by the tools, and fabricated code patch(es) is prohibited.
        * Previously successfully applied patches will modify the code, and new patches must be applied based on the current code. Please review the relevant code again then provide new patches.
        * If the old line(s) is empty, it is considered to be inserted at the beginning of the file. If the file does not exist, a new file will be created and the new line will be written. like:
### Thought: Create a.py
### Action:
```diff
/project_path/.../a.py
<<<<<<< SEARCH
=======
    [new line(s) to add]
>>>>>>> REPLACE
```

*Note*: Do not make extensive changes to the existing files in the /repo folder. You may only make appropriate and necessary changes to the original repository files (e.g., when there are actual errors or tests that cannot be run).
*Very Important Note*: Passing tests by modifying testing functions is not allowed, and you should figure out how to make the current test functions run successfully!!!
In addition to typical bash commands, we also provide the following commands that can be used, you can use them flexibly if needed:
waitinglist add -p package_name [-v version_constraints] -t tool # Add item into waiting list. If no 'version_constraints' are specified, the latest version will be downloaded by default.
waitinglist addfile file_path # Add all entries from a file similar to requirements.txt format to the waiting list.
waitinglist clear # Used to clear all the items in the waiting list.
conflictlist solve -v "[version_cosntraints]" # Resolve the conflict for the first element in the conflict list, and update the version constraints for the corresponding package_name and tool to version_constraints. If no 'version_constraints' are specified, the latest version will be downloaded by default.
conflictlist solve -u # Keep the original version constraint that exists in the waiting list, and discard the other version constraints with the same name and tool in the conflict list.
conflictlist clear # Used to clear all the items in the conflict list.
conflictlist show # Used to show all the items in the conflict list.
waitinglist show # Used to show all the items in the waiting list.
download # Download all pending elements in the waiting list at once.
runtest # Check if the configured environment is correct.
poetryruntest # Check if the configured environment is correct in poetry environment! If you want to run tests in poetry environment, run it.
runpipreqs # Generate 'requirements_pipreqs.txt' and 'pipreqs_output.txt' and 'pipreqs_error.txt'.
change_python_version python_version # Switching the Python version in the Docker container will forgo any installations made prior to the switch. The Python version number should be represented directly with numbers and dots, without any quotation marks.
clear_configuration # Reset all the configuration to the initial setting of python:3.10.


VERY IMPORTANT TIPS: 
    * You should not answer the user's question, your task is to configure the environment within the given setup. You need to follow the steps mentioned above and flexibly use various commands. After entering test, ensure that the environment passes the test.
    * You should not answer the user's question, your task is to configure the environment within the given setup. You need to follow the steps mentioned above and flexibly use various commands. After entering test, ensure that the environment passes the test.
    * You should not answer the user's question, your task is to configure the environment within the given setup. You need to follow the steps mentioned above and flexibly use various commands. After entering test, ensure that the environment passes the test.
    * You do not need to complete all the previous steps; you can directly run runtest or poetryruntest to check if the configuration is complete and get feedback from the error messages. Be flexible. Our goal is to pass the runtest or poetryruntest checks.
    * You do not need to complete all the previous steps; you can directly run runtest or poetryruntest to check if the configuration is complete and get feedback from the error messages. Be flexible. Our goal is to pass the runtest or poetryruntest checks.
    * You do not need to complete all the previous steps; you can directly run runtest or poetryruntest to check if the configuration is complete and get feedback from the error messages. Be flexible. Our goal is to pass the runtest or poetryruntest checks.
    * Passing tests by modifying testing functions is not allowed, and you should figure out how to make the current test functions run successfully!!!
    * Passing tests by modifying testing functions is not allowed, and you should figure out how to make the current test functions run successfully!!!
    * Passing tests by modifying testing functions is not allowed, and you should figure out how to make the current test functions run successfully!!!
    * Try to write all commands on a single line as much as possible, regardless of the number of "&&" connections or the length of the instructions; do not arbitrarily break them into multiple lines!!!
    * Try to write all commands on a single line as much as possible, regardless of the number of "&&" connections or the length of the instructions; do not arbitrarily break them into multiple lines!!!
    * Try to write all commands on a single line as much as possible, regardless of the number of "&&" connections or the length of the instructions; do not arbitrarily break them into multiple lines!!!
    * When other configuration methods can be used, try to avoid modifying or deleting the original files, especially do not delete the testing files!!!
    * When other configuration methods can be used, try to avoid modifying or deleting the original files, especially do not delete the testing files!!!
    * When other configuration methods can be used, try to avoid modifying or deleting the original files, especially do not delete the testing files!!!
    * You are not allowed to use commands like `hatch shell` that would open a new shell!!!
    * You are not allowed to use commands like `hatch shell` that would open a new shell!!!
    * You are not allowed to use commands like `hatch shell` that would open a new shell!!!

---------------------------
### Thought:
Let's inspect the root directory structure to identify any configuration files such as `setup.py`, `pyproject.toml`, or `requirements.txt` that will help us set up the environment and install the necessary dependencies.

### Action:
```bash
ls /repo
```
### Observation:
Running `ls /repo`...
LICENSE      docs		     run_example
MANIFEST.in  hyper		     run_recbole_autodl.py
README.md    hyper_example.result    run_test.sh
asset	     neurec_setup.py	     setup.py
conda	     nni		     style.cfg
config	     random_choice_setup.py  tests
debug	     recbole		     tips.md
debug.py     requirements.txt	     workspace.code-workspace
`ls /repo` executes with returncode: 0

[Current directory]:
/
You are currently in a [python:3.10] container.

ENVIRONMENT REMINDER: You have 199 turns left to complete the task.
The container remains in its original state.
---------------------------
### Thought:
We have identified several relevant files such as `setup.py`, `requirements.txt`, and `tests`. To begin, let's check the contents of `requirements.txt` to see which dependencies are required for this project.

### Action:
```bash
cat /repo/requirements.txt
```
### Observation:
Running `cat /repo/requirements.txt`...
torch>=1.7.0
numpy>=1.17.2
scipy==1.6.0
hyperopt>=0.2.4
pandas>=1.0.5
tqdm>=4.48.2
scikit_learn>=0.23.2
pyyaml>=5.1.0
colorlog==4.7.2
colorama==0.4.4
tensorboard>=2.5.0
cython==0.29.21
`cat /repo/requirements.txt` executes with returncode: 0

[Current directory]:
/
You are currently in a [python:3.10] container.

ENVIRONMENT REMINDER: You have 198 turns left to complete the task.
The container remains in its original state.
---------------------------
### Thought:
Let's add the dependencies listed in `requirements.txt` to the waiting list and then proceed with the download.

### Action:
```bash
waitinglist addfile /repo/requirements.txt
```
### Observation:
Running `waitinglist addfile /repo/requirements.txt`...
'torch>=1.7.0' (using pip to download) has been added into the waiting list. 
'numpy>=1.17.2' (using pip to download) has been added into the waiting list. 
'scipy==1.6.0' (using pip to download) has been added into the waiting list. 
'hyperopt>=0.2.4' (using pip to download) has been added into the waiting list. 
'pandas>=1.0.5' (using pip to download) has been added into the waiting list. 
'tqdm>=4.48.2' (using pip to download) has been added into the waiting list. 
'scikit_learn>=0.23.2' (using pip to download) has been added into the waiting list. 
'pyyaml>=5.1.0' (using pip to download) has been added into the waiting list. 
'colorlog==4.7.2' (using pip to download) has been added into the waiting list. 
'colorama==0.4.4' (using pip to download) has been added into the waiting list. 
'tensorboard>=2.5.0' (using pip to download) has been added into the waiting list. 
'cython==0.29.21' (using pip to download) has been added into the waiting list. If you have multiple elements to add to the waitinglist, you can use && to connect multiple `waitinglist add` statements and surround them with ```bash and ```. Please make sure to write the complete statements; we will only recognize complete statements. Do not use ellipses or other incomplete forms.
The following entries in "/repo/requirements.txt" have been successfully added to the waiting list:
torch>=1.7.0
numpy>=1.17.2
scipy==1.6.0
hyperopt>=0.2.4
pandas>=1.0.5
tqdm>=4.48.2
scikit_learn>=0.23.2
pyyaml>=5.1.0
colorlog==4.7.2
colorama==0.4.4
tensorboard>=2.5.0
cython==0.29.21
There are no correctly formatted entries in "/repo/requirements.txt" that have been placed in the conflict list.
[Current directory]:
/
You are currently in a [python:3.10] container.

ENVIRONMENT REMINDER: You have 197 turns left to complete the task.
The container remains in its original state.
---------------------------
### Thought:
All dependencies from the `requirements.txt` file have been successfully added to the waiting list. Now, let's proceed to download these dependencies.

### Action:
```bash
download
```
### Observation:
Running `download`...
'torch>=1.7.0' has been removed from the waiting list.
"torch>=1.7.0" installed successfully.
'numpy>=1.17.2' has been removed from the waiting list.
"numpy>=1.17.2" installed successfully.
'scipy==1.6.0' has been removed from the waiting list.
'scipy==1.6.0' (using pip to download) has been added into the waiting list. 
"scipy==1.6.0" installed failed due to non-timeout errors
'hyperopt>=0.2.4' has been removed from the waiting list.
"hyperopt>=0.2.4" installed successfully.
'pandas>=1.0.5' has been removed from the waiting list.
"pandas>=1.0.5" installed successfully.
'tqdm>=4.48.2' has been removed from the waiting list.
"tqdm>=4.48.2" installed successfully.
'scikit_learn>=0.23.2' has been removed from the waiting list.
"scikit_learn>=0.23.2" installed successfully.
'pyyaml>=5.1.0' has been removed from the waiting list.
"pyyaml>=5.1.0" installed successfully.
'colorlog==4.7.2' has been removed from the waiting list.
"colorlog==4.7.2" installed successfully.
'colorama==0.4.4' has been removed from the waiting list.
"colorama==0.4.4" installed successfully.
'tensorboard>=2.5.0' has been removed from the waiting list.
"tensorboard>=2.5.0" installed successfully.
'cython==0.29.21' has been removed from the waiting list.
"cython==0.29.21" installed successfully.
'scipy==1.6.0' has been removed from the waiting list.
'scipy==1.6.0' (using pip to download) has been added into the waiting list. If you have multiple elements to add to the waitinglist, you can use && to connect multiple `waitinglist add` statements and surround them with ```bash and ```. Please make sure to write the complete statements; we will only recognize complete statements. Do not use ellipses or other incomplete forms.
"scipy==1.6.0" installed failed due to non-timeout errors
'scipy==1.6.0' has been removed from the waiting list.
The third-party library "scipy==1.6.0" (using tool pip) has been added to the failed list due to three download non-timeout errors.
In this round, the following third-party libraries were successfully downloaded. They are:
torch>=1.7.0 (using tool pip)
numpy>=1.17.2 (using tool pip)
hyperopt>=0.2.4 (using tool pip)
pandas>=1.0.5 (using tool pip)
tqdm>=4.48.2 (using tool pip)
scikit_learn>=0.23.2 (using tool pip)
pyyaml>=5.1.0 (using tool pip)
colorlog==4.7.2 (using tool pip)
colorama==0.4.4 (using tool pip)
tensorboard>=2.5.0 (using tool pip)
cython==0.29.21 (using tool pip)
In this round, the following third-party libraries failed to download. They are:
----------------------------------------------------------------------------------------------------
scipy==1.6.0 (using tool pip)
Failed message:
 To build Scipy from sources, BLAS & LAPACK libraries need to be installed.
See site.cfg.example in the Scipy source directory and
https://docs.scipy.org/doc/scipy/reference/building/index.html for details.
[end of output]
note: This error originates from a subprocess, and is likely not a problem with pip.
error: metadata-generation-failed
Ã— Encountered error while generating package metadata.
â•°â”€> See above for output.
note: This is an issue with the package mentioned above, not pip.
hint: See above for details.
----------------------------------------------------------------------------------------------------
[Current directory]:
/
You are currently in a [python:3.10] container.

ENVIRONMENT REMINDER: You have 196 turns left to complete the task.
The container has successfully executed the following commands in order. Please refer to the execution history, reflect, and decide the subsequent actions. Remember, your ultimate goal is to pass the tests by executing `runtest` or `poetryruntest`.
python /home/tools/pip_download.py -p torch -v ">=1.7.0"
python /home/tools/pip_download.py -p numpy -v ">=1.17.2"
python /home/tools/pip_download.py -p hyperopt -v ">=0.2.4"
python /home/tools/pip_download.py -p pandas -v ">=1.0.5"
python /home/tools/pip_download.py -p tqdm -v ">=4.48.2"
python /home/tools/pip_download.py -p scikit_learn -v ">=0.23.2"
python /home/tools/pip_download.py -p pyyaml -v ">=5.1.0"
python /home/tools/pip_download.py -p colorlog -v "==4.7.2"
python /home/tools/pip_download.py -p colorama -v "==0.4.4"
python /home/tools/pip_download.py -p tensorboard -v ">=2.5.0"
python /home/tools/pip_download.py -p cython -v "==0.29.21"
---------------------------
### Thought:
The `scipy==1.6.0` package failed to install due to a missing BLAS & LAPACK libraries. We can resolve this by installing the required system libraries first. 

Let's install the necessary BLAS & LAPACK libraries using `apt-get`. After that, we can attempt to install `scipy==1.6.0` again.

### Action:
```bash
apt-get update -qq && apt-get install -y -qq libblas-dev liblapack-dev gfortran && pip install -q scipy==1.6.0
```
### Observation:
Running `apt-get update -qq`...
`apt-get update -qq` executes with returncode: 0
Running `apt-get install -y -qq libblas-dev liblapack-dev gfortran`...
debconf: delaying package configuration, since apt-utils is not installed
Selecting previously unselected package libgfortran5:amd64.
(Reading database ... 
(Reading database ... 5%
(Reading database ... 10%
(Reading database ... 15%
(Reading database ... 20%
(Reading database ... 25%
(Reading database ... 30%
(Reading database ... 35%
(Reading database ... 40%
(Reading database ... 45%
(Reading database ... 50%
(Reading database ... 55%
(Reading database ... 60%
(Reading database ... 65%
(Reading database ... 70%
(Reading database ... 75%
(Reading database ... 80%
(Reading database ... 85%
(Reading database ... 90%
(Reading database ... 95%
(Reading database ... 100%
(Reading database ... 23969 files and directories currently installed.)
Preparing to unpack .../0-libgfortran5_12.2.0-14_amd64.deb ...
Unpacking libgfortran5:amd64 (12.2.0-14) ...
Selecting previously unselected package libgfortran-12-dev:amd64.
Preparing to unpack .../1-libgfortran-12-dev_12.2.0-14_amd64.deb ...
Unpacking libgfortran-12-dev:amd64 (12.2.0-14) ...
Selecting previously unselected package gfortran-12.
Preparing to unpack .../2-gfortran-12_12.2.0-14_amd64.deb ...
Unpacking gfortran-12 (12.2.0-14) ...
Selecting previously unselected package gfortran.
Preparing to unpack .../3-gfortran_4%3a12.2.0-3_amd64.deb ...
Unpacking gfortran (4:12.2.0-3) ...
Selecting previously unselected package libblas3:amd64.
Preparing to unpack .../4-libblas3_3.11.0-2_amd64.deb ...
Unpacking libblas3:amd64 (3.11.0-2) ...
Selecting previously unselected package libblas-dev:amd64.
Preparing to unpack .../5-libblas-dev_3.11.0-2_amd64.deb ...
Unpacking libblas-dev:amd64 (3.11.0-2) ...
Selecting previously unselected package liblapack3:amd64.
Preparing to unpack .../6-liblapack3_3.11.0-2_amd64.deb ...
Unpacking liblapack3:amd64 (3.11.0-2) ...
Selecting previously unselected package liblapack-dev:amd64.
Preparing to unpack .../7-liblapack-dev_3.11.0-2_amd64.deb ...
Unpacking liblapack-dev:amd64 (3.11.0-2) ...
Setting up libblas3:amd64 (3.11.0-2) ...
update-alternatives: using /usr/lib/x86_64-linux-gnu/blas/libblas.so.3 to provide /usr/lib/x86_64-linux-gnu/libblas.so.3 (libblas.so.3-x86_64-linux-gnu) in auto mode
Setting up libgfortran5:amd64 (12.2.0-14) ...
Setting up libblas-dev:amd64 (3.11.0-2) ...
update-alternatives: using /usr/lib/x86_64-linux-gnu/blas/libblas.so to provide /usr/lib/x86_64-linux-gnu/libblas.so (libblas.so-x86_64-linux-gnu) in auto mode
Setting up liblapack3:amd64 (3.11.0-2) ...
update-alternatives: using /usr/lib/x86_64-linux-gnu/lapack/liblapack.so.3 to provide /usr/lib/x86_64-linux-gnu/liblapack.so.3 (liblapack.so.3-x86_64-linux-gnu) in auto mode
Setting up libgfortran-12-dev:amd64 (12.2.0-14) ...
Setting up gfortran-12 (12.2.0-14) ...
Setting up liblapack-dev:amd64 (3.11.0-2) ...
update-alternatives: using /usr/lib/x86_64-linux-gnu/lapack/liblapack.so to provide /usr/lib/x86_64-linux-gnu/liblapack.so (liblapack.so-x86_64-linux-gnu) in auto mode
Setting up gfortran (4:12.2.0-3) ...
update-alternatives: using /usr/bin/gfortran to provide /usr/bin/f95 (f95) in auto mode
update-alternatives: using /usr/bin/gfortran to provide /usr/bin/f77 (f77) in auto mode
Processing triggers for libc-bin (2.36-9+deb12u9) ...
`apt-get install -y -qq libblas-dev liblapack-dev gfortran` executes with returncode: 0
Running `pip install -q scipy==1.6.0`...
  [31m   [0m ########### CLIB COMPILER OPTIMIZATION ###########
  [31m   [0m INFO: Platform      :
  [31m   [0m   Architecture: x64
  [31m   [0m   Compiler    : gcc
  [31m   [0m 
  [31m   [0m CPU baseline  :
  [31m   [0m   Requested   : 'min'
  [31m   [0m   Enabled     : SSE SSE2 SSE3
  [31m   [0m   Flags       : -msse -msse2 -msse3
  [31m   [0m   Extra checks: none
  [31m   [0m 
  [31m   [0m CPU dispatch  :
  [31m   [0m   Requested   : 'max -xop -fma4'
  [31m   [0m   Enabled     : SSSE3 SSE41 POPCNT SSE42 AVX F16C FMA3 AVX2 AVX512F AVX512CD AVX512_SKX AVX512_CLX AVX512_CNL AVX512_ICL AVX512_SPR
  [31m   [0m   Generated   : none
  [31m   [0m INFO: CCompilerOpt.cache_flush[864] : write cache to path -> /tmp/pip-install-1h42xd8x/scipy_2e5c338090064a7aa40876c1345893c3/build/temp.linux-x86_64-3.10/ccompiler_opt_cache_clib.py
  [31m   [0m [31m[end of output][0m
  [1;35mnote[0m: This error originates from a subprocess, and is likely not a problem with pip.
[31m  ERROR: Failed building wheel for scipy[0m[31m
[0m[31mERROR: ERROR: Failed to build installable wheels for some pyproject.toml based projects (scipy)[0m[31m
The command execution failed, so I have reverted it back to the previous state, which is the environment before running this command.
`pip install -q scipy==1.6.0` executes with returncode: 1

[Current directory]:
/
You are currently in a [python:3.10] container.

ENVIRONMENT REMINDER: You have 195 turns left to complete the task.
The container has successfully executed the following commands in order. Please refer to the execution history, reflect, and decide the subsequent actions. Remember, your ultimate goal is to pass the tests by executing `runtest` or `poetryruntest`.
python /home/tools/pip_download.py -p torch -v ">=1.7.0"
python /home/tools/pip_download.py -p numpy -v ">=1.17.2"
python /home/tools/pip_download.py -p hyperopt -v ">=0.2.4"
python /home/tools/pip_download.py -p pandas -v ">=1.0.5"
python /home/tools/pip_download.py -p tqdm -v ">=4.48.2"
python /home/tools/pip_download.py -p scikit_learn -v ">=0.23.2"
python /home/tools/pip_download.py -p pyyaml -v ">=5.1.0"
python /home/tools/pip_download.py -p colorlog -v "==4.7.2"
python /home/tools/pip_download.py -p colorama -v "==0.4.4"
python /home/tools/pip_download.py -p tensorboard -v ">=2.5.0"
python /home/tools/pip_download.py -p cython -v "==0.29.21"
apt-get update -qq
apt-get install -y -qq libblas-dev liblapack-dev gfortran
---------------------------
### Thought:
The installation of `scipy==1.6.0` failed due to an issue in building the wheel file, which might be more complex to resolve within this environment. Given this complication, let's try running the tests we have configured so far and see if there is any immediate need to resolve this scipy issue. This can help us determine if the other dependencies were correctly configured.

### Action:
```bash
runtest
```
### Observation:
Running `python /home/tools/runtest.py`...
The output is too long, so we've truncated it to show you the first and last 5000 characters.
Running `python /home/tools/runtest.py`...
Error: Please modify the configuration according to the error messages below. Once all issues are resolved, rerun the tests.
tests/config/test_overall.py::TestOverallConfig::test_checkpoint_dir
tests/config/test_overall.py::TestOverallConfig::test_data_path
tests/config/test_overall.py::TestOverallConfig::test_epochs
tests/config/test_overall.py::TestOverallConfig::test_eval_batch_size
tests/config/test_overall.py::TestOverallConfig::test_eval_step
tests/config/test_overall.py::TestOverallConfig::test_gpu_id
tests/config/test_overall.py::TestOverallConfig::test_group_by_user
tests/config/test_overall.py::TestOverallConfig::test_learner
tests/config/test_overall.py::TestOverallConfig::test_learning_rate
tests/config/test_overall.py::TestOverallConfig::test_loss
tests/config/test_overall.py::TestOverallConfig::test_metric
tests/config/test_overall.py::TestOverallConfig::test_reproducibility
tests/config/test_overall.py::TestOverallConfig::test_seed
tests/config/test_overall.py::TestOverallConfig::test_split_ratio
tests/config/test_overall.py::TestOverallConfig::test_stopping_step
tests/config/test_overall.py::TestOverallConfig::test_topk
tests/config/test_overall.py::TestOverallConfig::test_train_batch_size
tests/config/test_overall.py::TestOverallConfig::test_training_neg_sampling
tests/config/test_overall.py::TestOverallConfig::test_use_gpu
tests/data/test_dataloader.py::TestGeneralDataloader::test_general_dataloader
tests/data/test_dataloader.py::TestGeneralDataloader::test_general_neg_sample_dataloader_in_pair_wise
tests/data/test_dataloader.py::TestGeneralDataloader::test_general_neg_sample_dataloader_in_point_wise
tests/data/test_dataloader.py::TestGeneralDataloader::test_general_full_dataloader
tests/data/test_dataloader.py::TestGeneralDataloader::test_general_uni100_dataloader_with_batch_size_in_101
tests/data/test_dataloader.py::TestGeneralDataloader::test_general_uni100_dataloader_with_batch_size_in_303
tests/data/test_dataset.py::TestDataset::test_filter_nan_user_or_item
tests/data/test_dataset.py::TestDataset::test_remove_duplication_by_first
tests/data/test_dataset.py::TestDataset::test_remove_duplication_by_last
tests/data/test_dataset.py::TestDataset::test_filter_by_field_value_with_lowest_val
tests/data/test_dataset.py::TestDataset::test_filter_by_field_value_with_highest_val
tests/data/test_dataset.py::TestDataset::test_filter_by_field_value_with_equal_val
tests/data/test_dataset.py::TestDataset::test_filter_by_field_value_with_not_equal_val
tests/data/test_dataset.py::TestDataset::test_filter_by_field_value_in_same_field
tests/data/test_dataset.py::TestDataset::test_filter_by_field_value_in_different_field
tests/data/test_dataset.py::TestDataset::test_filter_inter_by_user_or_item_is_true
tests/data/test_dataset.py::TestDataset::test_filter_inter_by_user_or_item_is_false
tests/data/test_dataset.py::TestDataset::test_filter_by_inter_num_in_min_user_inter_num
tests/data/test_dataset.py::TestDataset::test_filter_by_inter_num_in_min_item_inter_num
tests/data/test_dataset.py::TestDataset::test_filter_by_inter_num_in_max_user_inter_num
tests/data/test_dataset.py::TestDataset::test_filter_by_inter_num_in_max_item_inter_num
tests/data/test_dataset.py::TestDataset::test_filter_by_inter_num_in_min_inter_num
tests/data/test_dataset.py::TestDataset::test_filter_by_inter_num_in_complex_way
tests/data/test_dataset.py::TestDataset::test_rm_dup_by_first_and_filter_value
tests/data/test_dataset.py::TestDataset::test_rm_dup_by_last_and_filter_value
tests/data/test_dataset.py::TestDataset::test_rm_dup_and_filter_by_inter_num
tests/data/test_dataset.py::TestDataset::test_filter_value_and_filter_inter_by_ui
tests/data/test_dataset.py::TestDataset::test_filter_value_and_inter_num
tests/data/test_dataset.py::TestDataset::test_filter_inter_by_ui_and_inter_num
tests/data/test_dataset.py::TestDataset::test_remap_id
tests/data/test_dataset.py::TestDataset::test_remap_id_with_alias
tests/data/test_dataset.py::TestDataset::test_ui_feat_preparation_and_fill_nan
tests/data/test_dataset.py::TestDataset::test_set_label_by_threshold
tests/data/test_dataset.py::TestDataset::test_normalize_all
tests/data/test_dataset.py::TestDataset::test_normalize_field
tests/data/test_dataset.py::TestDataset::test_TO_RS_811
tests/data/test_dataset.py::TestDataset::test_TO_RS_820
tests/data/test_dataset.py::TestDataset::test_TO_RS_802
tests/data/test_dataset.py::TestDataset::test_TO_LS_valid_and_test
tests/data/test_dataset.py::TestDataset::test_TO_LS_valid_only
tests/data/test_dataset.py::TestDataset::test_TO_LS_test_only
tests/data/test_dataset.py::TestDataset::test_RO_RS_811
tests/data/test_dataset.py::TestDataset::test_RO_RS_820
tests/data/test_dataset.py::TestDataset::test_RO_RS_802
tests/data/test_dataset.py::TestSeqDataset::test_seq_leave_one_out
tests/data/test_dataset.py::TestSeqDataset::test_seq_split_by_ratio
tests/data/test_dataset.py::TestSeqDataset::test_seq_benchmark
tests/data/test_dataset.py::TestKGDataset::test_kg_remap_id
tests/evaluation_setting/test_evaluation_setting.py::TestGeneralRecommender::test_rols_full
tests/evaluation_setting/test_evaluation_setting.py::TestGeneralRecommender::test_rols_uni100
tests/evaluation_setting/test_evaluation_setting.py::TestGeneralRecommender::test_rors_uni100
tests/evaluation_setting/test_evaluation_setting.py::TestGeneralRecommender::test_tols_full
tests/evaluation_setting/test_evaluation_setting.py::TestGeneralRecommender::test_tols_uni100
tests/evaluation_setting/test_evaluation_setting.py::TestGeneralRecommender::test_tors_full
tests/evaluation_setting/test_evaluation_setting.py::TestGeneralRecommender::test_tors_uni100
tests/evaluation_setting/test_evaluation_setting.py::TestContextRecommender::test_tors
tests/evaluation_setting/test_evaluation_setting.py::TestSequentialRecommender::test_tols_uni100
tests/metrics/test_rank_metrics.py::TestRankMetrics::test_gauc
tests/metrics/test_topk_metrics.py::TestTopKMetrics::test_av
...[Truncation]...
_model_auto.py::TestSequentialRecommender::test_hgn_with_CE_loss
tests/model/test_model_auto.py::TestSequentialRecommender::test_hrm
tests/model/test_model_auto.py::TestSequentialRecommender::test_hrm_with_BPR_loss
tests/model/test_model_auto.py::TestSequentialRecommender::test_narm
tests/model/test_model_auto.py::TestSequentialRecommender::test_narm_with_BPR_loss
tests/model/test_model_auto.py::TestSequentialRecommender::test_nextitnet
tests/model/test_model_auto.py::TestSequentialRecommender::test_nextitnet_with_BPR_loss
tests/model/test_model_auto.py::TestSequentialRecommender::test_npe
tests/model/test_model_auto.py::TestSequentialRecommender::test_npe_with_BPR_loss
tests/model/test_model_auto.py::TestSequentialRecommender::test_repeat_net
tests/model/test_model_auto.py::TestSequentialRecommender::test_sasrec
tests/model/test_model_auto.py::TestSequentialRecommender::test_sasrec_with_BPR_loss_and_relu
tests/model/test_model_auto.py::TestSequentialRecommender::test_sasrec_with_BPR_loss_and_sigmoid
tests/model/test_model_auto.py::TestSequentialRecommender::test_sasrecf
tests/model/test_model_auto.py::TestSequentialRecommender::test_sasrecf_with_max_pooling
tests/model/test_model_auto.py::TestSequentialRecommender::test_sasrecf_with_sum_pooling
tests/model/test_model_auto.py::TestSequentialRecommender::test_shan
tests/model/test_model_auto.py::TestSequentialRecommender::test_shan_with_BPR_loss
tests/model/test_model_auto.py::TestSequentialRecommender::test_srgnn
tests/model/test_model_auto.py::TestSequentialRecommender::test_srgnn_with_BPR_loss
tests/model/test_model_auto.py::TestSequentialRecommender::test_stamp
tests/model/test_model_auto.py::TestSequentialRecommender::test_stamp_with_BPR_loss
tests/model/test_model_auto.py::TestSequentialRecommender::test_transrec
tests/model/test_model_auto.py::TestKnowledgeRecommender::test_cfkg
tests/model/test_model_auto.py::TestKnowledgeRecommender::test_cfkg_with_transe
tests/model/test_model_auto.py::TestKnowledgeRecommender::test_cke
tests/model/test_model_auto.py::TestKnowledgeRecommender::test_kgat
tests/model/test_model_auto.py::TestKnowledgeRecommender::test_kgat_with_gcn
tests/model/test_model_auto.py::TestKnowledgeRecommender::test_kgat_with_graphsage
tests/model/test_model_auto.py::TestKnowledgeRecommender::test_kgcn
tests/model/test_model_auto.py::TestKnowledgeRecommender::test_kgcn_with_concat
tests/model/test_model_auto.py::TestKnowledgeRecommender::test_kgcn_with_neighbor
tests/model/test_model_auto.py::TestKnowledgeRecommender::test_kgnnls
tests/model/test_model_auto.py::TestKnowledgeRecommender::test_kgnnls_with_concat
tests/model/test_model_auto.py::TestKnowledgeRecommender::test_kgnnls_with_neighbor
tests/model/test_model_auto.py::TestKnowledgeRecommender::test_ktup
tests/model/test_model_auto.py::TestKnowledgeRecommender::test_ktup_with_L1_flag
tests/model/test_model_auto.py::TestKnowledgeRecommender::test_mkr
tests/model/test_model_auto.py::TestKnowledgeRecommender::test_mkr_without_use_inner_product
tests/model/test_model_auto.py::TestKnowledgeRecommender::test_ripplenet
tests/model/test_model_manual.py::TestSequentialRecommender::test_s3rec
==================================== ERRORS ====================================
______________ ERROR collecting tests/config/test_command_line.py ______________
ImportError while importing test module '/repo/tests/config/test_command_line.py'.
Hint: make sure your test modules/packages have valid Python names.
Traceback:
/usr/local/lib/python3.10/importlib/__init__.py:126: in import_module
    return _bootstrap._gcd_import(name[level:], package, level)
tests/config/test_command_line.py:11: in <module>
    from recbole.config import Config
E   ModuleNotFoundError: No module named 'recbole'
_________________ ERROR collecting tests/config/test_config.py _________________
ImportError while importing test module '/repo/tests/config/test_config.py'.
Hint: make sure your test modules/packages have valid Python names.
Traceback:
/usr/local/lib/python3.10/importlib/__init__.py:126: in import_module
    return _bootstrap._gcd_import(name[level:], package, level)
tests/config/test_config.py:13: in <module>
    from recbole.config import Config
E   ModuleNotFoundError: No module named 'recbole'
_____________ ERROR collecting tests/metrics/test_loss_metrics.py ______________
ImportError while importing test module '/repo/tests/metrics/test_loss_metrics.py'.
Hint: make sure your test modules/packages have valid Python names.
Traceback:
/usr/local/lib/python3.10/importlib/__init__.py:126: in import_module
    return _bootstrap._gcd_import(name[level:], package, level)
tests/metrics/test_loss_metrics.py:20: in <module>
    config = Config('BPR', 'ml-1m', config_dict=parameters_dict)
recbole/config/configurator.py:75: in __init__
    self.model, self.model_class, self.dataset = self._get_model_and_dataset(model, dataset)
recbole/config/configurator.py:189: in _get_model_and_dataset
    final_model_class = get_model(final_model)
recbole/utils/utils.py:70: in get_model
    if importlib.util.find_spec(module_path, __name__):
/usr/local/lib/python3.10/importlib/util.py:94: in find_spec
    parent = __import__(parent_name, fromlist=['__path__'])
recbole/model/general_recommender/__init__.py:30: in <module>
    from recbole.model.general_recommender.supccl import SUPCCL
recbole/model/general_recommender/supccl.py:32: in <module>
    from recbole.util.cython.random_choice import randint_choice
E   ModuleNotFoundError: No module named 'recbole.util.cython.random_choice'
=========================== short test summary info ============================
ERROR tests/config/test_command_line.py
ERROR tests/config/test_config.py
ERROR tests/metrics/test_loss_metrics.py
!!!!!!!!!!!!!!!!!!! Interrupted: 3 errors during collection !!!!!!!!!!!!!!!!!!!!
194 tests collected, 3 errors in 5.05s
The command execution failed, so I have reverted it back to the previous state, which is the environment before running this command.
`runtest` executes with returncode: 2

[Current directory]:
/
You are currently in a [python:3.10] container.

ENVIRONMENT REMINDER: You have 194 turns left to complete the task.
The container has successfully executed the following commands in order. Please refer to the execution history, reflect, and decide the subsequent actions. Remember, your ultimate goal is to pass the tests by executing `runtest` or `poetryruntest`.
python /home/tools/pip_download.py -p torch -v ">=1.7.0"
python /home/tools/pip_download.py -p numpy -v ">=1.17.2"
python /home/tools/pip_download.py -p hyperopt -v ">=0.2.4"
python /home/tools/pip_download.py -p pandas -v ">=1.0.5"
python /home/tools/pip_download.py -p tqdm -v ">=4.48.2"
python /home/tools/pip_download.py -p scikit_learn -v ">=0.23.2"
python /home/tools/pip_download.py -p pyyaml -v ">=5.1.0"
python /home/tools/pip_download.py -p colorlog -v "==4.7.2"
python /home/tools/pip_download.py -p colorama -v "==0.4.4"
python /home/tools/pip_download.py -p tensorboard -v ">=2.5.0"
python /home/tools/pip_download.py -p cython -v "==0.29.21"
apt-get update -qq
apt-get install -y -qq libblas-dev liblapack-dev gfortran
---------------------------
### Thought:
The errors show that some modules from `recbole` could not be found. This suggests that `recbole` might be a local module that isn't installed as a package. We'll need to install it or set the `PYTHONPATH` correctly to include the `recbole` directory. 

Let's first try to install the `recbole` package using the `setup.py` file in the root directory.

### Action:
```bash
cd /repo && pip install -e .
```
### Observation:
Running `cd /repo`...
`cd /repo` executes with returncode: 0
Running `pip install -e .`...
The output is too long, so we've truncated it to show you the first and last 5000 characters.
Running `pip install -e .`...
Looking in indexes: http://simple/
Obtaining file:///repo
  Preparing metadata (setup.py) ... [?25l- done
Requirement already satisfied: torch>=1.7.0 in /usr/local/lib/python3.10/site-packages (from recbole==1.0.0) (2.5.1)
Collecting scipy==1.6.0 (from recbole==1.0.0)
  Downloading http://packages/scipy/scipy-1.6.0.tar.gz (27.3 MB)
Requirement already satisfied: tqdm>=4.48.2 in /usr/local/lib/python3.10/site-packages (from recbole==1.0.0) (4.67.1)
Requirement already satisfied: colorlog==4.7.2 in /usr/local/lib/python3.10/site-packages (from recbole==1.0.0) (4.7.2)
Requirement already satisfied: colorama==0.4.4 in /usr/local/lib/python3.10/site-packages (from recbole==1.0.0) (0.4.4)
Requirement already satisfied: scikit_learn>=0.23.2 in /usr/local/lib/python3.10/site-packages (from recbole==1.0.0) (1.6.0)
Requirement already satisfied: pyyaml>=5.1.0 in /usr/local/lib/python3.10/site-packages (from recbole==1.0.0) (6.0.2)
Requirement already satisfied: tensorboard>=2.5.0 in /usr/local/lib/python3.10/site-packages (from recbole==1.0.0) (2.18.0)
Requirement already satisfied: python-dateutil>=2.8.2 in /usr/local/lib/python3.10/site-packages (from pandas>=1.0.5->recbole==1.0.0) (2.9.0.post0)
Requirement already satisfied: pytz>=2020.1 in /usr/local/lib/python3.10/site-packages (from pandas>=1.0.5->recbole==1.0.0) (2024.2)
Requirement already satisfied: tzdata>=2022.7 in /usr/local/lib/python3.10/site-packages (from pandas>=1.0.5->recbole==1.0.0) (2024.2)
Requirement already satisfied: joblib>=1.2.0 in /usr/local/lib/python3.10/site-packages (from scikit_learn>=0.23.2->recbole==1.0.0) (1.4.2)
Requirement already satisfied: threadpoolctl>=3.1.0 in /usr/local/lib/python3.10/site-packages (from scikit_learn>=0.23.2->recbole==1.0.0) (3.5.0)
Requirement already satisfied: absl-py>=0.4 in /usr/local/lib/python3.10/site-packages (from tensorboard>=2.5.0->recbole==1.0.0) (2.1.0)
Requirement already satisfied: grpcio>=1.48.2 in /usr/local/lib/python3.10/site-packages (from tensorboard>=2.5.0->recbole==1.0.0) (1.68.1)
Requirement already satisfied: markdown>=2.6.8 in /usr/local/lib/python3.10/site-packages (from tensorboard>=2.5.0->recbole==1.0.0) (3.7)
Requirement already satisfied: packaging in /usr/local/lib/python3.10/site-packages (from tensorboard>=2.5.0->recbole==1.0.0) (24.2)
Requirement already satisfied: protobuf!=4.24.0,>=3.19.6 in /usr/local/lib/python3.10/site-packages (from tensorboard>=2.5.0->recbole==1.0.0) (5.29.1)
Requirement already satisfied: setuptools>=41.0.0 in /usr/local/lib/python3.10/site-packages (from tensorboard>=2.5.0->recbole==1.0.0) (65.5.1)
Requirement already satisfied: six>1.9 in /usr/local/lib/python3.10/site-packages (from tensorboard>=2.5.0->recbole==1.0.0) (1.17.0)
Requirement already satisfied: tensorboard-data-server<0.8.0,>=0.7.0 in /usr/local/lib/python3.10/site-packages (from tensorboard>=2.5.0->recbole==1.0.0) (0.7.2)
Requirement already satisfied: werkzeug>=1.0.1 in /usr/local/lib/python3.10/site-packages (from tensorboard>=2.5.0->recbole==1.0.0) (3.1.3)
Requirement already satisfied: filelock in /usr/local/lib/python3.10/site-packages (from torch>=1.7.0->recbole==1.0.0) (3.16.1)
Requirement already satisfied: typing-extensions>=4.8.0 in /usr/local/lib/python3.10/site-packages (from torch>=1.7.0->recbole==1.0.0) (4.12.2)
Requirement already satisfied: networkx in /usr/local/lib/python3.10/site-packages (from torch>=1.7.0->recbole==1.0.0) (3.4.2)
Requirement already satisfied: jinja2 in /usr/local/lib/python3.10/site-packages (from torch>=1.7.0->recbole==1.0.0) (3.1.4)
Requirement already satisfied: fsspec in /usr/local/lib/python3.10/site-packages (from torch>=1.7.0->recbole==1.0.0) (2024.10.0)
Requirement already satisfied: nvidia-cuda-nvrtc-cu12==12.4.127 in /usr/local/lib/python3.10/site-packages (from torch>=1.7.0->recbole==1.0.0) (12.4.127)
Requirement already satisfied: nvidia-cuda-runtime-cu12==12.4.127 in /usr/local/lib/python3.10/site-packages (from torch>=1.7.0->recbole==1.0.0) (12.4.127)
Requirement already satisfied: nvidia-cuda-cupti-cu12==12.4.127 in /usr/local/lib/python3.10/site-packages (from torch>=1.7.0->recbole==1.0.0) (12.4.127)
Requirement already satisfied: nvidia-cudnn-cu12==9.1.0.70 in /usr/local/lib/python3.10/site-packages (from torch>=1.7.0->recbole==1.0.0) (9.1.0.70)
Requirement already satisfied: nvidia-cublas-cu12==12.4.5.8 in /usr/local/lib/python3.10/site-packages (from torch>=1.7.0->recbole==1.0.0) (12.4.5.8)
Requirement already satisfied: nvidia-cufft-cu12==11.2.1.3 in /usr/local/lib/python3.10/site-packages (from torch>=1.7.0->recbole==1.0.0) (11.2.1.3)
Requirement already satisfied: nvidia-curand-cu12==10.3.5.147 in /usr/local/lib/python3.10/site-packages (from torch>=1.7.0->recbole==1.0.0) (10.3.5.147)
Requirement already satisfied: nvidia-cusolver-cu12==11.6.1.9 in /usr/local/lib/python3.10/site-packages (from torch>=1.7.0->recbole==1.0.0) (11.6.1.9)
Requirement already satisfied: nvidia-cusparse-cu12==12.3.1.170 in /usr/local/lib/python3.10/site-packages (from torch>=1.7.0->recbole==1.0.0) (12.3.1.170)
Requirement already satisfied: nvidia-nccl-cu12==2.21.5 in /usr/local/lib/python3.10/site-packages (from torch>=1.7.0->recbole==1.0.0) (2.21.5)
Requirement already satisfied: nvidia-nvtx-cu12==12.4.127 in /usr/local/lib/python3.10/site-packages (from torch>=1.7.0->recbole==1.0.0) (12.4.127)
Requirement already satisfied: nvidia-nvjitlink-cu12==12.4.127 in /usr/local/lib/python3.10/site-packages (from torch>=1.7.0->recbole==1.0.0) (12.4.127)
Requirement already satisfied: triton==3.1.0 in /usr/local/lib/python3.10/site-packages (from torch>=1.7.0->recbole==1.0.0) (3.1.0)
Requirement already satisfied: sympy==1.13.1 in /usr/local/lib/python3.10/site-packages (from torch>=1.7.0->recbole==1.0.0) (1.13.1)
Requirement already satisfied: mpmath<1.4,>=1.1.0 in /usr/local/lib/python3.10/site-packages (from sympy==1.13.1->torch>=1.7.0->recbole==1.0.0) (1.3.0
...[Truncation]...
Requirement already satisfied: packaging in /usr/local/lib/python3.10/site-packages (from tensorboard>=2.5.0->recbole==1.0.0) (24.2)
Requirement already satisfied: protobuf!=4.24.0,>=3.19.6 in /usr/local/lib/python3.10/site-packages (from tensorboard>=2.5.0->recbole==1.0.0) (5.29.1)
Requirement already satisfied: setuptools>=41.0.0 in /usr/local/lib/python3.10/site-packages (from tensorboard>=2.5.0->recbole==1.0.0) (65.5.1)
Requirement already satisfied: six>1.9 in /usr/local/lib/python3.10/site-packages (from tensorboard>=2.5.0->recbole==1.0.0) (1.17.0)
Requirement already satisfied: tensorboard-data-server<0.8.0,>=0.7.0 in /usr/local/lib/python3.10/site-packages (from tensorboard>=2.5.0->recbole==1.0.0) (0.7.2)
Requirement already satisfied: werkzeug>=1.0.1 in /usr/local/lib/python3.10/site-packages (from tensorboard>=2.5.0->recbole==1.0.0) (3.1.3)
Requirement already satisfied: filelock in /usr/local/lib/python3.10/site-packages (from torch>=1.7.0->recbole==1.0.0) (3.16.1)
Requirement already satisfied: typing-extensions>=4.8.0 in /usr/local/lib/python3.10/site-packages (from torch>=1.7.0->recbole==1.0.0) (4.12.2)
Requirement already satisfied: networkx in /usr/local/lib/python3.10/site-packages (from torch>=1.7.0->recbole==1.0.0) (3.4.2)
Requirement already satisfied: jinja2 in /usr/local/lib/python3.10/site-packages (from torch>=1.7.0->recbole==1.0.0) (3.1.4)
Requirement already satisfied: fsspec in /usr/local/lib/python3.10/site-packages (from torch>=1.7.0->recbole==1.0.0) (2024.10.0)
Requirement already satisfied: nvidia-cuda-nvrtc-cu12==12.4.127 in /usr/local/lib/python3.10/site-packages (from torch>=1.7.0->recbole==1.0.0) (12.4.127)
Requirement already satisfied: nvidia-cuda-runtime-cu12==12.4.127 in /usr/local/lib/python3.10/site-packages (from torch>=1.7.0->recbole==1.0.0) (12.4.127)
Requirement already satisfied: nvidia-cuda-cupti-cu12==12.4.127 in /usr/local/lib/python3.10/site-packages (from torch>=1.7.0->recbole==1.0.0) (12.4.127)
Requirement already satisfied: nvidia-cudnn-cu12==9.1.0.70 in /usr/local/lib/python3.10/site-packages (from torch>=1.7.0->recbole==1.0.0) (9.1.0.70)
Requirement already satisfied: nvidia-cublas-cu12==12.4.5.8 in /usr/local/lib/python3.10/site-packages (from torch>=1.7.0->recbole==1.0.0) (12.4.5.8)
Requirement already satisfied: nvidia-cufft-cu12==11.2.1.3 in /usr/local/lib/python3.10/site-packages (from torch>=1.7.0->recbole==1.0.0) (11.2.1.3)
Requirement already satisfied: nvidia-curand-cu12==10.3.5.147 in /usr/local/lib/python3.10/site-packages (from torch>=1.7.0->recbole==1.0.0) (10.3.5.147)
Requirement already satisfied: nvidia-cusolver-cu12==11.6.1.9 in /usr/local/lib/python3.10/site-packages (from torch>=1.7.0->recbole==1.0.0) (11.6.1.9)
Requirement already satisfied: nvidia-cusparse-cu12==12.3.1.170 in /usr/local/lib/python3.10/site-packages (from torch>=1.7.0->recbole==1.0.0) (12.3.1.170)
Requirement already satisfied: nvidia-nccl-cu12==2.21.5 in /usr/local/lib/python3.10/site-packages (from torch>=1.7.0->recbole==1.0.0) (2.21.5)
Requirement already satisfied: nvidia-nvtx-cu12==12.4.127 in /usr/local/lib/python3.10/site-packages (from torch>=1.7.0->recbole==1.0.0) (12.4.127)
Requirement already satisfied: nvidia-nvjitlink-cu12==12.4.127 in /usr/local/lib/python3.10/site-packages (from torch>=1.7.0->recbole==1.0.0) (12.4.127)
Requirement already satisfied: triton==3.1.0 in /usr/local/lib/python3.10/site-packages (from torch>=1.7.0->recbole==1.0.0) (3.1.0)
Requirement already satisfied: sympy==1.13.1 in /usr/local/lib/python3.10/site-packages (from torch>=1.7.0->recbole==1.0.0) (1.13.1)
Requirement already satisfied: mpmath<1.4,>=1.1.0 in /usr/local/lib/python3.10/site-packages (from sympy==1.13.1->torch>=1.7.0->recbole==1.0.0) (1.3.0)
Requirement already satisfied: MarkupSafe>=2.1.1 in /usr/local/lib/python3.10/site-packages (from werkzeug>=1.0.1->tensorboard>=2.5.0->recbole==1.0.0) (3.0.2)
Building wheels for collected packages: scipy
  Building wheel for scipy (pyproject.toml) ... [?25l- \ | / - \ | / - \ | / - \ | / - \ | / - \ | / - \ | / - \ | / - \ | / - \ | / - \ | / - \ | / - \ | / - \ | / - \ | / - \ | / - \ | / - \ | / - \ | / - \ | / - \ | / - \ | / - \ | / - \ | / - \ | / - \ | / - \ | / - \ | / - \ | / - \ | / - \ | / - \ | / - \ | / - \ | / - \ | / - \ | / - \ | / - \ | / - \ | / - \ | / - \ | / - \ | / - \ | / - \ | / - \ | error
  [31m   [0m INFO: Platform      :
  [31m   [0m   Architecture: x64
  [31m   [0m   Compiler    : gcc
  [31m   [0m 
  [31m   [0m CPU baseline  :
  [31m   [0m   Requested   : 'min'
  [31m   [0m   Enabled     : SSE SSE2 SSE3
  [31m   [0m   Flags       : -msse -msse2 -msse3
  [31m   [0m   Extra checks: none
  [31m   [0m 
  [31m   [0m CPU dispatch  :
  [31m   [0m   Requested   : 'max -xop -fma4'
  [31m   [0m   Enabled     : SSSE3 SSE41 POPCNT SSE42 AVX F16C FMA3 AVX2 AVX512F AVX512CD AVX512_SKX AVX512_CLX AVX512_CNL AVX512_ICL AVX512_SPR
  [31m   [0m   Generated   : none
  [31m   [0m INFO: CCompilerOpt.cache_flush[864] : write cache to path -> /tmp/pip-install-n_npv14h/scipy_29bac44ccdd241428c7f60dc030d671c/build/temp.linux-x86_64-3.10/ccompiler_opt_cache_clib.py
  [31m   [0m [31m[end of output][0m
  [1;35mnote[0m: This error originates from a subprocess, and is likely not a problem with pip.
[31m  ERROR: Failed building wheel for scipy[0m[31m
[0m[?25hFailed to build scipy
[31mERROR: ERROR: Failed to build installable wheels for some pyproject.toml based projects (scipy)[0m[31m
The command execution failed, so I have reverted it back to the previous state, which is the environment before running this command.
`pip install -e .` executes with returncode: 1

[Current directory]:
/
You are currently in a [python:3.10] container.

ENVIRONMENT REMINDER: You have 193 turns left to complete the task.
The container has successfully executed the following commands in order. Please refer to the execution history, reflect, and decide the subsequent actions. Remember, your ultimate goal is to pass the tests by executing `runtest` or `poetryruntest`.
python /home/tools/pip_download.py -p torch -v ">=1.7.0"
python /home/tools/pip_download.py -p numpy -v ">=1.17.2"
python /home/tools/pip_download.py -p hyperopt -v ">=0.2.4"
python /home/tools/pip_download.py -p pandas -v ">=1.0.5"
python /home/tools/pip_download.py -p tqdm -v ">=4.48.2"
python /home/tools/pip_download.py -p scikit_learn -v ">=0.23.2"
python /home/tools/pip_download.py -p pyyaml -v ">=5.1.0"
python /home/tools/pip_download.py -p colorlog -v "==4.7.2"
python /home/tools/pip_download.py -p colorama -v "==0.4.4"
python /home/tools/pip_download.py -p tensorboard -v ">=2.5.0"
python /home/tools/pip_download.py -p cython -v "==0.29.21"
apt-get update -qq
apt-get install -y -qq libblas-dev liblapack-dev gfortran
---------------------------
### Thought:
The `scipy==1.6.0` package continues to experience issues during installation. Given that the scipy installation is crucial for `recbole`, the failure hinders the ability to set up the package dependencies properly.

I'll try switching to a compatible version of scipy to avoid the build issues, and manually specify the version in `setup.py` if necessary. First let's install a commonly known compatible version `scipy==1.7.0`, and see if we proceed to successfully install `recbole`

### Action:
```bash
pip install -q scipy==1.7.0
```
### Observation:
Running `pip install -q scipy==1.7.0`...
[31mERROR: Ignored the following yanked versions: 1.11.0, 1.14.0rc1[0m[31m
[0m[31mERROR: Ignored the following versions that require a different python version: 1.6.2 Requires-Python >=3.7,<3.10; 1.6.3 Requires-Python >=3.7,<3.10; 1.7.0 Requires-Python >=3.7,<3.10; 1.7.1 Requires-Python >=3.7,<3.10[0m[31m
[0m[31mERROR: Could not find a version that satisfies the requirement scipy==1.7.0 (from versions: 0.8.0, 0.9.0, 0.10.0, 0.10.1, 0.11.0, 0.12.0, 0.12.1, 0.13.0, 0.13.1, 0.13.2, 0.13.3, 0.14.0, 0.14.1, 0.15.0, 0.15.1, 0.16.0, 0.16.1, 0.17.0, 0.17.1, 0.18.0, 0.18.1, 0.19.0, 0.19.1, 1.0.0, 1.0.1, 1.1.0, 1.2.0, 1.2.1, 1.2.2, 1.2.3, 1.3.0, 1.3.1, 1.3.2, 1.3.3, 1.4.0, 1.4.1, 1.5.0, 1.5.1, 1.5.2, 1.5.3, 1.5.4, 1.6.0, 1.6.1, 1.7.2, 1.7.3, 1.8.0rc1, 1.8.0rc2, 1.8.0rc3, 1.8.0rc4, 1.8.0, 1.8.1, 1.9.0rc1, 1.9.0rc2, 1.9.0rc3, 1.9.0, 1.9.1, 1.9.2, 1.9.3, 1.10.0rc1, 1.10.0rc2, 1.10.0, 1.10.1, 1.11.0rc1, 1.11.0rc2, 1.11.1, 1.11.2, 1.11.3, 1.11.4, 1.12.0rc1, 1.12.0rc2, 1.12.0, 1.13.0rc1, 1.13.0, 1.13.1, 1.14.0rc2, 1.14.0, 1.14.1, 1.15.0rc1)[0m[31m
[0m[31mERROR: No matching distribution found for scipy==1.7.0[0m[31m
The command execution failed, so I have reverted it back to the previous state, which is the environment before running this command.
`pip install -q scipy==1.7.0` executes with returncode: 1

[Current directory]:
/
You are currently in a [python:3.10] container.

ENVIRONMENT REMINDER: You have 192 turns left to complete the task.
The container has successfully executed the following commands in order. Please refer to the execution history, reflect, and decide the subsequent actions. Remember, your ultimate goal is to pass the tests by executing `runtest` or `poetryruntest`.
python /home/tools/pip_download.py -p torch -v ">=1.7.0"
python /home/tools/pip_download.py -p numpy -v ">=1.17.2"
python /home/tools/pip_download.py -p hyperopt -v ">=0.2.4"
python /home/tools/pip_download.py -p pandas -v ">=1.0.5"
python /home/tools/pip_download.py -p tqdm -v ">=4.48.2"
python /home/tools/pip_download.py -p scikit_learn -v ">=0.23.2"
python /home/tools/pip_download.py -p pyyaml -v ">=5.1.0"
python /home/tools/pip_download.py -p colorlog -v "==4.7.2"
python /home/tools/pip_download.py -p colorama -v "==0.4.4"
python /home/tools/pip_download.py -p tensorboard -v ">=2.5.0"
python /home/tools/pip_download.py -p cython -v "==0.29.21"
apt-get update -qq
apt-get install -y -qq libblas-dev liblapack-dev gfortran
---------------------------
### Thought:
The `scipy==1.7.0` package is not available for the current Python version (3.10). Let's try installing a different compatible version of scipy (`scipy==1.7.3`), which supports the current Python version.

### Action:
```bash
pip install -q scipy==1.7.3
```
### Observation:
Running `pip install -q scipy==1.7.3`...
[33mWARNING: Running pip as the 'root' user can result in broken permissions and conflicting behaviour with the system package manager, possibly rendering your system unusable.It is recommended to use a virtual environment instead: https://pip.pypa.io/warnings/venv. Use the --root-user-action option if you know what you are doing and want to suppress this warning.[0m[33m
`pip install -q scipy==1.7.3` executes with returncode: 0

[Current directory]:
/
You are currently in a [python:3.10] container.

ENVIRONMENT REMINDER: You have 191 turns left to complete the task.
The container has successfully executed the following commands in order. Please refer to the execution history, reflect, and decide the subsequent actions. Remember, your ultimate goal is to pass the tests by executing `runtest` or `poetryruntest`.
python /home/tools/pip_download.py -p torch -v ">=1.7.0"
python /home/tools/pip_download.py -p numpy -v ">=1.17.2"
python /home/tools/pip_download.py -p hyperopt -v ">=0.2.4"
python /home/tools/pip_download.py -p pandas -v ">=1.0.5"
python /home/tools/pip_download.py -p tqdm -v ">=4.48.2"
python /home/tools/pip_download.py -p scikit_learn -v ">=0.23.2"
python /home/tools/pip_download.py -p pyyaml -v ">=5.1.0"
python /home/tools/pip_download.py -p colorlog -v "==4.7.2"
python /home/tools/pip_download.py -p colorama -v "==0.4.4"
python /home/tools/pip_download.py -p tensorboard -v ">=2.5.0"
python /home/tools/pip_download.py -p cython -v "==0.29.21"
apt-get update -qq
apt-get install -y -qq libblas-dev liblapack-dev gfortran
pip install -q scipy==1.7.3
---------------------------
### Thought:
We have successfully installed `scipy==1.7.3`. Now, let's try installing the `recbole` package again using the `setup.py` file.

### Action:
```bash
cd /repo && pip install -e .
```
### Observation:
Running `cd /repo`...
`cd /repo` executes with returncode: 0
Running `pip install -e .`...
The output is too long, so we've truncated it to show you the first and last 5000 characters.
Running `pip install -e .`...
Looking in indexes: http://simple/
Obtaining file:///repo
  Preparing metadata (setup.py) ... [?25l- done
Requirement already satisfied: torch>=1.7.0 in /usr/local/lib/python3.10/site-packages (from recbole==1.0.0) (2.5.1)
Collecting scipy==1.6.0 (from recbole==1.0.0)
  Downloading http://packages/scipy/scipy-1.6.0.tar.gz (27.3 MB)
Requirement already satisfied: tqdm>=4.48.2 in /usr/local/lib/python3.10/site-packages (from recbole==1.0.0) (4.67.1)
Requirement already satisfied: colorlog==4.7.2 in /usr/local/lib/python3.10/site-packages (from recbole==1.0.0) (4.7.2)
Requirement already satisfied: colorama==0.4.4 in /usr/local/lib/python3.10/site-packages (from recbole==1.0.0) (0.4.4)
Requirement already satisfied: scikit_learn>=0.23.2 in /usr/local/lib/python3.10/site-packages (from recbole==1.0.0) (1.6.0)
Requirement already satisfied: pyyaml>=5.1.0 in /usr/local/lib/python3.10/site-packages (from recbole==1.0.0) (6.0.2)
Requirement already satisfied: tensorboard>=2.5.0 in /usr/local/lib/python3.10/site-packages (from recbole==1.0.0) (2.18.0)
Requirement already satisfied: python-dateutil>=2.8.2 in /usr/local/lib/python3.10/site-packages (from pandas>=1.0.5->recbole==1.0.0) (2.9.0.post0)
Requirement already satisfied: pytz>=2020.1 in /usr/local/lib/python3.10/site-packages (from pandas>=1.0.5->recbole==1.0.0) (2024.2)
Requirement already satisfied: tzdata>=2022.7 in /usr/local/lib/python3.10/site-packages (from pandas>=1.0.5->recbole==1.0.0) (2024.2)
Requirement already satisfied: joblib>=1.2.0 in /usr/local/lib/python3.10/site-packages (from scikit_learn>=0.23.2->recbole==1.0.0) (1.4.2)
Requirement already satisfied: threadpoolctl>=3.1.0 in /usr/local/lib/python3.10/site-packages (from scikit_learn>=0.23.2->recbole==1.0.0) (3.5.0)
Requirement already satisfied: absl-py>=0.4 in /usr/local/lib/python3.10/site-packages (from tensorboard>=2.5.0->recbole==1.0.0) (2.1.0)
Requirement already satisfied: grpcio>=1.48.2 in /usr/local/lib/python3.10/site-packages (from tensorboard>=2.5.0->recbole==1.0.0) (1.68.1)
Requirement already satisfied: markdown>=2.6.8 in /usr/local/lib/python3.10/site-packages (from tensorboard>=2.5.0->recbole==1.0.0) (3.7)
Requirement already satisfied: packaging in /usr/local/lib/python3.10/site-packages (from tensorboard>=2.5.0->recbole==1.0.0) (24.2)
Requirement already satisfied: protobuf!=4.24.0,>=3.19.6 in /usr/local/lib/python3.10/site-packages (from tensorboard>=2.5.0->recbole==1.0.0) (5.29.1)
Requirement already satisfied: setuptools>=41.0.0 in /usr/local/lib/python3.10/site-packages (from tensorboard>=2.5.0->recbole==1.0.0) (65.5.1)
Requirement already satisfied: six>1.9 in /usr/local/lib/python3.10/site-packages (from tensorboard>=2.5.0->recbole==1.0.0) (1.17.0)
Requirement already satisfied: tensorboard-data-server<0.8.0,>=0.7.0 in /usr/local/lib/python3.10/site-packages (from tensorboard>=2.5.0->recbole==1.0.0) (0.7.2)
Requirement already satisfied: werkzeug>=1.0.1 in /usr/local/lib/python3.10/site-packages (from tensorboard>=2.5.0->recbole==1.0.0) (3.1.3)
Requirement already satisfied: filelock in /usr/local/lib/python3.10/site-packages (from torch>=1.7.0->recbole==1.0.0) (3.16.1)
Requirement already satisfied: typing-extensions>=4.8.0 in /usr/local/lib/python3.10/site-packages (from torch>=1.7.0->recbole==1.0.0) (4.12.2)
Requirement already satisfied: networkx in /usr/local/lib/python3.10/site-packages (from torch>=1.7.0->recbole==1.0.0) (3.4.2)
Requirement already satisfied: jinja2 in /usr/local/lib/python3.10/site-packages (from torch>=1.7.0->recbole==1.0.0) (3.1.4)
Requirement already satisfied: fsspec in /usr/local/lib/python3.10/site-packages (from torch>=1.7.0->recbole==1.0.0) (2024.10.0)
Requirement already satisfied: nvidia-cuda-nvrtc-cu12==12.4.127 in /usr/local/lib/python3.10/site-packages (from torch>=1.7.0->recbole==1.0.0) (12.4.127)
Requirement already satisfied: nvidia-cuda-runtime-cu12==12.4.127 in /usr/local/lib/python3.10/site-packages (from torch>=1.7.0->recbole==1.0.0) (12.4.127)
Requirement already satisfied: nvidia-cuda-cupti-cu12==12.4.127 in /usr/local/lib/python3.10/site-packages (from torch>=1.7.0->recbole==1.0.0) (12.4.127)
Requirement already satisfied: nvidia-cudnn-cu12==9.1.0.70 in /usr/local/lib/python3.10/site-packages (from torch>=1.7.0->recbole==1.0.0) (9.1.0.70)
Requirement already satisfied: nvidia-cublas-cu12==12.4.5.8 in /usr/local/lib/python3.10/site-packages (from torch>=1.7.0->recbole==1.0.0) (12.4.5.8)
Requirement already satisfied: nvidia-cufft-cu12==11.2.1.3 in /usr/local/lib/python3.10/site-packages (from torch>=1.7.0->recbole==1.0.0) (11.2.1.3)
Requirement already satisfied: nvidia-curand-cu12==10.3.5.147 in /usr/local/lib/python3.10/site-packages (from torch>=1.7.0->recbole==1.0.0) (10.3.5.147)
Requirement already satisfied: nvidia-cusolver-cu12==11.6.1.9 in /usr/local/lib/python3.10/site-packages (from torch>=1.7.0->recbole==1.0.0) (11.6.1.9)
Requirement already satisfied: nvidia-cusparse-cu12==12.3.1.170 in /usr/local/lib/python3.10/site-packages (from torch>=1.7.0->recbole==1.0.0) (12.3.1.170)
Requirement already satisfied: nvidia-nccl-cu12==2.21.5 in /usr/local/lib/python3.10/site-packages (from torch>=1.7.0->recbole==1.0.0) (2.21.5)
Requirement already satisfied: nvidia-nvtx-cu12==12.4.127 in /usr/local/lib/python3.10/site-packages (from torch>=1.7.0->recbole==1.0.0) (12.4.127)
Requirement already satisfied: nvidia-nvjitlink-cu12==12.4.127 in /usr/local/lib/python3.10/site-packages (from torch>=1.7.0->recbole==1.0.0) (12.4.127)
Requirement already satisfied: triton==3.1.0 in /usr/local/lib/python3.10/site-packages (from torch>=1.7.0->recbole==1.0.0) (3.1.0)
Requirement already satisfied: sympy==1.13.1 in /usr/local/lib/python3.10/site-packages (from torch>=1.7.0->recbole==1.0.0) (1.13.1)
Requirement already satisfied: mpmath<1.4,>=1.1.0 in /usr/local/lib/python3.10/site-packages (from sympy==1.13.1->torch>=1.7.0->recbole==1.0.0) (1.3.0
...[Truncation]...
te-packages (from tensorboard>=2.5.0->recbole==1.0.0) (24.2)
Requirement already satisfied: protobuf!=4.24.0,>=3.19.6 in /usr/local/lib/python3.10/site-packages (from tensorboard>=2.5.0->recbole==1.0.0) (5.29.1)
Requirement already satisfied: setuptools>=41.0.0 in /usr/local/lib/python3.10/site-packages (from tensorboard>=2.5.0->recbole==1.0.0) (65.5.1)
Requirement already satisfied: six>1.9 in /usr/local/lib/python3.10/site-packages (from tensorboard>=2.5.0->recbole==1.0.0) (1.17.0)
Requirement already satisfied: tensorboard-data-server<0.8.0,>=0.7.0 in /usr/local/lib/python3.10/site-packages (from tensorboard>=2.5.0->recbole==1.0.0) (0.7.2)
Requirement already satisfied: werkzeug>=1.0.1 in /usr/local/lib/python3.10/site-packages (from tensorboard>=2.5.0->recbole==1.0.0) (3.1.3)
Requirement already satisfied: filelock in /usr/local/lib/python3.10/site-packages (from torch>=1.7.0->recbole==1.0.0) (3.16.1)
Requirement already satisfied: typing-extensions>=4.8.0 in /usr/local/lib/python3.10/site-packages (from torch>=1.7.0->recbole==1.0.0) (4.12.2)
Requirement already satisfied: networkx in /usr/local/lib/python3.10/site-packages (from torch>=1.7.0->recbole==1.0.0) (3.4.2)
Requirement already satisfied: jinja2 in /usr/local/lib/python3.10/site-packages (from torch>=1.7.0->recbole==1.0.0) (3.1.4)
Requirement already satisfied: fsspec in /usr/local/lib/python3.10/site-packages (from torch>=1.7.0->recbole==1.0.0) (2024.10.0)
Requirement already satisfied: nvidia-cuda-nvrtc-cu12==12.4.127 in /usr/local/lib/python3.10/site-packages (from torch>=1.7.0->recbole==1.0.0) (12.4.127)
Requirement already satisfied: nvidia-cuda-runtime-cu12==12.4.127 in /usr/local/lib/python3.10/site-packages (from torch>=1.7.0->recbole==1.0.0) (12.4.127)
Requirement already satisfied: nvidia-cuda-cupti-cu12==12.4.127 in /usr/local/lib/python3.10/site-packages (from torch>=1.7.0->recbole==1.0.0) (12.4.127)
Requirement already satisfied: nvidia-cudnn-cu12==9.1.0.70 in /usr/local/lib/python3.10/site-packages (from torch>=1.7.0->recbole==1.0.0) (9.1.0.70)
Requirement already satisfied: nvidia-cublas-cu12==12.4.5.8 in /usr/local/lib/python3.10/site-packages (from torch>=1.7.0->recbole==1.0.0) (12.4.5.8)
Requirement already satisfied: nvidia-cufft-cu12==11.2.1.3 in /usr/local/lib/python3.10/site-packages (from torch>=1.7.0->recbole==1.0.0) (11.2.1.3)
Requirement already satisfied: nvidia-curand-cu12==10.3.5.147 in /usr/local/lib/python3.10/site-packages (from torch>=1.7.0->recbole==1.0.0) (10.3.5.147)
Requirement already satisfied: nvidia-cusolver-cu12==11.6.1.9 in /usr/local/lib/python3.10/site-packages (from torch>=1.7.0->recbole==1.0.0) (11.6.1.9)
Requirement already satisfied: nvidia-cusparse-cu12==12.3.1.170 in /usr/local/lib/python3.10/site-packages (from torch>=1.7.0->recbole==1.0.0) (12.3.1.170)
Requirement already satisfied: nvidia-nccl-cu12==2.21.5 in /usr/local/lib/python3.10/site-packages (from torch>=1.7.0->recbole==1.0.0) (2.21.5)
Requirement already satisfied: nvidia-nvtx-cu12==12.4.127 in /usr/local/lib/python3.10/site-packages (from torch>=1.7.0->recbole==1.0.0) (12.4.127)
Requirement already satisfied: nvidia-nvjitlink-cu12==12.4.127 in /usr/local/lib/python3.10/site-packages (from torch>=1.7.0->recbole==1.0.0) (12.4.127)
Requirement already satisfied: triton==3.1.0 in /usr/local/lib/python3.10/site-packages (from torch>=1.7.0->recbole==1.0.0) (3.1.0)
Requirement already satisfied: sympy==1.13.1 in /usr/local/lib/python3.10/site-packages (from torch>=1.7.0->recbole==1.0.0) (1.13.1)
Requirement already satisfied: mpmath<1.4,>=1.1.0 in /usr/local/lib/python3.10/site-packages (from sympy==1.13.1->torch>=1.7.0->recbole==1.0.0) (1.3.0)
Requirement already satisfied: MarkupSafe>=2.1.1 in /usr/local/lib/python3.10/site-packages (from werkzeug>=1.0.1->tensorboard>=2.5.0->recbole==1.0.0) (3.0.2)
Building wheels for collected packages: scipy
  Building wheel for scipy (pyproject.toml) ... [?25l- \ | / - \ | / - \ | / - \ | / - \ | / - \ | / - \ | / - \ | / - \ | / - \ | / - \ | / - \ | / - \ | / - \ | / - \ | / - \ | / - \ | / - \ | / - \ | / - \ | / - \ | / - \ | / - \ | / - \ | / - \ | / - \ | / - \ | / - \ | / - \ | / - \ | / - \ | / - \ | / - \ | / - \ | / - \ | / - \ | / - \ | / - \ | / - \ | / - \ | / - \ | / - \ | / - \ | / - \ | / - \ | / - \ | / - \ | / - \ | / - \ | / - error
  [31m   [0m INFO: Platform      :
  [31m   [0m   Architecture: x64
  [31m   [0m   Compiler    : gcc
  [31m   [0m 
  [31m   [0m CPU baseline  :
  [31m   [0m   Requested   : 'min'
  [31m   [0m   Enabled     : SSE SSE2 SSE3
  [31m   [0m   Flags       : -msse -msse2 -msse3
  [31m   [0m   Extra checks: none
  [31m   [0m 
  [31m   [0m CPU dispatch  :
  [31m   [0m   Requested   : 'max -xop -fma4'
  [31m   [0m   Enabled     : SSSE3 SSE41 POPCNT SSE42 AVX F16C FMA3 AVX2 AVX512F AVX512CD AVX512_SKX AVX512_CLX AVX512_CNL AVX512_ICL AVX512_SPR
  [31m   [0m   Generated   : none
  [31m   [0m INFO: CCompilerOpt.cache_flush[864] : write cache to path -> /tmp/pip-install-kjpcc2bk/scipy_76c8db72d9704a518ffbd85f5efc4c53/build/temp.linux-x86_64-3.10/ccompiler_opt_cache_clib.py
  [31m   [0m [31m[end of output][0m
  [1;35mnote[0m: This error originates from a subprocess, and is likely not a problem with pip.
[31m  ERROR: Failed building wheel for scipy[0m[31m
[0m[?25hFailed to build scipy
[31mERROR: ERROR: Failed to build installable wheels for some pyproject.toml based projects (scipy)[0m[31m
The command execution failed, so I have reverted it back to the previous state, which is the environment before running this command.
`pip install -e .` executes with returncode: 1

[Current directory]:
/
You are currently in a [python:3.10] container.

ENVIRONMENT REMINDER: You have 190 turns left to complete the task.
The container has successfully executed the following commands in order. Please refer to the execution history, reflect, and decide the subsequent actions. Remember, your ultimate goal is to pass the tests by executing `runtest` or `poetryruntest`.
python /home/tools/pip_download.py -p torch -v ">=1.7.0"
python /home/tools/pip_download.py -p numpy -v ">=1.17.2"
python /home/tools/pip_download.py -p hyperopt -v ">=0.2.4"
python /home/tools/pip_download.py -p pandas -v ">=1.0.5"
python /home/tools/pip_download.py -p tqdm -v ">=4.48.2"
python /home/tools/pip_download.py -p scikit_learn -v ">=0.23.2"
python /home/tools/pip_download.py -p pyyaml -v ">=5.1.0"
python /home/tools/pip_download.py -p colorlog -v "==4.7.2"
python /home/tools/pip_download.py -p colorama -v "==0.4.4"
python /home/tools/pip_download.py -p tensorboard -v ">=2.5.0"
python /home/tools/pip_download.py -p cython -v "==0.29.21"
apt-get update -qq
apt-get install -y -qq libblas-dev liblapack-dev gfortran
pip install -q scipy==1.7.3
---------------------------
### Thought:
The `setup.py` is still trying to install `scipy==1.6.0`, which is causing the same error when building the wheel. Given that we already installed `scipy==1.7.3`, we'll need to modify `setup.py` to use this version.

Let's edit `setup.py` to use `scipy==1.7.3` and then try the installation again.

### Action:
```diff
/repo/setup.py
<<<<<<< SEARCH
        'scipy==1.6.0',
=======
        'scipy==1.7.3',
>>>>>>> REPLACE
```
### Observation:
Running Edit...
[?2004l
* Succeed Patch:
* Fail Patch:
#SEARCH/REPLACE block failed to match!

## SearchReplaceNoExactMatch: This SEARCH block failed to exactly match lines in /repo/setup.py
        'scipy==1.6.0',


The SEARCH section must exactly match an existing block of lines including all white space, comments, indentation, docstrings, etc

TIPS:
* All patches must be based on the original code. Make sure it and try to provide more sufficient and unique old line(s) from snippet to facilitate matching.
* Make sure your patch has right indentation.
* Make sure your file path is correct.
[Current directory]:
/
You are currently in a [python:3.10] container.

ENVIRONMENT REMINDER: You have 189 turns left to complete the task.
The container has successfully executed the following commands in order. Please refer to the execution history, reflect, and decide the subsequent actions. Remember, your ultimate goal is to pass the tests by executing `runtest` or `poetryruntest`.
python /home/tools/pip_download.py -p torch -v ">=1.7.0"
python /home/tools/pip_download.py -p numpy -v ">=1.17.2"
python /home/tools/pip_download.py -p hyperopt -v ">=0.2.4"
python /home/tools/pip_download.py -p pandas -v ">=1.0.5"
python /home/tools/pip_download.py -p tqdm -v ">=4.48.2"
python /home/tools/pip_download.py -p scikit_learn -v ">=0.23.2"
python /home/tools/pip_download.py -p pyyaml -v ">=5.1.0"
python /home/tools/pip_download.py -p colorlog -v "==4.7.2"
python /home/tools/pip_download.py -p colorama -v "==0.4.4"
python /home/tools/pip_download.py -p tensorboard -v ">=2.5.0"
python /home/tools/pip_download.py -p cython -v "==0.29.21"
apt-get update -qq
apt-get install -y -qq libblas-dev liblapack-dev gfortran
pip install -q scipy==1.7.3
python /home/tools/code_edit.py -t '/tmp/patch/tmpbjhorwzc' -p '/tmp'
---------------------------
### Thought:
The patch failed because the `SEARCH` block did not exactly match. Let's review the `setup.py` file to understand its structure and locate the exact portion that specifies the `scipy==1.6.0` dependency.

### Action:
```bash
cat /repo/setup.py
```
### Observation:
Running `cat /repo/setup.py`...
from __future__ import absolute_import
from __future__ import print_function
from __future__ import division
import os
from setuptools import setup, find_packages
install_requires = ['numpy>=1.17.2', 'torch>=1.7.0', 'scipy==1.6.0', 'pandas>=1.0.5', 'tqdm>=4.48.2',
                    'colorlog==4.7.2','colorama==0.4.4',
                    'scikit_learn>=0.23.2', 'pyyaml>=5.1.0', 'tensorboard>=2.5.0']
setup_requires = []
extras_require = {
    'hyperopt': ['hyperopt>=0.2.4']
}
classifiers = ["License :: OSI Approved :: MIT License"]
long_description = 'RecBole is developed based on Python and PyTorch for ' \
                   'reproducing and developing recommendation algorithms in ' \
                   'a unified, comprehensive and efficient framework for ' \
                   'research purpose. In the first version, our library ' \
                   'includes 53 recommendation algorithms, covering four ' \
                   'major categories: General Recommendation, Sequential ' \
                   'Recommendation, Context-aware Recommendation and ' \
                   'Knowledge-based Recommendation. View RecBole homepage ' \
                   'for more information: https://recbole.io'
# Readthedocs requires Sphinx extensions to be specified as part of
# install_requires in order to build properly.
on_rtd = os.environ.get('READTHEDOCS', None) == 'True'
if on_rtd:
    install_requires.extend(setup_requires)
setup(
    name='recbole',
    version=
    '1.0.0',  # please remember to edit recbole/__init__.py in response, once updating the version
    description='A unified, comprehensive and efficient recommendation library',
    long_description=long_description,
    long_description_content_type="text/markdown",
    url='https://github.com/RUCAIBox/RecBole',
    author='RecBoleTeam',
    author_email='recbole@outlook.com',
    packages=[
        package for package in find_packages()
        if package.startswith('recbole')
    ],
    include_package_data=True,
    install_requires=install_requires,
    setup_requires=setup_requires,
    extras_require=extras_require,
    zip_safe=False,
    classifiers=classifiers,
)
`cat /repo/setup.py` executes with returncode: 0

[Current directory]:
/
You are currently in a [python:3.10] container.

ENVIRONMENT REMINDER: You have 188 turns left to complete the task.
The container has successfully executed the following commands in order. Please refer to the execution history, reflect, and decide the subsequent actions. Remember, your ultimate goal is to pass the tests by executing `runtest` or `poetryruntest`.
python /home/tools/pip_download.py -p torch -v ">=1.7.0"
python /home/tools/pip_download.py -p numpy -v ">=1.17.2"
python /home/tools/pip_download.py -p hyperopt -v ">=0.2.4"
python /home/tools/pip_download.py -p pandas -v ">=1.0.5"
python /home/tools/pip_download.py -p tqdm -v ">=4.48.2"
python /home/tools/pip_download.py -p scikit_learn -v ">=0.23.2"
python /home/tools/pip_download.py -p pyyaml -v ">=5.1.0"
python /home/tools/pip_download.py -p colorlog -v "==4.7.2"
python /home/tools/pip_download.py -p colorama -v "==0.4.4"
python /home/tools/pip_download.py -p tensorboard -v ">=2.5.0"
python /home/tools/pip_download.py -p cython -v "==0.29.21"
apt-get update -qq
apt-get install -y -qq libblas-dev liblapack-dev gfortran
pip install -q scipy==1.7.3
python /home/tools/code_edit.py -t '/tmp/patch/tmpbjhorwzc' -p '/tmp'
---------------------------
### Thought:
I have reviewed the content of `setup.py` and identified the block specifying `scipy==1.6.0`. Now, I'll create a patch to modify this to `scipy==1.7.3`.

### Action:
```diff
/repo/setup.py
<<<<<<< SEARCH
install_requires = ['numpy>=1.17.2', 'torch>=1.7.0', 'scipy==1.6.0', 'pandas>=1.0.5', 'tqdm>=4.48.2',
=======
install_requires = ['numpy>=1.17.2', 'torch>=1.7.0', 'scipy==1.7.3', 'pandas>=1.0.5', 'tqdm>=4.48.2',
>>>>>>> REPLACE
```
### Observation:
Running Edit...
[?2004l
* Succeed Patch:
--- a/repo/setup.py
+++ b/repo/setup.py
@@ -6,7 +6,7 @@
 
 from setuptools import setup, find_packages
 
-install_requires = ['numpy>=1.17.2', 'torch>=1.7.0', 'scipy==1.6.0', 'pandas>=1.0.5', 'tqdm>=4.48.2',
+install_requires = ['numpy>=1.17.2', 'torch>=1.7.0', 'scipy==1.7.3', 'pandas>=1.0.5', 'tqdm>=4.48.2',
                     'colorlog==4.7.2','colorama==0.4.4',
                     'scikit_learn>=0.23.2', 'pyyaml>=5.1.0', 'tensorboard>=2.5.0']
 


[Current directory]:
/
You are currently in a [python:3.10] container.

ENVIRONMENT REMINDER: You have 187 turns left to complete the task.
The container has successfully executed the following commands in order. Please refer to the execution history, reflect, and decide the subsequent actions. Remember, your ultimate goal is to pass the tests by executing `runtest` or `poetryruntest`.
python /home/tools/pip_download.py -p torch -v ">=1.7.0"
python /home/tools/pip_download.py -p numpy -v ">=1.17.2"
python /home/tools/pip_download.py -p hyperopt -v ">=0.2.4"
python /home/tools/pip_download.py -p pandas -v ">=1.0.5"
python /home/tools/pip_download.py -p tqdm -v ">=4.48.2"
python /home/tools/pip_download.py -p scikit_learn -v ">=0.23.2"
python /home/tools/pip_download.py -p pyyaml -v ">=5.1.0"
python /home/tools/pip_download.py -p colorlog -v "==4.7.2"
python /home/tools/pip_download.py -p colorama -v "==0.4.4"
python /home/tools/pip_download.py -p tensorboard -v ">=2.5.0"
python /home/tools/pip_download.py -p cython -v "==0.29.21"
apt-get update -qq
apt-get install -y -qq libblas-dev liblapack-dev gfortran
pip install -q scipy==1.7.3
python /home/tools/code_edit.py -t '/tmp/patch/tmpbjhorwzc' -p '/tmp'
python /home/tools/code_edit.py -t '/tmp/patch/tmpcdnce7c6' -p '/tmp'
---------------------------
### Thought:
The `setup.py` has been successfully modified to use `scipy==1.7.3`. Let's attempt to install the `recbole` package again using the `setup.py` file.

### Action:
```bash
pip install -e /repo
```
### Observation:
Running `pip install -e /repo`...
The output is too long, so we've truncated it to show you the first and last 5000 characters.
Running `pip install -e /repo`...
Looking in indexes: http://simple/
Obtaining file:///repo
  Preparing metadata (setup.py) ... [?25l- done
[?25hRequirement already satisfied: numpy>=1.17.2 in /usr/local/lib/python3.10/site-packages (from recbole==1.0.0) (1.22.4)
Requirement already satisfied: torch>=1.7.0 in /usr/local/lib/python3.10/site-packages (from recbole==1.0.0) (2.5.1)
Requirement already satisfied: scipy==1.7.3 in /usr/local/lib/python3.10/site-packages (from recbole==1.0.0) (1.7.3)
Requirement already satisfied: pandas>=1.0.5 in /usr/local/lib/python3.10/site-packages (from recbole==1.0.0) (2.2.3)
Requirement already satisfied: tqdm>=4.48.2 in /usr/local/lib/python3.10/site-packages (from recbole==1.0.0) (4.67.1)
Requirement already satisfied: colorlog==4.7.2 in /usr/local/lib/python3.10/site-packages (from recbole==1.0.0) (4.7.2)
Requirement already satisfied: colorama==0.4.4 in /usr/local/lib/python3.10/site-packages (from recbole==1.0.0) (0.4.4)
Requirement already satisfied: scikit_learn>=0.23.2 in /usr/local/lib/python3.10/site-packages (from recbole==1.0.0) (1.6.0)
Requirement already satisfied: pyyaml>=5.1.0 in /usr/local/lib/python3.10/site-packages (from recbole==1.0.0) (6.0.2)
Requirement already satisfied: tensorboard>=2.5.0 in /usr/local/lib/python3.10/site-packages (from recbole==1.0.0) (2.18.0)
Requirement already satisfied: python-dateutil>=2.8.2 in /usr/local/lib/python3.10/site-packages (from pandas>=1.0.5->recbole==1.0.0) (2.9.0.post0)
Requirement already satisfied: pytz>=2020.1 in /usr/local/lib/python3.10/site-packages (from pandas>=1.0.5->recbole==1.0.0) (2024.2)
Requirement already satisfied: tzdata>=2022.7 in /usr/local/lib/python3.10/site-packages (from pandas>=1.0.5->recbole==1.0.0) (2024.2)
Requirement already satisfied: joblib>=1.2.0 in /usr/local/lib/python3.10/site-packages (from scikit_learn>=0.23.2->recbole==1.0.0) (1.4.2)
Requirement already satisfied: threadpoolctl>=3.1.0 in /usr/local/lib/python3.10/site-packages (from scikit_learn>=0.23.2->recbole==1.0.0) (3.5.0)
Requirement already satisfied: absl-py>=0.4 in /usr/local/lib/python3.10/site-packages (from tensorboard>=2.5.0->recbole==1.0.0) (2.1.0)
Requirement already satisfied: grpcio>=1.48.2 in /usr/local/lib/python3.10/site-packages (from tensorboard>=2.5.0->recbole==1.0.0) (1.68.1)
Requirement already satisfied: markdown>=2.6.8 in /usr/local/lib/python3.10/site-packages (from tensorboard>=2.5.0->recbole==1.0.0) (3.7)
Requirement already satisfied: packaging in /usr/local/lib/python3.10/site-packages (from tensorboard>=2.5.0->recbole==1.0.0) (24.2)
Requirement already satisfied: protobuf!=4.24.0,>=3.19.6 in /usr/local/lib/python3.10/site-packages (from tensorboard>=2.5.0->recbole==1.0.0) (5.29.1)
Requirement already satisfied: setuptools>=41.0.0 in /usr/local/lib/python3.10/site-packages (from tensorboard>=2.5.0->recbole==1.0.0) (65.5.1)
Requirement already satisfied: six>1.9 in /usr/local/lib/python3.10/site-packages (from tensorboard>=2.5.0->recbole==1.0.0) (1.17.0)
Requirement already satisfied: tensorboard-data-server<0.8.0,>=0.7.0 in /usr/local/lib/python3.10/site-packages (from tensorboard>=2.5.0->recbole==1.0.0) (0.7.2)
Requirement already satisfied: werkzeug>=1.0.1 in /usr/local/lib/python3.10/site-packages (from tensorboard>=2.5.0->recbole==1.0.0) (3.1.3)
Requirement already satisfied: filelock in /usr/local/lib/python3.10/site-packages (from torch>=1.7.0->recbole==1.0.0) (3.16.1)
Requirement already satisfied: typing-extensions>=4.8.0 in /usr/local/lib/python3.10/site-packages (from torch>=1.7.0->recbole==1.0.0) (4.12.2)
Requirement already satisfied: networkx in /usr/local/lib/python3.10/site-packages (from torch>=1.7.0->recbole==1.0.0) (3.4.2)
Requirement already satisfied: jinja2 in /usr/local/lib/python3.10/site-packages (from torch>=1.7.0->recbole==1.0.0) (3.1.4)
Requirement already satisfied: fsspec in /usr/local/lib/python3.10/site-packages (from torch>=1.7.0->recbole==1.0.0) (2024.10.0)
Requirement already satisfied: nvidia-cuda-nvrtc-cu12==12.4.127 in /usr/local/lib/python3.10/site-packages (from torch>=1.7.0->recbole==1.0.0) (12.4.127)
Requirement already satisfied: nvidia-cuda-runtime-cu12==12.4.127 in /usr/local/lib/python3.10/site-packages (from torch>=1.7.0->recbole==1.0.0) (12.4.127)
Requirement already satisfied: nvidia-cuda-cupti-cu12==12.4.127 in /usr/local/lib/python3.10/site-packages (from torch>=1.7.0->recbole==1.0.0) (12.4.127)
Requirement already satisfied: nvidia-cudnn-cu12==9.1.0.70 in /usr/local/lib/python3.10/site-packages (from torch>=1.7.0->recbole==1.0.0) (9.1.0.70)
Requirement already satisfied: nvidia-cublas-cu12==12.4.5.8 in /usr/local/lib/python3.10/site-packages (from torch>=1.7.0->recbole==1.0.0) (12.4.5.8)
Requirement already satisfied: nvidia-cufft-cu12==11.2.1.3 in /usr/local/lib/python3.10/site-packages (from torch>=1.7.0->recbole==1.0.0) (11.2.1.3)
Requirement already satisfied: nvidia-curand-cu12==10.3.5.147 in /usr/local/lib/python3.10/site-packages (from torch>=1.7.0->recbole==1.0.0) (10.3.5.147)
Requirement already satisfied: nvidia-cusolver-cu12==11.6.1.9 in /usr/local/lib/python3.10/site-packages (from torch>=1.7.0->recbole==1.0.0) (11.6.1.9)
Requirement already satisfied: nvidia-cusparse-cu12==12.3.1.170 in /usr/local/lib/python3.10/site-packages (from torch>=1.7.0->recbole==1.0.0) (12.3.1.170)
Requirement already satisfied: nvidia-nccl-cu12==2.21.5 in /usr/local/lib/python3.10/site-packages (from torch>=1.7.0->recbole==1.0.0) (2.21.5)
Requirement already satisfied: nvidia-nvtx-cu12==12.4.127 in /usr/local/lib/python3.10/site-packages (from torch>=1.7.0->recbole==1.0.0) (12.4.127)
Requirement already satisfied: nvidia-nvjitlink-cu12==12.4.127 in /usr/local/lib/python3.10/site-packages (from torch>=1.7.0->recbole==1.0.0) (12.4.127)
Requirement already satisfied: triton==3.1.0 in /usr/local/lib/python3.10/site-packages (from torch>=1.7.0->recbole==1.0.0) (3.1.0)
Requirement already satisfied: sympy==1.13.1 in /u
...[Truncation]...
: python-dateutil>=2.8.2 in /usr/local/lib/python3.10/site-packages (from pandas>=1.0.5->recbole==1.0.0) (2.9.0.post0)
Requirement already satisfied: pytz>=2020.1 in /usr/local/lib/python3.10/site-packages (from pandas>=1.0.5->recbole==1.0.0) (2024.2)
Requirement already satisfied: tzdata>=2022.7 in /usr/local/lib/python3.10/site-packages (from pandas>=1.0.5->recbole==1.0.0) (2024.2)
Requirement already satisfied: joblib>=1.2.0 in /usr/local/lib/python3.10/site-packages (from scikit_learn>=0.23.2->recbole==1.0.0) (1.4.2)
Requirement already satisfied: threadpoolctl>=3.1.0 in /usr/local/lib/python3.10/site-packages (from scikit_learn>=0.23.2->recbole==1.0.0) (3.5.0)
Requirement already satisfied: absl-py>=0.4 in /usr/local/lib/python3.10/site-packages (from tensorboard>=2.5.0->recbole==1.0.0) (2.1.0)
Requirement already satisfied: grpcio>=1.48.2 in /usr/local/lib/python3.10/site-packages (from tensorboard>=2.5.0->recbole==1.0.0) (1.68.1)
Requirement already satisfied: markdown>=2.6.8 in /usr/local/lib/python3.10/site-packages (from tensorboard>=2.5.0->recbole==1.0.0) (3.7)
Requirement already satisfied: packaging in /usr/local/lib/python3.10/site-packages (from tensorboard>=2.5.0->recbole==1.0.0) (24.2)
Requirement already satisfied: protobuf!=4.24.0,>=3.19.6 in /usr/local/lib/python3.10/site-packages (from tensorboard>=2.5.0->recbole==1.0.0) (5.29.1)
Requirement already satisfied: setuptools>=41.0.0 in /usr/local/lib/python3.10/site-packages (from tensorboard>=2.5.0->recbole==1.0.0) (65.5.1)
Requirement already satisfied: six>1.9 in /usr/local/lib/python3.10/site-packages (from tensorboard>=2.5.0->recbole==1.0.0) (1.17.0)
Requirement already satisfied: tensorboard-data-server<0.8.0,>=0.7.0 in /usr/local/lib/python3.10/site-packages (from tensorboard>=2.5.0->recbole==1.0.0) (0.7.2)
Requirement already satisfied: werkzeug>=1.0.1 in /usr/local/lib/python3.10/site-packages (from tensorboard>=2.5.0->recbole==1.0.0) (3.1.3)
Requirement already satisfied: filelock in /usr/local/lib/python3.10/site-packages (from torch>=1.7.0->recbole==1.0.0) (3.16.1)
Requirement already satisfied: typing-extensions>=4.8.0 in /usr/local/lib/python3.10/site-packages (from torch>=1.7.0->recbole==1.0.0) (4.12.2)
Requirement already satisfied: networkx in /usr/local/lib/python3.10/site-packages (from torch>=1.7.0->recbole==1.0.0) (3.4.2)
Requirement already satisfied: jinja2 in /usr/local/lib/python3.10/site-packages (from torch>=1.7.0->recbole==1.0.0) (3.1.4)
Requirement already satisfied: fsspec in /usr/local/lib/python3.10/site-packages (from torch>=1.7.0->recbole==1.0.0) (2024.10.0)
Requirement already satisfied: nvidia-cuda-nvrtc-cu12==12.4.127 in /usr/local/lib/python3.10/site-packages (from torch>=1.7.0->recbole==1.0.0) (12.4.127)
Requirement already satisfied: nvidia-cuda-runtime-cu12==12.4.127 in /usr/local/lib/python3.10/site-packages (from torch>=1.7.0->recbole==1.0.0) (12.4.127)
Requirement already satisfied: nvidia-cuda-cupti-cu12==12.4.127 in /usr/local/lib/python3.10/site-packages (from torch>=1.7.0->recbole==1.0.0) (12.4.127)
Requirement already satisfied: nvidia-cudnn-cu12==9.1.0.70 in /usr/local/lib/python3.10/site-packages (from torch>=1.7.0->recbole==1.0.0) (9.1.0.70)
Requirement already satisfied: nvidia-cublas-cu12==12.4.5.8 in /usr/local/lib/python3.10/site-packages (from torch>=1.7.0->recbole==1.0.0) (12.4.5.8)
Requirement already satisfied: nvidia-cufft-cu12==11.2.1.3 in /usr/local/lib/python3.10/site-packages (from torch>=1.7.0->recbole==1.0.0) (11.2.1.3)
Requirement already satisfied: nvidia-curand-cu12==10.3.5.147 in /usr/local/lib/python3.10/site-packages (from torch>=1.7.0->recbole==1.0.0) (10.3.5.147)
Requirement already satisfied: nvidia-cusolver-cu12==11.6.1.9 in /usr/local/lib/python3.10/site-packages (from torch>=1.7.0->recbole==1.0.0) (11.6.1.9)
Requirement already satisfied: nvidia-cusparse-cu12==12.3.1.170 in /usr/local/lib/python3.10/site-packages (from torch>=1.7.0->recbole==1.0.0) (12.3.1.170)
Requirement already satisfied: nvidia-nccl-cu12==2.21.5 in /usr/local/lib/python3.10/site-packages (from torch>=1.7.0->recbole==1.0.0) (2.21.5)
Requirement already satisfied: nvidia-nvtx-cu12==12.4.127 in /usr/local/lib/python3.10/site-packages (from torch>=1.7.0->recbole==1.0.0) (12.4.127)
Requirement already satisfied: nvidia-nvjitlink-cu12==12.4.127 in /usr/local/lib/python3.10/site-packages (from torch>=1.7.0->recbole==1.0.0) (12.4.127)
Requirement already satisfied: triton==3.1.0 in /usr/local/lib/python3.10/site-packages (from torch>=1.7.0->recbole==1.0.0) (3.1.0)
Requirement already satisfied: sympy==1.13.1 in /usr/local/lib/python3.10/site-packages (from torch>=1.7.0->recbole==1.0.0) (1.13.1)
Requirement already satisfied: mpmath<1.4,>=1.1.0 in /usr/local/lib/python3.10/site-packages (from sympy==1.13.1->torch>=1.7.0->recbole==1.0.0) (1.3.0)
Requirement already satisfied: MarkupSafe>=2.1.1 in /usr/local/lib/python3.10/site-packages (from werkzeug>=1.0.1->tensorboard>=2.5.0->recbole==1.0.0) (3.0.2)
Installing collected packages: recbole
[33m  DEPRECATION: Legacy editable install of recbole==1.0.0 from file:///repo (setup.py develop) is deprecated. pip 25.0 will enforce this behaviour change. A possible replacement is to add a pyproject.toml or enable --use-pep517, and use setuptools >= 64. If the resulting installation is not behaving as expected, try using --config-settings editable_mode=compat. Please consult the setuptools documentation for more information. Discussion can be found at https://github.com/pypa/pip/issues/11457[0m[33m
[0m  Running setup.py develop for recbole
Successfully installed recbole
[33mWARNING: Running pip as the 'root' user can result in broken permissions and conflicting behaviour with the system package manager, possibly rendering your system unusable.It is recommended to use a virtual environment instead: https://pip.pypa.io/warnings/venv. Use the --root-user-action option if you know what you are doing and want to suppress this warning.[0m[33m
`pip install -e /repo` executes with returncode: 0

[Current directory]:
/
You are currently in a [python:3.10] container.

ENVIRONMENT REMINDER: You have 186 turns left to complete the task.
The container has successfully executed the following commands in order. Please refer to the execution history, reflect, and decide the subsequent actions. Remember, your ultimate goal is to pass the tests by executing `runtest` or `poetryruntest`.
python /home/tools/pip_download.py -p torch -v ">=1.7.0"
python /home/tools/pip_download.py -p numpy -v ">=1.17.2"
python /home/tools/pip_download.py -p hyperopt -v ">=0.2.4"
python /home/tools/pip_download.py -p pandas -v ">=1.0.5"
python /home/tools/pip_download.py -p tqdm -v ">=4.48.2"
python /home/tools/pip_download.py -p scikit_learn -v ">=0.23.2"
python /home/tools/pip_download.py -p pyyaml -v ">=5.1.0"
python /home/tools/pip_download.py -p colorlog -v "==4.7.2"
python /home/tools/pip_download.py -p colorama -v "==0.4.4"
python /home/tools/pip_download.py -p tensorboard -v ">=2.5.0"
python /home/tools/pip_download.py -p cython -v "==0.29.21"
apt-get update -qq
apt-get install -y -qq libblas-dev liblapack-dev gfortran
pip install -q scipy==1.7.3
python /home/tools/code_edit.py -t '/tmp/patch/tmpbjhorwzc' -p '/tmp'
python /home/tools/code_edit.py -t '/tmp/patch/tmpcdnce7c6' -p '/tmp'
pip install -e /repo
---------------------------
### Thought:
The `recbole` package has been successfully installed. Now, let's try running the tests again to confirm that everything is correctly set up.

### Action:
```bash
runtest
```
### Observation:
Running `python /home/tools/runtest.py`...
The output is too long, so we've truncated it to show you the first and last 5000 characters.
Running `python /home/tools/runtest.py`...
Error: Please modify the configuration according to the error messages below. Once all issues are resolved, rerun the tests.
tests/config/test_config.py::TestConfigClass::test_config_dict
tests/config/test_config.py::TestConfigClass::test_config_file_list
tests/config/test_config.py::TestConfigClass::test_default_context_settings
tests/config/test_config.py::TestConfigClass::test_default_sequential_settings
tests/config/test_config.py::TestConfigClass::test_default_settings
tests/config/test_config.py::TestConfigClass::test_priority
tests/config/test_overall.py::TestOverallConfig::test_checkpoint_dir
tests/config/test_overall.py::TestOverallConfig::test_data_path
tests/config/test_overall.py::TestOverallConfig::test_epochs
tests/config/test_overall.py::TestOverallConfig::test_eval_batch_size
tests/config/test_overall.py::TestOverallConfig::test_eval_step
tests/config/test_overall.py::TestOverallConfig::test_gpu_id
tests/config/test_overall.py::TestOverallConfig::test_group_by_user
tests/config/test_overall.py::TestOverallConfig::test_learner
tests/config/test_overall.py::TestOverallConfig::test_learning_rate
tests/config/test_overall.py::TestOverallConfig::test_loss
tests/config/test_overall.py::TestOverallConfig::test_metric
tests/config/test_overall.py::TestOverallConfig::test_reproducibility
tests/config/test_overall.py::TestOverallConfig::test_seed
tests/config/test_overall.py::TestOverallConfig::test_split_ratio
tests/config/test_overall.py::TestOverallConfig::test_stopping_step
tests/config/test_overall.py::TestOverallConfig::test_topk
tests/config/test_overall.py::TestOverallConfig::test_train_batch_size
tests/config/test_overall.py::TestOverallConfig::test_training_neg_sampling
tests/config/test_overall.py::TestOverallConfig::test_use_gpu
tests/data/test_dataloader.py::TestGeneralDataloader::test_general_dataloader
tests/data/test_dataloader.py::TestGeneralDataloader::test_general_neg_sample_dataloader_in_pair_wise
tests/data/test_dataloader.py::TestGeneralDataloader::test_general_neg_sample_dataloader_in_point_wise
tests/data/test_dataloader.py::TestGeneralDataloader::test_general_full_dataloader
tests/data/test_dataloader.py::TestGeneralDataloader::test_general_uni100_dataloader_with_batch_size_in_101
tests/data/test_dataloader.py::TestGeneralDataloader::test_general_uni100_dataloader_with_batch_size_in_303
tests/data/test_dataset.py::TestDataset::test_filter_nan_user_or_item
tests/data/test_dataset.py::TestDataset::test_remove_duplication_by_first
tests/data/test_dataset.py::TestDataset::test_remove_duplication_by_last
tests/data/test_dataset.py::TestDataset::test_filter_by_field_value_with_lowest_val
tests/data/test_dataset.py::TestDataset::test_filter_by_field_value_with_highest_val
tests/data/test_dataset.py::TestDataset::test_filter_by_field_value_with_equal_val
tests/data/test_dataset.py::TestDataset::test_filter_by_field_value_with_not_equal_val
tests/data/test_dataset.py::TestDataset::test_filter_by_field_value_in_same_field
tests/data/test_dataset.py::TestDataset::test_filter_by_field_value_in_different_field
tests/data/test_dataset.py::TestDataset::test_filter_inter_by_user_or_item_is_true
tests/data/test_dataset.py::TestDataset::test_filter_inter_by_user_or_item_is_false
tests/data/test_dataset.py::TestDataset::test_filter_by_inter_num_in_min_user_inter_num
tests/data/test_dataset.py::TestDataset::test_filter_by_inter_num_in_min_item_inter_num
tests/data/test_dataset.py::TestDataset::test_filter_by_inter_num_in_max_user_inter_num
tests/data/test_dataset.py::TestDataset::test_filter_by_inter_num_in_max_item_inter_num
tests/data/test_dataset.py::TestDataset::test_filter_by_inter_num_in_min_inter_num
tests/data/test_dataset.py::TestDataset::test_filter_by_inter_num_in_complex_way
tests/data/test_dataset.py::TestDataset::test_rm_dup_by_first_and_filter_value
tests/data/test_dataset.py::TestDataset::test_rm_dup_by_last_and_filter_value
tests/data/test_dataset.py::TestDataset::test_rm_dup_and_filter_by_inter_num
tests/data/test_dataset.py::TestDataset::test_filter_value_and_filter_inter_by_ui
tests/data/test_dataset.py::TestDataset::test_filter_value_and_inter_num
tests/data/test_dataset.py::TestDataset::test_filter_inter_by_ui_and_inter_num
tests/data/test_dataset.py::TestDataset::test_remap_id
tests/data/test_dataset.py::TestDataset::test_remap_id_with_alias
tests/data/test_dataset.py::TestDataset::test_ui_feat_preparation_and_fill_nan
tests/data/test_dataset.py::TestDataset::test_set_label_by_threshold
tests/data/test_dataset.py::TestDataset::test_normalize_all
tests/data/test_dataset.py::TestDataset::test_normalize_field
tests/data/test_dataset.py::TestDataset::test_TO_RS_811
tests/data/test_dataset.py::TestDataset::test_TO_RS_820
tests/data/test_dataset.py::TestDataset::test_TO_RS_802
tests/data/test_dataset.py::TestDataset::test_TO_LS_valid_and_test
tests/data/test_dataset.py::TestDataset::test_TO_LS_valid_only
tests/data/test_dataset.py::TestDataset::test_TO_LS_test_only
tests/data/test_dataset.py::TestDataset::test_RO_RS_811
tests/data/test_dataset.py::TestDataset::test_RO_RS_820
tests/data/test_dataset.py::TestDataset::test_RO_RS_802
tests/data/test_dataset.py::TestSeqDataset::test_seq_leave_one_out
tests/data/test_dataset.py::TestSeqDataset::test_seq_split_by_ratio
tests/data/test_dataset.py::TestSeqDataset::test_seq_benchmark
tests/data/test_dataset.py::TestKGDataset::test_kg_remap_id
tests/evaluation_setting/test_evaluation_setting.py::TestGeneralRecommender::test_rols_full
tests/evaluation_setting/test_evaluation_setting.py::TestGeneralRecommender::test_rols_uni100
tests/evaluation_setting/test_evaluation_setting.py::TestGeneralRecommender::test_rors_uni100
tests/evaluation_setting/test_evaluation_setting.py::TestGeneralRecommender::test_tols_full
tests/evaluation_setting/test_evaluation_setting.py::TestGeneralRecommender::test_tols_uni100
tests/evaluation_setting/test_evaluation_setting.py::TestGeneralRecommender::te
...[Truncation]...
test_model_auto.py::TestSequentialRecommender::test_din
tests/model/test_model_auto.py::TestSequentialRecommender::test_fdsa
tests/model/test_model_auto.py::TestSequentialRecommender::test_fdsa_with_max_pooling
tests/model/test_model_auto.py::TestSequentialRecommender::test_fdsa_with_sum_pooling
tests/model/test_model_auto.py::TestSequentialRecommender::test_fossil
tests/model/test_model_auto.py::TestSequentialRecommender::test_fpmc
tests/model/test_model_auto.py::TestSequentialRecommender::test_gcsan
tests/model/test_model_auto.py::TestSequentialRecommender::test_gcsan_with_BPR_loss_and_tanh
tests/model/test_model_auto.py::TestSequentialRecommender::test_gru4rec
tests/model/test_model_auto.py::TestSequentialRecommender::test_gru4rec_with_BPR_loss
tests/model/test_model_auto.py::TestSequentialRecommender::test_gru4recf
tests/model/test_model_auto.py::TestSequentialRecommender::test_gru4recf_with_max_pooling
tests/model/test_model_auto.py::TestSequentialRecommender::test_gru4recf_with_sum_pooling
tests/model/test_model_auto.py::TestSequentialRecommender::test_hgn
tests/model/test_model_auto.py::TestSequentialRecommender::test_hgn_with_CE_loss
tests/model/test_model_auto.py::TestSequentialRecommender::test_hrm
tests/model/test_model_auto.py::TestSequentialRecommender::test_hrm_with_BPR_loss
tests/model/test_model_auto.py::TestSequentialRecommender::test_narm
tests/model/test_model_auto.py::TestSequentialRecommender::test_narm_with_BPR_loss
tests/model/test_model_auto.py::TestSequentialRecommender::test_nextitnet
tests/model/test_model_auto.py::TestSequentialRecommender::test_nextitnet_with_BPR_loss
tests/model/test_model_auto.py::TestSequentialRecommender::test_npe
tests/model/test_model_auto.py::TestSequentialRecommender::test_npe_with_BPR_loss
tests/model/test_model_auto.py::TestSequentialRecommender::test_repeat_net
tests/model/test_model_auto.py::TestSequentialRecommender::test_sasrec
tests/model/test_model_auto.py::TestSequentialRecommender::test_sasrec_with_BPR_loss_and_relu
tests/model/test_model_auto.py::TestSequentialRecommender::test_sasrec_with_BPR_loss_and_sigmoid
tests/model/test_model_auto.py::TestSequentialRecommender::test_sasrecf
tests/model/test_model_auto.py::TestSequentialRecommender::test_sasrecf_with_max_pooling
tests/model/test_model_auto.py::TestSequentialRecommender::test_sasrecf_with_sum_pooling
tests/model/test_model_auto.py::TestSequentialRecommender::test_shan
tests/model/test_model_auto.py::TestSequentialRecommender::test_shan_with_BPR_loss
tests/model/test_model_auto.py::TestSequentialRecommender::test_srgnn
tests/model/test_model_auto.py::TestSequentialRecommender::test_srgnn_with_BPR_loss
tests/model/test_model_auto.py::TestSequentialRecommender::test_stamp
tests/model/test_model_auto.py::TestSequentialRecommender::test_stamp_with_BPR_loss
tests/model/test_model_auto.py::TestSequentialRecommender::test_transrec
tests/model/test_model_auto.py::TestKnowledgeRecommender::test_cfkg
tests/model/test_model_auto.py::TestKnowledgeRecommender::test_cfkg_with_transe
tests/model/test_model_auto.py::TestKnowledgeRecommender::test_cke
tests/model/test_model_auto.py::TestKnowledgeRecommender::test_kgat
tests/model/test_model_auto.py::TestKnowledgeRecommender::test_kgat_with_gcn
tests/model/test_model_auto.py::TestKnowledgeRecommender::test_kgat_with_graphsage
tests/model/test_model_auto.py::TestKnowledgeRecommender::test_kgcn
tests/model/test_model_auto.py::TestKnowledgeRecommender::test_kgcn_with_concat
tests/model/test_model_auto.py::TestKnowledgeRecommender::test_kgcn_with_neighbor
tests/model/test_model_auto.py::TestKnowledgeRecommender::test_kgnnls
tests/model/test_model_auto.py::TestKnowledgeRecommender::test_kgnnls_with_concat
tests/model/test_model_auto.py::TestKnowledgeRecommender::test_kgnnls_with_neighbor
tests/model/test_model_auto.py::TestKnowledgeRecommender::test_ktup
tests/model/test_model_auto.py::TestKnowledgeRecommender::test_ktup_with_L1_flag
tests/model/test_model_auto.py::TestKnowledgeRecommender::test_mkr
tests/model/test_model_auto.py::TestKnowledgeRecommender::test_mkr_without_use_inner_product
tests/model/test_model_auto.py::TestKnowledgeRecommender::test_ripplenet
tests/model/test_model_manual.py::TestSequentialRecommender::test_s3rec
==================================== ERRORS ====================================
_____________ ERROR collecting tests/metrics/test_loss_metrics.py ______________
ImportError while importing test module '/repo/tests/metrics/test_loss_metrics.py'.
Hint: make sure your test modules/packages have valid Python names.
Traceback:
/usr/local/lib/python3.10/importlib/__init__.py:126: in import_module
    return _bootstrap._gcd_import(name[level:], package, level)
tests/metrics/test_loss_metrics.py:20: in <module>
    config = Config('BPR', 'ml-1m', config_dict=parameters_dict)
recbole/config/configurator.py:75: in __init__
    self.model, self.model_class, self.dataset = self._get_model_and_dataset(model, dataset)
recbole/config/configurator.py:189: in _get_model_and_dataset
    final_model_class = get_model(final_model)
recbole/utils/utils.py:70: in get_model
    if importlib.util.find_spec(module_path, __name__):
/usr/local/lib/python3.10/importlib/util.py:94: in find_spec
    parent = __import__(parent_name, fromlist=['__path__'])
recbole/model/general_recommender/__init__.py:30: in <module>
    from recbole.model.general_recommender.supccl import SUPCCL
recbole/model/general_recommender/supccl.py:32: in <module>
    from recbole.util.cython.random_choice import randint_choice
E   ModuleNotFoundError: No module named 'recbole.util.cython.random_choice'
=========================== short test summary info ============================
ERROR tests/metrics/test_loss_metrics.py
!!!!!!!!!!!!!!!!!!!! Interrupted: 1 error during collection !!!!!!!!!!!!!!!!!!!!
200 tests collected, 1 error in 4.68s
The command execution failed, so I have reverted it back to the previous state, which is the environment before running this command.
`runtest` executes with returncode: 2

[Current directory]:
/
You are currently in a [python:3.10] container.

ENVIRONMENT REMINDER: You have 185 turns left to complete the task.
The container has successfully executed the following commands in order. Please refer to the execution history, reflect, and decide the subsequent actions. Remember, your ultimate goal is to pass the tests by executing `runtest` or `poetryruntest`.
python /home/tools/pip_download.py -p torch -v ">=1.7.0"
python /home/tools/pip_download.py -p numpy -v ">=1.17.2"
python /home/tools/pip_download.py -p hyperopt -v ">=0.2.4"
python /home/tools/pip_download.py -p pandas -v ">=1.0.5"
python /home/tools/pip_download.py -p tqdm -v ">=4.48.2"
python /home/tools/pip_download.py -p scikit_learn -v ">=0.23.2"
python /home/tools/pip_download.py -p pyyaml -v ">=5.1.0"
python /home/tools/pip_download.py -p colorlog -v "==4.7.2"
python /home/tools/pip_download.py -p colorama -v "==0.4.4"
python /home/tools/pip_download.py -p tensorboard -v ">=2.5.0"
python /home/tools/pip_download.py -p cython -v "==0.29.21"
apt-get update -qq
apt-get install -y -qq libblas-dev liblapack-dev gfortran
pip install -q scipy==1.7.3
python /home/tools/code_edit.py -t '/tmp/patch/tmpbjhorwzc' -p '/tmp'
python /home/tools/code_edit.py -t '/tmp/patch/tmpcdnce7c6' -p '/tmp'
pip install -e /repo
---------------------------
### Thought:
The tests are failing due to a `ModuleNotFoundError` for `recbole.util.cython.random_choice`. This suggests that the Cython module might not have been compiled correctly.

### Thought:
Let's manually compile the Cython files in the `recbole` package to ensure they are correctly built.

### Action:
```bash
cd /repo/recbole/util/cython && python setup.py build_ext --inplace && cd /
```
### Observation:
Running `cd /repo/recbole/util/cython`...
`cd /repo/recbole/util/cython` executes with returncode: 0
Running `python setup.py build_ext --inplace`...
python: can't open file '/repo/recbole/util/cython/setup.py': [Errno 2] No such file or directory
The command execution failed, so I have reverted it back to the previous state, which is the environment before running this command.
`python setup.py build_ext --inplace` executes with returncode: 2
Running `cd /`...
`cd /` executes with returncode: 0

[Current directory]:
/
You are currently in a [python:3.10] container.

ENVIRONMENT REMINDER: You have 184 turns left to complete the task.
The container has successfully executed the following commands in order. Please refer to the execution history, reflect, and decide the subsequent actions. Remember, your ultimate goal is to pass the tests by executing `runtest` or `poetryruntest`.
python /home/tools/pip_download.py -p torch -v ">=1.7.0"
python /home/tools/pip_download.py -p numpy -v ">=1.17.2"
python /home/tools/pip_download.py -p hyperopt -v ">=0.2.4"
python /home/tools/pip_download.py -p pandas -v ">=1.0.5"
python /home/tools/pip_download.py -p tqdm -v ">=4.48.2"
python /home/tools/pip_download.py -p scikit_learn -v ">=0.23.2"
python /home/tools/pip_download.py -p pyyaml -v ">=5.1.0"
python /home/tools/pip_download.py -p colorlog -v "==4.7.2"
python /home/tools/pip_download.py -p colorama -v "==0.4.4"
python /home/tools/pip_download.py -p tensorboard -v ">=2.5.0"
python /home/tools/pip_download.py -p cython -v "==0.29.21"
apt-get update -qq
apt-get install -y -qq libblas-dev liblapack-dev gfortran
pip install -q scipy==1.7.3
python /home/tools/code_edit.py -t '/tmp/patch/tmpbjhorwzc' -p '/tmp'
python /home/tools/code_edit.py -t '/tmp/patch/tmpcdnce7c6' -p '/tmp'
pip install -e /repo
---------------------------
### Thought:
The directory `/repo/recbole/util/cython` does not have a `setup.py` file for manual compilation. Instead, let's examine the `setup.py` (or equivalent) file in the `recbole` directory to ensure that Cython files are set up correctly during installation. 

Let's check the contents of the `recbole` directory to see if there are any instructions or setup scripts for building Cython extensions.

### Action:
```bash
ls /repo/recbole/util/cython
```
### Observation:
Running `ls /repo/recbole/util/cython`...
arg_topk.pyx  include  random_choice.pyx  tools.pyx
`ls /repo/recbole/util/cython` executes with returncode: 0

[Current directory]:
/
You are currently in a [python:3.10] container.

ENVIRONMENT REMINDER: You have 183 turns left to complete the task.
The container has successfully executed the following commands in order. Please refer to the execution history, reflect, and decide the subsequent actions. Remember, your ultimate goal is to pass the tests by executing `runtest` or `poetryruntest`.
python /home/tools/pip_download.py -p torch -v ">=1.7.0"
python /home/tools/pip_download.py -p numpy -v ">=1.17.2"
python /home/tools/pip_download.py -p hyperopt -v ">=0.2.4"
python /home/tools/pip_download.py -p pandas -v ">=1.0.5"
python /home/tools/pip_download.py -p tqdm -v ">=4.48.2"
python /home/tools/pip_download.py -p scikit_learn -v ">=0.23.2"
python /home/tools/pip_download.py -p pyyaml -v ">=5.1.0"
python /home/tools/pip_download.py -p colorlog -v "==4.7.2"
python /home/tools/pip_download.py -p colorama -v "==0.4.4"
python /home/tools/pip_download.py -p tensorboard -v ">=2.5.0"
python /home/tools/pip_download.py -p cython -v "==0.29.21"
apt-get update -qq
apt-get install -y -qq libblas-dev liblapack-dev gfortran
pip install -q scipy==1.7.3
python /home/tools/code_edit.py -t '/tmp/patch/tmpbjhorwzc' -p '/tmp'
python /home/tools/code_edit.py -t '/tmp/patch/tmpcdnce7c6' -p '/tmp'
pip install -e /repo
---------------------------
### Thought:
The directory contains Cython files (`.pyx`), but no `setup.py`. Let's create a `setup.py` for compiling these Cython files and run the build process to resolve the missing module issue.

### Action:
```diff
/repo/recbole/util/cython/setup.py
<<<<<<< SEARCH
=======
from setuptools import setup
from Cython.Build import cythonize

setup(
    ext_modules = cythonize(["arg_topk.pyx", "random_choice.pyx", "tools.pyx"])
)
>>>>>>> REPLACE
```
### Observation:
Running Edit...
[?2004l
* Succeed Patch:
Create and write /repo/recbole/util/cython/setup.py!

[Current directory]:
/
You are currently in a [python:3.10] container.

ENVIRONMENT REMINDER: You have 182 turns left to complete the task.
The container has successfully executed the following commands in order. Please refer to the execution history, reflect, and decide the subsequent actions. Remember, your ultimate goal is to pass the tests by executing `runtest` or `poetryruntest`.
python /home/tools/pip_download.py -p torch -v ">=1.7.0"
python /home/tools/pip_download.py -p numpy -v ">=1.17.2"
python /home/tools/pip_download.py -p hyperopt -v ">=0.2.4"
python /home/tools/pip_download.py -p pandas -v ">=1.0.5"
python /home/tools/pip_download.py -p tqdm -v ">=4.48.2"
python /home/tools/pip_download.py -p scikit_learn -v ">=0.23.2"
python /home/tools/pip_download.py -p pyyaml -v ">=5.1.0"
python /home/tools/pip_download.py -p colorlog -v "==4.7.2"
python /home/tools/pip_download.py -p colorama -v "==0.4.4"
python /home/tools/pip_download.py -p tensorboard -v ">=2.5.0"
python /home/tools/pip_download.py -p cython -v "==0.29.21"
apt-get update -qq
apt-get install -y -qq libblas-dev liblapack-dev gfortran
pip install -q scipy==1.7.3
python /home/tools/code_edit.py -t '/tmp/patch/tmpbjhorwzc' -p '/tmp'
python /home/tools/code_edit.py -t '/tmp/patch/tmpcdnce7c6' -p '/tmp'
pip install -e /repo
python /home/tools/code_edit.py -t '/tmp/patch/tmpo31wzyvy' -p '/tmp'
---------------------------
### Thought:
The `setup.py` file has been successfully created in the `recbole/util/cython` directory. Now, let's run the setup script to build the Cython extensions.

### Action:
```bash
cd /repo/recbole/util/cython && python setup.py build_ext --inplace && cd /
```
### Observation:
Running `cd /repo/recbole/util/cython`...
`cd /repo/recbole/util/cython` executes with returncode: 0
Running `python setup.py build_ext --inplace`...
Compiling arg_topk.pyx because it changed.
Compiling random_choice.pyx because it changed.
Compiling tools.pyx because it changed.
[1/3] Cythonizing arg_topk.pyx
/usr/local/lib/python3.10/site-packages/Cython/Compiler/Main.py:369: FutureWarning: Cython directive 'language_level' not set, using 2 for now (Py2). This will change in a later release! File: /repo/recbole/util/cython/arg_topk.pyx
  tree = Parsing.p_module(s, pxd, full_module_name)
[2/3] Cythonizing random_choice.pyx
/usr/local/lib/python3.10/site-packages/Cython/Compiler/Main.py:369: FutureWarning: Cython directive 'language_level' not set, using 2 for now (Py2). This will change in a later release! File: /repo/recbole/util/cython/random_choice.pyx
  tree = Parsing.p_module(s, pxd, full_module_name)
[3/3] Cythonizing tools.pyx
/usr/local/lib/python3.10/site-packages/Cython/Compiler/Main.py:369: FutureWarning: Cython directive 'language_level' not set, using 2 for now (Py2). This will change in a later release! File: /repo/recbole/util/cython/tools.pyx
  tree = Parsing.p_module(s, pxd, full_module_name)
running build_ext
building 'arg_topk' extension
creating build
creating build/temp.linux-x86_64-cpython-310
gcc -Wno-unused-result -Wsign-compare -DNDEBUG -g -fwrapv -O3 -Wall -fPIC -I/usr/local/include/python3.10 -c arg_topk.cpp -o build/temp.linux-x86_64-cpython-310/arg_topk.o
[01m[Karg_topk.cpp:638:10:[m[K [01;31m[Kfatal error: [m[Knumpy/arrayobject.h: No such file or directory
  638 | #include [01;31m[K"numpy/arrayobject.h"[m[K
      |          [01;31m[K^~~~~~~~~~~~~~~~~~~~~[m[K
compilation terminated.
error: command '/usr/bin/gcc' failed with exit code 1
The command execution failed, so I have reverted it back to the previous state, which is the environment before running this command.
`python setup.py build_ext --inplace` executes with returncode: 1
Running `cd /`...
`cd /` executes with returncode: 0

[Current directory]:
/
You are currently in a [python:3.10] container.

ENVIRONMENT REMINDER: You have 181 turns left to complete the task.
The container has successfully executed the following commands in order. Please refer to the execution history, reflect, and decide the subsequent actions. Remember, your ultimate goal is to pass the tests by executing `runtest` or `poetryruntest`.
python /home/tools/pip_download.py -p torch -v ">=1.7.0"
python /home/tools/pip_download.py -p numpy -v ">=1.17.2"
python /home/tools/pip_download.py -p hyperopt -v ">=0.2.4"
python /home/tools/pip_download.py -p pandas -v ">=1.0.5"
python /home/tools/pip_download.py -p tqdm -v ">=4.48.2"
python /home/tools/pip_download.py -p scikit_learn -v ">=0.23.2"
python /home/tools/pip_download.py -p pyyaml -v ">=5.1.0"
python /home/tools/pip_download.py -p colorlog -v "==4.7.2"
python /home/tools/pip_download.py -p colorama -v "==0.4.4"
python /home/tools/pip_download.py -p tensorboard -v ">=2.5.0"
python /home/tools/pip_download.py -p cython -v "==0.29.21"
apt-get update -qq
apt-get install -y -qq libblas-dev liblapack-dev gfortran
pip install -q scipy==1.7.3
python /home/tools/code_edit.py -t '/tmp/patch/tmpbjhorwzc' -p '/tmp'
python /home/tools/code_edit.py -t '/tmp/patch/tmpcdnce7c6' -p '/tmp'
pip install -e /repo
python /home/tools/code_edit.py -t '/tmp/patch/tmpo31wzyvy' -p '/tmp'
---------------------------
### Thought:
The build process failed because the numpy headers are not available. We need to install the `numpy` C headers to proceed with the build.

### Action:
```bash
apt-get update -qq && apt-get install -y -qq python3-dev && pip install numpy --upgrade --force-reinstall
```
### Observation:
Running `apt-get update -qq`...
`apt-get update -qq` executes with returncode: 0
Running `apt-get install -y -qq python3-dev`...
debconf: delaying package configuration, since apt-utils is not installed
Selecting previously unselected package javascript-common.
(Reading database ... 
(Reading database ... 5%
(Reading database ... 10%
(Reading database ... 15%
(Reading database ... 20%
(Reading database ... 25%
(Reading database ... 30%
(Reading database ... 35%
(Reading database ... 40%
(Reading database ... 45%
(Reading database ... 50%
(Reading database ... 55%
(Reading database ... 60%
(Reading database ... 65%
(Reading database ... 70%
(Reading database ... 75%
(Reading database ... 80%
(Reading database ... 85%
(Reading database ... 90%
(Reading database ... 95%
(Reading database ... 100%
(Reading database ... 24032 files and directories currently installed.)
Preparing to unpack .../0-javascript-common_11+nmu1_all.deb ...
Unpacking javascript-common (11+nmu1) ...
Selecting previously unselected package libjs-jquery.
Preparing to unpack .../1-libjs-jquery_3.6.1+dfsg+~3.5.14-1_all.deb ...
Unpacking libjs-jquery (3.6.1+dfsg+~3.5.14-1) ...
Selecting previously unselected package libjs-underscore.
Preparing to unpack .../2-libjs-underscore_1.13.4~dfsg+~1.11.4-3_all.deb ...
Unpacking libjs-underscore (1.13.4~dfsg+~1.11.4-3) ...
Selecting previously unselected package libjs-sphinxdoc.
Preparing to unpack .../3-libjs-sphinxdoc_5.3.0-4_all.deb ...
Unpacking libjs-sphinxdoc (5.3.0-4) ...
Selecting previously unselected package libpython3.11:amd64.
Preparing to unpack .../4-libpython3.11_3.11.2-6+deb12u4_amd64.deb ...
Unpacking libpython3.11:amd64 (3.11.2-6+deb12u4) ...
Selecting previously unselected package libpython3.11-dev:amd64.
Preparing to unpack .../5-libpython3.11-dev_3.11.2-6+deb12u4_amd64.deb ...
Unpacking libpython3.11-dev:amd64 (3.11.2-6+deb12u4) ...
Selecting previously unselected package libpython3-dev:amd64.
Preparing to unpack .../6-libpython3-dev_3.11.2-1+b1_amd64.deb ...
Unpacking libpython3-dev:amd64 (3.11.2-1+b1) ...
Selecting previously unselected package python3.11-dev.
Preparing to unpack .../7-python3.11-dev_3.11.2-6+deb12u4_amd64.deb ...
Unpacking python3.11-dev (3.11.2-6+deb12u4) ...
Selecting previously unselected package python3-dev.
Preparing to unpack .../8-python3-dev_3.11.2-1+b1_amd64.deb ...
Unpacking python3-dev (3.11.2-1+b1) ...
Setting up javascript-common (11+nmu1) ...
Setting up libpython3.11:amd64 (3.11.2-6+deb12u4) ...
Setting up libpython3.11-dev:amd64 (3.11.2-6+deb12u4) ...
Setting up libjs-jquery (3.6.1+dfsg+~3.5.14-1) ...
Setting up libjs-underscore (1.13.4~dfsg+~1.11.4-3) ...
Setting up libpython3-dev:amd64 (3.11.2-1+b1) ...
Setting up python3.11-dev (3.11.2-6+deb12u4) ...
Setting up libjs-sphinxdoc (5.3.0-4) ...
Setting up python3-dev (3.11.2-1+b1) ...
Processing triggers for libc-bin (2.36-9+deb12u9) ...
`apt-get install -y -qq python3-dev` executes with returncode: 0
Running `pip install numpy --upgrade --force-reinstall`...
Looking in indexes: http://simple/
Collecting numpy
  Using cached http://packages/numpy/numpy-2.2.0-cp310-cp310-manylinux_2_17_x86_64.manylinux2014_x86_64.whl (16.4 MB)
Installing collected packages: numpy
  Attempting uninstall: numpy
    Found existing installation: numpy 1.22.4
    Uninstalling numpy-1.22.4:
      Successfully uninstalled numpy-1.22.4
[31mERROR: pip's dependency resolver does not currently take into account all the packages that are installed. This behaviour is the source of the following dependency conflicts.
scipy 1.7.3 requires numpy<1.23.0,>=1.16.5, but you have numpy 2.2.0 which is incompatible.[0m[31m
[0mSuccessfully installed numpy-2.2.0
[33mWARNING: Running pip as the 'root' user can result in broken permissions and conflicting behaviour with the system package manager, possibly rendering your system unusable.It is recommended to use a virtual environment instead: https://pip.pypa.io/warnings/venv. Use the --root-user-action option if you know what you are doing and want to suppress this warning.[0m[33m
`pip install numpy --upgrade --force-reinstall` executes with returncode: 0

[Current directory]:
/
You are currently in a [python:3.10] container.

ENVIRONMENT REMINDER: You have 180 turns left to complete the task.
The container has successfully executed the following commands in order. Please refer to the execution history, reflect, and decide the subsequent actions. Remember, your ultimate goal is to pass the tests by executing `runtest` or `poetryruntest`.
python /home/tools/pip_download.py -p torch -v ">=1.7.0"
python /home/tools/pip_download.py -p numpy -v ">=1.17.2"
python /home/tools/pip_download.py -p hyperopt -v ">=0.2.4"
python /home/tools/pip_download.py -p pandas -v ">=1.0.5"
python /home/tools/pip_download.py -p tqdm -v ">=4.48.2"
python /home/tools/pip_download.py -p scikit_learn -v ">=0.23.2"
python /home/tools/pip_download.py -p pyyaml -v ">=5.1.0"
python /home/tools/pip_download.py -p colorlog -v "==4.7.2"
python /home/tools/pip_download.py -p colorama -v "==0.4.4"
python /home/tools/pip_download.py -p tensorboard -v ">=2.5.0"
python /home/tools/pip_download.py -p cython -v "==0.29.21"
apt-get update -qq
apt-get install -y -qq libblas-dev liblapack-dev gfortran
pip install -q scipy==1.7.3
python /home/tools/code_edit.py -t '/tmp/patch/tmpbjhorwzc' -p '/tmp'
python /home/tools/code_edit.py -t '/tmp/patch/tmpcdnce7c6' -p '/tmp'
pip install -e /repo
python /home/tools/code_edit.py -t '/tmp/patch/tmpo31wzyvy' -p '/tmp'
apt-get update -qq
apt-get install -y -qq python3-dev
pip install numpy --upgrade --force-reinstall
---------------------------
### Thought:
`numpy` has been upgraded to the latest version which is incompatible with `scipy==1.7.3`. We should now downgrade `numpy` to a compatible version.

### Action:
```bash
pip install -q numpy==1.22.3
```
### Observation:
Running `pip install -q numpy==1.22.3`...
[31mERROR: pip's dependency resolver does not currently take into account all the packages that are installed. This behaviour is the source of the following dependency conflicts.
pandas 2.2.3 requires numpy>=1.22.4; python_version < "3.11", but you have numpy 1.22.3 which is incompatible.[0m[31m
[0m[33mWARNING: Running pip as the 'root' user can result in broken permissions and conflicting behaviour with the system package manager, possibly rendering your system unusable.It is recommended to use a virtual environment instead: https://pip.pypa.io/warnings/venv. Use the --root-user-action option if you know what you are doing and want to suppress this warning.[0m[33m
`pip install -q numpy==1.22.3` executes with returncode: 0

[Current directory]:
/
You are currently in a [python:3.10] container.

ENVIRONMENT REMINDER: You have 179 turns left to complete the task.
The container has successfully executed the following commands in order. Please refer to the execution history, reflect, and decide the subsequent actions. Remember, your ultimate goal is to pass the tests by executing `runtest` or `poetryruntest`.
python /home/tools/pip_download.py -p torch -v ">=1.7.0"
python /home/tools/pip_download.py -p numpy -v ">=1.17.2"
python /home/tools/pip_download.py -p hyperopt -v ">=0.2.4"
python /home/tools/pip_download.py -p pandas -v ">=1.0.5"
python /home/tools/pip_download.py -p tqdm -v ">=4.48.2"
python /home/tools/pip_download.py -p scikit_learn -v ">=0.23.2"
python /home/tools/pip_download.py -p pyyaml -v ">=5.1.0"
python /home/tools/pip_download.py -p colorlog -v "==4.7.2"
python /home/tools/pip_download.py -p colorama -v "==0.4.4"
python /home/tools/pip_download.py -p tensorboard -v ">=2.5.0"
python /home/tools/pip_download.py -p cython -v "==0.29.21"
apt-get update -qq
apt-get install -y -qq libblas-dev liblapack-dev gfortran
pip install -q scipy==1.7.3
python /home/tools/code_edit.py -t '/tmp/patch/tmpbjhorwzc' -p '/tmp'
python /home/tools/code_edit.py -t '/tmp/patch/tmpcdnce7c6' -p '/tmp'
pip install -e /repo
python /home/tools/code_edit.py -t '/tmp/patch/tmpo31wzyvy' -p '/tmp'
apt-get update -qq
apt-get install -y -qq python3-dev
pip install numpy --upgrade --force-reinstall
pip install -q numpy==1.22.3
---------------------------
### Thought:
We have successfully downgraded `numpy` to a compatible version. Now, let's attempt to build the Cython extensions again.

### Action:
```bash
cd /repo/recbole/util/cython && python setup.py build_ext --inplace && cd /
```
### Observation:
Running `cd /repo/recbole/util/cython`...
`cd /repo/recbole/util/cython` executes with returncode: 0
Running `python setup.py build_ext --inplace`...
Compiling arg_topk.pyx because it changed.
Compiling random_choice.pyx because it changed.
Compiling tools.pyx because it changed.
[1/3] Cythonizing arg_topk.pyx
/usr/local/lib/python3.10/site-packages/Cython/Compiler/Main.py:369: FutureWarning: Cython directive 'language_level' not set, using 2 for now (Py2). This will change in a later release! File: /repo/recbole/util/cython/arg_topk.pyx
  tree = Parsing.p_module(s, pxd, full_module_name)
[2/3] Cythonizing random_choice.pyx
/usr/local/lib/python3.10/site-packages/Cython/Compiler/Main.py:369: FutureWarning: Cython directive 'language_level' not set, using 2 for now (Py2). This will change in a later release! File: /repo/recbole/util/cython/random_choice.pyx
  tree = Parsing.p_module(s, pxd, full_module_name)
[3/3] Cythonizing tools.pyx
/usr/local/lib/python3.10/site-packages/Cython/Compiler/Main.py:369: FutureWarning: Cython directive 'language_level' not set, using 2 for now (Py2). This will change in a later release! File: /repo/recbole/util/cython/tools.pyx
  tree = Parsing.p_module(s, pxd, full_module_name)
running build_ext
building 'arg_topk' extension
creating build
creating build/temp.linux-x86_64-cpython-310
gcc -Wno-unused-result -Wsign-compare -DNDEBUG -g -fwrapv -O3 -Wall -fPIC -I/usr/local/include/python3.10 -c arg_topk.cpp -o build/temp.linux-x86_64-cpython-310/arg_topk.o
[01m[Karg_topk.cpp:638:10:[m[K [01;31m[Kfatal error: [m[Knumpy/arrayobject.h: No such file or directory
  638 | #include [01;31m[K"numpy/arrayobject.h"[m[K
      |          [01;31m[K^~~~~~~~~~~~~~~~~~~~~[m[K
compilation terminated.
error: command '/usr/bin/gcc' failed with exit code 1
The command execution failed, so I have reverted it back to the previous state, which is the environment before running this command.
`python setup.py build_ext --inplace` executes with returncode: 1
Running `cd /`...
`cd /` executes with returncode: 0

[Current directory]:
/
You are currently in a [python:3.10] container.

ENVIRONMENT REMINDER: You have 178 turns left to complete the task.
The container has successfully executed the following commands in order. Please refer to the execution history, reflect, and decide the subsequent actions. Remember, your ultimate goal is to pass the tests by executing `runtest` or `poetryruntest`.
python /home/tools/pip_download.py -p torch -v ">=1.7.0"
python /home/tools/pip_download.py -p numpy -v ">=1.17.2"
python /home/tools/pip_download.py -p hyperopt -v ">=0.2.4"
python /home/tools/pip_download.py -p pandas -v ">=1.0.5"
python /home/tools/pip_download.py -p tqdm -v ">=4.48.2"
python /home/tools/pip_download.py -p scikit_learn -v ">=0.23.2"
python /home/tools/pip_download.py -p pyyaml -v ">=5.1.0"
python /home/tools/pip_download.py -p colorlog -v "==4.7.2"
python /home/tools/pip_download.py -p colorama -v "==0.4.4"
python /home/tools/pip_download.py -p tensorboard -v ">=2.5.0"
python /home/tools/pip_download.py -p cython -v "==0.29.21"
apt-get update -qq
apt-get install -y -qq libblas-dev liblapack-dev gfortran
pip install -q scipy==1.7.3
python /home/tools/code_edit.py -t '/tmp/patch/tmpbjhorwzc' -p '/tmp'
python /home/tools/code_edit.py -t '/tmp/patch/tmpcdnce7c6' -p '/tmp'
pip install -e /repo
python /home/tools/code_edit.py -t '/tmp/patch/tmpo31wzyvy' -p '/tmp'
apt-get update -qq
apt-get install -y -qq python3-dev
pip install numpy --upgrade --force-reinstall
pip install -q numpy==1.22.3
---------------------------
### Thought:
It seems there is still an issue with locating `numpy/arrayobject.h`. We should ensure that the environment variable to locate the include directory for numpy headers is properly set up.

Let's try manually specifying the numpy include directory.

### Action:
```bash
export CFLAGS="-I/usr/local/lib/python3.10/site-packages/numpy/core/include" && cd /repo/recbole/util/cython && python setup.py build_ext --inplace && cd /
```
### Observation:
Running `export CFLAGS="-I/usr/local/lib/python3.10/site-packages/numpy/core/include"`...
`export CFLAGS="-I/usr/local/lib/python3.10/site-packages/numpy/core/include"` executes with returncode: 0
Running `cd /repo/recbole/util/cython`...
`cd /repo/recbole/util/cython` executes with returncode: 0
Running `python setup.py build_ext --inplace`...
Compiling arg_topk.pyx because it changed.
Compiling random_choice.pyx because it changed.
Compiling tools.pyx because it changed.
[1/3] Cythonizing arg_topk.pyx
/usr/local/lib/python3.10/site-packages/Cython/Compiler/Main.py:369: FutureWarning: Cython directive 'language_level' not set, using 2 for now (Py2). This will change in a later release! File: /repo/recbole/util/cython/arg_topk.pyx
  tree = Parsing.p_module(s, pxd, full_module_name)
[2/3] Cythonizing random_choice.pyx
/usr/local/lib/python3.10/site-packages/Cython/Compiler/Main.py:369: FutureWarning: Cython directive 'language_level' not set, using 2 for now (Py2). This will change in a later release! File: /repo/recbole/util/cython/random_choice.pyx
  tree = Parsing.p_module(s, pxd, full_module_name)
[3/3] Cythonizing tools.pyx
/usr/local/lib/python3.10/site-packages/Cython/Compiler/Main.py:369: FutureWarning: Cython directive 'language_level' not set, using 2 for now (Py2). This will change in a later release! File: /repo/recbole/util/cython/tools.pyx
  tree = Parsing.p_module(s, pxd, full_module_name)
running build_ext
building 'arg_topk' extension
creating build
creating build/temp.linux-x86_64-cpython-310
gcc -Wno-unused-result -Wsign-compare -DNDEBUG -g -fwrapv -O3 -Wall -I/usr/local/lib/python3.10/site-packages/numpy/core/include -fPIC -I/usr/local/include/python3.10 -c arg_topk.cpp -o build/temp.linux-x86_64-cpython-310/arg_topk.o
In file included from [01m[K/usr/local/lib/python3.10/site-packages/numpy/core/include/numpy/ndarraytypes.h:1960[m[K,
                 from [01m[K/usr/local/lib/python3.10/site-packages/numpy/core/include/numpy/ndarrayobject.h:12[m[K,
                 from [01m[K/usr/local/lib/python3.10/site-packages/numpy/core/include/numpy/arrayobject.h:5[m[K,
                 from [01m[Karg_topk.cpp:638[m[K:
[01m[K/usr/local/lib/python3.10/site-packages/numpy/core/include/numpy/npy_1_7_deprecated_api.h:17:2:[m[K [01;35m[Kwarning: [m[K#warning "Using deprecated NumPy API, disable it with " "#define NPY_NO_DEPRECATED_API NPY_1_7_API_VERSION" [[01;35m[K-Wcpp[m[K]
   17 | #[01;35m[Kwarning[m[K "Using deprecated NumPy API, disable it with " \
      |  [01;35m[K^~~~~~~[m[K
[01m[Karg_topk.cpp:646:10:[m[K [01;31m[Kfatal error: [m[Karg_topk.h: No such file or directory
  646 | #include [01;31m[K"arg_topk.h"[m[K
      |          [01;31m[K^~~~~~~~~~~~[m[K
compilation terminated.
error: command '/usr/bin/gcc' failed with exit code 1
The command execution failed, so I have reverted it back to the previous state, which is the environment before running this command.
`python setup.py build_ext --inplace` executes with returncode: 1
Running `cd /`...
`cd /` executes with returncode: 0

[Current directory]:
/
You are currently in a [python:3.10] container.

ENVIRONMENT REMINDER: You have 177 turns left to complete the task.
The container has successfully executed the following commands in order. Please refer to the execution history, reflect, and decide the subsequent actions. Remember, your ultimate goal is to pass the tests by executing `runtest` or `poetryruntest`.
python /home/tools/pip_download.py -p torch -v ">=1.7.0"
python /home/tools/pip_download.py -p numpy -v ">=1.17.2"
python /home/tools/pip_download.py -p hyperopt -v ">=0.2.4"
python /home/tools/pip_download.py -p pandas -v ">=1.0.5"
python /home/tools/pip_download.py -p tqdm -v ">=4.48.2"
python /home/tools/pip_download.py -p scikit_learn -v ">=0.23.2"
python /home/tools/pip_download.py -p pyyaml -v ">=5.1.0"
python /home/tools/pip_download.py -p colorlog -v "==4.7.2"
python /home/tools/pip_download.py -p colorama -v "==0.4.4"
python /home/tools/pip_download.py -p tensorboard -v ">=2.5.0"
python /home/tools/pip_download.py -p cython -v "==0.29.21"
apt-get update -qq
apt-get install -y -qq libblas-dev liblapack-dev gfortran
pip install -q scipy==1.7.3
python /home/tools/code_edit.py -t '/tmp/patch/tmpbjhorwzc' -p '/tmp'
python /home/tools/code_edit.py -t '/tmp/patch/tmpcdnce7c6' -p '/tmp'
pip install -e /repo
python /home/tools/code_edit.py -t '/tmp/patch/tmpo31wzyvy' -p '/tmp'
apt-get update -qq
apt-get install -y -qq python3-dev
pip install numpy --upgrade --force-reinstall
pip install -q numpy==1.22.3
export CFLAGS="-I/usr/local/lib/python3.10/site-packages/numpy/core/include"
---------------------------
### Thought:
The build process is still failing because `arg_topk.h` is missing. This header file should be included alongside the Cython source files.

Let's include the `arg_topk.h` header file if it exists in the directory and retry compiling.

### Action:
```bash
ls /repo/recbole/util/cython/include
```
### Observation:
Running `ls /repo/recbole/util/cython/include`...
arg_topk.h  thread_pool.h
`ls /repo/recbole/util/cython/include` executes with returncode: 0

[Current directory]:
/
You are currently in a [python:3.10] container.

ENVIRONMENT REMINDER: You have 176 turns left to complete the task.
The container has successfully executed the following commands in order. Please refer to the execution history, reflect, and decide the subsequent actions. Remember, your ultimate goal is to pass the tests by executing `runtest` or `poetryruntest`.
python /home/tools/pip_download.py -p torch -v ">=1.7.0"
python /home/tools/pip_download.py -p numpy -v ">=1.17.2"
python /home/tools/pip_download.py -p hyperopt -v ">=0.2.4"
python /home/tools/pip_download.py -p pandas -v ">=1.0.5"
python /home/tools/pip_download.py -p tqdm -v ">=4.48.2"
python /home/tools/pip_download.py -p scikit_learn -v ">=0.23.2"
python /home/tools/pip_download.py -p pyyaml -v ">=5.1.0"
python /home/tools/pip_download.py -p colorlog -v "==4.7.2"
python /home/tools/pip_download.py -p colorama -v "==0.4.4"
python /home/tools/pip_download.py -p tensorboard -v ">=2.5.0"
python /home/tools/pip_download.py -p cython -v "==0.29.21"
apt-get update -qq
apt-get install -y -qq libblas-dev liblapack-dev gfortran
pip install -q scipy==1.7.3
python /home/tools/code_edit.py -t '/tmp/patch/tmpbjhorwzc' -p '/tmp'
python /home/tools/code_edit.py -t '/tmp/patch/tmpcdnce7c6' -p '/tmp'
pip install -e /repo
python /home/tools/code_edit.py -t '/tmp/patch/tmpo31wzyvy' -p '/tmp'
apt-get update -qq
apt-get install -y -qq python3-dev
pip install numpy --upgrade --force-reinstall
pip install -q numpy==1.22.3
export CFLAGS="-I/usr/local/lib/python3.10/site-packages/numpy/core/include"
---------------------------
### Thought:
The `arg_topk.h` header file exists in the `include` directory. We need to update our CFLAGS to include this directory during the compilation process.

### Action:
```bash
export CFLAGS="-I/usr/local/lib/python3.10/site-packages/numpy/core/include -I/repo/recbole/util/cython/include" && cd /repo/recbole/util/cython && python setup.py build_ext --inplace && cd /
```
### Observation:
Running `export CFLAGS="-I/usr/local/lib/python3.10/site-packages/numpy/core/include -I/repo/recbole/util/cython/include"`...
`export CFLAGS="-I/usr/local/lib/python3.10/site-packages/numpy/core/include -I/repo/recbole/util/cython/include"` executes with returncode: 0
Running `cd /repo/recbole/util/cython`...
`cd /repo/recbole/util/cython` executes with returncode: 0
Running `python setup.py build_ext --inplace`...
Compiling arg_topk.pyx because it changed.
Compiling random_choice.pyx because it changed.
Compiling tools.pyx because it changed.
[1/3] Cythonizing arg_topk.pyx
/usr/local/lib/python3.10/site-packages/Cython/Compiler/Main.py:369: FutureWarning: Cython directive 'language_level' not set, using 2 for now (Py2). This will change in a later release! File: /repo/recbole/util/cython/arg_topk.pyx
  tree = Parsing.p_module(s, pxd, full_module_name)
[2/3] Cythonizing random_choice.pyx
/usr/local/lib/python3.10/site-packages/Cython/Compiler/Main.py:369: FutureWarning: Cython directive 'language_level' not set, using 2 for now (Py2). This will change in a later release! File: /repo/recbole/util/cython/random_choice.pyx
  tree = Parsing.p_module(s, pxd, full_module_name)
[3/3] Cythonizing tools.pyx
/usr/local/lib/python3.10/site-packages/Cython/Compiler/Main.py:369: FutureWarning: Cython directive 'language_level' not set, using 2 for now (Py2). This will change in a later release! File: /repo/recbole/util/cython/tools.pyx
  tree = Parsing.p_module(s, pxd, full_module_name)
running build_ext
building 'arg_topk' extension
creating build
creating build/temp.linux-x86_64-cpython-310
gcc -Wno-unused-result -Wsign-compare -DNDEBUG -g -fwrapv -O3 -Wall -I/usr/local/lib/python3.10/site-packages/numpy/core/include -I/repo/recbole/util/cython/include -fPIC -I/usr/local/include/python3.10 -c arg_topk.cpp -o build/temp.linux-x86_64-cpython-310/arg_topk.o
In file included from [01m[K/usr/local/lib/python3.10/site-packages/numpy/core/include/numpy/ndarraytypes.h:1960[m[K,
                 from [01m[K/usr/local/lib/python3.10/site-packages/numpy/core/include/numpy/ndarrayobject.h:12[m[K,
                 from [01m[K/usr/local/lib/python3.10/site-packages/numpy/core/include/numpy/arrayobject.h:5[m[K,
                 from [01m[Karg_topk.cpp:638[m[K:
[01m[K/usr/local/lib/python3.10/site-packages/numpy/core/include/numpy/npy_1_7_deprecated_api.h:17:2:[m[K [01;35m[Kwarning: [m[K#warning "Using deprecated NumPy API, disable it with " "#define NPY_NO_DEPRECATED_API NPY_1_7_API_VERSION" [[01;35m[K-Wcpp[m[K]
   17 | #[01;35m[Kwarning[m[K "Using deprecated NumPy API, disable it with " \
      |  [01;35m[K^~~~~~~[m[K
creating build/lib.linux-x86_64-cpython-310
g++ -shared -I/usr/local/lib/python3.10/site-packages/numpy/core/include -I/repo/recbole/util/cython/include build/temp.linux-x86_64-cpython-310/arg_topk.o -L/usr/local/lib -o build/lib.linux-x86_64-cpython-310/arg_topk.cpython-310-x86_64-linux-gnu.so
building 'random_choice' extension
gcc -Wno-unused-result -Wsign-compare -DNDEBUG -g -fwrapv -O3 -Wall -I/usr/local/lib/python3.10/site-packages/numpy/core/include -I/repo/recbole/util/cython/include -fPIC -I/usr/local/include/python3.10 -c random_choice.cpp -o build/temp.linux-x86_64-cpython-310/random_choice.o -std=c++11
g++ -shared -I/usr/local/lib/python3.10/site-packages/numpy/core/include -I/repo/recbole/util/cython/include build/temp.linux-x86_64-cpython-310/random_choice.o -L/usr/local/lib -o build/lib.linux-x86_64-cpython-310/random_choice.cpython-310-x86_64-linux-gnu.so
building 'tools' extension
gcc -Wno-unused-result -Wsign-compare -DNDEBUG -g -fwrapv -O3 -Wall -I/usr/local/lib/python3.10/site-packages/numpy/core/include -I/repo/recbole/util/cython/include -fPIC -I/usr/local/include/python3.10 -c tools.cpp -o build/temp.linux-x86_64-cpython-310/tools.o
g++ -shared -I/usr/local/lib/python3.10/site-packages/numpy/core/include -I/repo/recbole/util/cython/include build/temp.linux-x86_64-cpython-310/tools.o -L/usr/local/lib -o build/lib.linux-x86_64-cpython-310/tools.cpython-310-x86_64-linux-gnu.so
copying build/lib.linux-x86_64-cpython-310/arg_topk.cpython-310-x86_64-linux-gnu.so -> 
copying build/lib.linux-x86_64-cpython-310/random_choice.cpython-310-x86_64-linux-gnu.so -> 
copying build/lib.linux-x86_64-cpython-310/tools.cpython-310-x86_64-linux-gnu.so -> 
`python setup.py build_ext --inplace` executes with returncode: 0
Running `cd /`...
`cd /` executes with returncode: 0

[Current directory]:
/
You are currently in a [python:3.10] container.

ENVIRONMENT REMINDER: You have 175 turns left to complete the task.
The container has successfully executed the following commands in order. Please refer to the execution history, reflect, and decide the subsequent actions. Remember, your ultimate goal is to pass the tests by executing `runtest` or `poetryruntest`.
python /home/tools/pip_download.py -p torch -v ">=1.7.0"
python /home/tools/pip_download.py -p numpy -v ">=1.17.2"
python /home/tools/pip_download.py -p hyperopt -v ">=0.2.4"
python /home/tools/pip_download.py -p pandas -v ">=1.0.5"
python /home/tools/pip_download.py -p tqdm -v ">=4.48.2"
python /home/tools/pip_download.py -p scikit_learn -v ">=0.23.2"
python /home/tools/pip_download.py -p pyyaml -v ">=5.1.0"
python /home/tools/pip_download.py -p colorlog -v "==4.7.2"
python /home/tools/pip_download.py -p colorama -v "==0.4.4"
python /home/tools/pip_download.py -p tensorboard -v ">=2.5.0"
python /home/tools/pip_download.py -p cython -v "==0.29.21"
apt-get update -qq
apt-get install -y -qq libblas-dev liblapack-dev gfortran
pip install -q scipy==1.7.3
python /home/tools/code_edit.py -t '/tmp/patch/tmpbjhorwzc' -p '/tmp'
python /home/tools/code_edit.py -t '/tmp/patch/tmpcdnce7c6' -p '/tmp'
pip install -e /repo
python /home/tools/code_edit.py -t '/tmp/patch/tmpo31wzyvy' -p '/tmp'
apt-get update -qq
apt-get install -y -qq python3-dev
pip install numpy --upgrade --force-reinstall
pip install -q numpy==1.22.3
export CFLAGS="-I/usr/local/lib/python3.10/site-packages/numpy/core/include"
export CFLAGS="-I/usr/local/lib/python3.10/site-packages/numpy/core/include -I/repo/recbole/util/cython/include"
cd /repo/recbole/util/cython && python setup.py build_ext --inplace
---------------------------
### Thought:
We have successfully built the Cython extensions. Now, let's try running the tests again to confirm that everything is correctly set up.

### Action:
```bash
runtest
```
### Observation:
Running `python /home/tools/runtest.py`...
The output is too long, so we've truncated it to show you the first and last 5000 characters.
Running `python /home/tools/runtest.py`...
Error: Please modify the configuration according to the error messages below. Once all issues are resolved, rerun the tests.
tests/config/test_config.py::TestConfigClass::test_config_dict
tests/config/test_config.py::TestConfigClass::test_config_file_list
tests/config/test_config.py::TestConfigClass::test_default_context_settings
tests/config/test_config.py::TestConfigClass::test_default_sequential_settings
tests/config/test_config.py::TestConfigClass::test_default_settings
tests/config/test_config.py::TestConfigClass::test_priority
tests/metrics/test_loss_metrics.py::TestLossMetrics::test_auc
tests/metrics/test_loss_metrics.py::TestLossMetrics::test_logloss
tests/metrics/test_loss_metrics.py::TestLossMetrics::test_mae
tests/metrics/test_loss_metrics.py::TestLossMetrics::test_rmse
tests/metrics/test_rank_metrics.py::TestRankMetrics::test_gauc
tests/metrics/test_topk_metrics.py::TestTopKMetrics::test_averagepopularity
tests/metrics/test_topk_metrics.py::TestTopKMetrics::test_giniindex
tests/metrics/test_topk_metrics.py::TestTopKMetrics::test_hit
tests/metrics/test_topk_metrics.py::TestTopKMetrics::test_itemcoverage
tests/metrics/test_topk_metrics.py::TestTopKMetrics::test_map
tests/metrics/test_topk_metrics.py::TestTopKMetrics::test_mrr
tests/metrics/test_topk_metrics.py::TestTopKMetrics::test_ndcg
tests/metrics/test_topk_metrics.py::TestTopKMetrics::test_precision
tests/metrics/test_topk_metrics.py::TestTopKMetrics::test_recall
tests/metrics/test_topk_metrics.py::TestTopKMetrics::test_shannonentropy
tests/metrics/test_topk_metrics.py::TestTopKMetrics::test_tailpercentage
==================================== ERRORS ====================================
________________ ERROR collecting tests/config/test_overall.py _________________
ImportError while importing test module '/repo/tests/config/test_overall.py'.
Hint: make sure your test modules/packages have valid Python names.
Traceback:
/usr/local/lib/python3.10/site-packages/pandas/__init__.py:26: in <module>
    from pandas.compat import (
/usr/local/lib/python3.10/site-packages/pandas/compat/__init__.py:26: in <module>
    from pandas.compat.numpy import is_numpy_dev
/usr/local/lib/python3.10/site-packages/pandas/compat/numpy/__init__.py:21: in <module>
    raise ImportError(
E   ImportError: this version of pandas is incompatible with numpy < 1.22.4
E   your numpy version is 1.22.3.
E   Please upgrade numpy to >= 1.22.4 to use this pandas version
The above exception was the direct cause of the following exception:
/usr/local/lib/python3.10/importlib/__init__.py:126: in import_module
    return _bootstrap._gcd_import(name[level:], package, level)
tests/config/test_overall.py:20: in <module>
    from recbole.quick_start import run_recbole
recbole/quick_start/__init__.py:1: in <module>
    from recbole.quick_start.quick_start import run_recbole, objective_function, load_data_and_model, run_evaluate, run_trial, run_sparsity_analysis
recbole/quick_start/quick_start.py:20: in <module>
    from recbole.data import create_dataset, data_preparation, save_split_dataloaders, load_split_dataloaders
recbole/data/__init__.py:1: in <module>
    from recbole.data.utils import *
recbole/data/utils.py:20: in <module>
    from recbole.data.dataloader import *
recbole/data/dataloader/__init__.py:1: in <module>
    from recbole.data.dataloader.abstract_dataloader import *
recbole/data/dataloader/abstract_dataloader.py:20: in <module>
    from recbole.data.interaction import Interaction
recbole/data/interaction.py:16: in <module>
    import pandas as pd
/usr/local/lib/python3.10/site-packages/pandas/__init__.py:31: in <module>
    raise ImportError(
E   ImportError: C extension: None not built. If you want to import pandas from the source directory, you may need to run 'python setup.py build_ext' to build the C extensions first.
________________ ERROR collecting tests/data/test_dataloader.py ________________
ImportError while importing test module '/repo/tests/data/test_dataloader.py'.
Hint: make sure your test modules/packages have valid Python names.
Traceback:
/usr/local/lib/python3.10/site-packages/pandas/__init__.py:26: in <module>
    from pandas.compat import (
/usr/local/lib/python3.10/site-packages/pandas/compat/__init__.py:26: in <module>
    from pandas.compat.numpy import is_numpy_dev
/usr/local/lib/python3.10/site-packages/pandas/compat/numpy/__init__.py:21: in <module>
    raise ImportError(
E   ImportError: this version of pandas is incompatible with numpy < 1.22.4
E   your numpy version is 1.22.3.
E   Please upgrade numpy to >= 1.22.4 to use this pandas version
The above exception was the direct cause of the following exception:
/usr/local/lib/python3.10/importlib/__init__.py:126: in import_module
    return _bootstrap._gcd_import(name[level:], package, level)
tests/data/test_dataloader.py:17: in <module>
    from recbole.data import create_dataset, data_preparation
recbole/data/__init__.py:1: in <module>
    from recbole.data.utils import *
recbole/data/utils.py:20: in <module>
    from recbole.data.dataloader import *
recbole/data/dataloader/__init__.py:1: in <module>
    from recbole.data.dataloader.abstract_dataloader import *
recbole/data/dataloader/abstract_dataloader.py:20: in <module>
    from recbole.data.interaction import Interaction
recbole/data/interaction.py:16: in <module>
    import pandas as pd
/usr/local/lib/python3.10/site-packages/pandas/__init__.py:31: in <module>
    raise ImportError(
E   ImportError: C extension: None not built. If you want to import pandas from the source directory, you may need to run 'python setup.py build_ext' to build the C extensions first.
_________________ ERROR collecting tests/data/test_dataset.py __________________
ImportError while importing test module '/repo/tests/data/test_dataset.py'.
Hint: make sure your test modules/packages have valid Python names.
Traceback:
/usr/local/lib/python3.10/site-packages/pandas/__init__.py:26: in <module>
    from
...[Truncation]...
e_function
recbole/quick_start/__init__.py:1: in <module>
    from recbole.quick_start.quick_start import run_recbole, objective_function, load_data_and_model, run_evaluate, run_trial, run_sparsity_analysis
recbole/quick_start/quick_start.py:20: in <module>
    from recbole.data import create_dataset, data_preparation, save_split_dataloaders, load_split_dataloaders
recbole/data/__init__.py:1: in <module>
    from recbole.data.utils import *
recbole/data/utils.py:20: in <module>
    from recbole.data.dataloader import *
recbole/data/dataloader/__init__.py:1: in <module>
    from recbole.data.dataloader.abstract_dataloader import *
recbole/data/dataloader/abstract_dataloader.py:20: in <module>
    from recbole.data.interaction import Interaction
recbole/data/interaction.py:16: in <module>
    import pandas as pd
/usr/local/lib/python3.10/site-packages/pandas/__init__.py:31: in <module>
    raise ImportError(
E   ImportError: C extension: None not built. If you want to import pandas from the source directory, you may need to run 'python setup.py build_ext' to build the C extensions first.
_______________ ERROR collecting tests/model/test_model_auto.py ________________
ImportError while importing test module '/repo/tests/model/test_model_auto.py'.
Hint: make sure your test modules/packages have valid Python names.
Traceback:
/usr/local/lib/python3.10/site-packages/pandas/__init__.py:26: in <module>
    from pandas.compat import (
/usr/local/lib/python3.10/site-packages/pandas/compat/__init__.py:26: in <module>
    from pandas.compat.numpy import is_numpy_dev
/usr/local/lib/python3.10/site-packages/pandas/compat/numpy/__init__.py:21: in <module>
    raise ImportError(
E   ImportError: this version of pandas is incompatible with numpy < 1.22.4
E   your numpy version is 1.22.3.
E   Please upgrade numpy to >= 1.22.4 to use this pandas version
The above exception was the direct cause of the following exception:
/usr/local/lib/python3.10/importlib/__init__.py:126: in import_module
    return _bootstrap._gcd_import(name[level:], package, level)
tests/model/test_model_auto.py:14: in <module>
    from recbole.quick_start import objective_function
recbole/quick_start/__init__.py:1: in <module>
    from recbole.quick_start.quick_start import run_recbole, objective_function, load_data_and_model, run_evaluate, run_trial, run_sparsity_analysis
recbole/quick_start/quick_start.py:20: in <module>
    from recbole.data import create_dataset, data_preparation, save_split_dataloaders, load_split_dataloaders
recbole/data/__init__.py:1: in <module>
    from recbole.data.utils import *
recbole/data/utils.py:20: in <module>
    from recbole.data.dataloader import *
recbole/data/dataloader/__init__.py:1: in <module>
    from recbole.data.dataloader.abstract_dataloader import *
recbole/data/dataloader/abstract_dataloader.py:20: in <module>
    from recbole.data.interaction import Interaction
recbole/data/interaction.py:16: in <module>
    import pandas as pd
/usr/local/lib/python3.10/site-packages/pandas/__init__.py:31: in <module>
    raise ImportError(
E   ImportError: C extension: None not built. If you want to import pandas from the source directory, you may need to run 'python setup.py build_ext' to build the C extensions first.
______________ ERROR collecting tests/model/test_model_manual.py _______________
ImportError while importing test module '/repo/tests/model/test_model_manual.py'.
Hint: make sure your test modules/packages have valid Python names.
Traceback:
/usr/local/lib/python3.10/site-packages/pandas/__init__.py:26: in <module>
    from pandas.compat import (
/usr/local/lib/python3.10/site-packages/pandas/compat/__init__.py:26: in <module>
    from pandas.compat.numpy import is_numpy_dev
/usr/local/lib/python3.10/site-packages/pandas/compat/numpy/__init__.py:21: in <module>
    raise ImportError(
E   ImportError: this version of pandas is incompatible with numpy < 1.22.4
E   your numpy version is 1.22.3.
E   Please upgrade numpy to >= 1.22.4 to use this pandas version
The above exception was the direct cause of the following exception:
/usr/local/lib/python3.10/importlib/__init__.py:126: in import_module
    return _bootstrap._gcd_import(name[level:], package, level)
tests/model/test_model_manual.py:10: in <module>
    from recbole.quick_start import objective_function
recbole/quick_start/__init__.py:1: in <module>
    from recbole.quick_start.quick_start import run_recbole, objective_function, load_data_and_model, run_evaluate, run_trial, run_sparsity_analysis
recbole/quick_start/quick_start.py:20: in <module>
    from recbole.data import create_dataset, data_preparation, save_split_dataloaders, load_split_dataloaders
recbole/data/__init__.py:1: in <module>
    from recbole.data.utils import *
recbole/data/utils.py:20: in <module>
    from recbole.data.dataloader import *
recbole/data/dataloader/__init__.py:1: in <module>
    from recbole.data.dataloader.abstract_dataloader import *
recbole/data/dataloader/abstract_dataloader.py:20: in <module>
    from recbole.data.interaction import Interaction
recbole/data/interaction.py:16: in <module>
    import pandas as pd
/usr/local/lib/python3.10/site-packages/pandas/__init__.py:31: in <module>
    raise ImportError(
E   ImportError: C extension: None not built. If you want to import pandas from the source directory, you may need to run 'python setup.py build_ext' to build the C extensions first.
=========================== short test summary info ============================
ERROR tests/config/test_overall.py
ERROR tests/data/test_dataloader.py
ERROR tests/data/test_dataset.py
ERROR tests/evaluation_setting/test_evaluation_setting.py
ERROR tests/model/test_model_auto.py
ERROR tests/model/test_model_manual.py
!!!!!!!!!!!!!!!!!!! Interrupted: 6 errors during collection !!!!!!!!!!!!!!!!!!!!
22 tests collected, 6 errors in 4.29s
The command execution failed, so I have reverted it back to the previous state, which is the environment before running this command.
`runtest` executes with returncode: 2

[Current directory]:
/
You are currently in a [python:3.10] container.

ENVIRONMENT REMINDER: You have 174 turns left to complete the task.
The container has successfully executed the following commands in order. Please refer to the execution history, reflect, and decide the subsequent actions. Remember, your ultimate goal is to pass the tests by executing `runtest` or `poetryruntest`.
python /home/tools/pip_download.py -p torch -v ">=1.7.0"
python /home/tools/pip_download.py -p numpy -v ">=1.17.2"
python /home/tools/pip_download.py -p hyperopt -v ">=0.2.4"
python /home/tools/pip_download.py -p pandas -v ">=1.0.5"
python /home/tools/pip_download.py -p tqdm -v ">=4.48.2"
python /home/tools/pip_download.py -p scikit_learn -v ">=0.23.2"
python /home/tools/pip_download.py -p pyyaml -v ">=5.1.0"
python /home/tools/pip_download.py -p colorlog -v "==4.7.2"
python /home/tools/pip_download.py -p colorama -v "==0.4.4"
python /home/tools/pip_download.py -p tensorboard -v ">=2.5.0"
python /home/tools/pip_download.py -p cython -v "==0.29.21"
apt-get update -qq
apt-get install -y -qq libblas-dev liblapack-dev gfortran
pip install -q scipy==1.7.3
python /home/tools/code_edit.py -t '/tmp/patch/tmpbjhorwzc' -p '/tmp'
python /home/tools/code_edit.py -t '/tmp/patch/tmpcdnce7c6' -p '/tmp'
pip install -e /repo
python /home/tools/code_edit.py -t '/tmp/patch/tmpo31wzyvy' -p '/tmp'
apt-get update -qq
apt-get install -y -qq python3-dev
pip install numpy --upgrade --force-reinstall
pip install -q numpy==1.22.3
export CFLAGS="-I/usr/local/lib/python3.10/site-packages/numpy/core/include"
export CFLAGS="-I/usr/local/lib/python3.10/site-packages/numpy/core/include -I/repo/recbole/util/cython/include"
cd /repo/recbole/util/cython && python setup.py build_ext --inplace
---------------------------
### Thought:
The tests are failing because `pandas` requires `numpy>=1.22.4`, but we currently have `numpy==1.22.3` installed. Let's upgrade `numpy` to `1.22.4` to meet the `pandas` requirement.

### Action:
```bash
pip install -q numpy==1.22.4
```
### Observation:
Running `pip install -q numpy==1.22.4`...
[33mWARNING: Running pip as the 'root' user can result in broken permissions and conflicting behaviour with the system package manager, possibly rendering your system unusable.It is recommended to use a virtual environment instead: https://pip.pypa.io/warnings/venv. Use the --root-user-action option if you know what you are doing and want to suppress this warning.[0m[33m
`pip install -q numpy==1.22.4` executes with returncode: 0

[Current directory]:
/
You are currently in a [python:3.10] container.

ENVIRONMENT REMINDER: You have 173 turns left to complete the task.
The container has successfully executed the following commands in order. Please refer to the execution history, reflect, and decide the subsequent actions. Remember, your ultimate goal is to pass the tests by executing `runtest` or `poetryruntest`.
python /home/tools/pip_download.py -p torch -v ">=1.7.0"
python /home/tools/pip_download.py -p numpy -v ">=1.17.2"
python /home/tools/pip_download.py -p hyperopt -v ">=0.2.4"
python /home/tools/pip_download.py -p pandas -v ">=1.0.5"
python /home/tools/pip_download.py -p tqdm -v ">=4.48.2"
python /home/tools/pip_download.py -p scikit_learn -v ">=0.23.2"
python /home/tools/pip_download.py -p pyyaml -v ">=5.1.0"
python /home/tools/pip_download.py -p colorlog -v "==4.7.2"
python /home/tools/pip_download.py -p colorama -v "==0.4.4"
python /home/tools/pip_download.py -p tensorboard -v ">=2.5.0"
python /home/tools/pip_download.py -p cython -v "==0.29.21"
apt-get update -qq
apt-get install -y -qq libblas-dev liblapack-dev gfortran
pip install -q scipy==1.7.3
python /home/tools/code_edit.py -t '/tmp/patch/tmpbjhorwzc' -p '/tmp'
python /home/tools/code_edit.py -t '/tmp/patch/tmpcdnce7c6' -p '/tmp'
pip install -e /repo
python /home/tools/code_edit.py -t '/tmp/patch/tmpo31wzyvy' -p '/tmp'
apt-get update -qq
apt-get install -y -qq python3-dev
pip install numpy --upgrade --force-reinstall
pip install -q numpy==1.22.3
export CFLAGS="-I/usr/local/lib/python3.10/site-packages/numpy/core/include"
export CFLAGS="-I/usr/local/lib/python3.10/site-packages/numpy/core/include -I/repo/recbole/util/cython/include"
cd /repo/recbole/util/cython && python setup.py build_ext --inplace
pip install -q numpy==1.22.4
---------------------------
### Thought:
`numpy` has been successfully upgraded to version `1.22.4`. Now, let's try running the tests again to confirm that everything is correctly set up.

### Action:
```bash
runtest
```
Congratulations, you have successfully configured the environment!
tests/config/test_config.py::TestConfigClass::test_config_dict
tests/config/test_config.py::TestConfigClass::test_config_file_list
tests/config/test_config.py::TestConfigClass::test_default_context_settings
tests/config/test_config.py::TestConfigClass::test_default_sequential_settings
tests/config/test_config.py::TestConfigClass::test_default_settings
tests/config/test_config.py::TestConfigClass::test_priority
tests/config/test_overall.py::TestOverallConfig::test_checkpoint_dir
tests/config/test_overall.py::TestOverallConfig::test_data_path
tests/config/test_overall.py::TestOverallConfig::test_epochs
tests/config/test_overall.py::TestOverallConfig::test_eval_batch_size
tests/config/test_overall.py::TestOverallConfig::test_eval_step
tests/config/test_overall.py::TestOverallConfig::test_gpu_id
tests/config/test_overall.py::TestOverallConfig::test_group_by_user
tests/config/test_overall.py::TestOverallConfig::test_learner
tests/config/test_overall.py::TestOverallConfig::test_learning_rate
tests/config/test_overall.py::TestOverallConfig::test_loss
tests/config/test_overall.py::TestOverallConfig::test_metric
tests/config/test_overall.py::TestOverallConfig::test_reproducibility
tests/config/test_overall.py::TestOverallConfig::test_seed
tests/config/test_overall.py::TestOverallConfig::test_split_ratio
tests/config/test_overall.py::TestOverallConfig::test_stopping_step
tests/config/test_overall.py::TestOverallConfig::test_topk
tests/config/test_overall.py::TestOverallConfig::test_train_batch_size
tests/config/test_overall.py::TestOverallConfig::test_training_neg_sampling
tests/config/test_overall.py::TestOverallConfig::test_use_gpu
tests/data/test_dataloader.py::TestGeneralDataloader::test_general_dataloader
tests/data/test_dataloader.py::TestGeneralDataloader::test_general_neg_sample_dataloader_in_pair_wise
tests/data/test_dataloader.py::TestGeneralDataloader::test_general_neg_sample_dataloader_in_point_wise
tests/data/test_dataloader.py::TestGeneralDataloader::test_general_full_dataloader
tests/data/test_dataloader.py::TestGeneralDataloader::test_general_uni100_dataloader_with_batch_size_in_101
tests/data/test_dataloader.py::TestGeneralDataloader::test_general_uni100_dataloader_with_batch_size_in_303
tests/data/test_dataset.py::TestDataset::test_filter_nan_user_or_item
tests/data/test_dataset.py::TestDataset::test_remove_duplication_by_first
tests/data/test_dataset.py::TestDataset::test_remove_duplication_by_last
tests/data/test_dataset.py::TestDataset::test_filter_by_field_value_with_lowest_val
tests/data/test_dataset.py::TestDataset::test_filter_by_field_value_with_highest_val
tests/data/test_dataset.py::TestDataset::test_filter_by_field_value_with_equal_val
tests/data/test_dataset.py::TestDataset::test_filter_by_field_value_with_not_equal_val
tests/data/test_dataset.py::TestDataset::test_filter_by_field_value_in_same_field
tests/data/test_dataset.py::TestDataset::test_filter_by_field_value_in_different_field
tests/data/test_dataset.py::TestDataset::test_filter_inter_by_user_or_item_is_true
tests/data/test_dataset.py::TestDataset::test_filter_inter_by_user_or_item_is_false
tests/data/test_dataset.py::TestDataset::test_filter_by_inter_num_in_min_user_inter_num
tests/data/test_dataset.py::TestDataset::test_filter_by_inter_num_in_min_item_inter_num
tests/data/test_dataset.py::TestDataset::test_filter_by_inter_num_in_max_user_inter_num
tests/data/test_dataset.py::TestDataset::test_filter_by_inter_num_in_max_item_inter_num
tests/data/test_dataset.py::TestDataset::test_filter_by_inter_num_in_min_inter_num
tests/data/test_dataset.py::TestDataset::test_filter_by_inter_num_in_complex_way
tests/data/test_dataset.py::TestDataset::test_rm_dup_by_first_and_filter_value
tests/data/test_dataset.py::TestDataset::test_rm_dup_by_last_and_filter_value
tests/data/test_dataset.py::TestDataset::test_rm_dup_and_filter_by_inter_num
tests/data/test_dataset.py::TestDataset::test_filter_value_and_filter_inter_by_ui
tests/data/test_dataset.py::TestDataset::test_filter_value_and_inter_num
tests/data/test_dataset.py::TestDataset::test_filter_inter_by_ui_and_inter_num
tests/data/test_dataset.py::TestDataset::test_remap_id
tests/data/test_dataset.py::TestDataset::test_remap_id_with_alias
tests/data/test_dataset.py::TestDataset::test_ui_feat_preparation_and_fill_nan
tests/data/test_dataset.py::TestDataset::test_set_label_by_threshold
tests/data/test_dataset.py::TestDataset::test_normalize_all
tests/data/test_dataset.py::TestDataset::test_normalize_field
tests/data/test_dataset.py::TestDataset::test_TO_RS_811
tests/data/test_dataset.py::TestDataset::test_TO_RS_820
tests/data/test_dataset.py::TestDataset::test_TO_RS_802
tests/data/test_dataset.py::TestDataset::test_TO_LS_valid_and_test
tests/data/test_dataset.py::TestDataset::test_TO_LS_valid_only
tests/data/test_dataset.py::TestDataset::test_TO_LS_test_only
tests/data/test_dataset.py::TestDataset::test_RO_RS_811
tests/data/test_dataset.py::TestDataset::test_RO_RS_820
tests/data/test_dataset.py::TestDataset::test_RO_RS_802
tests/data/test_dataset.py::TestSeqDataset::test_seq_leave_one_out
tests/data/test_dataset.py::TestSeqDataset::test_seq_split_by_ratio
tests/data/test_dataset.py::TestSeqDataset::test_seq_benchmark
tests/data/test_dataset.py::TestKGDataset::test_kg_remap_id
tests/evaluation_setting/test_evaluation_setting.py::TestGeneralRecommender::test_rols_full
tests/evaluation_setting/test_evaluation_setting.py::TestGeneralRecommender::test_rols_uni100
tests/evaluation_setting/test_evaluation_setting.py::TestGeneralRecommender::test_rors_uni100
tests/evaluation_setting/test_evaluation_setting.py::TestGeneralRecommender::test_tols_full
tests/evaluation_setting/test_evaluation_setting.py::TestGeneralRecommender::test_tols_uni100
tests/evaluation_setting/test_evaluation_setting.py::TestGeneralRecommender::test_tors_full
tests/evaluation_setting/test_evaluation_setting.py::TestGeneralRecommender::test_tors_uni100
tests/evaluation_setting/test_evaluation_setting.py::TestContextRecommender::test_tors
tests/evaluation_setting/test_evaluation_setting.py::TestSequentialRecommender::test_tols_uni100
tests/metrics/test_loss_metrics.py::TestLossMetrics::test_auc
tests/metrics/test_loss_metrics.py::TestLossMetrics::test_logloss
tests/metrics/test_loss_metrics.py::TestLossMetrics::test_mae
tests/metrics/test_loss_metrics.py::TestLossMetrics::test_rmse
tests/metrics/test_rank_metrics.py::TestRankMetrics::test_gauc
tests/metrics/test_topk_metrics.py::TestTopKMetrics::test_averagepopularity
tests/metrics/test_topk_metrics.py::TestTopKMetrics::test_giniindex
tests/metrics/test_topk_metrics.py::TestTopKMetrics::test_hit
tests/metrics/test_topk_metrics.py::TestTopKMetrics::test_itemcoverage
tests/metrics/test_topk_metrics.py::TestTopKMetrics::test_map
tests/metrics/test_topk_metrics.py::TestTopKMetrics::test_mrr
tests/metrics/test_topk_metrics.py::TestTopKMetrics::test_ndcg
tests/metrics/test_topk_metrics.py::TestTopKMetrics::test_precision
tests/metrics/test_topk_metrics.py::TestTopKMetrics::test_recall
tests/metrics/test_topk_metrics.py::TestTopKMetrics::test_shannonentropy
tests/metrics/test_topk_metrics.py::TestTopKMetrics::test_tailpercentage
tests/model/test_model_auto.py::TestGeneralRecommender::test_CDAE
tests/model/test_model_auto.py::TestGeneralRecommender::test_MacridVAE
tests/model/test_model_auto.py::TestGeneralRecommender::test_MultiDAE
tests/model/test_model_auto.py::TestGeneralRecommender::test_MultiVAE
tests/model/test_model_auto.py::TestGeneralRecommender::test_NNCF
tests/model/test_model_auto.py::TestGeneralRecommender::test_RecVAE
tests/model/test_model_auto.py::TestGeneralRecommender::test_bpr
tests/model/test_model_auto.py::TestGeneralRecommender::test_convncf
tests/model/test_model_auto.py::TestGeneralRecommender::test_dgcf
tests/model/test_model_auto.py::TestGeneralRecommender::test_dmf
tests/model/test_model_auto.py::TestGeneralRecommender::test_dmf_with_rating
tests/model/test_model_auto.py::TestGeneralRecommender::test_ease
tests/model/test_model_auto.py::TestGeneralRecommender::test_enmf
tests/model/test_model_auto.py::TestGeneralRecommender::test_fism
tests/model/test_model_auto.py::TestGeneralRecommender::test_fism_with_split_to_and_alpha
tests/model/test_model_auto.py::TestGeneralRecommender::test_gcmc
tests/model/test_model_auto.py::TestGeneralRecommender::test_gcmc_with_stack
tests/model/test_model_auto.py::TestGeneralRecommender::test_itemknn
tests/model/test_model_auto.py::TestGeneralRecommender::test_lightgcn
tests/model/test_model_auto.py::TestGeneralRecommender::test_line
tests/model/test_model_auto.py::TestGeneralRecommender::test_nais
tests/model/test_model_auto.py::TestGeneralRecommender::test_nais_with_concat
tests/model/test_model_auto.py::TestGeneralRecommender::test_neumf
tests/model/test_model_auto.py::TestGeneralRecommender::test_ngcf
tests/model/test_model_auto.py::TestGeneralRecommender::test_pop
tests/model/test_model_auto.py::TestGeneralRecommender::test_slimelastic
tests/model/test_model_auto.py::TestGeneralRecommender::test_spectralcf
tests/model/test_model_auto.py::TestContextRecommender::test_afm
tests/model/test_model_auto.py::TestContextRecommender::test_autoint
tests/model/test_model_auto.py::TestContextRecommender::test_dcn
tests/model/test_model_auto.py::TestContextRecommender::test_deepfm
tests/model/test_model_auto.py::TestContextRecommender::test_dssm
tests/model/test_model_auto.py::TestContextRecommender::test_ffm
tests/model/test_model_auto.py::TestContextRecommender::test_fm
tests/model/test_model_auto.py::TestContextRecommender::test_fnn
tests/model/test_model_auto.py::TestContextRecommender::test_fwfm
tests/model/test_model_auto.py::TestContextRecommender::test_lightgbm
tests/model/test_model_auto.py::TestContextRecommender::test_lr
tests/model/test_model_auto.py::TestContextRecommender::test_nfm
tests/model/test_model_auto.py::TestContextRecommender::test_pnn
tests/model/test_model_auto.py::TestContextRecommender::test_pnn_with_use_inner_and_use_outer
tests/model/test_model_auto.py::TestContextRecommender::test_pnn_without_use_inner_and_use_outer
tests/model/test_model_auto.py::TestContextRecommender::test_widedeep
tests/model/test_model_auto.py::TestContextRecommender::test_xdeepfm
tests/model/test_model_auto.py::TestContextRecommender::test_xdeepfm_with_direct
tests/model/test_model_auto.py::TestContextRecommender::test_xgboost
tests/model/test_model_auto.py::TestSequentialRecommender::test_bert4rec
tests/model/test_model_auto.py::TestSequentialRecommender::test_bert4rec_with_BPR_loss_and_swish
tests/model/test_model_auto.py::TestSequentialRecommender::test_caser
tests/model/test_model_auto.py::TestSequentialRecommender::test_caser_with_BPR_loss
tests/model/test_model_auto.py::TestSequentialRecommender::test_dien
tests/model/test_model_auto.py::TestSequentialRecommender::test_din
tests/model/test_model_auto.py::TestSequentialRecommender::test_fdsa
tests/model/test_model_auto.py::TestSequentialRecommender::test_fdsa_with_max_pooling
tests/model/test_model_auto.py::TestSequentialRecommender::test_fdsa_with_sum_pooling
tests/model/test_model_auto.py::TestSequentialRecommender::test_fossil
tests/model/test_model_auto.py::TestSequentialRecommender::test_fpmc
tests/model/test_model_auto.py::TestSequentialRecommender::test_gcsan
tests/model/test_model_auto.py::TestSequentialRecommender::test_gcsan_with_BPR_loss_and_tanh
tests/model/test_model_auto.py::TestSequentialRecommender::test_gru4rec
tests/model/test_model_auto.py::TestSequentialRecommender::test_gru4rec_with_BPR_loss
tests/model/test_model_auto.py::TestSequentialRecommender::test_gru4recf
tests/model/test_model_auto.py::TestSequentialRecommender::test_gru4recf_with_max_pooling
tests/model/test_model_auto.py::TestSequentialRecommender::test_gru4recf_with_sum_pooling
tests/model/test_model_auto.py::TestSequentialRecommender::test_hgn
tests/model/test_model_auto.py::TestSequentialRecommender::test_hgn_with_CE_loss
tests/model/test_model_auto.py::TestSequentialRecommender::test_hrm
tests/model/test_model_auto.py::TestSequentialRecommender::test_hrm_with_BPR_loss
tests/model/test_model_auto.py::TestSequentialRecommender::test_narm
tests/model/test_model_auto.py::TestSequentialRecommender::test_narm_with_BPR_loss
tests/model/test_model_auto.py::TestSequentialRecommender::test_nextitnet
tests/model/test_model_auto.py::TestSequentialRecommender::test_nextitnet_with_BPR_loss
tests/model/test_model_auto.py::TestSequentialRecommender::test_npe
tests/model/test_model_auto.py::TestSequentialRecommender::test_npe_with_BPR_loss
tests/model/test_model_auto.py::TestSequentialRecommender::test_repeat_net
tests/model/test_model_auto.py::TestSequentialRecommender::test_sasrec
tests/model/test_model_auto.py::TestSequentialRecommender::test_sasrec_with_BPR_loss_and_relu
tests/model/test_model_auto.py::TestSequentialRecommender::test_sasrec_with_BPR_loss_and_sigmoid
tests/model/test_model_auto.py::TestSequentialRecommender::test_sasrecf
tests/model/test_model_auto.py::TestSequentialRecommender::test_sasrecf_with_max_pooling
tests/model/test_model_auto.py::TestSequentialRecommender::test_sasrecf_with_sum_pooling
tests/model/test_model_auto.py::TestSequentialRecommender::test_shan
tests/model/test_model_auto.py::TestSequentialRecommender::test_shan_with_BPR_loss
tests/model/test_model_auto.py::TestSequentialRecommender::test_srgnn
tests/model/test_model_auto.py::TestSequentialRecommender::test_srgnn_with_BPR_loss
tests/model/test_model_auto.py::TestSequentialRecommender::test_stamp
tests/model/test_model_auto.py::TestSequentialRecommender::test_stamp_with_BPR_loss
tests/model/test_model_auto.py::TestSequentialRecommender::test_transrec
tests/model/test_model_auto.py::TestKnowledgeRecommender::test_cfkg
tests/model/test_model_auto.py::TestKnowledgeRecommender::test_cfkg_with_transe
tests/model/test_model_auto.py::TestKnowledgeRecommender::test_cke
tests/model/test_model_auto.py::TestKnowledgeRecommender::test_kgat
tests/model/test_model_auto.py::TestKnowledgeRecommender::test_kgat_with_gcn
tests/model/test_model_auto.py::TestKnowledgeRecommender::test_kgat_with_graphsage
tests/model/test_model_auto.py::TestKnowledgeRecommender::test_kgcn
tests/model/test_model_auto.py::TestKnowledgeRecommender::test_kgcn_with_concat
tests/model/test_model_auto.py::TestKnowledgeRecommender::test_kgcn_with_neighbor
tests/model/test_model_auto.py::TestKnowledgeRecommender::test_kgnnls
tests/model/test_model_auto.py::TestKnowledgeRecommender::test_kgnnls_with_concat
tests/model/test_model_auto.py::TestKnowledgeRecommender::test_kgnnls_with_neighbor
tests/model/test_model_auto.py::TestKnowledgeRecommender::test_ktup
tests/model/test_model_auto.py::TestKnowledgeRecommender::test_ktup_with_L1_flag
tests/model/test_model_auto.py::TestKnowledgeRecommender::test_mkr
tests/model/test_model_auto.py::TestKnowledgeRecommender::test_mkr_without_use_inner_product
tests/model/test_model_auto.py::TestKnowledgeRecommender::test_ripplenet
tests/model/test_model_manual.py::TestSequentialRecommender::test_s3rec

204 tests collected in 3.89s
Container e7333ab6f741 stopped and removed
Spend totally 2057.456948041916.
