LilianHollard/LeYOLO
872841b15fd5ee3296a9c844bcbfb8d0b9745cee
Container vigilant_wescoff 3ef9d9af34d8 started with image build_env_python:3.10
************** configuration **************
You are an expert skilled in environment configuration. You can refer to various files and structures in the repository such as `requirements.txt`, `setup.py`, etc., and use dependency prediction tools like pipreqs to install and download the corresponding third-party libraries in a given Docker image. This ensures that the repository can be successfully configured and able to correctly execute the specified tests.
* Note that this repository originally did not have a Dockerfile, or the existing Dockerfile has been deleted, and do not attempt to use the information from the original Dockerfile of the repository.*

* We have already configured poetry, pipdeptree, and pytest for you; no additional configuration is needed. However, you cannot directly invoke pytest; you need to run tests using `runtest` or `poetryruntest`.

WORK PROCESS:
1. **Read Directory Structure**: Check the folder structure in the root directory, focusing on the configuration files related to setting up the environment.
2. **Determine Python Version**: Decide if you need to switch the Python version in the Docker container. The current version is python:3.10. If you want to switch the Python version, please run the `change_python_version python_version` command, where python_version is the Python version number (for example, `change_python_version 3.9`), and you do not need to add quotation marks. If you do not need to make any changes, please ignore this step. You can also run these commands at any point later during the environment configuration to switch the Python version.
    *Note*: You can only switch the Python version within the container; switching to other images is not allowed.
3. **Check the configuration files in the root directory**: Read configuration files related to setting up the environment, such as: Information in the `.github` folder, `setup.py`, `setup.cfg`, `Pipfile` and `Pipfile.lock`, `environment.yml`, `poetry.lock` and `pyproject.toml`, etc.
3.5 **Try testing (optional)**: Using `runtest` command to check if it is possible to pass the tests directly without any additional configuration.
4. **Review Additional Files**: Consider other potential files and structures for environment configuration.
5. **Automatically install according to the installation script**: Based on the observed structure in the root directory, determine the necessary installation commands:
    a. Poetry Detected: If a poetry.lock file is present in the root directory, Install Poetry using the relevant method for your system. Execute the command `poetry install` to install the dependencies specified in the lock file.
    b. Setup.py Detected: If a setup.py file exists in the root directory, run the command `pip install -e .` to install the package in editable mode along with its dependencies.
    c. Other Descriptor Files: For other specific files that indicate dependency management, assess and determine the appropriate method to install the required dependencies.
    *Note*: We only consider automatically installation script in the repository. Do not consider `requirements.txt` directly in this step!
6. **Collecting Third-Party Library Download List**: In this step, you need to locate all files in the root directory that list dependencies line by line, such as `requirements.txt`, `requirements_dev.txt`, etc. Use a command like `queue_file /repo/requirements.txt` to submit them to the download list. I will handle the unified downloading later.
    If you have determined the path to the requirements file, please enter `waitinglist addfile` followed by the path to the requirements file. For example, `waitinglist addfile /repo/requirements.txt`.
    *Note*: The files you collect must follow the standard requirements.txt format. Do not collect files in any other formats. For instance, if you are unsure about the format of `/repo/requirements_test.txt`, you can use the command `cat /repo/requirements_test.txt` to read the file contents and ensure the file fully meets the requirements before submitting it. If no such dependency-listing files are found, you may skip this step.
    *Note*: In a standard requirements.txt file, each valid entry on a line consists of package_name followed by version_constraints (if there are no version_constraints, the latest version is implied). For example: "numpy==2.1", "numpy>2.0,<3.0", "numpy" (implies the latest version).
    *Note*: We will not collect items that are improperly formatted.
7. **Using pipreqs to Obtain Additional Lists**: In this step, you should use `runpipreqs` to analyze the third-party libraries that need to be installed based on the findings of the previous step. Simply use the command `get pipreqs`, and it will generate a `requirements_pipreqs.txt` file in the project root directory (/repo) and show you the warnings and errors.
    *Note*: If you have already collected some requirements.txt files in Step 5, you do not need to execute `runpipreqs` in this step. Avoid collecting too many dependencies repeatedly. You can directly execute `download` after handling conflicts and formatting errors. If errors occur in subsequent tests, you can then run `runpipreqs`.
8. **Handling pipreqs Warnings**: For warnings that appear in pipreqs, such as not being able to find a module on PyPI, it may be due to a discrepancy between the download name and the import name of a third-party library. For example, `import cv2` requires downloading not `cv2` but `opencv-python`. For each warning, you need to address the discrepancy by ensuring the correct package names are used for the downloads.
    You should review "pipreqs_output.txt" (used to store output during the pipreqs dependency generation process) and "requirements_pipreqs.txt" (the final generated dependency results) to check for any inconsistencies. Use ```diff and ``` to make adjustments to "requirements_pipreqs.txt" as needed.
    *Note*: If you did not execute runpipreqs, then you do not need to perform this step.
9. **Update lists**: Add the "requirements_pipreqs.txt" file generated by pipreqs and corrected by you (or maybe not) to the waiting list using the command `waitinglist addfile /repo/requirements_pipreqs.txt`.
    *Note*: If you did not execute runpipreqs, then you do not need to perform this step.
10. **Resolve version_constraint conflicts**: Process the elements in conflict_list. Based on the information in conflict_list, resolve any existing version_constraints conflicts. Only after these have been resolved can you proceed with the download.
11. **Unified download execution**: After analyzing the original requirements.txt of the repository and the "requirements.txt" generated by pipreqs, and resolving any conflict issues, you need to enter download to execute the unified `download`. This will download each element currently in the waiting_list one by one, and eventually, the download status will be returned.
12. **Error Handling**: After the download is complete, you need to handle the error messages based on the information provided. We will return the list of third-party libraries and their dependencies in your current environment. When resolving these errors, you need to ensure that these dependencies are properly managed. For example, you cannot directly uninstall a package that is required by another package, nor can you install a version that does not meet the constraints.
    For instance, if package A depends on package B with a requirement of "B>=1.0", you cannot simply run pip uninstall B as this would cause package A to lack its dependency. Similarly, you cannot run `pip install B==0.5` because this would not satisfy the requirement of "B>=1.0".
    You can make use of the following tools:
    a.(Strongly recommend) `pipdeptree`: Use pipdeptree to see the structure of the python third-party library downloaded.
    b.(Strongly recommend) `pipdeptree -p <package_name>`: Use pipdeptree -p followed by package_name can display the dependency information of a specific third-party library.
    c.(Strongly recommend) `pip index versions <package_name> --python-version <python_version>`: This command is used to query the versions of a specific package for a particular Python version, including pre-release versions. For example, `pip index versions requests --python-version 3.10` can be used to find the versions of requests that are available for Python 3.10.
    d. `pip install -q`: Use this command to install a specific version of a package with minimal output. This greatly reduces the verbosity, showing only crucial information and final status. It is recommended to specify the version with == to avoid conflicts with the existing environment. For example, use pip install -q requests==2.25.1 to ensure a quiet and specific version installation.
    e. `pip install -e`: Use this command to install a package in "editable" mode. This is particularly useful during development when you want to make changes to the source code and have them immediately reflected in the installed package without needing to reinstall it. For example, pip install -e . will install the package located in the current directory in editable mode. Another common use case is to install a package from a local path or a VCS repository while keeping it editable. For example, pip install -e git+https://github.com/username/repo.git#egg=package_name.
    f. `pip uninstall`: Use this command to uninstall a third-party library. This should be used cautiously as it may cause dependency issues. If you need to change the version of a package, it is better to use `pip install [package_name]==[version]` instead.
    g. `apt-get update -qq && apt-get install [package]=[version] -y -qq`: Use this command to install system packages if needed, remember to use `-y`. Use `-qq` to minimize the output if there is nothing wrong.
    h. `export <variable>=<value>`: Use this command to set system environment variables.
    i. You can use the `--help` parameter to view detailed usage instructions for various tools, such as `pipdeptree --help` and `pip install --help`, etc.
    j. You may also use other commands that are not listed here, including built-in Bash commands and other system commands.
    *Note*: Always consider the potential impact of each command on the system. Aim to achieve the best results with minimal changes.
    *Note*: For modules not found in the error message, first check if the corresponding module is available in the project folder before proceeding with external downloads. For example, if you encounter an error stating ModuleNotFoundError: No module named 'my_module', check if there is a file named my_module.py in your project directory. If it is not present, then you can look for the module externally and download it if necessary.
    *Note*: Do not use external download tools like `git clone` or `wget` to download a large number of files directly in the /repo folder (or its subdirectories) to avoid causing significant changes to the original repository.
    *Note*: Flexibility: You do not need to complete all configurations in one go. If you are unsure whether the configuration is approximately complete, you can use the `runtest` or `poetryruntest`(When you configured in poetry environment) command. I will check the configured environment and return any error messages. Based on the error messages, you can make further adjustments.
    *Note*: In special cases, if you feel that the Docker environment has become too messy to achieve your goal, you can use `clear_configuration` command to restore it to the initial Python 3.10 environment or `change_python_version` and start over.
**Most Important!** You can execute `runtest` or `poetryruntest` anywhere when you decide to test the environment. You do not need to complete all the previous steps; you can directly run `runtest` or `poetryruntest` to check if the configuration is complete and get feedback from the error messages. Be flexible. Our goal is to pass the runtest or poetryruntest checks.
If you encounter import errors such as ModuleNotFoundError or ImportError, you can consider two solutions. One solution is to use external tools like pip or apt-get to download these dependencies. The other solution is to check for local dependencies in the repository; if local dependencies are available, you can use `export PYTHONPATH=` statements to set environment variables (preferably), or modify the __init__.py file to resolve the issue.
Please note that when manually using pip, apt-get, poetry, or other tools to download third-party libraries, try to use the `-q` (quiet) mode if available to reduce intermediate progress bar outputs. Additionally, we will help remove more obvious progress bar information to minimize interference with the analysis.
If you need to install packages using pip, please consider adding them to the waiting list first, and then use the `download` command to proceed with the installation.
In each round of the conversation, we will inform you of the commands that have been correctly executed and have changed the state of the current Docker container. Please reflect on each round's Observation in relation to the current state of the Docker container and decide the subsequent Action.
If you need to run two or more commands, please strictly follow the order by enclosing each command in ONE ```bash and ``` blocks connected by "&&" with ONE line! It is not recommended to use backslashes (\) for line continuation. If you need to execute commands that span multiple lines, it is advisable to write them into a .sh file and then run the executable file. For example, if you want to enter the /repo directory and execute `poetry install`, you should input:
```bash
cd /repo && poetry install
```

It is not recommended to directly input:
```bash
cd /repo
```
```bash
poetry install
```

Nor is it recommended to input:
```bash
cd /repo \
poetry install
```

We also strongly request that you try to write the instructions on the same line as much as possible, and do not break them into multiple lines, as this may cause parsing errors. Even if the line of instructions contains a lot of && connections, do not arbitrarily break it into multiple lines.

We will automatically maintain two lists in the background to facilitate the installation and download of third-party libraries. These are:
1. waiting list: Used to store third-party libraries waiting to be downloaded, including both pip and apt libraries. You can use `waitinglist show` to show all items in it.
2. conflict list: Used to store elements with the same name as those in the waiting list but with inconsistent version constraints. You can use `conflictlist show` to show all items in it.
*Note*: you only need to follow the prompts to complete operations on these lists during the running process and can only manipulate them using the provided commands.
*Note*: Before operating waiting list, conflict list, or download commands, you can use waitinglist show or conflictlist show to observe their structure each time.


IN GOOD FORMAT: 
All your answer must contain Thought and Action. 
Calling CLI tools Action using bash block like ```bash  ```. 
Editing and Writing code Action using diff block like ```diff ```.
The command line you generate will be run in the bash sandbox environment, and the running results will be returned to you through the system messages.

IMPORTANT TIPS: 
        * Each round of reply can only contain one ```bash ``` block, which means Each round of your answers contain only *ONE* action!
        * Please submit the first command first, then after receiving the response, you can issue the second command. You are free to use any other bash communication.

You are now in the Docker environment of python:3.10. Please perform all operations within this environment.
CLI TOOLS: You can call CLI tools in  ```bash ... ``` block as Action with a Thought. like:
### Thought: I need to understand the structure of the root directory.
### Action:
```bash
ls /repo
```

For another example:
### Thought: I need to read the README.md file.
### Action:
```bash
cat README.md
```


CODE EDITING AND WRITING: All changes to files must use the ```diff  ```  block format, with symbols <<<<<<< SEARCH, ======= and >>>>>>> REPLACE 

You need to provide code patch. The patch should according to the original code, indent correctly, and do not include line numbers. The format is as follows: 
### Thought: Modify explanation...
### Action: 
```diff 
/absolute/path/of/target.py
<<<<<<< SEARCH
    exact copy of old line(s) you would like to change
=======
    new line(s) to replace
>>>>>>> REPLACE

<<<<<<< SEARCH
    exact copy of old line(s) you would like to change
=======
    new line(s) to replace
>>>>>>> REPLACE
``` 
Every *SEARCH/REPLACE block must use this format:
1. The opening fence ```diff 
2. The file path alone on a line, verbatim. No bold asterisks, no quotes around it, no escaping of characters, etc.
3. The start of search block: <<<<<<< SEARCH
4. A contiguous chunk of lines to search for in the existing source code
5. The dividing line: =======
6. The lines to replace into the source code
7. The end of the replace block: >>>>>>> REPLACE
8. The closing fence: ``` 
Once you want to modify the code you MUST: 
        * Include *ALL* the code being searched and replaced!
        * Every *SEARCH* section must *EXACTLY MATCH* the existing source code, character for character, including all comments, docstrings, etc.
        * '<<<<<<< SEARCH', '=======' and  '>>>>>>> REPLACE' symbols must be on a line by themselves and cannot be indented.
        * All code modifications must be expressed in the REPLACE format above (including delete an insert). We will find the source code with the highest matching degree in the original file and replace it. Please provide sufficient and unique old line(s) from snippet to facilitate matching.
        * If the code patch you provide is successfully applied, the differences before and after the code modification will be returned.
        * The paths of modified files must be completely absolute paths.
        * Make sure the patch you provide is indented correctly especially in python programs: The indentation of old lines is exactly the same as the original code, and the indentation of new lines is correct.
        * All patches must be based on the original code viewed by the tools, and fabricated code patch(es) is prohibited.
        * Previously successfully applied patches will modify the code, and new patches must be applied based on the current code. Please review the relevant code again then provide new patches.
        * If the old line(s) is empty, it is considered to be inserted at the beginning of the file. If the file does not exist, a new file will be created and the new line will be written. like:
### Thought: Create a.py
### Action:
```diff
/project_path/.../a.py
<<<<<<< SEARCH
=======
    [new line(s) to add]
>>>>>>> REPLACE
```

*Note*: Do not make extensive changes to the existing files in the /repo folder. You may only make appropriate and necessary changes to the original repository files (e.g., when there are actual errors or tests that cannot be run).
*Very Important Note*: Passing tests by modifying testing functions is not allowed, and you should figure out how to make the current test functions run successfully!!!
In addition to typical bash commands, we also provide the following commands that can be used, you can use them flexibly if needed:
waitinglist add -p package_name [-v version_constraints] -t tool # Add item into waiting list. If no 'version_constraints' are specified, the latest version will be downloaded by default.
waitinglist addfile file_path # Add all entries from a file similar to requirements.txt format to the waiting list.
waitinglist clear # Used to clear all the items in the waiting list.
conflictlist solve -v "[version_cosntraints]" # Resolve the conflict for the first element in the conflict list, and update the version constraints for the corresponding package_name and tool to version_constraints. If no 'version_constraints' are specified, the latest version will be downloaded by default.
conflictlist solve -u # Keep the original version constraint that exists in the waiting list, and discard the other version constraints with the same name and tool in the conflict list.
conflictlist clear # Used to clear all the items in the conflict list.
conflictlist show # Used to show all the items in the conflict list.
waitinglist show # Used to show all the items in the waiting list.
download # Download all pending elements in the waiting list at once.
runtest # Check if the configured environment is correct.
poetryruntest # Check if the configured environment is correct in poetry environment! If you want to run tests in poetry environment, run it.
runpipreqs # Generate 'requirements_pipreqs.txt' and 'pipreqs_output.txt' and 'pipreqs_error.txt'.
change_python_version python_version # Switching the Python version in the Docker container will forgo any installations made prior to the switch. The Python version number should be represented directly with numbers and dots, without any quotation marks.
clear_configuration # Reset all the configuration to the initial setting of python:3.10.


VERY IMPORTANT TIPS: 
    * You should not answer the user's question, your task is to configure the environment within the given setup. You need to follow the steps mentioned above and flexibly use various commands. After entering test, ensure that the environment passes the test.
    * You should not answer the user's question, your task is to configure the environment within the given setup. You need to follow the steps mentioned above and flexibly use various commands. After entering test, ensure that the environment passes the test.
    * You should not answer the user's question, your task is to configure the environment within the given setup. You need to follow the steps mentioned above and flexibly use various commands. After entering test, ensure that the environment passes the test.
    * You do not need to complete all the previous steps; you can directly run runtest or poetryruntest to check if the configuration is complete and get feedback from the error messages. Be flexible. Our goal is to pass the runtest or poetryruntest checks.
    * You do not need to complete all the previous steps; you can directly run runtest or poetryruntest to check if the configuration is complete and get feedback from the error messages. Be flexible. Our goal is to pass the runtest or poetryruntest checks.
    * You do not need to complete all the previous steps; you can directly run runtest or poetryruntest to check if the configuration is complete and get feedback from the error messages. Be flexible. Our goal is to pass the runtest or poetryruntest checks.
    * Passing tests by modifying testing functions is not allowed, and you should figure out how to make the current test functions run successfully!!!
    * Passing tests by modifying testing functions is not allowed, and you should figure out how to make the current test functions run successfully!!!
    * Passing tests by modifying testing functions is not allowed, and you should figure out how to make the current test functions run successfully!!!
    * Try to write all commands on a single line as much as possible, regardless of the number of "&&" connections or the length of the instructions; do not arbitrarily break them into multiple lines!!!
    * Try to write all commands on a single line as much as possible, regardless of the number of "&&" connections or the length of the instructions; do not arbitrarily break them into multiple lines!!!
    * Try to write all commands on a single line as much as possible, regardless of the number of "&&" connections or the length of the instructions; do not arbitrarily break them into multiple lines!!!
    * When other configuration methods can be used, try to avoid modifying or deleting the original files, especially do not delete the testing files!!!
    * When other configuration methods can be used, try to avoid modifying or deleting the original files, especially do not delete the testing files!!!
    * When other configuration methods can be used, try to avoid modifying or deleting the original files, especially do not delete the testing files!!!
    * You are not allowed to use commands like `hatch shell` that would open a new shell!!!
    * You are not allowed to use commands like `hatch shell` that would open a new shell!!!
    * You are not allowed to use commands like `hatch shell` that would open a new shell!!!

---------------------------
### Thought:
I need to understand the structure of the root directory to identify relevant configuration files for setting up the environment.

### Action:
```bash
ls /repo
```
### Observation:
Running `ls /repo`...
LICENSE.txt  gitimg   minimal.ipynb   tests	   weights
README.md    main.py  pyproject.toml  ultralytics
`ls /repo` executes with returncode: 0

[Current directory]:
/
You are currently in a [python:3.10] container.

ENVIRONMENT REMINDER: You have 199 turns left to complete the task.
The container remains in its original state.
---------------------------
### Thought:
The root directory contains several files and directories including `pyproject.toml`, which is often used with Poetry for dependency management. I'll inspect the `pyproject.toml` file to understand the dependencies and relevant configurations.

### Action:
```bash
cat /repo/pyproject.toml
```
### Observation:
Running `cat /repo/pyproject.toml`...
The output is too long, so we've truncated it to show you the first and last 5000 characters.
Running `cat /repo/pyproject.toml`...
# Ultralytics YOLO ğŸš€, AGPL-3.0 license
# Overview:
# This pyproject.toml file manages the build, packaging, and distribution of the Ultralytics library.
# It defines essential project metadata, dependencies, and settings used to develop and deploy the library.
# Key Sections:
# - [build-system]: Specifies the build requirements and backend (e.g., setuptools, wheel).
# - [project]: Includes details like name, version, description, authors, dependencies and more.
# - [project.optional-dependencies]: Provides additional, optional packages for extended features.
# - [tool.*]: Configures settings for various tools (pytest, yapf, etc.) used in the project.
# Installation:
# The Ultralytics library can be installed using the command: 'pip install ultralytics'
# For development purposes, you can install the package in editable mode with: 'pip install -e .'
# This approach allows for real-time code modifications without the need for re-installation.
# Documentation:
# For comprehensive documentation and usage instructions, visit: https://docs.ultralytics.com
[build-system]
requires = ["setuptools>=43.0.0", "wheel"]
build-backend = "setuptools.build_meta"
# Project settings -----------------------------------------------------------------------------------------------------
[project]
name = "ultralytics"
dynamic = ["version"]
description = "Ultralytics YOLOv8 for SOTA object detection, multi-object tracking, instance segmentation, pose estimation and image classification."
readme = "README.md"
requires-python = ">=3.8"
license = { "text" = "AGPL-3.0" }
keywords = ["machine-learning", "deep-learning", "computer-vision", "ML", "DL", "AI", "YOLO", "YOLOv3", "YOLOv5", "YOLOv8", "HUB", "Ultralytics"]
authors = [
    { name = "Glenn Jocher" },
    { name = "Ayush Chaurasia" },
    { name = "Jing Qiu" }
]
maintainers = [
    { name = "Glenn Jocher" },
    { name = "Ayush Chaurasia" },
    { name = "Jing Qiu" }
]
classifiers = [
    "Development Status :: 4 - Beta",
    "Intended Audience :: Developers",
    "Intended Audience :: Education",
    "Intended Audience :: Science/Research",
    "License :: OSI Approved :: GNU Affero General Public License v3 or later (AGPLv3+)",
    "Programming Language :: Python :: 3",
    "Programming Language :: Python :: 3.8",
    "Programming Language :: Python :: 3.9",
    "Programming Language :: Python :: 3.10",
    "Programming Language :: Python :: 3.11",
    "Topic :: Software Development",
    "Topic :: Scientific/Engineering",
    "Topic :: Scientific/Engineering :: Artificial Intelligence",
    "Topic :: Scientific/Engineering :: Image Recognition",
    "Operating System :: POSIX :: Linux",
    "Operating System :: MacOS",
    "Operating System :: Microsoft :: Windows",
]
# Required dependencies ------------------------------------------------------------------------------------------------
dependencies = [
    "matplotlib>=3.3.0",
    "numpy>=1.22.2",
    "opencv-python>=4.6.0",
    "pillow>=7.1.2",
    "pyyaml>=5.3.1",
    "requests>=2.23.0",
    "scipy>=1.4.1",
    "torch>=1.8.0",
    "torchvision>=0.9.0",
    "tqdm>=4.64.0", # progress bars
    "psutil", # system utilization
    "py-cpuinfo", # display CPU info
    "thop>=0.1.1", # FLOPs computation
    "pandas>=1.1.4",
    "seaborn>=0.11.0", # plotting
]
# Optional dependencies ------------------------------------------------------------------------------------------------
[project.optional-dependencies]
dev = [
    "ipython",
    "check-manifest",
    "pre-commit",
    "pytest",
    "pytest-cov",
    "coverage[toml]",
    "mkdocs-material",
    "mkdocstrings[python]",
    "mkdocs-jupyter", # for notebooks
    "mkdocs-redirects", # for 301 redirects
    "mkdocs-ultralytics-plugin>=0.0.38", # for meta descriptions and images, dates and authors
]
export = [
    "onnx>=1.12.0", # ONNX export
    "coremltools>=7.0; platform_system != 'Windows'", # CoreML only supported on macOS and Linux
    "openvino-dev>=2023.0", # OpenVINO export
    "tensorflow<=2.13.1", # TF bug https://github.com/ultralytics/ultralytics/issues/5161
    "tensorflowjs>=3.9.0", # TF.js export, automatically installs tensorflow
]
explorer = [
    "lancedb", # vector search
    "duckdb", # SQL queries, supports lancedb tables
    "streamlit", # visualizing with GUI
]
# tensorflow>=2.4.1,<=2.13.1  # TF exports (-cpu, -aarch64, -macos)
# tflite-support  # for TFLite model metadata
# scikit-learn==0.19.2  # CoreML quantization
# nvidia-pyindex  # TensorRT export
# nvidia-tensorrt  # TensorRT export
logging = [
    "comet", # https://docs.ultralytics.com/integrations/comet/
    "tensorboard>=2.13.0",
    "dvclive>=2.12.0",
]
extra = [
    "hub-sdk>=0.0.2", # Ultralytics HUB
    "ipython", # interactive notebook
    "albumentations>=1.0.3", # training augmentations
    "pycocotools>=2.0.6", # COCO mAP
]
[project.urls]
"Bug Reports" = "https://github.com/ultralytics/ultralytics/issues"
"Funding" = "https://ultralytics.com"
"Source" = "https://github.com/ultralytics/ultralytics/"
[project.scripts]
yolo = "ultralytics.cfg:entrypoint"
ultralytics = "ultralytics.cfg:entrypoint"
# Tools settings -------------------------------------------------------------------------------------------------------
[tool.setuptools]  # configuration specific to the `setuptools` build backend.
packages = { find = { where = ["."], include = ["ultralytics", "ultralytics.*"] } }
package-data = { "ultralytics" = ["**/*.yaml"], "ultralytics.assets" = ["*.jpg"] }
[tool.setuptools.dynamic]
version = { attr = "ultralytics.__version__" }
[tool.pytest]
norecursedirs = [".git", "dist", "build"]
addopts = "--doctest-modules --durations=30 --color=yes"
[tool.coverage.run]
source = ["ultralytics/"]
data_file = "tests/.coverage"
omit = ["ultralytics/utils/callbacks/*"]
[tool.isort]
line_length = 120
multi_line_output = 0
[tool.yapf]
based_on_style = "pep8"
spaces_before_comment = 2
column_limit = 120
coalesce_brackets = true
spaces_around_power_opera
...[Truncation]...
ious tools (pytest, yapf, etc.) used in the project.
# Installation:
# The Ultralytics library can be installed using the command: 'pip install ultralytics'
# For development purposes, you can install the package in editable mode with: 'pip install -e .'
# This approach allows for real-time code modifications without the need for re-installation.
# Documentation:
# For comprehensive documentation and usage instructions, visit: https://docs.ultralytics.com
[build-system]
requires = ["setuptools>=43.0.0", "wheel"]
build-backend = "setuptools.build_meta"
# Project settings -----------------------------------------------------------------------------------------------------
[project]
name = "ultralytics"
dynamic = ["version"]
description = "Ultralytics YOLOv8 for SOTA object detection, multi-object tracking, instance segmentation, pose estimation and image classification."
readme = "README.md"
requires-python = ">=3.8"
license = { "text" = "AGPL-3.0" }
keywords = ["machine-learning", "deep-learning", "computer-vision", "ML", "DL", "AI", "YOLO", "YOLOv3", "YOLOv5", "YOLOv8", "HUB", "Ultralytics"]
authors = [
    { name = "Glenn Jocher" },
    { name = "Ayush Chaurasia" },
    { name = "Jing Qiu" }
]
maintainers = [
    { name = "Glenn Jocher" },
    { name = "Ayush Chaurasia" },
    { name = "Jing Qiu" }
]
classifiers = [
    "Development Status :: 4 - Beta",
    "Intended Audience :: Developers",
    "Intended Audience :: Education",
    "Intended Audience :: Science/Research",
    "License :: OSI Approved :: GNU Affero General Public License v3 or later (AGPLv3+)",
    "Programming Language :: Python :: 3",
    "Programming Language :: Python :: 3.8",
    "Programming Language :: Python :: 3.9",
    "Programming Language :: Python :: 3.10",
    "Programming Language :: Python :: 3.11",
    "Topic :: Software Development",
    "Topic :: Scientific/Engineering",
    "Topic :: Scientific/Engineering :: Artificial Intelligence",
    "Topic :: Scientific/Engineering :: Image Recognition",
    "Operating System :: POSIX :: Linux",
    "Operating System :: MacOS",
    "Operating System :: Microsoft :: Windows",
]
# Required dependencies ------------------------------------------------------------------------------------------------
dependencies = [
    "matplotlib>=3.3.0",
    "numpy>=1.22.2",
    "opencv-python>=4.6.0",
    "pillow>=7.1.2",
    "pyyaml>=5.3.1",
    "requests>=2.23.0",
    "scipy>=1.4.1",
    "torch>=1.8.0",
    "torchvision>=0.9.0",
    "tqdm>=4.64.0", # progress bars
    "psutil", # system utilization
    "py-cpuinfo", # display CPU info
    "thop>=0.1.1", # FLOPs computation
    "pandas>=1.1.4",
    "seaborn>=0.11.0", # plotting
]
# Optional dependencies ------------------------------------------------------------------------------------------------
[project.optional-dependencies]
dev = [
    "ipython",
    "check-manifest",
    "pre-commit",
    "pytest",
    "pytest-cov",
    "coverage[toml]",
    "mkdocs-material",
    "mkdocstrings[python]",
    "mkdocs-jupyter", # for notebooks
    "mkdocs-redirects", # for 301 redirects
    "mkdocs-ultralytics-plugin>=0.0.38", # for meta descriptions and images, dates and authors
]
export = [
    "onnx>=1.12.0", # ONNX export
    "coremltools>=7.0; platform_system != 'Windows'", # CoreML only supported on macOS and Linux
    "openvino-dev>=2023.0", # OpenVINO export
    "tensorflow<=2.13.1", # TF bug https://github.com/ultralytics/ultralytics/issues/5161
    "tensorflowjs>=3.9.0", # TF.js export, automatically installs tensorflow
]
explorer = [
    "lancedb", # vector search
    "duckdb", # SQL queries, supports lancedb tables
    "streamlit", # visualizing with GUI
]
# tensorflow>=2.4.1,<=2.13.1  # TF exports (-cpu, -aarch64, -macos)
# tflite-support  # for TFLite model metadata
# scikit-learn==0.19.2  # CoreML quantization
# nvidia-pyindex  # TensorRT export
# nvidia-tensorrt  # TensorRT export
logging = [
    "comet", # https://docs.ultralytics.com/integrations/comet/
    "tensorboard>=2.13.0",
    "dvclive>=2.12.0",
]
extra = [
    "hub-sdk>=0.0.2", # Ultralytics HUB
    "ipython", # interactive notebook
    "albumentations>=1.0.3", # training augmentations
    "pycocotools>=2.0.6", # COCO mAP
]
[project.urls]
"Bug Reports" = "https://github.com/ultralytics/ultralytics/issues"
"Funding" = "https://ultralytics.com"
"Source" = "https://github.com/ultralytics/ultralytics/"
[project.scripts]
yolo = "ultralytics.cfg:entrypoint"
ultralytics = "ultralytics.cfg:entrypoint"
# Tools settings -------------------------------------------------------------------------------------------------------
[tool.setuptools]  # configuration specific to the `setuptools` build backend.
packages = { find = { where = ["."], include = ["ultralytics", "ultralytics.*"] } }
package-data = { "ultralytics" = ["**/*.yaml"], "ultralytics.assets" = ["*.jpg"] }
[tool.setuptools.dynamic]
version = { attr = "ultralytics.__version__" }
[tool.pytest]
norecursedirs = [".git", "dist", "build"]
addopts = "--doctest-modules --durations=30 --color=yes"
[tool.coverage.run]
source = ["ultralytics/"]
data_file = "tests/.coverage"
omit = ["ultralytics/utils/callbacks/*"]
[tool.isort]
line_length = 120
multi_line_output = 0
[tool.yapf]
based_on_style = "pep8"
spaces_before_comment = 2
column_limit = 120
coalesce_brackets = true
spaces_around_power_operator = true
space_between_ending_comma_and_closing_bracket = true
split_before_closing_bracket = false
split_before_first_argument = false
[tool.ruff]
line-length = 120
[tool.docformatter]
wrap-summaries = 120
wrap-descriptions = 120
in-place = true
pre-summary-newline = true
close-quotes-on-newline = true
[tool.codespell]
ignore-words-list = "crate,nd,ned,strack,dota,ane,segway,fo,gool,winn,commend,bloc,nam,afterall"
skip = '*.pt,*.pth,*.torchscript,*.onnx,*.tflite,*.pb,*.bin,*.param,*.mlmodel,*.engine,*.npy,*.data*,*.csv,*pnnx*,*venv*,*translat*,__pycache__*,*.ico,*.jpg,*.png,*.mp4,*.mov,/runs,/.git,./docs/??/*.md,./docs/mkdocs_??.yml'
`cat /repo/pyproject.toml` executes with returncode: 0

[Current directory]:
/
You are currently in a [python:3.10] container.

ENVIRONMENT REMINDER: You have 198 turns left to complete the task.
The container remains in its original state.
---------------------------
### Thought:
Based on the `pyproject.toml` file, it seems the project is using Poetry for dependency management. I will install the dependencies using Poetry.

### Action:
```bash
cd /repo && poetry install
```
### Observation:
Running `cd /repo`...
`cd /repo` executes with returncode: 0
Running `poetry install`...
[31;1m[tool.poetry] section not found in /repo/pyproject.toml[39;22m
The command execution failed, so I have reverted it back to the previous state, which is the environment before running this command.
`poetry install` executes with returncode: 1

[Current directory]:
/
You are currently in a [python:3.10] container.

ENVIRONMENT REMINDER: You have 197 turns left to complete the task.
The container remains in its original state.
---------------------------
### Thought:
The `pyproject.toml` file does not appear to be configured for Poetry, as indicated by the error message. I will now check if there are any other dependency management files like `setup.py` or `requirements.txt` that can guide the installation of dependencies.

### Action:
```bash
ls /repo
```
### Observation:
Running `ls /repo`...
LICENSE.txt  final_patch.diff  main.py	      pyproject.toml  ultralytics
README.md    gitimg	       minimal.ipynb  tests	      weights
`ls /repo` executes with returncode: 0

[Current directory]:
/
You are currently in a [python:3.10] container.

ENVIRONMENT REMINDER: You have 196 turns left to complete the task.
The container remains in its original state.
---------------------------
### Thought:
The repository does not contain a `setup.py` or a `requirements.txt` file, and using Poetry is not feasible due to the absence of the necessary `[tool.poetry]` section in `pyproject.toml`. I will now attempt to run the tests directly to see if any specific dependencies are noted in the error messages. This will provide insight into the required configuration steps.

### Action:
```bash
runtest
```
### Observation:
Running `python /home/tools/runtest.py`...
Error: Please modify the configuration according to the error messages below. Once all issues are resolved, rerun the tests.
INTERNALERROR> Traceback (most recent call last):
INTERNALERROR>   File "/usr/local/lib/python3.10/site-packages/_pytest/main.py", line 281, in wrap_session
INTERNALERROR>     config.hook.pytest_sessionstart(session=session)
INTERNALERROR>   File "/usr/local/lib/python3.10/site-packages/pluggy/_hooks.py", line 513, in __call__
INTERNALERROR>     return self._hookexec(self.name, self._hookimpls.copy(), kwargs, firstresult)
INTERNALERROR>   File "/usr/local/lib/python3.10/site-packages/pluggy/_manager.py", line 120, in _hookexec
INTERNALERROR>     return self._inner_hookexec(hook_name, methods, kwargs, firstresult)
INTERNALERROR>   File "/usr/local/lib/python3.10/site-packages/pluggy/_callers.py", line 139, in _multicall
INTERNALERROR>     raise exception.with_traceback(exception.__traceback__)
INTERNALERROR>   File "/usr/local/lib/python3.10/site-packages/pluggy/_callers.py", line 122, in _multicall
INTERNALERROR>     teardown.throw(exception)  # type: ignore[union-attr]
INTERNALERROR>   File "/usr/local/lib/python3.10/site-packages/_pytest/logging.py", line 782, in pytest_sessionstart
INTERNALERROR>     return (yield)
INTERNALERROR>   File "/usr/local/lib/python3.10/site-packages/pluggy/_callers.py", line 103, in _multicall
INTERNALERROR>     res = hook_impl.function(*args)
INTERNALERROR>   File "/repo/tests/conftest.py", line 65, in pytest_sessionstart
INTERNALERROR>     from ultralytics.utils.torch_utils import init_seeds
INTERNALERROR> ModuleNotFoundError: No module named 'ultralytics'
The command execution failed, so I have reverted it back to the previous state, which is the environment before running this command.
`runtest` executes with returncode: 3

[Current directory]:
/
You are currently in a [python:3.10] container.

ENVIRONMENT REMINDER: You have 195 turns left to complete the task.
The container remains in its original state.
---------------------------
### Thought:
The error indicates that the `ultralytics` module is not found. This module seems to be defined within the project itself. To resolve this, I will install the current directory as a package using pip to ensure that the module is accessible.

### Action:
```bash
pip install -e /repo
```
### Observation:
Running `pip install -e /repo`...
The output is too long, so we've truncated it to show you the first and last 5000 characters.
Running `pip install -e /repo`...
Looking in indexes: http://simple/
Obtaining file:///repo
  Installing build dependencies ... [?25l- \ | / - \ done
  Downloading http://packages/matplotlib/matplotlib-3.10.0-cp310-cp310-manylinux_2_17_x86_64.manylinux2014_x86_64.whl (8.6 MB)
  Downloading http://packages/numpy/numpy-2.2.0-cp310-cp310-manylinux_2_17_x86_64.manylinux2014_x86_64.whl (16.4 MB)
  Downloading http://packages/opencv-python/opencv_python-4.10.0.84-cp37-abi3-manylinux_2_17_x86_64.manylinux2014_x86_64.whl (62.5 MB)
  Downloading http://packages/pillow/pillow-11.0.0-cp310-cp310-manylinux_2_28_x86_64.whl (4.4 MB)
  Downloading http://packages/pyyaml/PyYAML-6.0.2-cp310-cp310-manylinux_2_17_x86_64.manylinux2014_x86_64.whl (751 kB)
  Using cached http://packages/requests/requests-2.32.3-py3-none-any.whl (64 kB)
Collecting scipy>=1.4.1 (from ultralytics==8.1.4)
  Downloading http://packages/scipy/scipy-1.14.1-cp310-cp310-manylinux_2_17_x86_64.manylinux2014_x86_64.whl (41.2 MB)
  Downloading http://packages/torch/torch-2.5.1-cp310-cp310-manylinux1_x86_64.whl (906.4 MB)
  Downloading http://packages/torchvision/torchvision-0.20.1-cp310-cp310-manylinux1_x86_64.whl (7.2 MB)
  Downloading http://packages/tqdm/tqdm-4.67.1-py3-none-any.whl (78 kB)
Collecting psutil (from ultralytics==8.1.4)
  Downloading http://packages/psutil/psutil-6.1.0-cp36-abi3-manylinux_2_12_x86_64.manylinux2010_x86_64.manylinux_2_17_x86_64.manylinux2014_x86_64.whl (287 kB)
Collecting py-cpuinfo (from ultralytics==8.1.4)
  Downloading http://packages/py-cpuinfo/py_cpuinfo-9.0.0-py3-none-any.whl (22 kB)
Collecting thop>=0.1.1 (from ultralytics==8.1.4)
  Downloading http://packages/thop/thop-0.1.1.post2209072238-py3-none-any.whl (15 kB)
Collecting pandas>=1.1.4 (from ultralytics==8.1.4)
  Downloading http://packages/pandas/pandas-2.2.3-cp310-cp310-manylinux_2_17_x86_64.manylinux2014_x86_64.whl (13.1 MB)
  Downloading http://packages/seaborn/seaborn-0.13.2-py3-none-any.whl (294 kB)
Collecting contourpy>=1.0.1 (from matplotlib>=3.3.0->ultralytics==8.1.4)
  Downloading http://packages/contourpy/contourpy-1.3.1-cp310-cp310-manylinux_2_17_x86_64.manylinux2014_x86_64.whl (324 kB)
Collecting cycler>=0.10 (from matplotlib>=3.3.0->ultralytics==8.1.4)
  Downloading http://packages/cycler/cycler-0.12.1-py3-none-any.whl (8.3 kB)
Collecting fonttools>=4.22.0 (from matplotlib>=3.3.0->ultralytics==8.1.4)
  Downloading http://packages/fonttools/fonttools-4.55.3-cp310-cp310-manylinux_2_17_x86_64.manylinux2014_x86_64.whl (4.6 MB)
  Downloading http://packages/kiwisolver/kiwisolver-1.4.7-cp310-cp310-manylinux_2_12_x86_64.manylinux2010_x86_64.whl (1.6 MB)
Collecting pyparsing>=2.3.1 (from matplotlib>=3.3.0->ultralytics==8.1.4)
  Downloading http://packages/pyparsing/pyparsing-3.2.0-py3-none-any.whl (106 kB)
Collecting python-dateutil>=2.7 (from matplotlib>=3.3.0->ultralytics==8.1.4)
  Downloading http://packages/python-dateutil/python_dateutil-2.9.0.post0-py2.py3-none-any.whl (229 kB)
Collecting pytz>=2020.1 (from pandas>=1.1.4->ultralytics==8.1.4)
  Downloading http://packages/pytz/pytz-2024.2-py2.py3-none-any.whl (508 kB)
Collecting tzdata>=2022.7 (from pandas>=1.1.4->ultralytics==8.1.4)
  Downloading http://packages/tzdata/tzdata-2024.2-py2.py3-none-any.whl (346 kB)
Collecting charset-normalizer<4,>=2 (from requests>=2.23.0->ultralytics==8.1.4)
  Using cached http://packages/charset-normalizer/charset_normalizer-3.4.0-cp310-cp310-manylinux_2_17_x86_64.manylinux2014_x86_64.whl (144 kB)
Collecting idna<4,>=2.5 (from requests>=2.23.0->ultralytics==8.1.4)
  Using cached http://packages/idna/idna-3.10-py3-none-any.whl (70 kB)
Collecting urllib3<3,>=1.21.1 (from requests>=2.23.0->ultralytics==8.1.4)
  Using cached http://packages/urllib3/urllib3-2.2.3-py3-none-any.whl (126 kB)
Collecting certifi>=2017.4.17 (from requests>=2.23.0->ultralytics==8.1.4)
  Downloading http://packages/certifi/certifi-2024.12.14-py3-none-any.whl (164 kB)
Collecting filelock (from torch>=1.8.0->ultralytics==8.1.4)
  Using cached http://packages/filelock/filelock-3.16.1-py3-none-any.whl (16 kB)
Collecting typing-extensions>=4.8.0 (from torch>=1.8.0->ultralytics==8.1.4)
  Downloading http://packages/typing-extensions/typing_extensions-4.12.2-py3-none-any.whl (37 kB)
Collecting networkx (from torch>=1.8.0->ultralytics==8.1.4)
  Downloading http://packages/networkx/networkx-3.4.2-py3-none-any.whl (1.7 MB)
  Downloading http://packages/jinja2/jinja2-3.1.4-py3-none-any.whl (133 kB)
Collecting fsspec (from torch>=1.8.0->ultralytics==8.1.4)
  Downloading http://packages/fsspec/fsspec-2024.10.0-py3-none-any.whl (179 kB)
Collecting nvidia-cuda-nvrtc-cu12==12.4.127 (from torch>=1.8.0->ultralytics==8.1.4)
  Downloading http://packages/nvidia-cuda-nvrtc-cu12/nvidia_cuda_nvrtc_cu12-12.4.127-py3-none-manylinux2014_x86_64.whl (24.6 MB)
  Downloading http://packages/nvidia-cuda-runtime-cu12/nvidia_cuda_runtime_cu12-12.4.127-py3-none-manylinux2014_x86_64.whl (883 kB)
  Downloading http://packages/nvidia-cuda-cupti-cu12/nvidia_cuda_cupti_cu12-12.4.127-py3-none-manylinux2014_x86_64.whl (13.8 MB)
  Downloading http://packages/nvidia-cudnn-cu12/nvidia_cudnn_cu12-9.1.0.70-py3-none-manylinux2014_x86_64.whl (664.8 MB)
  Downloading http://pypi..
...[Truncation]...
dia_cusolver_cu12-11.6.1.9-py3-none-manylinux2014_x86_64.whl (127.9 MB)
  Downloading http://packages/nvidia-cusparse-cu12/nvidia_cusparse_cu12-12.3.1.170-py3-none-manylinux2014_x86_64.whl (207.5 MB)
  Downloading http://packages/nvidia-nccl-cu12/nvidia_nccl_cu12-2.21.5-py3-none-manylinux2014_x86_64.whl (188.7 MB)
  Downloading http://packages/nvidia-nvtx-cu12/nvidia_nvtx_cu12-12.4.127-py3-none-manylinux2014_x86_64.whl (99 kB)
Collecting nvidia-nvjitlink-cu12==12.4.127 (from torch>=1.8.0->ultralytics==8.1.4)
  Downloading http://packages/nvidia-nvjitlink-cu12/nvidia_nvjitlink_cu12-12.4.127-py3-none-manylinux2014_x86_64.whl (21.1 MB)
  Downloading http://packages/triton/triton-3.1.0-cp310-cp310-manylinux_2_17_x86_64.manylinux2014_x86_64.whl (209.5 MB)
[?25l     [90mâ”â”â”â”â”â”â”â”â”â”â”â”â”â”â”â”â”â”â”â”â”â”â”â”â”â”â”â”â”â”â”â”â”â”â”â”â”â”â”â”[0m [32m0.0/209.5 MB[0m [31m?[0m eta [36m-:--:--[0m
[2K     [91mâ”â”â”â”â”â”â”â”â”â”[0m[91mâ•¸[0m[90mâ”â”â”â”â”â”â”â”â”â”â”â”â”â”â”â”â”â”â”â”â”â”â”â”â”â”â”[0m [32m59.8/209.5 MB[0m [31m318.0 MB/s[0m eta [36m0:00:01[0m
[2K     [91mâ”â”â”â”â”â”â”â”â”â”â”â”â”â”â”â”â”â”â”â”â”â”[0m[90mâ•º[0m[90mâ”â”â”â”â”â”â”â”â”â”â”â”â”â”[0m [32m124.8/209.5 MB[0m [31m318.5 MB/s[0m eta [36m0:00:01[0m
[2K     [91mâ”â”â”â”â”â”â”â”â”â”â”â”â”â”â”â”â”â”â”â”â”â”â”â”â”â”â”â”â”â”â”â”â”[0m[91mâ•¸[0m[90mâ”â”â”[0m [32m191.6/209.5 MB[0m [31m322.2 MB/s[0m eta [36m0:00:01[0m
[2K     [91mâ”â”â”â”â”â”â”â”â”â”â”â”â”â”â”â”â”â”â”â”â”â”â”â”â”â”â”â”â”â”â”â”â”â”â”â”[0m[91mâ•¸[0m [32m209.5/209.5 MB[0m [31m323.5 MB/s[0m eta [36m0:00:01[0m
[2K     [91mâ”â”â”â”â”â”â”â”â”â”â”â”â”â”â”â”â”â”â”â”â”â”â”â”â”â”â”â”â”â”â”â”â”â”â”â”[0m[91mâ•¸[0m [32m209.5/209.5 MB[0m [31m323.5 MB/s[0m eta [36m0:00:01[0m
[2K     [91mâ”â”â”â”â”â”â”â”â”â”â”â”â”â”â”â”â”â”â”â”â”â”â”â”â”â”â”â”â”â”â”â”â”â”â”â”[0m[91mâ•¸[0m [32m209.5/209.5 MB[0m [31m323.5 MB/s[0m eta [36m0:00:01[0m
[2K     [91mâ”â”â”â”â”â”â”â”â”â”â”â”â”â”â”â”â”â”â”â”â”â”â”â”â”â”â”â”â”â”â”â”â”â”â”â”[0m[91mâ•¸[0m [32m209.5/209.5 MB[0m [31m323.5 MB/s[0m eta [36m0:00:01[0m
[2K     [91mâ”â”â”â”â”â”â”â”â”â”â”â”â”â”â”â”â”â”â”â”â”â”â”â”â”â”â”â”â”â”â”â”â”â”â”â”[0m[91mâ•¸[0m [32m209.5/209.5 MB[0m [31m323.5 MB/s[0m eta [36m0:00:01[0m
[2K     [91mâ”â”â”â”â”â”â”â”â”â”â”â”â”â”â”â”â”â”â”â”â”â”â”â”â”â”â”â”â”â”â”â”â”â”â”â”[0m[91mâ•¸[0m [32m209.5/209.5 MB[0m [31m323.5 MB/s[0m eta [36m0:00:01[0m
[2K     [90mâ”â”â”â”â”â”â”â”â”â”â”â”â”â”â”â”â”â”â”â”â”â”â”â”â”â”â”â”â”â”â”â”â”â”â”â”â”[0m [32m209.5/209.5 MB[0m [31m103.9 MB/s[0m eta [36m0:00:00[0m
[?25hCollecting sympy==1.13.1 (from torch>=1.8.0->ultralytics==8.1.4)
  Downloading http://packages/sympy/sympy-1.13.1-py3-none-any.whl (6.2 MB)
[?25l     [90mâ”â”â”â”â”â”â”â”â”â”â”â”â”â”â”â”â”â”â”â”â”â”â”â”â”â”â”â”â”â”â”â”â”â”â”â”â”â”â”â”[0m [32m0.0/6.2 MB[0m [31m?[0m eta [36m-:--:--[0m
[2K     [90mâ”â”â”â”â”â”â”â”â”â”â”â”â”â”â”â”â”â”â”â”â”â”â”â”â”â”â”â”â”â”â”â”â”â”â”â”â”â”â”â”[0m [32m6.2/6.2 MB[0m [31m107.7 MB/s[0m eta [36m0:00:00[0m
[?25hCollecting mpmath<1.4,>=1.1.0 (from sympy==1.13.1->torch>=1.8.0->ultralytics==8.1.4)
  Downloading http://packages/mpmath/mpmath-1.3.0-py3-none-any.whl (536 kB)
[?25l     [90mâ”â”â”â”â”â”â”â”â”â”â”â”â”â”â”â”â”â”â”â”â”â”â”â”â”â”â”â”â”â”â”â”â”â”â”â”â”â”â”â”[0m [32m0.0/536.2 kB[0m [31m?[0m eta [36m-:--:--[0m
[2K     [90mâ”â”â”â”â”â”â”â”â”â”â”â”â”â”â”â”â”â”â”â”â”â”â”â”â”â”â”â”â”â”â”â”â”â”â”â”â”â”[0m [32m536.2/536.2 kB[0m [31m23.7 MB/s[0m eta [36m0:00:00[0m
[?25hCollecting six>=1.5 (from python-dateutil>=2.7->matplotlib>=3.3.0->ultralytics==8.1.4)
  Downloading http://packages/six/six-1.17.0-py2.py3-none-any.whl (11 kB)
Collecting MarkupSafe>=2.0 (from jinja2->torch>=1.8.0->ultralytics==8.1.4)
  Downloading http://packages/markupsafe/MarkupSafe-3.0.2-cp310-cp310-manylinux_2_17_x86_64.manylinux2014_x86_64.whl (20 kB)
Building wheels for collected packages: ultralytics
  Building editable for ultralytics (pyproject.toml) ... [?25l- done
[?25h  Created wheel for ultralytics: filename=ultralytics-8.1.4-0.editable-py3-none-any.whl size=18352 sha256=6016915ad0ad93f7714da6b1b5cb3c0d9a5a5411c3c08058107d5b33fc550616
  Stored in directory: /tmp/pip-ephem-wheel-cache-4eqwzt1o/wheels/83/05/69/977b54e69478800cfcea8a9437a7ea4a9b1a48db334f824611
Successfully built ultralytics
Installing collected packages: pytz, py-cpuinfo, mpmath, urllib3, tzdata, typing-extensions, tqdm, sympy, six, pyyaml, pyparsing, psutil, pillow, nvidia-nvtx-cu12, nvidia-nvjitlink-cu12, nvidia-nccl-cu12, nvidia-curand-cu12, nvidia-cufft-cu12, nvidia-cuda-runtime-cu12, nvidia-cuda-nvrtc-cu12, nvidia-cuda-cupti-cu12, nvidia-cublas-cu12, numpy, networkx, MarkupSafe, kiwisolver, idna, fsspec, fonttools, filelock, cycler, charset-normalizer, certifi, triton, scipy, requests, python-dateutil, opencv-python, nvidia-cusparse-cu12, nvidia-cudnn-cu12, jinja2, contourpy, pandas, nvidia-cusolver-cu12, matplotlib, torch, seaborn, torchvision, thop, ultralytics
Successfully installed MarkupSafe-3.0.2 certifi-2024.12.14 charset-normalizer-3.4.0 contourpy-1.3.1 cycler-0.12.1 filelock-3.16.1 fonttools-4.55.3 fsspec-2024.10.0 idna-3.10 jinja2-3.1.4 kiwisolver-1.4.7 matplotlib-3.10.0 mpmath-1.3.0 networkx-3.4.2 numpy-2.2.0 nvidia-cublas-cu12-12.4.5.8 nvidia-cuda-cupti-cu12-12.4.127 nvidia-cuda-nvrtc-cu12-12.4.127 nvidia-cuda-runtime-cu12-12.4.127 nvidia-cudnn-cu12-9.1.0.70 nvidia-cufft-cu12-11.2.1.3 nvidia-curand-cu12-10.3.5.147 nvidia-cusolver-cu12-11.6.1.9 nvidia-cusparse-cu12-12.3.1.170 nvidia-nccl-cu12-2.21.5 nvidia-nvjitlink-cu12-12.4.127 nvidia-nvtx-cu12-12.4.127 opencv-python-4.10.0.84 pandas-2.2.3 pillow-11.0.0 psutil-6.1.0 py-cpuinfo-9.0.0 pyparsing-3.2.0 python-dateutil-2.9.0.post0 pytz-2024.2 pyyaml-6.0.2 requests-2.32.3 scipy-1.14.1 seaborn-0.13.2 six-1.17.0 sympy-1.13.1 thop-0.1.1.post2209072238 torch-2.5.1 torchvision-0.20.1 tqdm-4.67.1 triton-3.1.0 typing-extensions-4.12.2 tzdata-2024.2 ultralytics-8.1.4 urllib3-2.2.3
[33mWARNING: Running pip as the 'root' user can result in broken permissions and conflicting behaviour with the system package manager, possibly rendering your system unusable.It is recommended to use a virtual environment instead: https://pip.pypa.io/warnings/venv. Use the --root-user-action option if you know what you are doing and want to suppress this warning.[0m[33m
`pip install -e /repo` executes with returncode: 0

[Current directory]:
/
You are currently in a [python:3.10] container.

ENVIRONMENT REMINDER: You have 194 turns left to complete the task.
The container has successfully executed the following commands in order. Please refer to the execution history, reflect, and decide the subsequent actions. Remember, your ultimate goal is to pass the tests by executing `runtest` or `poetryruntest`.
pip install -e /repo
---------------------------
### Thought:
The `ultralytics` module has been successfully installed in editable mode. Now that the module should be accessible, I will attempt to run the tests again to check for any further configurations needed.

### Action:
```bash
runtest
```
### Observation:
Running `python /home/tools/runtest.py`...
Error: Please modify the configuration according to the error messages below. Once all issues are resolved, rerun the tests.
INTERNALERROR> Traceback (most recent call last):
INTERNALERROR>   File "/usr/local/lib/python3.10/site-packages/_pytest/main.py", line 281, in wrap_session
INTERNALERROR>     config.hook.pytest_sessionstart(session=session)
INTERNALERROR>   File "/usr/local/lib/python3.10/site-packages/pluggy/_hooks.py", line 513, in __call__
INTERNALERROR>     return self._hookexec(self.name, self._hookimpls.copy(), kwargs, firstresult)
INTERNALERROR>   File "/usr/local/lib/python3.10/site-packages/pluggy/_manager.py", line 120, in _hookexec
INTERNALERROR>     return self._inner_hookexec(hook_name, methods, kwargs, firstresult)
INTERNALERROR>   File "/usr/local/lib/python3.10/site-packages/pluggy/_callers.py", line 139, in _multicall
INTERNALERROR>     raise exception.with_traceback(exception.__traceback__)
INTERNALERROR>   File "/usr/local/lib/python3.10/site-packages/pluggy/_callers.py", line 122, in _multicall
INTERNALERROR>     teardown.throw(exception)  # type: ignore[union-attr]
INTERNALERROR>   File "/usr/local/lib/python3.10/site-packages/_pytest/logging.py", line 782, in pytest_sessionstart
INTERNALERROR>     return (yield)
INTERNALERROR>   File "/usr/local/lib/python3.10/site-packages/pluggy/_callers.py", line 103, in _multicall
INTERNALERROR>     res = hook_impl.function(*args)
INTERNALERROR>   File "/repo/tests/conftest.py", line 65, in pytest_sessionstart
INTERNALERROR>     from ultralytics.utils.torch_utils import init_seeds
INTERNALERROR>   File "/repo/ultralytics/__init__.py", line 5, in <module>
INTERNALERROR>     from ultralytics.data.explorer.explorer import Explorer
INTERNALERROR>   File "/repo/ultralytics/data/__init__.py", line 3, in <module>
INTERNALERROR>     from .base import BaseDataset
INTERNALERROR>   File "/repo/ultralytics/data/base.py", line 12, in <module>
INTERNALERROR>     import cv2
INTERNALERROR>   File "/usr/local/lib/python3.10/site-packages/cv2/__init__.py", line 181, in <module>
INTERNALERROR>     bootstrap()
INTERNALERROR>   File "/usr/local/lib/python3.10/site-packages/cv2/__init__.py", line 153, in bootstrap
INTERNALERROR>     native_module = importlib.import_module("cv2")
INTERNALERROR>   File "/usr/local/lib/python3.10/importlib/__init__.py", line 126, in import_module
INTERNALERROR>     return _bootstrap._gcd_import(name[level:], package, level)
INTERNALERROR> ImportError: libGL.so.1: cannot open shared object file: No such file or directory
The command execution failed, so I have reverted it back to the previous state, which is the environment before running this command.
`runtest` executes with returncode: 3

[Current directory]:
/
You are currently in a [python:3.10] container.

ENVIRONMENT REMINDER: You have 193 turns left to complete the task.
The container has successfully executed the following commands in order. Please refer to the execution history, reflect, and decide the subsequent actions. Remember, your ultimate goal is to pass the tests by executing `runtest` or `poetryruntest`.
pip install -e /repo
---------------------------
### Thought:
The error message indicates that the `libGL.so.1` library is missing. This is a common library required by OpenCV. I will install the necessary system package `libgl1` to resolve this issue.

### Action:
```bash
apt-get update -qq && apt-get install -y -qq libgl1
```
### Observation:
Running `apt-get update -qq`...
`apt-get update -qq` executes with returncode: 0
Running `apt-get install -y -qq libgl1`...
The output is too long, so we've truncated it to show you the first and last 5000 characters.
Running `apt-get install -y -qq libgl1`...
debconf: delaying package configuration, since apt-utils is not installed
Selecting previously unselected package libdrm-common.
(Reading database ... 
(Reading database ... 5%
(Reading database ... 10%
(Reading database ... 15%
(Reading database ... 20%
(Reading database ... 25%
(Reading database ... 30%
(Reading database ... 35%
(Reading database ... 40%
(Reading database ... 45%
(Reading database ... 50%
(Reading database ... 55%
(Reading database ... 60%
(Reading database ... 65%
(Reading database ... 70%
(Reading database ... 75%
(Reading database ... 80%
(Reading database ... 85%
(Reading database ... 90%
(Reading database ... 95%
(Reading database ... 100%
(Reading database ... 23969 files and directories currently installed.)
Preparing to unpack .../00-libdrm-common_2.4.114-1_all.deb ...
Unpacking libdrm-common (2.4.114-1) ...
Selecting previously unselected package libdrm2:amd64.
Preparing to unpack .../01-libdrm2_2.4.114-1+b1_amd64.deb ...
Unpacking libdrm2:amd64 (2.4.114-1+b1) ...
Selecting previously unselected package libdrm-amdgpu1:amd64.
Preparing to unpack .../02-libdrm-amdgpu1_2.4.114-1+b1_amd64.deb ...
Unpacking libdrm-amdgpu1:amd64 (2.4.114-1+b1) ...
Selecting previously unselected package libpciaccess0:amd64.
Preparing to unpack .../03-libpciaccess0_0.17-2_amd64.deb ...
Unpacking libpciaccess0:amd64 (0.17-2) ...
Selecting previously unselected package libdrm-intel1:amd64.
Preparing to unpack .../04-libdrm-intel1_2.4.114-1+b1_amd64.deb ...
Unpacking libdrm-intel1:amd64 (2.4.114-1+b1) ...
Selecting previously unselected package libdrm-nouveau2:amd64.
Preparing to unpack .../05-libdrm-nouveau2_2.4.114-1+b1_amd64.deb ...
Unpacking libdrm-nouveau2:amd64 (2.4.114-1+b1) ...
Selecting previously unselected package libdrm-radeon1:amd64.
Preparing to unpack .../06-libdrm-radeon1_2.4.114-1+b1_amd64.deb ...
Unpacking libdrm-radeon1:amd64 (2.4.114-1+b1) ...
Selecting previously unselected package libglvnd0:amd64.
Preparing to unpack .../07-libglvnd0_1.6.0-1_amd64.deb ...
Unpacking libglvnd0:amd64 (1.6.0-1) ...
Selecting previously unselected package libglapi-mesa:amd64.
Preparing to unpack .../08-libglapi-mesa_22.3.6-1+deb12u1_amd64.deb ...
Unpacking libglapi-mesa:amd64 (22.3.6-1+deb12u1) ...
Selecting previously unselected package libx11-xcb1:amd64.
Preparing to unpack .../09-libx11-xcb1_2%3a1.8.4-2+deb12u2_amd64.deb ...
Unpacking libx11-xcb1:amd64 (2:1.8.4-2+deb12u2) ...
Selecting previously unselected package libxcb-dri2-0:amd64.
Preparing to unpack .../10-libxcb-dri2-0_1.15-1_amd64.deb ...
Unpacking libxcb-dri2-0:amd64 (1.15-1) ...
Selecting previously unselected package libxcb-dri3-0:amd64.
Preparing to unpack .../11-libxcb-dri3-0_1.15-1_amd64.deb ...
Unpacking libxcb-dri3-0:amd64 (1.15-1) ...
Selecting previously unselected package libxcb-glx0:amd64.
Preparing to unpack .../12-libxcb-glx0_1.15-1_amd64.deb ...
Unpacking libxcb-glx0:amd64 (1.15-1) ...
Selecting previously unselected package libxcb-present0:amd64.
Preparing to unpack .../13-libxcb-present0_1.15-1_amd64.deb ...
Unpacking libxcb-present0:amd64 (1.15-1) ...
Selecting previously unselected package libxcb-randr0:amd64.
Preparing to unpack .../14-libxcb-randr0_1.15-1_amd64.deb ...
Unpacking libxcb-randr0:amd64 (1.15-1) ...
Selecting previously unselected package libxcb-sync1:amd64.
Preparing to unpack .../15-libxcb-sync1_1.15-1_amd64.deb ...
Unpacking libxcb-sync1:amd64 (1.15-1) ...
Selecting previously unselected package libxcb-xfixes0:amd64.
Preparing to unpack .../16-libxcb-xfixes0_1.15-1_amd64.deb ...
Unpacking libxcb-xfixes0:amd64 (1.15-1) ...
Selecting previously unselected package libxfixes3:amd64.
Preparing to unpack .../17-libxfixes3_1%3a6.0.0-2_amd64.deb ...
Unpacking libxfixes3:amd64 (1:6.0.0-2) ...
Selecting previously unselected package libxshmfence1:amd64.
Preparing to unpack .../18-libxshmfence1_1.3-1_amd64.deb ...
Unpacking libxshmfence1:amd64 (1.3-1) ...
Selecting previously unselected package libxxf86vm1:amd64.
Preparing to unpack .../19-libxxf86vm1_1%3a1.1.4-1+b2_amd64.deb ...
Unpacking libxxf86vm1:amd64 (1:1.1.4-1+b2) ...
Selecting previously unselected package libz3-4:amd64.
Preparing to unpack .../20-libz3-4_4.8.12-3.1_amd64.deb ...
Unpacking libz3-4:amd64 (4.8.12-3.1) ...
Selecting previously unselected package libllvm15:amd64.
Preparing to unpack .../21-libllvm15_1%3a15.0.6-4+b1_amd64.deb ...
Unpacking libllvm15:amd64 (1:15.0.6-4+b1) ...
Selecting previously unselected package libsensors-config.
Preparing to unpack .../22-libsensors-config_1%3a3.6.0-7.1_all.deb ...
Unpacking libsensors-config (1:3.6.0-7.1) ...
Selecting previously unselected package libsensors5:amd64.
Preparing to unpack .../23-libsensors5_1%3a3.6.0-7.1_amd64.deb ...
Unpacking libsensors5:amd64 (1:3.6.0-7.1) ...
Selecting previously unselected package libgl1-mesa-dri:amd64.
Preparing to unpack .../24-libgl1-mesa-dri_22.3.6-1+deb12u1_amd64.deb ...
Unpacking libgl1-mesa-dri:amd64 (22.3.6-1+deb12u1) ...
Selecting previously unselected package libglx-mesa0:amd64.
Preparing to unpack .../25-libglx-mesa0_22.3.6-1+deb12u1_amd64.deb ...
Unpacking libglx-mesa0:amd64 (22.3.6-1+deb12u1) ...
Selecting previously unselected package libglx0:amd64.
Preparing to unpack .../26-libglx0_1.6.0-1_amd64.deb ...
Unpacking libglx0:amd64 (1.6.0-1) ...
Selecting previously unselected package libgl1:amd64.
Preparing to unpack .../27-libgl1_1.6.0-1_amd64.deb ...
Unpacking libgl1:amd64 (1.6.0-1) ...
Setting up libxcb-dri3-0:amd64 (1.15-1) ...
Setting up libx11-xcb1:amd64 (2:1.8.4-2+deb12u2) ...
Setting up libpciaccess0:amd64 (0.17-2) ...
Setting up libxcb-xfixes0:amd64 (1.15-1) ...
Setting up libglvnd0:amd64 (1.6.0-1) ...
Setting up libxcb-glx0:amd64 (1.15-1) ...
Setting up libsensors-config (1:3.6.0-7.1) ...
Setting up libxxf86vm1:amd64 (1:1.1.4-1+b2) ...
Setting up libxcb-present0:amd64 (1.15-1) ...
Setting up libz3-4:amd64 (4.8.12-3.1) ...
Setting up libxfixes3:amd64 (1:6.0.0-2) ...
Setting up libxcb-sync1:amd
...[Truncation]...
mmon_2.4.114-1_all.deb ...
Unpacking libdrm-common (2.4.114-1) ...
Selecting previously unselected package libdrm2:amd64.
Preparing to unpack .../01-libdrm2_2.4.114-1+b1_amd64.deb ...
Unpacking libdrm2:amd64 (2.4.114-1+b1) ...
Selecting previously unselected package libdrm-amdgpu1:amd64.
Preparing to unpack .../02-libdrm-amdgpu1_2.4.114-1+b1_amd64.deb ...
Unpacking libdrm-amdgpu1:amd64 (2.4.114-1+b1) ...
Selecting previously unselected package libpciaccess0:amd64.
Preparing to unpack .../03-libpciaccess0_0.17-2_amd64.deb ...
Unpacking libpciaccess0:amd64 (0.17-2) ...
Selecting previously unselected package libdrm-intel1:amd64.
Preparing to unpack .../04-libdrm-intel1_2.4.114-1+b1_amd64.deb ...
Unpacking libdrm-intel1:amd64 (2.4.114-1+b1) ...
Selecting previously unselected package libdrm-nouveau2:amd64.
Preparing to unpack .../05-libdrm-nouveau2_2.4.114-1+b1_amd64.deb ...
Unpacking libdrm-nouveau2:amd64 (2.4.114-1+b1) ...
Selecting previously unselected package libdrm-radeon1:amd64.
Preparing to unpack .../06-libdrm-radeon1_2.4.114-1+b1_amd64.deb ...
Unpacking libdrm-radeon1:amd64 (2.4.114-1+b1) ...
Selecting previously unselected package libglvnd0:amd64.
Preparing to unpack .../07-libglvnd0_1.6.0-1_amd64.deb ...
Unpacking libglvnd0:amd64 (1.6.0-1) ...
Selecting previously unselected package libglapi-mesa:amd64.
Preparing to unpack .../08-libglapi-mesa_22.3.6-1+deb12u1_amd64.deb ...
Unpacking libglapi-mesa:amd64 (22.3.6-1+deb12u1) ...
Selecting previously unselected package libx11-xcb1:amd64.
Preparing to unpack .../09-libx11-xcb1_2%3a1.8.4-2+deb12u2_amd64.deb ...
Unpacking libx11-xcb1:amd64 (2:1.8.4-2+deb12u2) ...
Selecting previously unselected package libxcb-dri2-0:amd64.
Preparing to unpack .../10-libxcb-dri2-0_1.15-1_amd64.deb ...
Unpacking libxcb-dri2-0:amd64 (1.15-1) ...
Selecting previously unselected package libxcb-dri3-0:amd64.
Preparing to unpack .../11-libxcb-dri3-0_1.15-1_amd64.deb ...
Unpacking libxcb-dri3-0:amd64 (1.15-1) ...
Selecting previously unselected package libxcb-glx0:amd64.
Preparing to unpack .../12-libxcb-glx0_1.15-1_amd64.deb ...
Unpacking libxcb-glx0:amd64 (1.15-1) ...
Selecting previously unselected package libxcb-present0:amd64.
Preparing to unpack .../13-libxcb-present0_1.15-1_amd64.deb ...
Unpacking libxcb-present0:amd64 (1.15-1) ...
Selecting previously unselected package libxcb-randr0:amd64.
Preparing to unpack .../14-libxcb-randr0_1.15-1_amd64.deb ...
Unpacking libxcb-randr0:amd64 (1.15-1) ...
Selecting previously unselected package libxcb-sync1:amd64.
Preparing to unpack .../15-libxcb-sync1_1.15-1_amd64.deb ...
Unpacking libxcb-sync1:amd64 (1.15-1) ...
Selecting previously unselected package libxcb-xfixes0:amd64.
Preparing to unpack .../16-libxcb-xfixes0_1.15-1_amd64.deb ...
Unpacking libxcb-xfixes0:amd64 (1.15-1) ...
Selecting previously unselected package libxfixes3:amd64.
Preparing to unpack .../17-libxfixes3_1%3a6.0.0-2_amd64.deb ...
Unpacking libxfixes3:amd64 (1:6.0.0-2) ...
Selecting previously unselected package libxshmfence1:amd64.
Preparing to unpack .../18-libxshmfence1_1.3-1_amd64.deb ...
Unpacking libxshmfence1:amd64 (1.3-1) ...
Selecting previously unselected package libxxf86vm1:amd64.
Preparing to unpack .../19-libxxf86vm1_1%3a1.1.4-1+b2_amd64.deb ...
Unpacking libxxf86vm1:amd64 (1:1.1.4-1+b2) ...
Selecting previously unselected package libz3-4:amd64.
Preparing to unpack .../20-libz3-4_4.8.12-3.1_amd64.deb ...
Unpacking libz3-4:amd64 (4.8.12-3.1) ...
Selecting previously unselected package libllvm15:amd64.
Preparing to unpack .../21-libllvm15_1%3a15.0.6-4+b1_amd64.deb ...
Unpacking libllvm15:amd64 (1:15.0.6-4+b1) ...
Selecting previously unselected package libsensors-config.
Preparing to unpack .../22-libsensors-config_1%3a3.6.0-7.1_all.deb ...
Unpacking libsensors-config (1:3.6.0-7.1) ...
Selecting previously unselected package libsensors5:amd64.
Preparing to unpack .../23-libsensors5_1%3a3.6.0-7.1_amd64.deb ...
Unpacking libsensors5:amd64 (1:3.6.0-7.1) ...
Selecting previously unselected package libgl1-mesa-dri:amd64.
Preparing to unpack .../24-libgl1-mesa-dri_22.3.6-1+deb12u1_amd64.deb ...
Unpacking libgl1-mesa-dri:amd64 (22.3.6-1+deb12u1) ...
Selecting previously unselected package libglx-mesa0:amd64.
Preparing to unpack .../25-libglx-mesa0_22.3.6-1+deb12u1_amd64.deb ...
Unpacking libglx-mesa0:amd64 (22.3.6-1+deb12u1) ...
Selecting previously unselected package libglx0:amd64.
Preparing to unpack .../26-libglx0_1.6.0-1_amd64.deb ...
Unpacking libglx0:amd64 (1.6.0-1) ...
Selecting previously unselected package libgl1:amd64.
Preparing to unpack .../27-libgl1_1.6.0-1_amd64.deb ...
Unpacking libgl1:amd64 (1.6.0-1) ...
Setting up libxcb-dri3-0:amd64 (1.15-1) ...
Setting up libx11-xcb1:amd64 (2:1.8.4-2+deb12u2) ...
Setting up libpciaccess0:amd64 (0.17-2) ...
Setting up libxcb-xfixes0:amd64 (1.15-1) ...
Setting up libglvnd0:amd64 (1.6.0-1) ...
Setting up libxcb-glx0:amd64 (1.15-1) ...
Setting up libsensors-config (1:3.6.0-7.1) ...
Setting up libxxf86vm1:amd64 (1:1.1.4-1+b2) ...
Setting up libxcb-present0:amd64 (1.15-1) ...
Setting up libz3-4:amd64 (4.8.12-3.1) ...
Setting up libxfixes3:amd64 (1:6.0.0-2) ...
Setting up libxcb-sync1:amd64 (1.15-1) ...
Setting up libsensors5:amd64 (1:3.6.0-7.1) ...
Setting up libglapi-mesa:amd64 (22.3.6-1+deb12u1) ...
Setting up libxcb-dri2-0:amd64 (1.15-1) ...
Setting up libxshmfence1:amd64 (1.3-1) ...
Setting up libxcb-randr0:amd64 (1.15-1) ...
Setting up libllvm15:amd64 (1:15.0.6-4+b1) ...
Setting up libdrm-common (2.4.114-1) ...
Setting up libdrm2:amd64 (2.4.114-1+b1) ...
Setting up libdrm-amdgpu1:amd64 (2.4.114-1+b1) ...
Setting up libdrm-nouveau2:amd64 (2.4.114-1+b1) ...
Setting up libdrm-radeon1:amd64 (2.4.114-1+b1) ...
Setting up libdrm-intel1:amd64 (2.4.114-1+b1) ...
Setting up libgl1-mesa-dri:amd64 (22.3.6-1+deb12u1) ...
Setting up libglx-mesa0:amd64 (22.3.6-1+deb12u1) ...
Setting up libglx0:amd64 (1.6.0-1) ...
Setting up libgl1:amd64 (1.6.0-1) ...
Processing triggers for libc-bin (2.36-9+deb12u9) ...
`apt-get install -y -qq libgl1` executes with returncode: 0

[Current directory]:
/
You are currently in a [python:3.10] container.

ENVIRONMENT REMINDER: You have 192 turns left to complete the task.
The container has successfully executed the following commands in order. Please refer to the execution history, reflect, and decide the subsequent actions. Remember, your ultimate goal is to pass the tests by executing `runtest` or `poetryruntest`.
pip install -e /repo
apt-get update -qq
apt-get install -y -qq libgl1
---------------------------
### Thought:
The necessary system package `libgl1` has been installed. I will now attempt to run the tests again to verify if the previous issue has been resolved and identify any additional configurations that may be required.

### Action:
```bash
runtest
```
### Observation:
Running `python /home/tools/runtest.py`...
Error: Please modify the configuration according to the error messages below. Once all issues are resolved, rerun the tests.
INTERNALERROR> Traceback (most recent call last):
INTERNALERROR>   File "/usr/local/lib/python3.10/site-packages/_pytest/main.py", line 281, in wrap_session
INTERNALERROR>     config.hook.pytest_sessionstart(session=session)
INTERNALERROR>   File "/usr/local/lib/python3.10/site-packages/pluggy/_hooks.py", line 513, in __call__
INTERNALERROR>     return self._hookexec(self.name, self._hookimpls.copy(), kwargs, firstresult)
INTERNALERROR>   File "/usr/local/lib/python3.10/site-packages/pluggy/_manager.py", line 120, in _hookexec
INTERNALERROR>     return self._inner_hookexec(hook_name, methods, kwargs, firstresult)
INTERNALERROR>   File "/usr/local/lib/python3.10/site-packages/pluggy/_callers.py", line 139, in _multicall
INTERNALERROR>     raise exception.with_traceback(exception.__traceback__)
INTERNALERROR>   File "/usr/local/lib/python3.10/site-packages/pluggy/_callers.py", line 122, in _multicall
INTERNALERROR>     teardown.throw(exception)  # type: ignore[union-attr]
INTERNALERROR>   File "/usr/local/lib/python3.10/site-packages/_pytest/logging.py", line 782, in pytest_sessionstart
INTERNALERROR>     return (yield)
INTERNALERROR>   File "/usr/local/lib/python3.10/site-packages/pluggy/_callers.py", line 103, in _multicall
INTERNALERROR>     res = hook_impl.function(*args)
INTERNALERROR>   File "/repo/tests/conftest.py", line 65, in pytest_sessionstart
INTERNALERROR>     from ultralytics.utils.torch_utils import init_seeds
INTERNALERROR>   File "/repo/ultralytics/__init__.py", line 5, in <module>
INTERNALERROR>     from ultralytics.data.explorer.explorer import Explorer
INTERNALERROR>   File "/repo/ultralytics/data/explorer/explorer.py", line 18, in <module>
INTERNALERROR>     from ultralytics.models.yolo.model import YOLO
INTERNALERROR>   File "/repo/ultralytics/models/__init__.py", line 3, in <module>
INTERNALERROR>     from .rtdetr import RTDETR
INTERNALERROR>   File "/repo/ultralytics/models/rtdetr/__init__.py", line 3, in <module>
INTERNALERROR>     from .model import RTDETR
INTERNALERROR>   File "/repo/ultralytics/models/rtdetr/model.py", line 10, in <module>
INTERNALERROR>     from ultralytics.engine.model import Model
INTERNALERROR>   File "/repo/ultralytics/engine/model.py", line 13, in <module>
INTERNALERROR>     from huggingface_hub import PyTorchModelHubMixin
INTERNALERROR> ModuleNotFoundError: No module named 'huggingface_hub'
The command execution failed, so I have reverted it back to the previous state, which is the environment before running this command.
`runtest` executes with returncode: 3

[Current directory]:
/
You are currently in a [python:3.10] container.

ENVIRONMENT REMINDER: You have 191 turns left to complete the task.
The container has successfully executed the following commands in order. Please refer to the execution history, reflect, and decide the subsequent actions. Remember, your ultimate goal is to pass the tests by executing `runtest` or `poetryruntest`.
pip install -e /repo
apt-get update -qq
apt-get install -y -qq libgl1
---------------------------
### Thought:
The error indicates that the `huggingface_hub` module is missing. I will add this dependency to the waiting list and install it.

### Action:
```bash
waitinglist add -p huggingface_hub -t pip
```
### Observation:
Running `waitinglist add -p huggingface_hub -t pip`...
'huggingface_hub' (using pip to download) has been added into the waiting list. If you have multiple elements to add to the waitinglist, you can use && to connect multiple `waitinglist add` statements and surround them with ```bash and ```. Please make sure to write the complete statements; we will only recognize complete statements. Do not use ellipses or other incomplete forms.
[Current directory]:
/
You are currently in a [python:3.10] container.

ENVIRONMENT REMINDER: You have 190 turns left to complete the task.
The container has successfully executed the following commands in order. Please refer to the execution history, reflect, and decide the subsequent actions. Remember, your ultimate goal is to pass the tests by executing `runtest` or `poetryruntest`.
pip install -e /repo
apt-get update -qq
apt-get install -y -qq libgl1
---------------------------
### Thought:
The `huggingface_hub` module has been added to the waiting list. I will now proceed to download it.

### Action:
```bash
download
```
### Observation:
Running `download`...
'huggingface_hub' has been removed from the waiting list.
"huggingface_hub" installed successfully.
In this round, the following third-party libraries were successfully downloaded. They are:
huggingface_hub (using tool pip)
No third-party libraries failed to download in this round.
[Current directory]:
/
You are currently in a [python:3.10] container.

ENVIRONMENT REMINDER: You have 189 turns left to complete the task.
The container has successfully executed the following commands in order. Please refer to the execution history, reflect, and decide the subsequent actions. Remember, your ultimate goal is to pass the tests by executing `runtest` or `poetryruntest`.
pip install -e /repo
apt-get update -qq
apt-get install -y -qq libgl1
python /home/tools/pip_download.py -p huggingface_hub
---------------------------
### Thought:
The `huggingface_hub` module has been successfully installed. I will now attempt to run the tests again to verify if the previous issue has been resolved and to identify any additional configurations that may be needed.

### Action:
```bash
runtest
```
Congratulations, you have successfully configured the environment!
tests/test_cli.py::test_special_modes
tests/test_cli.py::test_train[detect-yolov8n-coco8.yaml]
tests/test_cli.py::test_train[segment-yolov8n-seg-coco8-seg.yaml]
tests/test_cli.py::test_train[classify-yolov8n-cls-imagenet10]
tests/test_cli.py::test_train[pose-yolov8n-pose-coco8-pose.yaml]
tests/test_cli.py::test_train[obb-yolov8n-obb-dota8.yaml]
tests/test_cli.py::test_val[detect-yolov8n-coco8.yaml]
tests/test_cli.py::test_val[segment-yolov8n-seg-coco8-seg.yaml]
tests/test_cli.py::test_val[classify-yolov8n-cls-imagenet10]
tests/test_cli.py::test_val[pose-yolov8n-pose-coco8-pose.yaml]
tests/test_cli.py::test_val[obb-yolov8n-obb-dota8.yaml]
tests/test_cli.py::test_predict[detect-yolov8n-coco8.yaml]
tests/test_cli.py::test_predict[segment-yolov8n-seg-coco8-seg.yaml]
tests/test_cli.py::test_predict[classify-yolov8n-cls-imagenet10]
tests/test_cli.py::test_predict[pose-yolov8n-pose-coco8-pose.yaml]
tests/test_cli.py::test_predict[obb-yolov8n-obb-dota8.yaml]
tests/test_cli.py::test_export[yolov8n-torchscript]
tests/test_cli.py::test_export[yolov8n-seg-torchscript]
tests/test_cli.py::test_export[yolov8n-cls-torchscript]
tests/test_cli.py::test_export[yolov8n-pose-torchscript]
tests/test_cli.py::test_export[yolov8n-obb-torchscript]
tests/test_cli.py::test_rtdetr
tests/test_cli.py::test_fastsam
tests/test_cli.py::test_mobilesam
tests/test_cuda.py::test_checks
tests/test_cuda.py::test_train
tests/test_cuda.py::test_autobatch
tests/test_cuda.py::test_predict_sam
tests/test_engine.py::test_func
tests/test_engine.py::test_export
tests/test_engine.py::test_detect
tests/test_engine.py::test_segment
tests/test_engine.py::test_classify
tests/test_explorer.py::test_similarity
tests/test_explorer.py::test_det
tests/test_explorer.py::test_seg
tests/test_explorer.py::test_pose
tests/test_integrations.py::test_model_ray_tune
tests/test_integrations.py::test_mlflow
tests/test_integrations.py::test_triton
tests/test_integrations.py::test_pycocotools
tests/test_python.py::test_model_forward
tests/test_python.py::test_model_methods
tests/test_python.py::test_model_profile
tests/test_python.py::test_predict_txt
tests/test_python.py::test_predict_img
tests/test_python.py::test_predict_grey_and_4ch
tests/test_python.py::test_track_stream
tests/test_python.py::test_val
tests/test_python.py::test_train_scratch
tests/test_python.py::test_train_pretrained
tests/test_python.py::test_export_torchscript
tests/test_python.py::test_export_onnx
tests/test_python.py::test_export_openvino
tests/test_python.py::test_export_coreml
tests/test_python.py::test_export_tflite
tests/test_python.py::test_export_pb
tests/test_python.py::test_export_paddle
tests/test_python.py::test_all_model_yamls
tests/test_python.py::test_workflow
tests/test_python.py::test_predict_callback_and_setup
tests/test_python.py::test_results
tests/test_python.py::test_data_utils
tests/test_python.py::test_data_converter
tests/test_python.py::test_data_annotator
tests/test_python.py::test_events
tests/test_python.py::test_cfg_init
tests/test_python.py::test_utils_init
tests/test_python.py::test_utils_checks
tests/test_python.py::test_utils_benchmarks
tests/test_python.py::test_utils_torchutils
tests/test_python.py::test_utils_downloads
tests/test_python.py::test_utils_ops
tests/test_python.py::test_utils_files
tests/test_python.py::test_nn_modules_conv
tests/test_python.py::test_nn_modules_block
tests/test_python.py::test_hub
tests/test_python.py::test_classify_transforms_train[None-0.0-False]
tests/test_python.py::test_classify_transforms_train[randaugment-0.5-True]
tests/test_python.py::test_classify_transforms_train[augmix-0.2-False]
tests/test_python.py::test_classify_transforms_train[autoaugment-0.0-True]
tests/test_python.py::test_model_embeddings

93 tests collected in 0.22s
Container b323b4a241f5 stopped and removed
Spend totally 2121.1644983291626.
