2024-12-25T11:03:01.787596107Z [?2004hroot@523cec72f452:/# [7mexport http_proxy= https_proxy= no_proxy=.d.org[27m
[C[C[C[C[C[C[C[C[C[C[C[C[C[C[C[C[C[C[C[C[Cexport http_proxy= https_proxy= no_proxy=.d.org
2024-12-25T11:03:06.822899276Z [?2004l
[?2004hroot@523cec72f452:/# [7mmkdir -p ~/.pip && touch ~/.pip/pip.conf[27m
2024-12-25T11:03:07.066130255Z 
[7mecho "[global]" >> ~/.pip/pip.conf && echo "index-url=/simple/" >> ~/.pip/pip.conf && echo "[install]" >> ~/.pip/pip.conf && echo "trusted-host=dpypi.d.o[27m[7mr[27m[7mg" >> ~/.pip/pip.conf[27m[A[Amkdir -p ~/.pip && touch ~/.pip/pip.conf
2024-12-25T11:03:07.066160603Z 
echo "[global]" >> ~/.pip/pip.conf && echo "index-url=/simple/" >> ~/.pip/pip.conf && echo "[install]" >> ~/.pip/pip.conf && echo "trusted-host=dpypi.d.org" >> ~/.pip/pip.conf
2024-12-25T11:03:12.021705045Z [?2004l
[?2004hroot@523cec72f452:/# [7mapt-get update && apt-get install -y curl[27m
[C[C[C[C[C[C[C[C[C[C[C[C[C[C[C[C[C[C[C[C[Capt-get update && apt-get install -y curl
2024-12-25T11:03:12.205065129Z [?2004l

0% [Working]
            
Get:1 http://deb.debian.org/debian bookworm InRelease [151 kB]
2024-12-25T11:03:12.563919475Z 
0% [1 InRelease 2056 B/151 kB 1%]
                                 
0% [Working]
0% [Waiting for headers]
                        
Get:2 http://deb.debian.org/debian bookworm-updates InRelease [55.4 kB]
2024-12-25T11:03:12.667206294Z 
0% [2 InRelease 2058 B/55.4 kB 4%]
                                  
0% [Working]
0% [Waiting for headers]
                        
Get:3 http://deb.debian.org/debian-security bookworm-security InRelease [48.0 kB]
2024-12-25T11:03:12.827127069Z 
0% [3 InRelease 2018 B/48.0 kB 4%]
                                  
0% [Working]
16% [Waiting for headers]
                         
Get:4 http://deb.debian.org/debian bookworm/main amd64 Packages [8789 kB]
2024-12-25T11:03:13.348992228Z 
16% [4 Packages 2050 B/8789 kB 0%]
                                  
91% [Waiting for headers]
91% [4 Packages store 0 B] [Waiting for headers]
                                                
Get:5 http://deb.debian.org/debian bookworm-updates/main amd64 Packages [8856 B]
2024-12-25T11:03:13.498976511Z 
91% [4 Packages store 0 B] [5 Packages 8847 B/8856 B 100%]
                                                          
91% [4 Packages store 0 B] [Waiting for headers]
                                                
Get:6 http://deb.debian.org/debian-security bookworm-security/main amd64 Packages [236 kB]
2024-12-25T11:03:14.337848173Z 
92% [4 Packages store 0 B] [6 Packages 53.7 kB/236 kB 23%]
                                                          
93% [4 Packages store 0 B]
93% [4 Packages store 0 B]
                          
96% [Working]
96% [5 Packages store 0 B]
                          
98% [Working]
98% [6 Packages store 0 B]
                          
100% [Working]
              
Fetched 9288 kB in 2s (4034 kB/s)
2024-12-25T11:03:14.845759797Z 
Reading package lists... 0%

Reading package lists... 0%

Reading package lists... 0%

Reading package lists... 96%

Reading package lists... 96%

Reading package lists... 96%

Reading package lists... 96%

Reading package lists... 99%

Reading package lists... 99%

Reading package lists... Done

2024-12-25T11:03:15.364235103Z 
Reading package lists... 0%

Reading package lists... 0%

Reading package lists... 0%

Reading package lists... 96%

Reading package lists... 96%

Reading package lists... 96%

Reading package lists... 96%

Reading package lists... 99%

Reading package lists... 99%

Reading package lists... Done

2024-12-25T11:03:15.494059430Z 
Building dependency tree... 0%

Building dependency tree... 0%

Building dependency tree... 50%

Building dependency tree... 50%

Building dependency tree... Done

2024-12-25T11:03:15.494355884Z 
Reading state information... 0% 

Reading state information... 0%

Reading state information... Done

2024-12-25T11:03:15.617018840Z The following additional packages will be installed:
2024-12-25T11:03:15.617504792Z   libcurl3-gnutls libcurl4 libcurl4-openssl-dev
2024-12-25T11:03:15.618178847Z Suggested packages:
2024-12-25T11:03:15.618187546Z   libcurl4-doc libidn-dev libldap2-dev librtmp-dev libssh2-1-dev
2024-12-25T11:03:15.639239280Z The following packages will be upgraded:
2024-12-25T11:03:15.639883485Z   curl libcurl3-gnutls libcurl4 libcurl4-openssl-dev
2024-12-25T11:03:15.643726949Z 4 upgraded, 0 newly installed, 0 to remove and 39 not upgraded.
2024-12-25T11:03:15.643735331Z Need to get 1581 kB of archives.
2024-12-25T11:03:15.643737505Z After this operation, 0 B of additional disk space will be used.
2024-12-25T11:03:15.805316409Z 
0% [Working]
            
Get:1 http://deb.debian.org/debian bookworm/main amd64 libcurl4-openssl-dev amd64 7.88.1-10+deb12u8 [491 kB]
2024-12-25T11:03:16.337775359Z 
0% [1 libcurl4-openssl-dev 1992 B/491 kB 0%]
                                            
30% [Working]
             
Get:2 http://deb.debian.org/debian bookworm/main amd64 curl amd64 7.88.1-10+deb12u8 [315 kB]
2024-12-25T11:03:16.490588112Z 
30% [2 curl 7220 B/315 kB 2%]
                             
51% [Waiting for headers]
                         
Get:3 http://deb.debian.org/debian bookworm/main amd64 libcurl4 amd64 7.88.1-10+deb12u8 [390 kB]
2024-12-25T11:03:16.632508382Z 
52% [3 libcurl4 14.9 kB/390 kB 4%]
                                  
76% [Waiting for headers]
                         
Get:4 http://deb.debian.org/debian bookworm/main amd64 libcurl3-gnutls amd64 7.88.1-10+deb12u8 [385 kB]
2024-12-25T11:03:16.702145208Z 
76% [4 libcurl3-gnutls 16.1 kB/385 kB 4%]
                                         
100% [Working]
              
Fetched 1581 kB in 1s (1494 kB/s)
2024-12-25T11:03:16.840985821Z debconf: delaying package configuration, since apt-utils is not installed
2024-12-25T11:03:16.892705610Z (Reading database ... 
(Reading database ... 5%
(Reading database ... 10%
(Reading database ... 15%
(Reading database ... 20%
(Reading database ... 25%
(Reading database ... 30%
(Reading database ... 35%
(Reading database ... 40%
(Reading database ... 45%
(Reading database ... 50%
(Reading database ... 55%
(Reading database ... 60%
(Reading database ... 65%
(Reading database ... 70%
(Reading database ... 75%
(Reading database ... 80%
(Reading database ... 85%
(Reading database ... 90%
(Reading database ... 95%
(Reading database ... 100%
(Reading database ... 23969 files and directories currently installed.)
2024-12-25T11:03:16.893443169Z Preparing to unpack .../libcurl4-openssl-dev_7.88.1-10+deb12u8_amd64.deb ...
2024-12-25T11:03:16.899302748Z Unpacking libcurl4-openssl-dev:amd64 (7.88.1-10+deb12u8) over (7.88.1-10+deb12u7) ...
2024-12-25T11:03:16.968569737Z Preparing to unpack .../curl_7.88.1-10+deb12u8_amd64.deb ...
2024-12-25T11:03:16.974105774Z Unpacking curl (7.88.1-10+deb12u8) over (7.88.1-10+deb12u7) ...
2024-12-25T11:03:17.022464890Z Preparing to unpack .../libcurl4_7.88.1-10+deb12u8_amd64.deb ...
2024-12-25T11:03:17.029215417Z Unpacking libcurl4:amd64 (7.88.1-10+deb12u8) over (7.88.1-10+deb12u7) ...
2024-12-25T11:03:17.084484222Z Preparing to unpack .../libcurl3-gnutls_7.88.1-10+deb12u8_amd64.deb ...
2024-12-25T11:03:17.089317835Z Unpacking libcurl3-gnutls:amd64 (7.88.1-10+deb12u8) over (7.88.1-10+deb12u7) ...
2024-12-25T11:03:17.150888003Z Setting up libcurl3-gnutls:amd64 (7.88.1-10+deb12u8) ...
2024-12-25T11:03:17.155812745Z Setting up libcurl4:amd64 (7.88.1-10+deb12u8) ...
2024-12-25T11:03:17.160531077Z Setting up curl (7.88.1-10+deb12u8) ...
2024-12-25T11:03:17.164885116Z Setting up libcurl4-openssl-dev:amd64 (7.88.1-10+deb12u8) ...
2024-12-25T11:03:17.169778225Z Processing triggers for libc-bin (2.36-9+deb12u8) ...
2024-12-25T11:03:18.986518779Z [?2004hroot@523cec72f452:/# [7mpip install pytest[27mpip install pytest
2024-12-25T11:03:20.527197097Z [?2004l
Looking in indexes: /simple/
2024-12-25T11:03:20.667308989Z Collecting pytest
2024-12-25T11:03:20.684546618Z   Downloading /packages/pytest/pytest-8.3.4-py3-none-any.whl (343 kB)
2024-12-25T11:03:20.702945795Z [?25l     [90m‚îÅ‚îÅ‚îÅ‚îÅ‚îÅ‚îÅ‚îÅ‚îÅ‚îÅ‚îÅ‚îÅ‚îÅ‚îÅ‚îÅ‚îÅ‚îÅ‚îÅ‚îÅ‚îÅ‚îÅ‚îÅ‚îÅ‚îÅ‚îÅ‚îÅ‚îÅ‚îÅ‚îÅ‚îÅ‚îÅ‚îÅ‚îÅ‚îÅ‚îÅ‚îÅ‚îÅ‚îÅ‚îÅ‚îÅ‚îÅ[0m [32m0.0/343.1 kB[0m [31m?[0m eta [36m-:--:--[0m
[2K     [90m‚îÅ‚îÅ‚îÅ‚îÅ‚îÅ‚îÅ‚îÅ‚îÅ‚îÅ‚îÅ‚îÅ‚îÅ‚îÅ‚îÅ‚îÅ‚îÅ‚îÅ‚îÅ‚îÅ‚îÅ‚îÅ‚îÅ‚îÅ‚îÅ‚îÅ‚îÅ‚îÅ‚îÅ‚îÅ‚îÅ‚îÅ‚îÅ‚îÅ‚îÅ‚îÅ‚îÅ‚îÅ‚îÅ‚îÅ‚îÅ[0m [32m343.1/343.1 kB[0m [31m24.4 MB/s[0m eta [36m0:00:00[0m
2024-12-25T11:03:20.757159824Z [?25hCollecting exceptiongroup>=1.0.0rc8
2024-12-25T11:03:20.772685883Z   Downloading /packages/exceptiongroup/exceptiongroup-1.2.2-py3-none-any.whl (16 kB)
2024-12-25T11:03:20.824778758Z Collecting packaging
2024-12-25T11:03:20.842796099Z   Downloading /packages/packaging/packaging-24.2-py3-none-any.whl (65 kB)
2024-12-25T11:03:20.853440313Z [?25l     [90m‚îÅ‚îÅ‚îÅ‚îÅ‚îÅ‚îÅ‚îÅ‚îÅ‚îÅ‚îÅ‚îÅ‚îÅ‚îÅ‚îÅ‚îÅ‚îÅ‚îÅ‚îÅ‚îÅ‚îÅ‚îÅ‚îÅ‚îÅ‚îÅ‚îÅ‚îÅ‚îÅ‚îÅ‚îÅ‚îÅ‚îÅ‚îÅ‚îÅ‚îÅ‚îÅ‚îÅ‚îÅ‚îÅ‚îÅ‚îÅ[0m [32m0.0/65.5 kB[0m [31m?[0m eta [36m-:--:--[0m
[2K     [90m‚îÅ‚îÅ‚îÅ‚îÅ‚îÅ‚îÅ‚îÅ‚îÅ‚îÅ‚îÅ‚îÅ‚îÅ‚îÅ‚îÅ‚îÅ‚îÅ‚îÅ‚îÅ‚îÅ‚îÅ‚îÅ‚îÅ‚îÅ‚îÅ‚îÅ‚îÅ‚îÅ‚îÅ‚îÅ‚îÅ‚îÅ‚îÅ‚îÅ‚îÅ‚îÅ‚îÅ‚îÅ‚îÅ‚îÅ‚îÅ[0m [32m65.5/65.5 kB[0m [31m8.1 MB/s[0m eta [36m0:00:00[0m
2024-12-25T11:03:20.890095923Z [?25hCollecting pluggy<2,>=1.5
2024-12-25T11:03:20.908837539Z   Downloading /packages/pluggy/pluggy-1.5.0-py3-none-any.whl (20 kB)
2024-12-25T11:03:20.957851393Z Collecting tomli>=1
2024-12-25T11:03:20.976047894Z   Downloading /packages/tomli/tomli-2.2.1-py3-none-any.whl (14 kB)
2024-12-25T11:03:21.001584463Z Collecting iniconfig
2024-12-25T11:03:21.031724073Z   Downloading /packages/iniconfig/iniconfig-2.0.0-py3-none-any.whl (5.9 kB)
2024-12-25T11:03:21.113317908Z Installing collected packages: tomli, pluggy, packaging, iniconfig, exceptiongroup, pytest
2024-12-25T11:03:21.415861516Z Successfully installed exceptiongroup-1.2.2 iniconfig-2.0.0 packaging-24.2 pluggy-1.5.0 pytest-8.3.4 tomli-2.2.1
2024-12-25T11:03:21.416016979Z [33mWARNING: Running pip as the 'root' user can result in broken permissions and conflicting behaviour with the system package manager. It is recommended to use a virtual environment instead: https://pip.pypa.io/warnings/venv[0m[33m
2024-12-25T11:03:21.523301165Z [0m
2024-12-25T11:03:21.523324713Z [1m[[0m[34;49mnotice[0m[1;39;49m][0m[39;49m A new release of pip is available: [0m[31;49m23.0.1[0m[39;49m -> [0m[32;49m24.3.1[0m
2024-12-25T11:03:21.523328539Z [1m[[0m[34;49mnotice[0m[1;39;49m][0m[39;49m To update, run: [0m[32;49mpip install --upgrade pip[0m
2024-12-25T11:03:47.735035580Z [?2004hroot@523cec72f452:/# pip install [7mvolfpeter/htmy[27m[1Pvolfpeter/htm[K[K[K[K[K[K[K[K[K[K[K[K[Khttps://github.com/[7mvolfpeter/htmy[27mvolfpeter/htmy.gi
2024-12-25T11:03:48.075220226Z [?2004l
Looking in indexes: /simple/
2024-12-25T11:03:48.082204551Z Collecting https://github.com/volfpeter/htmy.gi
2024-12-25T11:03:48.918766056Z [31m  ERROR: HTTP error 404 while getting https://github.com/volfpeter/htmy.gi[0m[31m
2024-12-25T11:03:48.918972719Z [0m[31mERROR: Could not install requirement https://github.com/volfpeter/htmy.gi because of HTTP error 404 Client Error: Not Found for url: https://github.com/volfpeter/htmy.gi for URL https://github.com/volfpeter/htmy.gi[0m[31m
2024-12-25T11:03:48.928026433Z [0m
2024-12-25T11:03:48.928052902Z [1m[[0m[34;49mnotice[0m[1;39;49m][0m[39;49m A new release of pip is available: [0m[31;49m23.0.1[0m[39;49m -> [0m[32;49m24.3.1[0m
2024-12-25T11:03:48.928056680Z [1m[[0m[34;49mnotice[0m[1;39;49m][0m[39;49m To update, run: [0m[32;49mpip install --upgrade pip[0m
2024-12-25T11:03:50.544079031Z [?2004hroot@523cec72f452:/# pip install https://github.com/volfpeter/htmy.git
2024-12-25T11:03:50.893311217Z [?2004l
Looking in indexes: /simple/
2024-12-25T11:03:50.900068155Z Collecting https://github.com/volfpeter/htmy.git
2024-12-25T11:03:52.266487398Z   Downloading https://github.com/volfpeter/htmy.git
2024-12-25T11:03:52.611793169Z [?25l     [32m-[0m [32m0 s[0m [31m?[0m [33m0:00:00[0m
[2K     [32m-[0m [32m10.2 kB[0m [31m?[0m [33m0:00:00[0m
[2K     [32m-[0m [32m10.2 kB[0m [31m?[0m [33m0:00:00[0m
[2K     [32m\[0m [32m32.8 kB[0m [31m300.8 kB/s[0m [33m0:00:00[0m
[2K     [32m\[0m [32m53.2 kB[0m [31m382.5 kB/s[0m [33m0:00:00[0m
[2K     [32m|[0m [32m73.7 kB[0m [31m435.4 kB/s[0m [33m0:00:00[0m
[2K     [32m|[0m [32m108.5 kB[0m [31m532.7 kB/s[0m [33m0:00:00[0m
[2K     [32m|[0m [32m151.6 kB[0m [31m648.0 kB/s[0m [33m0:00:00[0m
[2K     [32m/[0m [32m215.0 kB[0m [31m812.6 kB/s[0m [33m0:00:00[0m
[2K     [32m/[0m [32m305.2 kB[0m [31m1.0 MB/s[0m [33m0:00:00[0m
[2K     [32m/[0m [32m383.9 kB[0m [31m1.2 MB/s[0m [33m0:00:00[0m
2024-12-25T11:03:52.612707652Z [?25h[31m  ERROR: Cannot unpack file /tmp/pip-unpack-st4ut7e2/htmy.git (downloaded from /tmp/pip-req-build-f92uvhkm, content-type: text/html; charset=utf-8); cannot detect archive format[0m[31m
2024-12-25T11:03:52.612967209Z [0m[31mERROR: Cannot determine archive format of /tmp/pip-req-build-f92uvhkm[0m[31m
2024-12-25T11:03:52.616549721Z [0m
2024-12-25T11:03:52.616561280Z [1m[[0m[34;49mnotice[0m[1;39;49m][0m[39;49m A new release of pip is available: [0m[31;49m23.0.1[0m[39;49m -> [0m[32;49m24.3.1[0m
2024-12-25T11:03:52.616565748Z [1m[[0m[34;49mnotice[0m[1;39;49m][0m[39;49m To update, run: [0m[32;49mpip install --upgrade pip[0m
2024-12-25T11:04:00.667487327Z [?2004hroot@523cec72f452:/# clear
2024-12-25T11:04:10.230353270Z [?2004l
[H[2J[3J[?2004hroot@523cec72f452:/# git clone https://gihu[K[Ktub[K[Khub.com/[7mvolfpeter/htmy[27mvolfpeter/htmy.git
2024-12-25T11:04:10.233442170Z [?2004l
Cloning into 'htmy'...
2024-12-25T11:04:11.744008850Z remote: Enumerating objects: 397, done.[K
2024-12-25T11:04:11.761218460Z remote: Counting objects:   0% (1/146)[K
remote: Counting objects:   1% (2/146)[K
remote: Counting objects:   2% (3/146)[K
remote: Counting objects:   3% (5/146)[K
remote: Counting objects:   4% (6/146)[K
remote: Counting objects:   5% (8/146)[K
remote: Counting objects:   6% (9/146)[K
remote: Counting objects:   7% (11/146)[K
remote: Counting objects:   8% (12/146)[K
remote: Counting objects:   9% (14/146)[K
remote: Counting objects:  10% (15/146)[K
remote: Counting objects:  11% (17/146)[K
remote: Counting objects:  12% (18/146)[K
remote: Counting objects:  13% (19/146)[K
remote: Counting objects:  14% (21/146)[K
remote: Counting objects:  15% (22/146)[K
remote: Counting objects:  16% (24/146)[K
remote: Counting objects:  17% (25/146)[K
remote: Counting objects:  18% (27/146)[K
remote: Counting objects:  19% (28/146)[K
remote: Counting objects:  20% (30/146)[K
remote: Counting objects:  21% (31/146)[K
remote: Counting objects:  22% (33/146)[K
remote: Counting objects:  23% (34/146)[K
remote: Counting objects:  24% (36/146)[K
remote: Counting objects:  25% (37/146)[K
remote: Counting objects:  26% (38/146)[K
remote: Counting objects:  27% (40/146)[K
remote: Counting objects:  28% (41/146)[K
remote: Counting objects:  29% (43/146)[K
remote: Counting objects:  30% (44/146)[K
remote: Counting objects:  31% (46/146)[K
remote: Counting objects:  32% (47/146)[K
remote: Counting objects:  33% (49/146)[K
remote: Counting objects:  34% (50/146)[K
remote: Counting objects:  35% (52/146)[K
remote: Counting objects:  36% (53/146)[K
remote: Counting objects:  37% (55/146)[K
remote: Counting objects:  38% (56/146)[K
remote: Counting objects:  39% (57/146)[K
remote: Counting objects:  40% (59/146)[K
remote: Counting objects:  41% (60/146)[K
remote: Counting objects:  42% (62/146)[K
remote: Counting objects:  43% (63/146)[K
remote: Counting objects:  44% (65/146)[K
remote: Counting objects:  45% (66/146)[K
remote: Counting objects:  46% (68/146)[K
remote: Counting objects:  47% (69/146)[K
remote: Counting objects:  48% (71/146)[K
remote: Counting objects:  49% (72/146)[K
remote: Counting objects:  50% (73/146)[K
remote: Counting objects:  51% (75/146)[K
remote: Counting objects:  52% (76/146)[K
remote: Counting objects:  53% (78/146)[K
remote: Counting objects:  54% (79/146)[K
remote: Counting objects:  55% (81/146)[K
remote: Counting objects:  56% (82/146)[K
remote: Counting objects:  57% (84/146)[K
remote: Counting objects:  58% (85/146)[K
remote: Counting objects:  59% (87/146)[K
remote: Counting objects:  60% (88/146)[K
remote: Counting objects:  61% (90/146)[K
remote: Counting objects:  62% (91/146)[K
remote: Counting objects:  63% (92/146)[K
remote: Counting objects:  64% (94/146)[K
remote: Counting objects:  65% (95/146)[K
remote: Counting objects:  66% (97/146)[K
remote: Counting objects:  67% (98/146)[K
remote: Counting objects:  68% (100/146)[K
remote: Counting objects:  69% (101/146)[K
remote: Counting objects:  70% (103/146)[K
remote: Counting objects:  71% (104/146)[K
remote: Counting objects:  72% (106/146)[K
remote: Counting objects:  73% (107/146)[K
remote: Counting objects:  74% (109/146)[K
remote: Counting objects:  75% (110/146)[K
remote: Counting objects:  76% (111/146)[K
remote: Counting objects:  77% (113/146)[K
remote: Counting objects:  78% (114/146)[K
remote: Counting objects:  79% (116/146)[K
remote: Counting objects:  80% (117/146)[K
remote: Counting objects:  81% (119/146)[K
remote: Counting objects:  82% (120/146)[K
remote: Counting objects:  83% (122/146)[K
remote: Counting objects:  84% (123/146)[K
remote: Counting objects:  85% (125/146)[K
remote: Counting objects:  86% (126/146)[K
remote: Counting objects:  87% (128/146)[K
remote: Counting objects:  88% (129/146)[K
remote: Counting objects:  89% (130/146)[K
remote: Counting objects:  90% (132/146)[K
remote: Counting objects:  91% (133/146)[K
remote: Counting objects:  92% (135/146)[K
remote: Counting objects:  93% (136/146)[K
remote: Counting objects:  94% (138/146)[K
remote: Counting objects:  95% (139/146)[K
remote: Counting objects:  96% (141/146)[K
remote: Counting objects:  97% (142/146)[K
remote: Counting objects:  98% (144/146)[K
remote: Counting objects:  99% (145/146)[K
remote: Counting objects: 100% (146/146)[K
remote: Counting objects: 100% (146/146), done.[K
2024-12-25T11:04:11.768127865Z remote: Compressing objects:   1% (1/88)[K
remote: Compressing objects:   2% (2/88)[K
remote: Compressing objects:   3% (3/88)[K
remote: Compressing objects:   4% (4/88)[K
remote: Compressing objects:   5% (5/88)[K
remote: Compressing objects:   6% (6/88)[K
remote: Compressing objects:   7% (7/88)[K
remote: Compressing objects:   9% (8/88)[K
remote: Compressing objects:  10% (9/88)[K
remote: Compressing objects:  11% (10/88)[K
remote: Compressing objects:  12% (11/88)[K
remote: Compressing objects:  13% (12/88)[K
remote: Compressing objects:  14% (13/88)[K
remote: Compressing objects:  15% (14/88)[K
remote: Compressing objects:  17% (15/88)[K
remote: Compressing objects:  18% (16/88)[K
remote: Compressing objects:  19% (17/88)[K
remote: Compressing objects:  20% (18/88)[K
remote: Compressing objects:  21% (19/88)[K
remote: Compressing objects:  22% (20/88)[K
remote: Compressing objects:  23% (21/88)[K
remote: Compressing objects:  25% (22/88)[K
remote: Compressing objects:  26% (23/88)[K
remote: Compressing objects:  27% (24/88)[K
remote: Compressing objects:  28% (25/88)[K
remote: Compressing objects:  29% (26/88)[K
remote: Compressing objects:  30% (27/88)[K
remote: Compressing objects:  31% (28/88)[K
remote: Compressing objects:  32% (29/88)[K
remote: Compressing objects:  34% (30/88)[K
remote: Compressing objects:  35% (31/88)[K
remote: Compressing objects:  36% (32/88)[K
remote: Compressing objects:  37% (33/88)[K
remote: Compressing objects:  38% (34/88)[K
remote: Compressing objects:  39% (35/88)[K
remote: Compressing objects:  40% (36/88)[K
remote: Compressing objects:  42% (37/88)[K
remote: Compressing objects:  43% (38/88)[K
remote: Compressing objects:  44% (39/88)[K
remote: Compressing objects:  45% (40/88)[K
remote: Compressing objects:  46% (41/88)[K
remote: Compressing objects:  47% (42/88)[K
remote: Compressing objects:  48% (43/88)[K
remote: Compressing objects:  50% (44/88)[K
remote: Compressing objects:  51% (45/88)[K
remote: Compressing objects:  52% (46/88)[K
remote: Compressing objects:  53% (47/88)[K
remote: Compressing objects:  54% (48/88)[K
remote: Compressing objects:  55% (49/88)[K
remote: Compressing objects:  56% (50/88)[K
remote: Compressing objects:  57% (51/88)[K
remote: Compressing objects:  59% (52/88)[K
remote: Compressing objects:  60% (53/88)[K
remote: Compressing objects:  61% (54/88)[K
remote: Compressing objects:  62% (55/88)[K
remote: Compressing objects:  63% (56/88)[K
remote: Compressing objects:  64% (57/88)[K
remote: Compressing objects:  65% (58/88)[K
remote: Compressing objects:  67% (59/88)[K
remote: Compressing objects:  68% (60/88)[K
remote: Compressing objects:  69% (61/88)[K
remote: Compressing objects:  70% (62/88)[K
remote: Compressing objects:  71% (63/88)[K
remote: Compressing objects:  72% (64/88)[K
remote: Compressing objects:  73% (65/88)[K
remote: Compressing objects:  75% (66/88)[K
remote: Compressing objects:  76% (67/88)[K
remote: Compressing objects:  77% (68/88)[K
remote: Compressing objects:  78% (69/88)[K
remote: Compressing objects:  79% (70/88)[K
remote: Compressing objects:  80% (71/88)[K
remote: Compressing objects:  81% (72/88)[K
remote: Compressing objects:  82% (73/88)[K
remote: Compressing objects:  84% (74/88)[K
remote: Compressing objects:  85% (75/88)[K
remote: Compressing objects:  86% (76/88)[K
remote: Compressing objects:  87% (77/88)[K
remote: Compressing objects:  88% (78/88)[K
remote: Compressing objects:  89% (79/88)[K
remote: Compressing objects:  90% (80/88)[K
remote: Compressing objects:  92% (81/88)[K
remote: Compressing objects:  93% (82/88)[K
remote: Compressing objects:  94% (83/88)[K
remote: Compressing objects:  95% (84/88)[K
remote: Compressing objects:  96% (85/88)[K
remote: Compressing objects:  97% (86/88)[K
remote: Compressing objects:  98% (87/88)[K
remote: Compressing objects: 100% (88/88)[K
remote: Compressing objects: 100% (88/88), done.[K
2024-12-25T11:04:12.137245796Z Receiving objects:   0% (1/397)
Receiving objects:   1% (4/397)
Receiving objects:   2% (8/397)
Receiving objects:   3% (12/397)
Receiving objects:   4% (16/397)
Receiving objects:   5% (20/397)
Receiving objects:   6% (24/397)
Receiving objects:   7% (28/397)
Receiving objects:   8% (32/397)
Receiving objects:   9% (36/397)
Receiving objects:  10% (40/397)
Receiving objects:  11% (44/397)
Receiving objects:  12% (48/397)
Receiving objects:  13% (52/397)
Receiving objects:  14% (56/397)
Receiving objects:  15% (60/397)
Receiving objects:  16% (64/397)
Receiving objects:  17% (68/397)
Receiving objects:  18% (72/397)
Receiving objects:  19% (76/397)
Receiving objects:  20% (80/397)
Receiving objects:  21% (84/397)
Receiving objects:  22% (88/397)
Receiving objects:  23% (92/397)
Receiving objects:  24% (96/397)
Receiving objects:  25% (100/397)
Receiving objects:  26% (104/397)
Receiving objects:  27% (108/397)
Receiving objects:  28% (112/397)
Receiving objects:  29% (116/397)
Receiving objects:  30% (120/397)
Receiving objects:  31% (124/397)
Receiving objects:  32% (128/397)
Receiving objects:  33% (132/397)
Receiving objects:  34% (135/397)
Receiving objects:  35% (139/397)
Receiving objects:  36% (143/397)
Receiving objects:  37% (147/397)
Receiving objects:  38% (151/397)
Receiving objects:  39% (155/397)
Receiving objects:  40% (159/397)
Receiving objects:  41% (163/397)
Receiving objects:  42% (167/397)
Receiving objects:  43% (171/397)
Receiving objects:  44% (175/397)
Receiving objects:  45% (179/397)
Receiving objects:  46% (183/397)
Receiving objects:  47% (187/397)
Receiving objects:  48% (191/397)
Receiving objects:  49% (195/397)
Receiving objects:  50% (199/397)
Receiving objects:  51% (203/397)
Receiving objects:  52% (207/397)
Receiving objects:  53% (211/397)
Receiving objects:  54% (215/397)
Receiving objects:  55% (219/397)
Receiving objects:  56% (223/397)
Receiving objects:  57% (227/397)
Receiving objects:  58% (231/397)
Receiving objects:  59% (235/397)
Receiving objects:  60% (239/397)
Receiving objects:  61% (243/397)
Receiving objects:  62% (247/397)
Receiving objects:  63% (251/397)
Receiving objects:  64% (255/397)
Receiving objects:  65% (259/397)
Receiving objects:  66% (263/397)
Receiving objects:  67% (266/397)
Receiving objects:  68% (270/397)
Receiving objects:  69% (274/397)
Receiving objects:  70% (278/397)
Receiving objects:  71% (282/397)
Receiving objects:  72% (286/397)
Receiving objects:  73% (290/397)
Receiving objects:  74% (294/397)
Receiving objects:  75% (298/397)
Receiving objects:  76% (302/397)
Receiving objects:  77% (306/397)
Receiving objects:  78% (310/397)
Receiving objects:  79% (314/397)
Receiving objects:  80% (318/397)
Receiving objects:  81% (322/397)
Receiving objects:  82% (326/397)
Receiving objects:  83% (330/397)
Receiving objects:  84% (334/397)
Receiving objects:  85% (338/397)
Receiving objects:  86% (342/397)
Receiving objects:  87% (346/397)
Receiving objects:  88% (350/397)
Receiving objects:  89% (354/397)
Receiving objects:  90% (358/397)
Receiving objects:  91% (362/397)
Receiving objects:  92% (366/397)
Receiving objects:  93% (370/397)
Receiving objects:  94% (374/397)
Receiving objects:  95% (378/397)
Receiving objects:  96% (382/397)
Receiving objects:  97% (386/397)
remote: Total 397 (delta 67), reused 101 (delta 45), pack-reused 251 (from 1)[K
2024-12-25T11:04:12.137513777Z Receiving objects:  98% (390/397)
Receiving objects:  99% (394/397)
Receiving objects: 100% (397/397)
Receiving objects: 100% (397/397), 824.14 KiB | 2.27 MiB/s, done.
2024-12-25T11:04:12.144164919Z Resolving deltas:   0% (0/184)
Resolving deltas:   1% (2/184)
Resolving deltas:   2% (4/184)
Resolving deltas:   3% (6/184)
Resolving deltas:   4% (8/184)
Resolving deltas:   5% (10/184)
Resolving deltas:   6% (12/184)
Resolving deltas:   7% (13/184)
Resolving deltas:   8% (16/184)
Resolving deltas:   9% (17/184)
Resolving deltas:  10% (19/184)
Resolving deltas:  11% (21/184)
Resolving deltas:  12% (23/184)
Resolving deltas:  13% (24/184)
Resolving deltas:  14% (26/184)
Resolving deltas:  15% (28/184)
Resolving deltas:  16% (31/184)
Resolving deltas:  17% (32/184)
Resolving deltas:  18% (34/184)
Resolving deltas:  19% (36/184)
Resolving deltas:  21% (39/184)
Resolving deltas:  22% (41/184)
Resolving deltas:  23% (43/184)
Resolving deltas:  24% (45/184)
Resolving deltas:  25% (47/184)
Resolving deltas:  26% (48/184)
Resolving deltas:  27% (50/184)
Resolving deltas:  28% (52/184)
Resolving deltas:  29% (54/184)
Resolving deltas:  30% (56/184)
Resolving deltas:  31% (58/184)
Resolving deltas:  33% (61/184)
Resolving deltas:  34% (64/184)
Resolving deltas:  35% (65/184)
Resolving deltas:  36% (67/184)
Resolving deltas:  38% (70/184)
Resolving deltas:  39% (72/184)
Resolving deltas:  40% (74/184)
Resolving deltas:  41% (76/184)
Resolving deltas:  42% (79/184)
Resolving deltas:  43% (80/184)
Resolving deltas:  44% (81/184)
Resolving deltas:  45% (83/184)
Resolving deltas:  46% (85/184)
Resolving deltas:  47% (88/184)
Resolving deltas:  50% (92/184)
Resolving deltas:  51% (95/184)
Resolving deltas:  52% (97/184)
Resolving deltas:  54% (100/184)
Resolving deltas:  55% (102/184)
Resolving deltas:  56% (104/184)
Resolving deltas:  57% (105/184)
Resolving deltas:  58% (107/184)
Resolving deltas:  59% (110/184)
Resolving deltas:  60% (111/184)
Resolving deltas:  63% (117/184)
Resolving deltas:  64% (118/184)
Resolving deltas:  65% (120/184)
Resolving deltas:  66% (122/184)
Resolving deltas:  67% (124/184)
Resolving deltas:  69% (127/184)
Resolving deltas:  70% (129/184)
Resolving deltas:  71% (131/184)
Resolving deltas:  72% (133/184)
Resolving deltas:  73% (136/184)
Resolving deltas:  74% (137/184)
Resolving deltas:  75% (138/184)
Resolving deltas:  76% (140/184)
Resolving deltas:  77% (142/184)
Resolving deltas:  78% (144/184)
Resolving deltas:  79% (146/184)
Resolving deltas:  80% (148/184)
Resolving deltas:  82% (152/184)
Resolving deltas:  84% (155/184)
Resolving deltas:  85% (158/184)
Resolving deltas:  86% (160/184)
Resolving deltas:  88% (162/184)
Resolving deltas:  89% (165/184)
Resolving deltas:  90% (167/184)
Resolving deltas:  91% (168/184)
Resolving deltas:  92% (170/184)
Resolving deltas:  93% (172/184)
Resolving deltas:  94% (173/184)
Resolving deltas:  95% (175/184)
Resolving deltas:  96% (177/184)
Resolving deltas:  97% (179/184)
Resolving deltas:  98% (181/184)
Resolving deltas:  99% (183/184)
Resolving deltas: 100% (184/184)
Resolving deltas: 100% (184/184), done.
2024-12-25T11:04:16.709063974Z [?2004hroot@523cec72f452:/# cd htmy/
2024-12-25T11:04:17.297984872Z [?2004l
[?2004hroot@523cec72f452:/htmy# ls
2024-12-25T11:04:17.299442627Z [?2004l
LICENSE  README.md  docs  examples  htmy  mkdocs.yaml  pyproject.toml  tests
2024-12-25T11:04:27.375505862Z [?2004hroot@523cec72f452:/htmy# git clo[K[Kheckout [7m0322a3996e87e8f3a29eca7d48099c069562c0d4[27m
[C[C[C[C[C[C[C[C[C[C[C[C[C[C[C[C[C[C[C[C[C[C[C[C[C[C[C[C[C[C[C[C[C[C[C[C[C[C0322a3996e87e8f3a29eca7d48099c069562c0d4
2024-12-25T11:04:27.379145568Z [?2004l
Note: switching to '0322a3996e87e8f3a29eca7d48099c069562c0d4'.
2024-12-25T11:04:27.379165255Z 
2024-12-25T11:04:27.379168463Z You are in 'detached HEAD' state. You can look around, make experimental
2024-12-25T11:04:27.379170997Z changes and commit them, and you can discard any commits you make in this
2024-12-25T11:04:27.379174020Z state without impacting any branches by switching back to a branch.
2024-12-25T11:04:27.379177040Z 
2024-12-25T11:04:27.379179692Z If you want to create a new branch to retain commits you create, you may
2024-12-25T11:04:27.379181978Z do so (now or later) by using -c with the switch command. Example:
2024-12-25T11:04:27.379184654Z 
2024-12-25T11:04:27.379186761Z   git switch -c <new-branch-name>
2024-12-25T11:04:27.379189144Z 
2024-12-25T11:04:27.379191282Z Or undo this operation with:
2024-12-25T11:04:27.379193503Z 
2024-12-25T11:04:27.379196118Z   git switch -
2024-12-25T11:04:27.379198261Z 
2024-12-25T11:04:27.379200413Z Turn off this advice by setting config variable advice.detachedHead to false
2024-12-25T11:04:27.379202598Z 
2024-12-25T11:04:27.379204590Z HEAD is now at 0322a39 Merge pull request #21 from volfpeter/snippet-and-md-text-preprocessing
2024-12-25T11:04:28.671844697Z [?2004hroot@523cec72f452:/htmy# clear
2024-12-25T11:04:29.158051350Z [?2004l
[H[2J[3J[?2004hroot@523cec72f452:/htmy# ls
2024-12-25T11:04:29.159490642Z [?2004l
LICENSE  README.md  docs  examples  htmy  mkdocs.yaml  pyproject.toml  tests
2024-12-25T11:04:34.143548048Z [?2004hroot@523cec72f452:/htmy# pi[K[Kpip install -e .
2024-12-25T11:04:34.486466294Z [?2004l
Looking in indexes: /simple/
2024-12-25T11:04:34.486798917Z Obtaining file:///htmy
2024-12-25T11:04:35.295754840Z   Installing build dependencies ... [?25l- \ | done
2024-12-25T11:04:35.383872782Z [?25h  Checking if build backend supports build_editable ... [?25ldone
2024-12-25T11:04:35.469769712Z [?25h  Getting requirements to build editable ... [?25ldone
2024-12-25T11:04:35.719965129Z [?25h  Preparing editable metadata (pyproject.toml) ... [?25ldone
2024-12-25T11:04:35.796341110Z [?25hCollecting anyio<5.0.0,>=4.6.2.post1
2024-12-25T11:04:35.818775857Z   Downloading /packages/anyio/anyio-4.7.0-py3-none-any.whl (93 kB)
2024-12-25T11:04:35.831977588Z [?25l     [90m‚îÅ‚îÅ‚îÅ‚îÅ‚îÅ‚îÅ‚îÅ‚îÅ‚îÅ‚îÅ‚îÅ‚îÅ‚îÅ‚îÅ‚îÅ‚îÅ‚îÅ‚îÅ‚îÅ‚îÅ‚îÅ‚îÅ‚îÅ‚îÅ‚îÅ‚îÅ‚îÅ‚îÅ‚îÅ‚îÅ‚îÅ‚îÅ‚îÅ‚îÅ‚îÅ‚îÅ‚îÅ‚îÅ‚îÅ‚îÅ[0m [32m0.0/93.1 kB[0m [31m?[0m eta [36m-:--:--[0m
[2K     [90m‚îÅ‚îÅ‚îÅ‚îÅ‚îÅ‚îÅ‚îÅ‚îÅ‚îÅ‚îÅ‚îÅ‚îÅ‚îÅ‚îÅ‚îÅ‚îÅ‚îÅ‚îÅ‚îÅ‚îÅ‚îÅ‚îÅ‚îÅ‚îÅ‚îÅ‚îÅ‚îÅ‚îÅ‚îÅ‚îÅ‚îÅ‚îÅ‚îÅ‚îÅ‚îÅ‚îÅ‚îÅ‚îÅ‚îÅ‚îÅ[0m [32m93.1/93.1 kB[0m [31m9.4 MB/s[0m eta [36m0:00:00[0m
2024-12-25T11:04:35.881786667Z [?25hCollecting markdown<4.0,>=3.7
2024-12-25T11:04:35.900916406Z   Downloading /packages/markdown/Markdown-3.7-py3-none-any.whl (106 kB)
2024-12-25T11:04:35.908666423Z [?25l     [90m‚îÅ‚îÅ‚îÅ‚îÅ‚îÅ‚îÅ‚îÅ‚îÅ‚îÅ‚îÅ‚îÅ‚îÅ‚îÅ‚îÅ‚îÅ‚îÅ‚îÅ‚îÅ‚îÅ‚îÅ‚îÅ‚îÅ‚îÅ‚îÅ‚îÅ‚îÅ‚îÅ‚îÅ‚îÅ‚îÅ‚îÅ‚îÅ‚îÅ‚îÅ‚îÅ‚îÅ‚îÅ‚îÅ‚îÅ‚îÅ[0m [32m0.0/106.3 kB[0m [31m?[0m eta [36m-:--:--[0m
[2K     [90m‚îÅ‚îÅ‚îÅ‚îÅ‚îÅ‚îÅ‚îÅ‚îÅ‚îÅ‚îÅ‚îÅ‚îÅ‚îÅ‚îÅ‚îÅ‚îÅ‚îÅ‚îÅ‚îÅ‚îÅ‚îÅ‚îÅ‚îÅ‚îÅ‚îÅ‚îÅ‚îÅ‚îÅ‚îÅ‚îÅ‚îÅ‚îÅ‚îÅ‚îÅ‚îÅ‚îÅ‚îÅ‚îÅ‚îÅ‚îÅ[0m [32m106.3/106.3 kB[0m [31m25.5 MB/s[0m eta [36m0:00:00[0m
2024-12-25T11:04:35.935496052Z [?25hCollecting async-lru<3.0.0,>=2.0.4
2024-12-25T11:04:35.959301673Z   Downloading /packages/async-lru/async_lru-2.0.4-py3-none-any.whl (6.1 kB)
2024-12-25T11:04:35.987973990Z Requirement already satisfied: exceptiongroup>=1.0.2 in /usr/local/lib/python3.10/site-packages (from anyio<5.0.0,>=4.6.2.post1->htmy==0.3.6) (1.2.2)
2024-12-25T11:04:36.020549853Z Collecting idna>=2.8
2024-12-25T11:04:36.036859850Z   Downloading /packages/idna/idna-3.10-py3-none-any.whl (70 kB)
2024-12-25T11:04:36.047671296Z [?25l     [90m‚îÅ‚îÅ‚îÅ‚îÅ‚îÅ‚îÅ‚îÅ‚îÅ‚îÅ‚îÅ‚îÅ‚îÅ‚îÅ‚îÅ‚îÅ‚îÅ‚îÅ‚îÅ‚îÅ‚îÅ‚îÅ‚îÅ‚îÅ‚îÅ‚îÅ‚îÅ‚îÅ‚îÅ‚îÅ‚îÅ‚îÅ‚îÅ‚îÅ‚îÅ‚îÅ‚îÅ‚îÅ‚îÅ‚îÅ‚îÅ[0m [32m0.0/70.4 kB[0m [31m?[0m eta [36m-:--:--[0m
[2K     [90m‚îÅ‚îÅ‚îÅ‚îÅ‚îÅ‚îÅ‚îÅ‚îÅ‚îÅ‚îÅ‚îÅ‚îÅ‚îÅ‚îÅ‚îÅ‚îÅ‚îÅ‚îÅ‚îÅ‚îÅ‚îÅ‚îÅ‚îÅ‚îÅ‚îÅ‚îÅ‚îÅ‚îÅ‚îÅ‚îÅ‚îÅ‚îÅ‚îÅ‚îÅ‚îÅ‚îÅ‚îÅ‚îÅ‚îÅ‚îÅ[0m [32m70.4/70.4 kB[0m [31m8.8 MB/s[0m eta [36m0:00:00[0m
2024-12-25T11:04:36.071570136Z [?25hCollecting sniffio>=1.1
2024-12-25T11:04:36.091270496Z   Downloading /packages/sniffio/sniffio-1.3.1-py3-none-any.whl (10 kB)
2024-12-25T11:04:36.141186249Z Collecting typing_extensions>=4.5
2024-12-25T11:04:36.159992595Z   Downloading /packages/typing-extensions/typing_extensions-4.12.2-py3-none-any.whl (37 kB)
2024-12-25T11:04:36.197625021Z Building wheels for collected packages: htmy
2024-12-25T11:04:36.448428968Z   Building editable for htmy (pyproject.toml) ... [?25ldone
2024-12-25T11:04:36.449107194Z [?25h  Created wheel for htmy: filename=htmy-0.3.6-py3-none-any.whl size=7621 sha256=c384fc1a6eaf15b38cbfeb6bc97d1c8d9ed3017704075624094361b5175117d4
2024-12-25T11:04:36.449330887Z   Stored in directory: /tmp/pip-ephem-wheel-cache-see3i9ji/wheels/d5/33/bf/bb014228a32148a3d04cc5a3fccf3d5bb59b2a09808cf52144
2024-12-25T11:04:36.451503427Z Successfully built htmy
2024-12-25T11:04:36.555868750Z Installing collected packages: typing_extensions, sniffio, markdown, idna, async-lru, anyio, htmy
2024-12-25T11:04:36.856502601Z Successfully installed anyio-4.7.0 async-lru-2.0.4 htmy-0.3.6 idna-3.10 markdown-3.7 sniffio-1.3.1 typing_extensions-4.12.2
2024-12-25T11:04:36.856808660Z [33mWARNING: Running pip as the 'root' user can result in broken permissions and conflicting behaviour with the system package manager. It is recommended to use a virtual environment instead: https://pip.pypa.io/warnings/venv[0m[33m
2024-12-25T11:04:36.860443217Z [0m
2024-12-25T11:04:36.860450229Z [1m[[0m[34;49mnotice[0m[1;39;49m][0m[39;49m A new release of pip is available: [0m[31;49m23.0.1[0m[39;49m -> [0m[32;49m24.3.1[0m
2024-12-25T11:04:36.860453383Z [1m[[0m[34;49mnotice[0m[1;39;49m][0m[39;49m To update, run: [0m[32;49mpip install --upgrade pip[0m
2024-12-25T11:04:44.458750689Z [?2004hroot@523cec72f452:/htmy# pytest ==c[K[K[K--collecti[K-only -q
2024-12-25T11:04:44.782006709Z [?2004l
[31mERROR: usage: pytest [options] [file_or_dir] [file_or_dir] [...]
2024-12-25T11:04:44.782032932Z pytest: error: unrecognized arguments: --random-order
2024-12-25T11:04:44.782035509Z   inifile: /htmy/pyproject.toml
2024-12-25T11:04:44.782037574Z   rootdir: /htmy
2024-12-25T11:04:44.782039921Z [0m
2024-12-25T11:05:13.235433619Z [?2004hroot@523cec72f452:/htmy# pytest --collect-only -q
2024-12-25T11:05:13.438058734Z [?2004l
[31mERROR: usage: pytest [options] [file_or_dir] [file_or_dir] [...]
2024-12-25T11:05:13.438085421Z pytest: error: unrecognized arguments: --random-order
2024-12-25T11:05:13.438088366Z   inifile: /htmy/pyproject.toml
2024-12-25T11:05:13.438090759Z   rootdir: /htmy
2024-12-25T11:05:13.438092940Z [0m
2024-12-25T11:05:18.568855259Z [?2004hroot@523cec72f452:/htmy# ls
2024-12-25T11:05:18.570170125Z [?2004l
LICENSE  README.md  docs  examples  htmy  mkdocs.yaml  pyproject.toml  tests
2024-12-25T11:05:31.903229331Z [?2004hroot@523cec72f452:/htmy# pytest [K[K[K[K[K[K[Kpytest --collect0[K-only -q
2024-12-25T11:05:32.100819789Z [?2004l
[31mERROR: usage: pytest [options] [file_or_dir] [file_or_dir] [...]
2024-12-25T11:05:32.100848096Z pytest: error: unrecognized arguments: --random-order
2024-12-25T11:05:32.100850803Z   inifile: /htmy/pyproject.toml
2024-12-25T11:05:32.100852920Z   rootdir: /htmy
2024-12-25T11:05:32.100854947Z [0m
2024-12-25T11:05:36.272123337Z [?2004hroot@523cec72f452:/htmy# clear
2024-12-25T11:05:37.508018752Z [?2004l
[H[2J[3J[?2004hroot@523cec72f452:/htmy# cd ..
2024-12-25T11:05:38.966245587Z [?2004l
[?2004hroot@523cec72f452:/# cd htmy/
2024-12-25T11:05:39.474225765Z [?2004l
[?2004hroot@523cec72f452:/htmy# ls
2024-12-25T11:05:39.475540445Z [?2004l
LICENSE  README.md  docs  examples  htmy  mkdocs.yaml  pyproject.toml  tests
2024-12-25T11:05:45.914123940Z [?2004hroot@523cec72f452:/htmy# pyts[Kew[Kst
2024-12-25T11:05:46.117706630Z [?2004l
[31mERROR: usage: pytest [options] [file_or_dir] [file_or_dir] [...]
2024-12-25T11:05:46.117735066Z pytest: error: unrecognized arguments: --random-order
2024-12-25T11:05:46.117738234Z   inifile: /htmy/pyproject.toml
2024-12-25T11:05:46.117740644Z   rootdir: /htmy
2024-12-25T11:05:46.117743575Z [0m
2024-12-25T11:06:01.768569252Z [?2004hroot@523cec72f452:/htmy# pytst[K[Kest --collect-0[Konly -q
2024-12-25T11:06:01.972709203Z [?2004l
[31mERROR: usage: pytest [options] [file_or_dir] [file_or_dir] [...]
2024-12-25T11:06:01.972736454Z pytest: error: unrecognized arguments: --random-order
2024-12-25T11:06:01.972739288Z   inifile: /htmy/pyproject.toml
2024-12-25T11:06:01.972741561Z   rootdir: /htmy
2024-12-25T11:06:01.972743748Z [0m
2024-12-25T11:06:07.477342940Z [?2004hroot@523cec72f452:/htmy# pip ist[K[Knstall pytest
2024-12-25T11:06:07.818960177Z [?2004l
Looking in indexes: /simple/
2024-12-25T11:06:07.819342546Z Requirement already satisfied: pytest in /usr/local/lib/python3.10/site-packages (8.3.4)
2024-12-25T11:06:07.834848911Z Requirement already satisfied: exceptiongroup>=1.0.0rc8 in /usr/local/lib/python3.10/site-packages (from pytest) (1.2.2)
2024-12-25T11:06:07.836683663Z Requirement already satisfied: tomli>=1 in /usr/local/lib/python3.10/site-packages (from pytest) (2.2.1)
2024-12-25T11:06:07.837095359Z Requirement already satisfied: iniconfig in /usr/local/lib/python3.10/site-packages (from pytest) (2.0.0)
2024-12-25T11:06:07.837397132Z Requirement already satisfied: packaging in /usr/local/lib/python3.10/site-packages (from pytest) (24.2)
2024-12-25T11:06:07.838102187Z Requirement already satisfied: pluggy<2,>=1.5 in /usr/local/lib/python3.10/site-packages (from pytest) (1.5.0)
2024-12-25T11:06:07.928402042Z [33mWARNING: Running pip as the 'root' user can result in broken permissions and conflicting behaviour with the system package manager. It is recommended to use a virtual environment instead: https://pip.pypa.io/warnings/venv[0m[33m
2024-12-25T11:06:07.931780304Z [0m
2024-12-25T11:06:07.931790728Z [1m[[0m[34;49mnotice[0m[1;39;49m][0m[39;49m A new release of pip is available: [0m[31;49m23.0.1[0m[39;49m -> [0m[32;49m24.3.1[0m
2024-12-25T11:06:07.931794379Z [1m[[0m[34;49mnotice[0m[1;39;49m][0m[39;49m To update, run: [0m[32;49mpip install --upgrade pip[0m
2024-12-25T11:06:10.595752041Z [?2004hroot@523cec72f452:/htmy# pytest [K
2024-12-25T11:06:10.802623603Z [?2004l
[31mERROR: usage: pytest [options] [file_or_dir] [file_or_dir] [...]
2024-12-25T11:06:10.802652897Z pytest: error: unrecognized arguments: --random-order
2024-12-25T11:06:10.802656017Z   inifile: /htmy/pyproject.toml
2024-12-25T11:06:10.802658272Z   rootdir: /htmy
2024-12-25T11:06:10.802660348Z [0m
2024-12-25T11:06:25.889022839Z [?2004hroot@523cec72f452:/htmy# clear[K[K[K[K[Kcat pyproject.toml 
2024-12-25T11:06:25.890572335Z [?2004l
[tool.poetry]
2024-12-25T11:06:25.890593474Z name = "htmy"
2024-12-25T11:06:25.890596472Z version = "0.3.6"
2024-12-25T11:06:25.890598950Z description = "Async, pure-Python rendering engine."
2024-12-25T11:06:25.890601341Z authors = ["Peter Volf <do.volfp@gmail.com>"]
2024-12-25T11:06:25.890603971Z license = "MIT"
2024-12-25T11:06:25.890606154Z readme = "README.md"
2024-12-25T11:06:25.890608247Z 
2024-12-25T11:06:25.890610320Z [tool.poetry.dependencies]
2024-12-25T11:06:25.890612515Z python = "^3.10"
2024-12-25T11:06:25.890614711Z anyio = "^4.6.2.post1"
2024-12-25T11:06:25.890616823Z async-lru = "^2.0.4"
2024-12-25T11:06:25.890618886Z markdown = "^3.7"
2024-12-25T11:06:25.890621075Z 
2024-12-25T11:06:25.890623056Z [tool.poetry.group.dev.dependencies]
2024-12-25T11:06:25.890625160Z mkdocs-material = "^9.5.39"
2024-12-25T11:06:25.890627323Z mkdocstrings = {extras = ["python"], version = "^0.26.1"}
2024-12-25T11:06:25.890629633Z mypy = "^1.11.2"
2024-12-25T11:06:25.890631710Z poethepoet = "^0.29.0"
2024-12-25T11:06:25.890633755Z pytest = "^8.3.3"
2024-12-25T11:06:25.890635814Z pytest-asyncio = "^0.24.0"
2024-12-25T11:06:25.890655403Z pytest-random-order = "^1.1.1"
2024-12-25T11:06:25.890659797Z ruff = "^0.6.8"
2024-12-25T11:06:25.890661726Z types-markdown = "^3.7.0.20240822"
2024-12-25T11:06:25.890669355Z typing-extensions = "^4.12.2"
2024-12-25T11:06:25.890673718Z 
2024-12-25T11:06:25.890675566Z [build-system]
2024-12-25T11:06:25.890677391Z requires = ["poetry-core"]
2024-12-25T11:06:25.890679292Z build-backend = "poetry.core.masonry.api"
2024-12-25T11:06:25.890681224Z 
2024-12-25T11:06:25.890682955Z [tool.mypy]
2024-12-25T11:06:25.890684751Z strict = true
2024-12-25T11:06:25.890686544Z show_error_codes = true
2024-12-25T11:06:25.890688426Z 
2024-12-25T11:06:25.890690203Z [tool.pytest.ini_options]
2024-12-25T11:06:25.890692050Z addopts = "--random-order"
2024-12-25T11:06:25.890694112Z 
2024-12-25T11:06:25.890695876Z [tool.ruff]
2024-12-25T11:06:25.890697656Z line-length = 108
2024-12-25T11:06:25.890699578Z exclude = [
2024-12-25T11:06:25.890701359Z     ".git",
2024-12-25T11:06:25.890703208Z     ".mypy_cache",
2024-12-25T11:06:25.890705099Z     ".pytest_cache",
2024-12-25T11:06:25.890706926Z     ".ruff_cache",
2024-12-25T11:06:25.890708733Z     ".venv",
2024-12-25T11:06:25.890710721Z     "dist",
2024-12-25T11:06:25.890712528Z     "docs",
2024-12-25T11:06:25.890714317Z ]
2024-12-25T11:06:25.890716082Z lint.select = [
2024-12-25T11:06:25.890717889Z     "E",  # pycodestyle errors
2024-12-25T11:06:25.890719895Z     "W",  # pycodestyle warnings
2024-12-25T11:06:25.890721736Z     "F",  # pyflakes
2024-12-25T11:06:25.890723556Z     "I",  # isort
2024-12-25T11:06:25.890725430Z     "S",  # flake8-bandit - we must ignore these rules in tests
2024-12-25T11:06:25.890727435Z     "C",  # flake8-comprehensions
2024-12-25T11:06:25.890729268Z     "B",  # flake8-bugbear
2024-12-25T11:06:25.890731080Z ]
2024-12-25T11:06:25.890732839Z 
2024-12-25T11:06:25.890734632Z [tool.ruff.lint.per-file-ignores]
2024-12-25T11:06:25.890736528Z "tests/**/*" = ["S101"]  # S101: use of assert detected
2024-12-25T11:06:25.890738565Z 
2024-12-25T11:06:25.890740292Z [tool.poe.tasks]
2024-12-25T11:06:25.890742119Z check-format = "ruff format --check ."
2024-12-25T11:06:25.890743995Z format = "ruff format ."
2024-12-25T11:06:25.890745874Z lint = "ruff check ."
2024-12-25T11:06:25.890750522Z lint-fix = "ruff . --fix"
2024-12-25T11:06:25.890752512Z mypy = "mypy ."
2024-12-25T11:06:25.890754395Z test = "python -m pytest tests"
2024-12-25T11:06:25.890756261Z static-checks.sequence = ["lint", "check-format", "mypy"]
2024-12-25T11:06:25.890758375Z static-checks.ignore_fail = "return_non_zero"
2024-12-25T11:07:09.276786536Z serve-docs = "mkdocs serve"[?2004hroot@523cec72f452:/htmy# pp[Kip install [7mpytest-random-order[27mpytest-random-order
2024-12-25T11:07:09.619941018Z [?2004l
Looking in indexes: /simple/
2024-12-25T11:07:09.655406643Z Collecting pytest-random-order
2024-12-25T11:07:09.681806215Z   Downloading /packages/pytest-random-order/pytest_random_order-1.1.1-py3-none-any.whl (11 kB)
2024-12-25T11:07:09.688719624Z Requirement already satisfied: pytest>=3.0.0 in /usr/local/lib/python3.10/site-packages (from pytest-random-order) (8.3.4)
2024-12-25T11:07:09.706028740Z Requirement already satisfied: exceptiongroup>=1.0.0rc8 in /usr/local/lib/python3.10/site-packages (from pytest>=3.0.0->pytest-random-order) (1.2.2)
2024-12-25T11:07:09.706404020Z Requirement already satisfied: packaging in /usr/local/lib/python3.10/site-packages (from pytest>=3.0.0->pytest-random-order) (24.2)
2024-12-25T11:07:09.706772503Z Requirement already satisfied: iniconfig in /usr/local/lib/python3.10/site-packages (from pytest>=3.0.0->pytest-random-order) (2.0.0)
2024-12-25T11:07:09.707490606Z Requirement already satisfied: pluggy<2,>=1.5 in /usr/local/lib/python3.10/site-packages (from pytest>=3.0.0->pytest-random-order) (1.5.0)
2024-12-25T11:07:09.708976864Z Requirement already satisfied: tomli>=1 in /usr/local/lib/python3.10/site-packages (from pytest>=3.0.0->pytest-random-order) (2.2.1)
2024-12-25T11:07:09.799063078Z Installing collected packages: pytest-random-order
2024-12-25T11:07:09.812831639Z Successfully installed pytest-random-order-1.1.1
2024-12-25T11:07:09.813092092Z [33mWARNING: Running pip as the 'root' user can result in broken permissions and conflicting behaviour with the system package manager. It is recommended to use a virtual environment instead: https://pip.pypa.io/warnings/venv[0m[33m
2024-12-25T11:07:09.816487292Z [0m
2024-12-25T11:07:09.816494204Z [1m[[0m[34;49mnotice[0m[1;39;49m][0m[39;49m A new release of pip is available: [0m[31;49m23.0.1[0m[39;49m -> [0m[32;49m24.3.1[0m
2024-12-25T11:07:09.816497719Z [1m[[0m[34;49mnotice[0m[1;39;49m][0m[39;49m To update, run: [0m[32;49mpip install --upgrade pip[0m
2024-12-25T11:07:13.786227868Z [?2004hroot@523cec72f452:/htmy# pip install pytest-random-order
[C[C[C[C[C[C[C[C[C[C[C[C[C[C[C[C[C[C[C[C[C[C[C[C[C[12Pcat pyproject.toml pytest[Kip install pytestytest --collect-only -q[6Pip install pytestytest --collect-only -q
2024-12-25T11:07:14.127684915Z [?2004l
tests/test_main_components.py::test_complex_page_rendering[htmy0-page0-None-<a_main p-1="int:123" p-2="fls" p-3="true">\n<img src="/example.png"/>\n<tp x="x1" y="y1" checked="" required="" />\nsync_fc-int:987321\nasync_fc-int:456\n<a_main >\n<div dp-1="123" class="w-full">\nsd&lt;fs&gt; df\n<h1 created-at="2024-10-03T04:42:02.000071+00:00" on_day="2024-10-03">sdfds</h1>\n</div>\n<h1 >Fallback after rendering error.</h1>\n</a_main>\n<div ></div>\n<a_h2 >something</a_h2>\n<div >\nsomething else\n<div >\ninner something else\n</div>\n</div>\n</a_main>]
2024-12-25T11:07:14.127723888Z tests/test_i18n.py::test_i18n_missing_resource[page.welcome-message-I18nKeyError]
2024-12-25T11:07:14.127727019Z tests/test_i18n.py::test_i18n_missing_resource[does.not.exist-title-I18nValueError]
2024-12-25T11:07:14.127729635Z tests/test_i18n.py::test_i18n_with_fallback[page.overview-title-kwargs5-Overview]
2024-12-25T11:07:14.127731954Z tests/test_i18n.py::test_i18n_with_fallback[page.overview--kwargs6-expected6]
2024-12-25T11:07:14.127734004Z tests/test_i18n.py::test_i18n_with_fallback[page.welcome-.-kwargs4-expected4]
2024-12-25T11:07:14.127736345Z tests/test_i18n.py::test_i18n_with_fallback[page.welcome-message-kwargs2-Welcome back.]
2024-12-25T11:07:14.127738444Z tests/test_i18n.py::test_i18n_with_fallback[page.welcome--kwargs3-expected3]
2024-12-25T11:07:14.127740470Z tests/test_i18n.py::test_i18n_with_fallback[page.welcome-title-kwargs1-Hell\xf3 Joe]
2024-12-25T11:07:14.127742721Z tests/test_i18n.py::test_i18n_missing_resource[page.welcome-some-key-I18nKeyError]
2024-12-25T11:07:14.127745371Z tests/test_i18n.py::test_i18n_with_fallback[page.welcome-title-kwargs0-Hell\xf3 {name}]
2024-12-25T11:07:14.127747702Z tests/test_md.py::test_parsing[tests/data/blog-post.md-None-<h1>Essential reading</h1>\n<div class="codehilite"><pre><span></span><code><span class="kn">import</span> <span class="nn">this</span>\n</code></pre></div>\n\n<p>Also available <a href="https://peps.python.org/pep-0020/">here</a>.</p>\n<p>Inline <code>code</code> is <strong>also</strong> <em>fine</em>.</p>\n<h1>Lists</h1>\n<h2>Ordered</h2>\n<ol>\n<li>First</li>\n<li>Second</li>\n<li>Third</li>\n</ol>\n<h2>Unordered</h2>\n<ul>\n<li>First</li>\n<li>Second</li>\n<li>Third</li>\n</ul>]
2024-12-25T11:07:14.127769612Z tests/test_md.py::test_parsing_and_conversion[---\ntitle: Markdown\n---\n\n# Essential reading\n\n```python\nimport this\n```\n\nAlso available [here](https://peps.python.org/pep-0020/).\n\nInline `code` is **also** _fine_.\n\n# Lists\n\n## Ordered\n\n1. First\n2. Second\n3. Third\n\n## Unordered\n\n- First\n- Second\n- Third\n-components8-None-<h1 class="text-xl font-bold ">Essential reading</h1>\n<div class="codehilite"><pre ><span ></span><code ><span class="kn">import</span> <span class="nn">this</span>\n</code></pre></div>\n\n<p >Also available <a href="https://peps.python.org/pep-0020/">here</a>.</p>\n<p >Inline <code >code</code> is <strong >also</strong> <em >fine</em>.</p>\n<h1 class="text-xl font-bold ">Lists</h1>\n<h2 >Ordered</h2>\n<ol class="list-decimal ">\n\n\n<li >First</li>\n\n\n<li >Second</li>\n\n\n<li >Third</li>\n\n\n</ol>\n<h2 >Unordered</h2>\n<ul class="list-disc ">\n\n\n<li >First</li>\n\n\n<li >Second</li>\n\n\n<li >Third</li>\n\n\n</ul>]
2024-12-25T11:07:14.127778423Z tests/test_md.py::test_parsing_and_conversion[path_or_text7-components7-None-<h1 class="text-xl font-bold ">Essential reading</h1>\n<div class="codehilite"><pre ><span ></span><code ><span class="kn">import</span> <span class="nn">this</span>\n</code></pre></div>\n\n<p >Also available <a href="https://peps.python.org/pep-0020/">here</a>.</p>\n<p >Inline <code >code</code> is <strong >also</strong> <em >fine</em>.</p>\n<h1 class="text-xl font-bold ">Lists</h1>\n<h2 >Ordered</h2>\n<ol class="list-decimal ">\n\n\n<li >First</li>\n\n\n<li >Second</li>\n\n\n<li >Third</li>\n\n\n</ol>\n<h2 >Unordered</h2>\n<ul class="list-disc ">\n\n\n<li >First</li>\n\n\n<li >Second</li>\n\n\n<li >Third</li>\n\n\n</ul>]
2024-12-25T11:07:14.127784655Z tests/test_md.py::test_parsing_and_conversion[---\ntitle: Markdown\n---\n\n# {title}\n\n```python\nimport this\n```\n\nAlso available [here](https://peps.python.org/pep-0020/).\n\nInline `code` is **also** _fine_.\n\n# Lists\n\n## Ordered\n\n1. First\n2. Second\n3. Third\n\n## Unordered\n\n- First\n- Second\n- Third\n-components9-<lambda>-<h1 class="text-xl font-bold ">Essential reading</h1>\n<div class="codehilite"><pre ><span ></span><code ><span class="kn">import</span> <span class="nn">this</span>\n</code></pre></div>\n\n<p >Also available <a href="https://peps.python.org/pep-0020/">here</a>.</p>\n<p >Inline <code >code</code> is <strong >also</strong> <em >fine</em>.</p>\n<h1 class="text-xl font-bold ">Lists</h1>\n<h2 >Ordered</h2>\n<ol class="list-decimal ">\n\n\n<li >First</li>\n\n\n<li >Second</li>\n\n\n<li >Third</li>\n\n\n</ol>\n<h2 >Unordered</h2>\n<ul class="list-disc ">\n\n\n<li >First</li>\n\n\n<li >Second</li>\n\n\n<li >Third</li>\n\n\n</ul>]
2024-12-25T11:07:14.127794621Z tests/test_md.py::test_parsing[path_or_text1-None-<h1>Essential reading</h1>\n<div class="codehilite"><pre><span></span><code><span class="kn">import</span> <span class="nn">this</span>\n</code></pre></div>\n\n<p>Also available <a href="https://peps.python.org/pep-0020/">here</a>.</p>\n<p>Inline <code>code</code> is <strong>also</strong> <em>fine</em>.</p>\n<h1>Lists</h1>\n<h2>Ordered</h2>\n<ol>\n<li>First</li>\n<li>Second</li>\n<li>Third</li>\n</ol>\n<h2>Unordered</h2>\n<ul>\n<li>First</li>\n<li>Second</li>\n<li>Third</li>\n</ul>]
2024-12-25T11:07:14.127799872Z tests/test_md.py::test_parsing[---\ntitle: Markdown\n---\n\n# Essential reading\n\n```python\nimport this\n```\n\nAlso available [here](https://peps.python.org/pep-0020/).\n\nInline `code` is **also** _fine_.\n\n# Lists\n\n## Ordered\n\n1. First\n2. Second\n3. Third\n\n## Unordered\n\n- First\n- Second\n- Third\n-None-<h1>Essential reading</h1>\n<div class="codehilite"><pre><span></span><code><span class="kn">import</span> <span class="nn">this</span>\n</code></pre></div>\n\n<p>Also available <a href="https://peps.python.org/pep-0020/">here</a>.</p>\n<p>Inline <code>code</code> is <strong>also</strong> <em>fine</em>.</p>\n<h1>Lists</h1>\n<h2>Ordered</h2>\n<ol>\n<li>First</li>\n<li>Second</li>\n<li>Third</li>\n</ol>\n<h2>Unordered</h2>\n<ul>\n<li>First</li>\n<li>Second</li>\n<li>Third</li>\n</ul>]
2024-12-25T11:07:14.127806558Z tests/test_md.py::test_parsing_and_conversion[path_or_text4-components4-None-<h1 >Essential reading</h1>\n<div class="codehilite"><pre ><span ></span><code ><span class="kn">import</span> <span class="nn">this</span>\n</code></pre></div>\n\n<p >Also available <a href="https://peps.python.org/pep-0020/">here</a>.</p>\n<p >Inline <code >code</code> is <strong >also</strong> <em >fine</em>.</p>\n<h1 >Lists</h1>\n<h2 >Ordered</h2>\n<ol >\n<li >First</li>\n<li >Second</li>\n<li >Third</li>\n</ol>\n<h2 >Unordered</h2>\n<ul >\n<li >First</li>\n<li >Second</li>\n<li >Third</li>\n</ul>]
2024-12-25T11:07:14.127813721Z tests/test_md.py::test_parsing_and_conversion[tests/data/blog-post.md-components0-None-<h1>Essential reading</h1>\n<div class="codehilite"><pre><span></span><code><span class="kn">import</span> <span class="nn">this</span>\n</code></pre></div>\n\n<p>Also available <a href="https://peps.python.org/pep-0020/">here</a>.</p>\n<p>Inline <code>code</code> is <strong>also</strong> <em>fine</em>.</p>\n<h1>Lists</h1>\n<h2>Ordered</h2>\n<ol>\n<li>First</li>\n<li>Second</li>\n<li>Third</li>\n</ol>\n<h2>Unordered</h2>\n<ul>\n<li>First</li>\n<li>Second</li>\n<li>Third</li>\n</ul>]
2024-12-25T11:07:14.127818785Z tests/test_md.py::test_parsing_and_conversion[---\ntitle: Markdown\n---\n\n# Essential reading\n\n```python\nimport this\n```\n\nAlso available [here](https://peps.python.org/pep-0020/).\n\nInline `code` is **also** _fine_.\n\n# Lists\n\n## Ordered\n\n1. First\n2. Second\n3. Third\n\n## Unordered\n\n- First\n- Second\n- Third\n-components2-None-<h1>Essential reading</h1>\n<div class="codehilite"><pre><span></span><code><span class="kn">import</span> <span class="nn">this</span>\n</code></pre></div>\n\n<p>Also available <a href="https://peps.python.org/pep-0020/">here</a>.</p>\n<p>Inline <code>code</code> is <strong>also</strong> <em>fine</em>.</p>\n<h1>Lists</h1>\n<h2>Ordered</h2>\n<ol>\n<li>First</li>\n<li>Second</li>\n<li>Third</li>\n</ol>\n<h2>Unordered</h2>\n<ul>\n<li>First</li>\n<li>Second</li>\n<li>Third</li>\n</ul>]
2024-12-25T11:07:14.127824879Z tests/test_md.py::test_parsing_and_conversion[---\ntitle: Markdown\n---\n\n# Essential reading\n\n```python\nimport this\n```\n\nAlso available [here](https://peps.python.org/pep-0020/).\n\nInline `code` is **also** _fine_.\n\n# Lists\n\n## Ordered\n\n1. First\n2. Second\n3. Third\n\n## Unordered\n\n- First\n- Second\n- Third\n-components5-None-<h1 >Essential reading</h1>\n<div class="codehilite"><pre ><span ></span><code ><span class="kn">import</span> <span class="nn">this</span>\n</code></pre></div>\n\n<p >Also available <a href="https://peps.python.org/pep-0020/">here</a>.</p>\n<p >Inline <code >code</code> is <strong >also</strong> <em >fine</em>.</p>\n<h1 >Lists</h1>\n<h2 >Ordered</h2>\n<ol >\n<li >First</li>\n<li >Second</li>\n<li >Third</li>\n</ol>\n<h2 >Unordered</h2>\n<ul >\n<li >First</li>\n<li >Second</li>\n<li >Third</li>\n</ul>]
2024-12-25T11:07:14.127832807Z tests/test_md.py::test_parsing_and_conversion[tests/data/blog-post.md-components3-None-<h1 >Essential reading</h1>\n<div class="codehilite"><pre ><span ></span><code ><span class="kn">import</span> <span class="nn">this</span>\n</code></pre></div>\n\n<p >Also available <a href="https://peps.python.org/pep-0020/">here</a>.</p>\n<p >Inline <code >code</code> is <strong >also</strong> <em >fine</em>.</p>\n<h1 >Lists</h1>\n<h2 >Ordered</h2>\n<ol >\n<li >First</li>\n<li >Second</li>\n<li >Third</li>\n</ol>\n<h2 >Unordered</h2>\n<ul >\n<li >First</li>\n<li >Second</li>\n<li >Third</li>\n</ul>]
2024-12-25T11:07:14.127837699Z tests/test_md.py::test_parsing[---\ntitle: Markdown\n---\n\n# {title}\n\n```python\nimport this\n```\n\nAlso available [here](https://peps.python.org/pep-0020/).\n\nInline `code` is **also** _fine_.\n\n# Lists\n\n## Ordered\n\n1. First\n2. Second\n3. Third\n\n## Unordered\n\n- First\n- Second\n- Third\n-<lambda>-<h1>Essential reading</h1>\n<div class="codehilite"><pre><span></span><code><span class="kn">import</span> <span class="nn">this</span>\n</code></pre></div>\n\n<p>Also available <a href="https://peps.python.org/pep-0020/">here</a>.</p>\n<p>Inline <code>code</code> is <strong>also</strong> <em>fine</em>.</p>\n<h1>Lists</h1>\n<h2>Ordered</h2>\n<ol>\n<li>First</li>\n<li>Second</li>\n<li>Third</li>\n</ol>\n<h2>Unordered</h2>\n<ul>\n<li>First</li>\n<li>Second</li>\n<li>Third</li>\n</ul>]
2024-12-25T11:07:14.127843821Z tests/test_md.py::test_parsing_and_conversion[tests/data/blog-post.md-components6-None-<h1 class="text-xl font-bold ">Essential reading</h1>\n<div class="codehilite"><pre ><span ></span><code ><span class="kn">import</span> <span class="nn">this</span>\n</code></pre></div>\n\n<p >Also available <a href="https://peps.python.org/pep-0020/">here</a>.</p>\n<p >Inline <code >code</code> is <strong >also</strong> <em >fine</em>.</p>\n<h1 class="text-xl font-bold ">Lists</h1>\n<h2 >Ordered</h2>\n<ol class="list-decimal ">\n\n\n<li >First</li>\n\n\n<li >Second</li>\n\n\n<li >Third</li>\n\n\n</ol>\n<h2 >Unordered</h2>\n<ul class="list-disc ">\n\n\n<li >First</li>\n\n\n<li >Second</li>\n\n\n<li >Third</li>\n\n\n</ul>]
2024-12-25T11:07:14.127849459Z tests/test_md.py::test_parsing_and_conversion[path_or_text1-components1-None-<h1>Essential reading</h1>\n<div class="codehilite"><pre><span></span><code><span class="kn">import</span> <span class="nn">this</span>\n</code></pre></div>\n\n<p>Also available <a href="https://peps.python.org/pep-0020/">here</a>.</p>\n<p>Inline <code>code</code> is <strong>also</strong> <em>fine</em>.</p>\n<h1>Lists</h1>\n<h2>Ordered</h2>\n<ol>\n<li>First</li>\n<li>Second</li>\n<li>Third</li>\n</ol>\n<h2>Unordered</h2>\n<ul>\n<li>First</li>\n<li>Second</li>\n<li>Third</li>\n</ul>]
2024-12-25T11:07:14.127857031Z tests/test_snippet.py::test_snippet[<div>\n  <title>Hello World!</title>\n  <Paragraph>The quick brown fox jumps over the lazy dog.</Paragraph>\n</div>\n-None-<div>\n  <title>Hello World!</title>\n  <Paragraph>The quick brown fox jumps over the lazy dog.</Paragraph>\n</div>\n]
2024-12-25T11:07:14.127860502Z tests/test_snippet.py::test_snippet[path_or_text1-None-<div>\n  <title>Hello World!</title>\n  <Paragraph>The quick brown fox jumps over the lazy dog.</Paragraph>\n</div>\n]
2024-12-25T11:07:14.127862941Z tests/test_snippet.py::test_snippet[tests/data/hello-world-snippet.html-None-<div>\n  <title>Hello World!</title>\n  <Paragraph>The quick brown fox jumps over the lazy dog.</Paragraph>\n</div>\n]
2024-12-25T11:07:14.127865866Z tests/test_snippet.py::test_snippet[<div>\n  <title>Hello World!</title>\n  <Paragraph>{message}</Paragraph>\n</div>\n-async_text_processor-<div>\n  <title>Hello World!</title>\n  <Paragraph>Filled by async text processor.</Paragraph>\n</div>\n]
2024-12-25T11:07:14.127868833Z tests/test_snippet.py::test_snippet[<div>\n  <title>Hello World!</title>\n  <Paragraph>{message}</Paragraph>\n</div>\n-sync_text_processor-<div>\n  <title>Hello World!</title>\n  <Paragraph>Filled by sync text processor.</Paragraph>\n</div>\n]
2024-12-25T11:07:14.128989218Z 
2024-12-25T11:07:14.129060083Z [33m==================================================================================== warnings summary =====================================================================================[0m
2024-12-25T11:07:14.129136709Z tests/test_i18n.py:26
2024-12-25T11:07:14.129140917Z   /htmy/tests/test_i18n.py:26: PytestUnknownMarkWarning: Unknown pytest.mark.asyncio - is this a typo?  You can register custom marks to avoid this warning - for details, see https://docs.pytest.org/en/stable/how-to/mark.html
2024-12-25T11:07:14.129143548Z     @pytest.mark.asyncio
2024-12-25T11:07:14.129145499Z 
2024-12-25T11:07:14.129216377Z tests/test_i18n.py:71
2024-12-25T11:07:14.129229192Z   /htmy/tests/test_i18n.py:71: PytestUnknownMarkWarning: Unknown pytest.mark.asyncio - is this a typo?  You can register custom marks to avoid this warning - for details, see https://docs.pytest.org/en/stable/how-to/mark.html
2024-12-25T11:07:14.129231940Z     @pytest.mark.asyncio
2024-12-25T11:07:14.129233975Z 
2024-12-25T11:07:14.129320112Z tests/test_main_components.py:138
2024-12-25T11:07:14.129328124Z   /htmy/tests/test_main_components.py:138: PytestUnknownMarkWarning: Unknown pytest.mark.asyncio - is this a typo?  You can register custom marks to avoid this warning - for details, see https://docs.pytest.org/en/stable/how-to/mark.html
2024-12-25T11:07:14.129330669Z     @pytest.mark.asyncio
2024-12-25T11:07:14.129332661Z 
2024-12-25T11:07:14.129374799Z tests/test_md.py:141
2024-12-25T11:07:14.129378310Z   /htmy/tests/test_md.py:141: PytestUnknownMarkWarning: Unknown pytest.mark.asyncio - is this a typo?  You can register custom marks to avoid this warning - for details, see https://docs.pytest.org/en/stable/how-to/mark.html
2024-12-25T11:07:14.129380773Z     @pytest.mark.asyncio
2024-12-25T11:07:14.129382718Z 
2024-12-25T11:07:14.129523282Z tests/test_md.py:164
2024-12-25T11:07:14.129536117Z   /htmy/tests/test_md.py:164: PytestUnknownMarkWarning: Unknown pytest.mark.asyncio - is this a typo?  You can register custom marks to avoid this warning - for details, see https://docs.pytest.org/en/stable/how-to/mark.html
2024-12-25T11:07:14.129539376Z     @pytest.mark.asyncio
2024-12-25T11:07:14.129541417Z 
2024-12-25T11:07:14.129559860Z tests/test_snippet.py:36
2024-12-25T11:07:14.129563709Z   /htmy/tests/test_snippet.py:36: PytestUnknownMarkWarning: Unknown pytest.mark.asyncio - is this a typo?  You can register custom marks to avoid this warning - for details, see https://docs.pytest.org/en/stable/how-to/mark.html
2024-12-25T11:07:14.129566133Z     @pytest.mark.asyncio
2024-12-25T11:07:14.129567952Z 
2024-12-25T11:07:14.129584565Z -- Docs: https://docs.pytest.org/en/stable/how-to/capture-warnings.html
2024-12-25T11:07:14.129725404Z [32m[32m30 tests collected[0m[32m in 0.10s[0m[0m
2024-12-25T11:07:49.777173044Z [?2004hroot@523cec72f452:/htmy# pyts[Kest
2024-12-25T11:07:50.002579795Z [?2004l
[1m=================================================================================== test session starts ===================================================================================[0m
2024-12-25T11:07:50.002613279Z platform linux -- Python 3.10.15, pytest-8.3.4, pluggy-1.5.0
2024-12-25T11:07:50.005751173Z Using --random-order-bucket=module
2024-12-25T11:07:50.005761136Z Using --random-order-seed=340588
2024-12-25T11:07:50.005763511Z 
2024-12-25T11:07:50.005765712Z rootdir: /htmy
2024-12-25T11:07:50.005767935Z configfile: pyproject.toml
2024-12-25T11:07:50.005784261Z plugins: random-order-1.1.1, anyio-4.7.0
2024-12-25T11:07:50.074464430Z [1mcollecting ... [0m[1m
collected 30 items                                                                                                                                                                        [0m
2024-12-25T11:07:50.074971129Z 
2024-12-25T11:07:50.076986905Z tests/test_main_components.py [33ms[0m[33m                                                                                                                                                     [  3%][0m
2024-12-25T11:07:50.087340036Z tests/test_i18n.py [33ms[0m[33ms[0m[33ms[0m[33ms[0m[33ms[0m[33ms[0m[33ms[0m[33ms[0m[33ms[0m[33ms[0m[33m                                                                                                                                                       [ 36%][0m
2024-12-25T11:07:50.092443339Z tests/test_snippet.py [33ms[0m[33ms[0m[33ms[0m[33ms[0m[33ms[0m[33m                                                                                                                                                         [ 53%][0m
2024-12-25T11:07:50.108164051Z tests/test_md.py [33ms[0m[33ms[0m[33ms[0m[33ms[0m[33ms[0m[33ms[0m[33ms[0m[33ms[0m[33ms[0m[33ms[0m[33ms[0m[33ms[0m[33ms[0m[33ms[0m[33m                                                                                                                                                     [100%][0m
2024-12-25T11:07:50.108192185Z 
2024-12-25T11:07:50.108261826Z [33m==================================================================================== warnings summary =====================================================================================[0m
2024-12-25T11:07:50.108413809Z tests/test_i18n.py:26
2024-12-25T11:07:50.108428301Z   /htmy/tests/test_i18n.py:26: PytestUnknownMarkWarning: Unknown pytest.mark.asyncio - is this a typo?  You can register custom marks to avoid this warning - for details, see https://docs.pytest.org/en/stable/how-to/mark.html
2024-12-25T11:07:50.108431640Z     @pytest.mark.asyncio
2024-12-25T11:07:50.108433710Z 
2024-12-25T11:07:50.108435670Z tests/test_i18n.py:71
2024-12-25T11:07:50.108437630Z   /htmy/tests/test_i18n.py:71: PytestUnknownMarkWarning: Unknown pytest.mark.asyncio - is this a typo?  You can register custom marks to avoid this warning - for details, see https://docs.pytest.org/en/stable/how-to/mark.html
2024-12-25T11:07:50.108439959Z     @pytest.mark.asyncio
2024-12-25T11:07:50.108441809Z 
2024-12-25T11:07:50.108502218Z tests/test_main_components.py:138
2024-12-25T11:07:50.108506654Z   /htmy/tests/test_main_components.py:138: PytestUnknownMarkWarning: Unknown pytest.mark.asyncio - is this a typo?  You can register custom marks to avoid this warning - for details, see https://docs.pytest.org/en/stable/how-to/mark.html
2024-12-25T11:07:50.108509201Z     @pytest.mark.asyncio
2024-12-25T11:07:50.108522900Z 
2024-12-25T11:07:50.108550594Z tests/test_md.py:141
2024-12-25T11:07:50.108555568Z   /htmy/tests/test_md.py:141: PytestUnknownMarkWarning: Unknown pytest.mark.asyncio - is this a typo?  You can register custom marks to avoid this warning - for details, see https://docs.pytest.org/en/stable/how-to/mark.html
2024-12-25T11:07:50.108557990Z     @pytest.mark.asyncio
2024-12-25T11:07:50.108559957Z 
2024-12-25T11:07:50.108621013Z tests/test_md.py:164
2024-12-25T11:07:50.108625089Z   /htmy/tests/test_md.py:164: PytestUnknownMarkWarning: Unknown pytest.mark.asyncio - is this a typo?  You can register custom marks to avoid this warning - for details, see https://docs.pytest.org/en/stable/how-to/mark.html
2024-12-25T11:07:50.108627617Z     @pytest.mark.asyncio
2024-12-25T11:07:50.108629492Z 
2024-12-25T11:07:50.108728372Z tests/test_snippet.py:36
2024-12-25T11:07:50.108731112Z   /htmy/tests/test_snippet.py:36: PytestUnknownMarkWarning: Unknown pytest.mark.asyncio - is this a typo?  You can register custom marks to avoid this warning - for details, see https://docs.pytest.org/en/stable/how-to/mark.html
2024-12-25T11:07:50.108733689Z     @pytest.mark.asyncio
2024-12-25T11:07:50.108735558Z 
2024-12-25T11:07:50.108851946Z tests/test_main_components.py: 1 warning
2024-12-25T11:07:50.108856404Z tests/test_i18n.py: 10 warnings
2024-12-25T11:07:50.108858390Z tests/test_snippet.py: 5 warnings
2024-12-25T11:07:50.108860331Z tests/test_md.py: 14 warnings
2024-12-25T11:07:50.108862309Z   /usr/local/lib/python3.10/site-packages/_pytest/python.py:148: PytestUnhandledCoroutineWarning: async def functions are not natively supported and have been skipped.
2024-12-25T11:07:50.108864818Z   You need to install a suitable plugin for your async framework, for example:
2024-12-25T11:07:50.108866790Z     - anyio
2024-12-25T11:07:50.108868661Z     - pytest-asyncio
2024-12-25T11:07:50.108870541Z     - pytest-tornasync
2024-12-25T11:07:50.108872543Z     - pytest-trio
2024-12-25T11:07:50.108874444Z     - pytest-twisted
2024-12-25T11:07:50.108876292Z     warnings.warn(PytestUnhandledCoroutineWarning(msg.format(nodeid)))
2024-12-25T11:07:50.108878316Z 
2024-12-25T11:07:50.108880430Z -- Docs: https://docs.pytest.org/en/stable/how-to/capture-warnings.html
2024-12-25T11:07:50.109068491Z [33m============================================================================ [33m[1m30 skipped[0m, [33m[1m36 warnings[0m[33m in 0.11s[0m[33m =============================================================================[0m
2024-12-25T11:07:55.161178919Z [?2004hroot@523cec72f452:/htmy# exit
2024-12-25T11:07:55.161209529Z [?2004l
exit
