2024-12-31T06:12:16.891690421Z [?2004hroot@319a47484848:/# [7mexport http_proxy= [27m[7mh[27m[7mttps_proxy= no_proxy=.d.org[27m[A
[C[C[C[C[C[C[C[C[C[C[C[C[C[C[C[C[C[C[C[C[Cexport http_proxy= https_proxy= no_proxy=.d.org
2024-12-31T06:12:30.760545033Z [?2004l
[?2004hroot@319a47484848:/# [7mpip install pytest[27mpip install pytest
2024-12-31T06:12:31.256279225Z [?2004l
Looking in indexes: https://dpypi.d.org/simple
2024-12-31T06:12:31.414627847Z Collecting pytest
2024-12-31T06:12:31.432223685Z   Downloading https://dpypi.d.org/packages/pytest/pytest-8.3.4-py3-none-any.whl (343 kB)
2024-12-31T06:12:31.486049516Z [?25l     [90m‚îÅ‚îÅ‚îÅ‚îÅ‚îÅ‚îÅ‚îÅ‚îÅ‚îÅ‚îÅ‚îÅ‚îÅ‚îÅ‚îÅ‚îÅ‚îÅ‚îÅ‚îÅ‚îÅ‚îÅ‚îÅ‚îÅ‚îÅ‚îÅ‚îÅ‚îÅ‚îÅ‚îÅ‚îÅ‚îÅ‚îÅ‚îÅ‚îÅ‚îÅ‚îÅ‚îÅ‚îÅ‚îÅ‚îÅ‚îÅ[0m [32m0.0/343.1 kB[0m [31m?[0m eta [36m-:--:--[0m
[2K     [91m‚îÅ‚îÅ‚îÅ‚îÅ‚îÅ‚îÅ‚îÅ‚îÅ‚îÅ‚îÅ‚îÅ‚îÅ‚îÅ‚îÅ‚îÅ‚îÅ‚îÅ‚îÅ‚îÅ‚îÅ‚îÅ‚îÅ‚îÅ‚îÅ‚îÅ‚îÅ‚îÅ‚îÅ‚îÅ‚îÅ‚îÅ‚îÅ‚îÅ‚îÅ‚îÅ‚îÅ‚îÅ[0m[90m‚ï∫[0m [32m337.9/343.1 kB[0m [31m10.2 MB/s[0m eta [36m0:00:01[0m
[2K     [90m‚îÅ‚îÅ‚îÅ‚îÅ‚îÅ‚îÅ‚îÅ‚îÅ‚îÅ‚îÅ‚îÅ‚îÅ‚îÅ‚îÅ‚îÅ‚îÅ‚îÅ‚îÅ‚îÅ‚îÅ‚îÅ‚îÅ‚îÅ‚îÅ‚îÅ‚îÅ‚îÅ‚îÅ‚îÅ‚îÅ‚îÅ‚îÅ‚îÅ‚îÅ‚îÅ‚îÅ‚îÅ‚îÅ‚îÅ[0m [32m343.1/343.1 kB[0m [31m7.2 MB/s[0m eta [36m0:00:00[0m
2024-12-31T06:12:31.528495368Z [?25hCollecting exceptiongroup>=1.0.0rc8 (from pytest)
2024-12-31T06:12:31.544845675Z   Downloading https://dpypi.d.org/packages/exceptiongroup/exceptiongroup-1.2.2-py3-none-any.whl (16 kB)
2024-12-31T06:12:31.578336968Z Collecting iniconfig (from pytest)
2024-12-31T06:12:31.595499125Z   Downloading https://dpypi.d.org/packages/iniconfig/iniconfig-2.0.0-py3-none-any.whl (5.9 kB)
2024-12-31T06:12:31.598652543Z Requirement already satisfied: packaging in /usr/local/lib/python3.10/site-packages (from pytest) (23.2)
2024-12-31T06:12:31.626160697Z Collecting pluggy<2,>=1.5 (from pytest)
2024-12-31T06:12:31.642605693Z   Downloading https://dpypi.d.org/packages/pluggy/pluggy-1.5.0-py3-none-any.whl (20 kB)
2024-12-31T06:12:31.647016311Z Requirement already satisfied: tomli>=1 in /usr/local/lib/python3.10/site-packages (from pytest) (2.0.1)
2024-12-31T06:12:31.913448943Z Installing collected packages: pluggy, iniconfig, exceptiongroup, pytest
2024-12-31T06:12:32.120671280Z Successfully installed exceptiongroup-1.2.2 iniconfig-2.0.0 pluggy-1.5.0 pytest-8.3.4
2024-12-31T06:12:32.120948801Z [33mWARNING: Running pip as the 'root' user can result in broken permissions and conflicting behaviour with the system package manager. It is recommended to use a virtual environment instead: https://pip.pypa.io/warnings/venv[0m[33m
2024-12-31T06:12:32.223200830Z [0m
2024-12-31T06:12:32.223211833Z [1m[[0m[34;49mnotice[0m[1;39;49m][0m[39;49m A new release of pip is available: [0m[31;49m23.2.1[0m[39;49m -> [0m[32;49m24.3.1[0m
2024-12-31T06:12:32.223222627Z [1m[[0m[34;49mnotice[0m[1;39;49m][0m[39;49m To update, run: [0m[32;49mpip install --upgrade pip[0m
2024-12-31T06:13:04.163524375Z [?2004hroot@319a47484848:/# [7mgit clone https://github.com/ManiMozaffar/aioclock.git[27m
[C[C[C[C[C[C[C[C[C[C[C[C[C[C[C[C[C[C[C[C[Cgit clone https://github.com/ManiMozaffar/aioclock.git
2024-12-31T06:13:04.169099082Z [?2004l
bash: git: command not found
2024-12-31T06:13:53.383279460Z [?2004hroot@319a47484848:/# [7mapt-get update && apt-get install -y curl[27m
[C[C[C[C[C[C[C[C[C[C[C[C[C[C[C[C[C[C[C[C[Capt-get update && apt-get install -y curl
2024-12-31T06:13:53.556382543Z [?2004l

0% [Working]
            
Get:1 http://mirrors.d.org/debian bullseye InRelease [116 kB]
2024-12-31T06:13:53.594701197Z 
0% [1 InRelease 0 B/116 kB 0%] [Connecting to apt.d.org]
                                                            
0% [Connecting to apt.d.org]
                                
Get:2 http://mirrors.d.org/debian bullseye-updates InRelease [44.1 kB]
2024-12-31T06:13:53.594912381Z 
                                
Get:3 http://mirrors.d.org/debian bullseye-backports InRelease [49.0 kB]
2024-12-31T06:13:53.594993638Z 
                                
Get:4 http://mirrors.d.org/debian-security bullseye-security InRelease [27.2 kB]
2024-12-31T06:13:53.969839993Z 
0% [Connecting to apt.d.org]
                                
Get:5 http://apt.d.org/private bullseye-private InRelease [20.1 kB]
2024-12-31T06:13:54.466023587Z 
                                
0% [5 InRelease 0 B/20.1 kB 0%]
                               
0% [Working]
0% [Working]
            
Get:6 http://mirrors.d.org/debian bullseye/non-free amd64 Packages [96.4 kB]
2024-12-31T06:13:54.514125547Z 
0% [6 Packages 35.6 kB/96.4 kB 37%]
                                   
0% [Working]
            
Get:7 http://mirrors.d.org/debian bullseye/main amd64 Packages [8,066 kB]
2024-12-31T06:13:54.746433961Z 
0% [7 Packages 40.6 kB/8,066 kB 1%]
0% [6 Packages store 0 B] [7 Packages 236 kB/8,066 kB 3%]
                                                         
0% [7 Packages 1,107 kB/8,066 kB 14%]
                                     
Get:8 http://mirrors.d.org/debian bullseye/contrib amd64 Packages [50.4 kB]
2024-12-31T06:13:55.298965193Z 
                                     
0% [8 Packages 50.4 kB/50.4 kB 100%]
                                    
0% [Working]
0% [7 Packages store 0 B]
0% [7 Packages store 0 B]
0% [7 Packages store 0 B]
                         
Get:9 http://mirrors.d.org/debian bullseye-updates/main amd64 Packages [18.8 kB]
2024-12-31T06:13:56.114948861Z 
0% [7 Packages store 0 B] [9 Packages 18.5 kB/18.8 kB 98%]
                                                          
0% [7 Packages store 0 B]
                         
0% [Working]
0% [8 Packages store 0 B]
                         
0% [Working]
0% [9 Packages store 0 B]
                         
0% [Working]
0% [Working]
            
Get:10 http://mirrors.d.org/debian bullseye-backports/contrib amd64 Packages [6,164 B]
2024-12-31T06:13:56.117820056Z 
0% [Working]
0% [10 Packages store 0 B] [Waiting for headers]
                                                
0% [Waiting for headers]
                        
Get:11 http://mirrors.d.org/debian bullseye-backports/non-free amd64 Packages [14.4 kB]
2024-12-31T06:13:56.120175916Z 
0% [11 Packages 13.4 kB/14.4 kB 93%]
                                    
0% [Waiting for headers]
                        
Get:12 http://mirrors.d.org/debian bullseye-backports/main amd64 Packages [403 kB]
2024-12-31T06:13:56.952171278Z 
0% [12 Packages 34.8 kB/403 kB 9%]
0% [11 Packages store 0 B] [12 Packages 34.8 kB/403 kB 9%]
                                                          
0% [12 Packages 402 kB/403 kB 100%]
                                   
0% [Working]
0% [12 Packages store 0 B]
                          
0% [Working]
0% [Working]
0% [Working]
            
Get:13 http://mirrors.d.org/debian-security bullseye-security/main amd64 Packages [333 kB]
2024-12-31T06:13:56.980065324Z 
0% [13 Packages 79.7 kB/333 kB 24%]
                                   
0% [Working]
0% [13 Packages store 0 B] [Waiting for headers]
                                                
Get:14 http://mirrors.d.org/debian-security bullseye-security/non-free amd64 Packages [1,164 B]
2024-12-31T06:13:57.367371997Z 
0% [13 Packages store 0 B] [14 Packages 1,164 B/1,164 B 100%]
                                                             
0% [13 Packages store 0 B]
                          
0% [Working]
0% [14 Packages store 0 B]
                          
0% [Working]
99% [Working]
             
Get:15 http://apt.d.org/private bullseye-private/bullseye-main amd64 Packages [30.4 kB]
2024-12-31T06:13:57.379462492Z 
99% [15 Packages 27.9 kB/30.4 kB 92%]
                                     
99% [Working]
99% [15 Packages store 0 B]
                           
100% [Working]
              
Fetched 9,276 kB in 4s (2,376 kB/s)
2024-12-31T06:13:57.799197459Z 
Reading package lists... 0%

Reading package lists... 0%

Reading package lists... 0%

Reading package lists... 88%

Reading package lists... 88%

Reading package lists... 89%

Reading package lists... 89%

Reading package lists... 90%

Reading package lists... 90%

Reading package lists... 90%

Reading package lists... 90%

Reading package lists... 94%

Reading package lists... 94%

Reading package lists... 94%

Reading package lists... 94%

Reading package lists... 95%

Reading package lists... 95%

Reading package lists... 99%

Reading package lists... 99%

Reading package lists... 99%

Reading package lists... 99%

Reading package lists... 99%

Reading package lists... 99%

Reading package lists... Done

2024-12-31T06:13:58.286127458Z 
Reading package lists... 0%

Reading package lists... 0%

Reading package lists... 0%

Reading package lists... 88%

Reading package lists... 88%

Reading package lists... 89%

Reading package lists... 89%

Reading package lists... 90%

Reading package lists... 90%

Reading package lists... 90%

Reading package lists... 90%

Reading package lists... 94%

Reading package lists... 94%

Reading package lists... 94%

Reading package lists... 94%

Reading package lists... 95%

Reading package lists... 95%

Reading package lists... 99%

Reading package lists... 99%

Reading package lists... 99%

Reading package lists... 99%

Reading package lists... 99%

Reading package lists... 99%

Reading package lists... Done

2024-12-31T06:13:58.400984746Z 
Building dependency tree... 0%

Building dependency tree... 0%

Building dependency tree... 50%

Building dependency tree... 50%

Building dependency tree... Done

2024-12-31T06:13:58.401723890Z 
Reading state information... 0% 

Reading state information... 0%

Reading state information... Done

2024-12-31T06:13:58.485480035Z The following additional packages will be installed:
2024-12-31T06:13:58.486160591Z   libcurl4
2024-12-31T06:13:58.521225310Z The following packages will be upgraded:
2024-12-31T06:13:58.521587423Z   curl libcurl4
2024-12-31T06:13:58.524613881Z 2 upgraded, 0 newly installed, 0 to remove and 70 not upgraded.
2024-12-31T06:13:58.525709888Z Need to get 619 kB of archives.
2024-12-31T06:13:58.525725806Z After this operation, 2,048 B of additional disk space will be used.
2024-12-31T06:13:58.582540191Z 
0% [Working]
            
Get:1 http://mirrors.d.org/debian-security bullseye-security/main amd64 curl amd64 7.74.0-1.3+deb11u14 [272 kB]
2024-12-31T06:13:58.617599243Z 
0% [1 curl 0 B/272 kB 0%]
                         
45% [Working]
             
Get:2 http://mirrors.d.org/debian-security bullseye-security/main amd64 libcurl4 amd64 7.74.0-1.3+deb11u14 [348 kB]
2024-12-31T06:13:58.656123998Z 
45% [2 libcurl4 0 B/348 kB 0%]
                              
100% [Working]
              
Fetched 619 kB in 0s (4,799 kB/s)
2024-12-31T06:13:58.848471373Z debconf: delaying package configuration, since apt-utils is not installed
2024-12-31T06:13:59.006099140Z (Reading database ... 
(Reading database ... 5%
(Reading database ... 10%
(Reading database ... 15%
(Reading database ... 20%
(Reading database ... 25%
(Reading database ... 30%
(Reading database ... 35%
(Reading database ... 40%
(Reading database ... 45%
(Reading database ... 50%
(Reading database ... 55%
(Reading database ... 60%
(Reading database ... 65%
(Reading database ... 70%
(Reading database ... 75%
(Reading database ... 80%
(Reading database ... 85%
(Reading database ... 90%
(Reading database ... 95%
(Reading database ... 100%
(Reading database ... 19570 files and directories currently installed.)
2024-12-31T06:13:59.006788446Z Preparing to unpack .../curl_7.74.0-1.3+deb11u14_amd64.deb ...
2024-12-31T06:13:59.021047412Z Unpacking curl (7.74.0-1.3+deb11u14) over (7.74.0-1.3+deb11u7) ...
2024-12-31T06:13:59.134337529Z Preparing to unpack .../libcurl4_7.74.0-1.3+deb11u14_amd64.deb ...
2024-12-31T06:13:59.136516125Z Unpacking libcurl4:amd64 (7.74.0-1.3+deb11u14) over (7.74.0-1.3+deb11u7) ...
2024-12-31T06:13:59.231393185Z Setting up libcurl4:amd64 (7.74.0-1.3+deb11u14) ...
2024-12-31T06:13:59.235073071Z Setting up curl (7.74.0-1.3+deb11u14) ...
2024-12-31T06:13:59.238055692Z Processing triggers for libc-bin (2.31-13+deb11u6) ...
2024-12-31T06:16:02.162934330Z [?2004hroot@319a47484848:/# apt-get update && apt-get install -y curl
[C[C[C[C[C[C[C[C[C[C[C[C[C[C[C[C[C[C[C[C[Cgit clone https://github.com/ManiMozaffar/aioclock.git
2024-12-31T06:16:02.168830476Z [?2004l
bash: git: command not found
2024-12-31T06:16:11.368541244Z [?2004hroot@319a47484848:/# [7mapt-get install git[27mapt-get install git
2024-12-31T06:16:11.851529534Z [?2004l

Reading package lists... 0%

Reading package lists... 0%

Reading package lists... 0%

Reading package lists... 88%

Reading package lists... 88%

Reading package lists... 89%

Reading package lists... 89%

Reading package lists... 90%

Reading package lists... 90%

Reading package lists... 90%

Reading package lists... 90%

Reading package lists... 94%

Reading package lists... 94%

Reading package lists... 94%

Reading package lists... 94%

Reading package lists... 95%

Reading package lists... 95%

Reading package lists... 99%

Reading package lists... 99%

Reading package lists... 99%

Reading package lists... 99%

Reading package lists... 99%

Reading package lists... 99%

Reading package lists... Done

2024-12-31T06:16:11.967160988Z 
Building dependency tree... 0%

Building dependency tree... 0%

Building dependency tree... 50%

Building dependency tree... 50%

Building dependency tree... Done

2024-12-31T06:16:11.967707594Z 
Reading state information... 0% 

Reading state information... 0%

Reading state information... Done

2024-12-31T06:16:12.052897954Z The following additional packages will be installed:
2024-12-31T06:16:12.053190321Z   git-man libcbor0 libcurl3-gnutls libedit2 liberror-perl libfido2-1 libxmuu1
2024-12-31T06:16:12.053230367Z   openssh-client xauth
2024-12-31T06:16:12.054831554Z Suggested packages:
2024-12-31T06:16:12.054845973Z   git-daemon-run | git-daemon-sysvinit git-doc git-el git-email git-gui gitk
2024-12-31T06:16:12.054847889Z   gitweb git-cvs git-mediawiki git-svn keychain libpam-ssh monkeysphere
2024-12-31T06:16:12.054849223Z   ssh-askpass
2024-12-31T06:16:12.127416068Z The following NEW packages will be installed:
2024-12-31T06:16:12.127547541Z   git git-man libcbor0 libcurl3-gnutls libedit2 liberror-perl libfido2-1
2024-12-31T06:16:12.127707852Z   libxmuu1 openssh-client xauth
2024-12-31T06:16:12.131043116Z 0 upgraded, 10 newly installed, 0 to remove and 70 not upgraded.
2024-12-31T06:16:12.132134827Z Need to get 8,949 kB of archives.
2024-12-31T06:16:12.132140327Z After this operation, 44.0 MB of additional disk space will be used.
2024-12-31T06:16:14.445778578Z Do you want to continue? [Y/n] y
2024-12-31T06:16:14.514531519Z 
0% [Working]
            
Get:1 http://mirrors.d.org/debian bullseye/main amd64 libedit2 amd64 3.1-20191231-2+b1 [96.7 kB]
2024-12-31T06:16:14.528937534Z 
0% [1 libedit2 0 B/96.7 kB 0%]
                              
3% [Working]
            
Get:2 http://mirrors.d.org/debian bullseye/main amd64 libcbor0 amd64 0.5.0+dfsg-2 [24.0 kB]
2024-12-31T06:16:14.532285550Z 
3% [2 libcbor0 0 B/24.0 kB 0%]
                              
5% [Working]
            
Get:3 http://mirrors.d.org/debian bullseye/main amd64 libfido2-1 amd64 1.6.0-2 [53.3 kB]
2024-12-31T06:16:14.539376919Z 
5% [3 libfido2-1 0 B/53.3 kB 0%]
                                
8% [Working]
            
Get:4 http://mirrors.d.org/debian bullseye/main amd64 openssh-client amd64 1:8.4p1-5+deb11u3 [932 kB]
2024-12-31T06:16:14.705119223Z 
8% [4 openssh-client 0 B/932 kB 0%]
                                   
18% [Working]
             
Get:5 http://mirrors.d.org/debian-security bullseye-security/main amd64 libcurl3-gnutls amd64 7.74.0-1.3+deb11u14 [344 kB]
2024-12-31T06:16:14.746448880Z 
18% [5 libcurl3-gnutls 0 B/344 kB 0%]
                                     
23% [Working]
             
Get:6 http://mirrors.d.org/debian bullseye/main amd64 liberror-perl all 0.17029-1 [31.0 kB]
2024-12-31T06:16:14.749342634Z 
23% [6 liberror-perl 0 B/31.0 kB 0%]
                                    
25% [Working]
             
Get:7 http://mirrors.d.org/debian-security bullseye-security/main amd64 git-man all 1:2.30.2-1+deb11u3 [1,831 kB]
2024-12-31T06:16:15.184386078Z 
25% [7 git-man 0 B/1,831 kB 0%]
                               
44% [Working]
             
Get:8 http://mirrors.d.org/debian-security bullseye-security/main amd64 git amd64 1:2.30.2-1+deb11u3 [5,573 kB]
2024-12-31T06:16:15.430118009Z 
44% [8 git 0 B/5,573 kB 0%]
                           
95% [Working]
             
Get:9 http://mirrors.d.org/debian bullseye/main amd64 libxmuu1 amd64 2:1.1.2-2+b3 [23.9 kB]
2024-12-31T06:16:15.431749616Z 
95% [9 libxmuu1 0 B/23.9 kB 0%]
                               
98% [Working]
             
Get:10 http://mirrors.d.org/debian bullseye/main amd64 xauth amd64 1:1.1-1 [40.5 kB]
2024-12-31T06:16:15.433133486Z 
98% [10 xauth 0 B/40.5 kB 0%]
                             
100% [Working]
              
Fetched 8,949 kB in 1s (9,110 kB/s)
2024-12-31T06:16:15.616554520Z debconf: delaying package configuration, since apt-utils is not installed
2024-12-31T06:16:15.764394109Z Selecting previously unselected package libedit2:amd64.
2024-12-31T06:16:15.772065879Z (Reading database ... 
(Reading database ... 5%
(Reading database ... 10%
(Reading database ... 15%
(Reading database ... 20%
(Reading database ... 25%
(Reading database ... 30%
(Reading database ... 35%
(Reading database ... 40%
(Reading database ... 45%
(Reading database ... 50%
(Reading database ... 55%
(Reading database ... 60%
(Reading database ... 65%
(Reading database ... 70%
(Reading database ... 75%
(Reading database ... 80%
(Reading database ... 85%
(Reading database ... 90%
(Reading database ... 95%
(Reading database ... 100%
(Reading database ... 19570 files and directories currently installed.)
2024-12-31T06:16:15.772471635Z Preparing to unpack .../0-libedit2_3.1-20191231-2+b1_amd64.deb ...
2024-12-31T06:16:15.776650706Z Unpacking libedit2:amd64 (3.1-20191231-2+b1) ...
2024-12-31T06:16:15.869448704Z Selecting previously unselected package libcbor0:amd64.
2024-12-31T06:16:15.871900448Z Preparing to unpack .../1-libcbor0_0.5.0+dfsg-2_amd64.deb ...
2024-12-31T06:16:15.872599863Z Unpacking libcbor0:amd64 (0.5.0+dfsg-2) ...
2024-12-31T06:16:15.954906845Z Selecting previously unselected package libfido2-1:amd64.
2024-12-31T06:16:15.957156732Z Preparing to unpack .../2-libfido2-1_1.6.0-2_amd64.deb ...
2024-12-31T06:16:15.957690545Z Unpacking libfido2-1:amd64 (1.6.0-2) ...
2024-12-31T06:16:16.043818472Z Selecting previously unselected package openssh-client.
2024-12-31T06:16:16.047065851Z Preparing to unpack .../3-openssh-client_1%3a8.4p1-5+deb11u3_amd64.deb ...
2024-12-31T06:16:16.099860722Z Unpacking openssh-client (1:8.4p1-5+deb11u3) ...
2024-12-31T06:16:16.248993378Z Selecting previously unselected package libcurl3-gnutls:amd64.
2024-12-31T06:16:16.251363946Z Preparing to unpack .../4-libcurl3-gnutls_7.74.0-1.3+deb11u14_amd64.deb ...
2024-12-31T06:16:16.252133120Z Unpacking libcurl3-gnutls:amd64 (7.74.0-1.3+deb11u14) ...
2024-12-31T06:16:16.351964980Z Selecting previously unselected package liberror-perl.
2024-12-31T06:16:16.354153944Z Preparing to unpack .../5-liberror-perl_0.17029-1_all.deb ...
2024-12-31T06:16:16.354805228Z Unpacking liberror-perl (0.17029-1) ...
2024-12-31T06:16:16.436161391Z Selecting previously unselected package git-man.
2024-12-31T06:16:16.438309350Z Preparing to unpack .../6-git-man_1%3a2.30.2-1+deb11u3_all.deb ...
2024-12-31T06:16:16.438929214Z Unpacking git-man (1:2.30.2-1+deb11u3) ...
2024-12-31T06:16:16.598483961Z Selecting previously unselected package git.
2024-12-31T06:16:16.601140897Z Preparing to unpack .../7-git_1%3a2.30.2-1+deb11u3_amd64.deb ...
2024-12-31T06:16:16.772585449Z Unpacking git (1:2.30.2-1+deb11u3) ...
2024-12-31T06:16:17.262955309Z Selecting previously unselected package libxmuu1:amd64.
2024-12-31T06:16:17.265833269Z Preparing to unpack .../8-libxmuu1_2%3a1.1.2-2+b3_amd64.deb ...
2024-12-31T06:16:17.266406920Z Unpacking libxmuu1:amd64 (2:1.1.2-2+b3) ...
2024-12-31T06:16:17.347678864Z Selecting previously unselected package xauth.
2024-12-31T06:16:17.350406141Z Preparing to unpack .../9-xauth_1%3a1.1-1_amd64.deb ...
2024-12-31T06:16:17.351167980Z Unpacking xauth (1:1.1-1) ...
2024-12-31T06:16:17.439398444Z Setting up libedit2:amd64 (3.1-20191231-2+b1) ...
2024-12-31T06:16:17.443158258Z Setting up libcbor0:amd64 (0.5.0+dfsg-2) ...
2024-12-31T06:16:17.444582008Z Setting up libcurl3-gnutls:amd64 (7.74.0-1.3+deb11u14) ...
2024-12-31T06:16:17.446030093Z Setting up liberror-perl (0.17029-1) ...
2024-12-31T06:16:17.447609819Z Setting up git-man (1:2.30.2-1+deb11u3) ...
2024-12-31T06:16:17.449113661Z Setting up libfido2-1:amd64 (1.6.0-2) ...
2024-12-31T06:16:17.450943042Z Setting up libxmuu1:amd64 (2:1.1.2-2+b3) ...
2024-12-31T06:16:17.452437466Z Setting up openssh-client (1:8.4p1-5+deb11u3) ...
2024-12-31T06:16:17.838075477Z Setting up git (1:2.30.2-1+deb11u3) ...
2024-12-31T06:16:18.029413559Z Setting up xauth (1:1.1-1) ...
2024-12-31T06:16:18.032835417Z Processing triggers for libc-bin (2.31-13+deb11u6) ...
2024-12-31T06:16:42.921775268Z [?2004hroot@319a47484848:/# apt-get install gitgit clone https://github.com/ManiMozaffar/aioclock.git
2024-12-31T06:16:42.944798622Z [?2004l
Cloning into 'aioclock'...
2024-12-31T06:16:47.895834536Z remote: Enumerating objects: 994, done.[K
2024-12-31T06:16:47.917014300Z remote: Counting objects:   0% (1/219)[K
remote: Counting objects:   1% (3/219)[K
remote: Counting objects:   2% (5/219)[K
remote: Counting objects:   3% (7/219)[K
remote: Counting objects:   4% (9/219)[K
remote: Counting objects:   5% (11/219)[K
remote: Counting objects:   6% (14/219)[K
remote: Counting objects:   7% (16/219)[K
remote: Counting objects:   8% (18/219)[K
remote: Counting objects:   9% (20/219)[K
remote: Counting objects:  10% (22/219)[K
remote: Counting objects:  11% (25/219)[K
remote: Counting objects:  12% (27/219)[K
remote: Counting objects:  13% (29/219)[K
remote: Counting objects:  14% (31/219)[K
remote: Counting objects:  15% (33/219)[K
remote: Counting objects:  16% (36/219)[K
remote: Counting objects:  17% (38/219)[K
remote: Counting objects:  18% (40/219)[K
remote: Counting objects:  19% (42/219)[K
remote: Counting objects:  20% (44/219)[K
remote: Counting objects:  21% (46/219)[K
remote: Counting objects:  22% (49/219)[K
remote: Counting objects:  23% (51/219)[K
remote: Counting objects:  24% (53/219)[K
remote: Counting objects:  25% (55/219)[K
remote: Counting objects:  26% (57/219)[K
remote: Counting objects:  27% (60/219)[K
remote: Counting objects:  28% (62/219)[K
remote: Counting objects:  29% (64/219)[K
remote: Counting objects:  30% (66/219)[K
remote: Counting objects:  31% (68/219)[K
remote: Counting objects:  32% (71/219)[K
remote: Counting objects:  33% (73/219)[K
remote: Counting objects:  34% (75/219)[K
remote: Counting objects:  35% (77/219)[K
remote: Counting objects:  36% (79/219)[K
remote: Counting objects:  37% (82/219)[K
remote: Counting objects:  38% (84/219)[K
remote: Counting objects:  39% (86/219)[K
remote: Counting objects:  40% (88/219)[K
remote: Counting objects:  41% (90/219)[K
remote: Counting objects:  42% (92/219)[K
remote: Counting objects:  43% (95/219)[K
remote: Counting objects:  44% (97/219)[K
remote: Counting objects:  45% (99/219)[K
remote: Counting objects:  46% (101/219)[K
remote: Counting objects:  47% (103/219)[K
remote: Counting objects:  48% (106/219)[K
remote: Counting objects:  49% (108/219)[K
remote: Counting objects:  50% (110/219)[K
remote: Counting objects:  51% (112/219)[K
remote: Counting objects:  52% (114/219)[K
remote: Counting objects:  53% (117/219)[K
remote: Counting objects:  54% (119/219)[K
remote: Counting objects:  55% (121/219)[K
remote: Counting objects:  56% (123/219)[K
remote: Counting objects:  57% (125/219)[K
remote: Counting objects:  58% (128/219)[K
remote: Counting objects:  59% (130/219)[K
remote: Counting objects:  60% (132/219)[K
remote: Counting objects:  61% (134/219)[K
remote: Counting objects:  62% (136/219)[K
remote: Counting objects:  63% (138/219)[K
remote: Counting objects:  64% (141/219)[K
remote: Counting objects:  65% (143/219)[K
remote: Counting objects:  66% (145/219)[K
remote: Counting objects:  67% (147/219)[K
remote: Counting objects:  68% (149/219)[K
remote: Counting objects:  69% (152/219)[K
remote: Counting objects:  70% (154/219)[K
remote: Counting objects:  71% (156/219)[K
remote: Counting objects:  72% (158/219)[K
remote: Counting objects:  73% (160/219)[K
remote: Counting objects:  74% (163/219)[K
remote: Counting objects:  75% (165/219)[K
remote: Counting objects:  76% (167/219)[K
remote: Counting objects:  77% (169/219)[K
remote: Counting objects:  78% (171/219)[K
remote: Counting objects:  79% (174/219)[K
remote: Counting objects:  80% (176/219)[K
remote: Counting objects:  81% (178/219)[K
remote: Counting objects:  82% (180/219)[K
remote: Counting objects:  83% (182/219)[K
remote: Counting objects:  84% (184/219)[K
remote: Counting objects:  85% (187/219)[K
remote: Counting objects:  86% (189/219)[K
remote: Counting objects:  87% (191/219)[K
remote: Counting objects:  88% (193/219)[K
remote: Counting objects:  89% (195/219)[K
remote: Counting objects:  90% (198/219)[K
remote: Counting objects:  91% (200/219)[K
remote: Counting objects:  92% (202/219)[K
remote: Counting objects:  93% (204/219)[K
remote: Counting objects:  94% (206/219)[K
remote: Counting objects:  95% (209/219)[K
remote: Counting objects:  96% (211/219)[K
remote: Counting objects:  97% (213/219)[K
remote: Counting objects:  98% (215/219)[K
remote: Counting objects:  99% (217/219)[K
remote: Counting objects: 100% (219/219)[K
remote: Counting objects: 100% (219/219), done.[K
2024-12-31T06:16:47.924398328Z remote: Compressing objects:   0% (1/128)[K
remote: Compressing objects:   1% (2/128)[K
remote: Compressing objects:   2% (3/128)[K
remote: Compressing objects:   3% (4/128)[K
remote: Compressing objects:   4% (6/128)[K
remote: Compressing objects:   5% (7/128)[K
remote: Compressing objects:   6% (8/128)[K
remote: Compressing objects:   7% (9/128)[K
remote: Compressing objects:   8% (11/128)[K
remote: Compressing objects:   9% (12/128)[K
remote: Compressing objects:  10% (13/128)[K
remote: Compressing objects:  11% (15/128)[K
remote: Compressing objects:  12% (16/128)[K
remote: Compressing objects:  13% (17/128)[K
remote: Compressing objects:  14% (18/128)[K
remote: Compressing objects:  15% (20/128)[K
remote: Compressing objects:  16% (21/128)[K
remote: Compressing objects:  17% (22/128)[K
remote: Compressing objects:  18% (24/128)[K
remote: Compressing objects:  19% (25/128)[K
remote: Compressing objects:  20% (26/128)[K
remote: Compressing objects:  21% (27/128)[K
remote: Compressing objects:  22% (29/128)[K
remote: Compressing objects:  23% (30/128)[K
remote: Compressing objects:  24% (31/128)[K
remote: Compressing objects:  25% (32/128)[K
remote: Compressing objects:  26% (34/128)[K
remote: Compressing objects:  27% (35/128)[K
remote: Compressing objects:  28% (36/128)[K
remote: Compressing objects:  29% (38/128)[K
remote: Compressing objects:  30% (39/128)[K
remote: Compressing objects:  31% (40/128)[K
remote: Compressing objects:  32% (41/128)[K
remote: Compressing objects:  33% (43/128)[K
remote: Compressing objects:  34% (44/128)[K
remote: Compressing objects:  35% (45/128)[K
remote: Compressing objects:  36% (47/128)[K
remote: Compressing objects:  37% (48/128)[K
remote: Compressing objects:  38% (49/128)[K
remote: Compressing objects:  39% (50/128)[K
remote: Compressing objects:  40% (52/128)[K
remote: Compressing objects:  41% (53/128)[K
remote: Compressing objects:  42% (54/128)[K
remote: Compressing objects:  43% (56/128)[K
remote: Compressing objects:  44% (57/128)[K
remote: Compressing objects:  45% (58/128)[K
remote: Compressing objects:  46% (59/128)[K
remote: Compressing objects:  47% (61/128)[K
remote: Compressing objects:  48% (62/128)[K
remote: Compressing objects:  49% (63/128)[K
remote: Compressing objects:  50% (64/128)[K
remote: Compressing objects:  51% (66/128)[K
remote: Compressing objects:  52% (67/128)[K
remote: Compressing objects:  53% (68/128)[K
remote: Compressing objects:  54% (70/128)[K
remote: Compressing objects:  55% (71/128)[K
remote: Compressing objects:  56% (72/128)[K
remote: Compressing objects:  57% (73/128)[K
remote: Compressing objects:  58% (75/128)[K
remote: Compressing objects:  59% (76/128)[K
remote: Compressing objects:  60% (77/128)[K
remote: Compressing objects:  61% (79/128)[K
remote: Compressing objects:  62% (80/128)[K
remote: Compressing objects:  63% (81/128)[K
remote: Compressing objects:  64% (82/128)[K
remote: Compressing objects:  65% (84/128)[K
remote: Compressing objects:  66% (85/128)[K
remote: Compressing objects:  67% (86/128)[K
remote: Compressing objects:  68% (88/128)[K
remote: Compressing objects:  69% (89/128)[K
remote: Compressing objects:  70% (90/128)[K
remote: Compressing objects:  71% (91/128)[K
remote: Compressing objects:  72% (93/128)[K
remote: Compressing objects:  73% (94/128)[K
remote: Compressing objects:  74% (95/128)[K
remote: Compressing objects:  75% (96/128)[K
remote: Compressing objects:  76% (98/128)[K
remote: Compressing objects:  77% (99/128)[K
remote: Compressing objects:  78% (100/128)[K
remote: Compressing objects:  79% (102/128)[K
remote: Compressing objects:  80% (103/128)[K
remote: Compressing objects:  81% (104/128)[K
remote: Compressing objects:  82% (105/128)[K
remote: Compressing objects:  83% (107/128)[K
remote: Compressing objects:  84% (108/128)[K
remote: Compressing objects:  85% (109/128)[K
remote: Compressing objects:  86% (111/128)[K
remote: Compressing objects:  87% (112/128)[K
remote: Compressing objects:  88% (113/128)[K
remote: Compressing objects:  89% (114/128)[K
remote: Compressing objects:  90% (116/128)[K
remote: Compressing objects:  91% (117/128)[K
remote: Compressing objects:  92% (118/128)[K
remote: Compressing objects:  93% (120/128)[K
remote: Compressing objects:  94% (121/128)[K
remote: Compressing objects:  95% (122/128)[K
remote: Compressing objects:  96% (123/128)[K
remote: Compressing objects:  97% (125/128)[K
remote: Compressing objects:  98% (126/128)[K
remote: Compressing objects:  99% (127/128)[K
remote: Compressing objects: 100% (128/128)[K
remote: Compressing objects: 100% (128/128), done.[K
2024-12-31T06:16:48.425479063Z Receiving objects:   0% (1/994)
Receiving objects:   1% (10/994)
Receiving objects:   2% (20/994)
Receiving objects:   3% (30/994)
Receiving objects:   4% (40/994)
Receiving objects:   5% (50/994)
Receiving objects:   6% (60/994)
Receiving objects:   7% (70/994)
Receiving objects:   8% (80/994)
Receiving objects:   9% (90/994)
Receiving objects:  10% (100/994)
Receiving objects:  11% (110/994)
Receiving objects:  12% (120/994)
Receiving objects:  13% (130/994)
Receiving objects:  14% (140/994)
Receiving objects:  15% (150/994)
Receiving objects:  16% (160/994)
Receiving objects:  17% (169/994)
Receiving objects:  18% (179/994)
Receiving objects:  19% (189/994)
Receiving objects:  20% (199/994)
Receiving objects:  21% (209/994)
Receiving objects:  22% (219/994)
Receiving objects:  23% (229/994)
Receiving objects:  24% (239/994)
Receiving objects:  25% (249/994)
Receiving objects:  26% (259/994)
Receiving objects:  27% (269/994)
Receiving objects:  28% (279/994)
Receiving objects:  29% (289/994)
Receiving objects:  30% (299/994)
Receiving objects:  31% (309/994)
Receiving objects:  32% (319/994)
Receiving objects:  33% (329/994)
Receiving objects:  34% (338/994)
Receiving objects:  35% (348/994)
Receiving objects:  36% (358/994)
Receiving objects:  37% (368/994)
Receiving objects:  38% (378/994)
Receiving objects:  39% (388/994)
Receiving objects:  40% (398/994)
Receiving objects:  41% (408/994)
Receiving objects:  42% (418/994)
Receiving objects:  43% (428/994)
Receiving objects:  44% (438/994)
Receiving objects:  45% (448/994)
Receiving objects:  46% (458/994)
Receiving objects:  47% (468/994)
Receiving objects:  48% (478/994)
Receiving objects:  49% (488/994)
Receiving objects:  50% (497/994)
Receiving objects:  51% (507/994)
Receiving objects:  52% (517/994)
Receiving objects:  53% (527/994)
Receiving objects:  54% (537/994)
Receiving objects:  55% (547/994)
Receiving objects:  56% (557/994)
Receiving objects:  57% (567/994)
Receiving objects:  58% (577/994)
Receiving objects:  59% (587/994)
Receiving objects:  60% (597/994)
Receiving objects:  61% (607/994)
Receiving objects:  62% (617/994)
Receiving objects:  63% (627/994)
Receiving objects:  64% (637/994)
Receiving objects:  65% (647/994)
Receiving objects:  66% (657/994)
Receiving objects:  67% (666/994)
Receiving objects:  68% (676/994)
Receiving objects:  69% (686/994)
Receiving objects:  70% (696/994)
Receiving objects:  71% (706/994)
Receiving objects:  72% (716/994)
Receiving objects:  73% (726/994)
Receiving objects:  74% (736/994)
Receiving objects:  75% (746/994)
Receiving objects:  76% (756/994)
Receiving objects:  77% (766/994)
Receiving objects:  78% (776/994)
Receiving objects:  79% (786/994)
Receiving objects:  80% (796/994)
Receiving objects:  81% (806/994)
Receiving objects:  82% (816/994)
Receiving objects:  83% (826/994)
Receiving objects:  84% (835/994)
Receiving objects:  85% (845/994)
Receiving objects:  86% (855/994)
Receiving objects:  87% (865/994)
Receiving objects:  88% (875/994)
Receiving objects:  89% (885/994)
Receiving objects:  90% (895/994)
Receiving objects:  91% (905/994)
Receiving objects:  92% (915/994)
Receiving objects:  93% (925/994)
Receiving objects:  94% (935/994)
Receiving objects:  95% (945/994)
Receiving objects:  96% (955/994)
Receiving objects:  97% (965/994)
Receiving objects:  98% (975/994)
remote: Total 994 (delta 114), reused 141 (delta 71), pack-reused 775 (from 1)[K
2024-12-31T06:16:48.426730168Z Receiving objects:  99% (985/994)
Receiving objects: 100% (994/994)
Receiving objects: 100% (994/994), 2.20 MiB | 4.54 MiB/s, done.
2024-12-31T06:16:48.444628715Z Resolving deltas:   0% (0/497)
Resolving deltas:   1% (5/497)
Resolving deltas:   2% (10/497)
Resolving deltas:   3% (15/497)
Resolving deltas:   4% (20/497)
Resolving deltas:   5% (25/497)
Resolving deltas:   6% (30/497)
Resolving deltas:   7% (35/497)
Resolving deltas:   8% (40/497)
Resolving deltas:   9% (45/497)
Resolving deltas:  10% (50/497)
Resolving deltas:  11% (55/497)
Resolving deltas:  12% (60/497)
Resolving deltas:  13% (65/497)
Resolving deltas:  14% (70/497)
Resolving deltas:  15% (76/497)
Resolving deltas:  16% (80/497)
Resolving deltas:  17% (85/497)
Resolving deltas:  18% (90/497)
Resolving deltas:  19% (95/497)
Resolving deltas:  20% (100/497)
Resolving deltas:  21% (105/497)
Resolving deltas:  22% (110/497)
Resolving deltas:  23% (115/497)
Resolving deltas:  25% (127/497)
Resolving deltas:  26% (130/497)
Resolving deltas:  27% (135/497)
Resolving deltas:  28% (140/497)
Resolving deltas:  29% (145/497)
Resolving deltas:  30% (150/497)
Resolving deltas:  31% (155/497)
Resolving deltas:  32% (161/497)
Resolving deltas:  33% (165/497)
Resolving deltas:  34% (169/497)
Resolving deltas:  35% (174/497)
Resolving deltas:  36% (179/497)
Resolving deltas:  37% (184/497)
Resolving deltas:  38% (189/497)
Resolving deltas:  39% (194/497)
Resolving deltas:  40% (199/497)
Resolving deltas:  41% (204/497)
Resolving deltas:  42% (209/497)
Resolving deltas:  43% (214/497)
Resolving deltas:  44% (219/497)
Resolving deltas:  45% (224/497)
Resolving deltas:  46% (230/497)
Resolving deltas:  47% (234/497)
Resolving deltas:  48% (239/497)
Resolving deltas:  49% (244/497)
Resolving deltas:  50% (249/497)
Resolving deltas:  51% (254/497)
Resolving deltas:  52% (260/497)
Resolving deltas:  53% (264/497)
Resolving deltas:  54% (269/497)
Resolving deltas:  55% (274/497)
Resolving deltas:  56% (279/497)
Resolving deltas:  57% (284/497)
Resolving deltas:  58% (289/497)
Resolving deltas:  59% (294/497)
Resolving deltas:  60% (299/497)
Resolving deltas:  61% (305/497)
Resolving deltas:  62% (309/497)
Resolving deltas:  63% (314/497)
Resolving deltas:  64% (319/497)
Resolving deltas:  65% (324/497)
Resolving deltas:  66% (329/497)
Resolving deltas:  67% (333/497)
Resolving deltas:  68% (338/497)
Resolving deltas:  69% (343/497)
Resolving deltas:  70% (348/497)
Resolving deltas:  71% (353/497)
Resolving deltas:  72% (358/497)
Resolving deltas:  73% (363/497)
Resolving deltas:  74% (368/497)
Resolving deltas:  75% (373/497)
Resolving deltas:  76% (378/497)
Resolving deltas:  77% (383/497)
Resolving deltas:  78% (388/497)
Resolving deltas:  79% (393/497)
Resolving deltas:  80% (398/497)
Resolving deltas:  81% (403/497)
Resolving deltas:  82% (408/497)
Resolving deltas:  83% (413/497)
Resolving deltas:  84% (418/497)
Resolving deltas:  85% (423/497)
Resolving deltas:  86% (428/497)
Resolving deltas:  87% (433/497)
Resolving deltas:  88% (438/497)
Resolving deltas:  89% (443/497)
Resolving deltas:  90% (448/497)
Resolving deltas:  91% (453/497)
Resolving deltas:  92% (458/497)
Resolving deltas:  93% (463/497)
Resolving deltas:  94% (468/497)
Resolving deltas:  95% (473/497)
Resolving deltas:  96% (481/497)
Resolving deltas:  97% (483/497)
Resolving deltas:  98% (488/497)
Resolving deltas:  99% (493/497)
Resolving deltas: 100% (497/497)
Resolving deltas: 100% (497/497), done.
2024-12-31T06:17:02.939482185Z [?2004hroot@319a47484848:/# git checkout [7m3d196b2642f84acdbbdca6d383f62067b33e4a9d[27m
[C[C[C[C[C[C[C[C[C[C[C[C[C[C[C[C[C[C[C[C[C[C[C[C[C[C[C[C[C[C[C[C[C[C3d196b2642f84acdbbdca6d383f62067b33e4a9d
2024-12-31T06:17:02.960235774Z [?2004l
fatal: not a git repository (or any of the parent directories): .git
2024-12-31T06:17:07.852709270Z [?2004hroot@319a47484848:/# ls
2024-12-31T06:17:07.872031108Z [?2004l
aioclock  bin	dev  home  lib64  mnt  proc  run   srv	tmp  var
2024-12-31T06:17:07.872052069Z bd_build  boot	etc  lib   media  opt  root  sbin  sys	usr
2024-12-31T06:17:13.513522444Z [?2004hroot@319a47484848:/# cd aioclock/
2024-12-31T06:17:16.018385472Z [?2004l
[?2004hroot@319a47484848:/aioclock# [7m3d196b2642f84acdbbdca6d383f62067b33e4a9d[27m^C[?2004l
[?2004h[?2004l

2024-12-31T06:17:20.342035493Z [?2004hroot@319a47484848:/aioclock# git checkout [7m3d196b2642f84acdbbdca6d383f62067b33e4a[27m[7m9[27m[7md[27m[A[C[C[C[C[C[C[C[C[C[C[C[C[C[C[C[C[C[C[C[C[C[C[C[C[C[C[C[C[C[C[C[C[C[C[C[C[C[C[C[C3d196b2642f84acdbbdca6d383f62067b33e4a9d
2024-12-31T06:17:20.401276991Z [?2004l
Note: switching to '3d196b2642f84acdbbdca6d383f62067b33e4a9d'.
2024-12-31T06:17:20.401346833Z 
2024-12-31T06:17:20.401349333Z You are in 'detached HEAD' state. You can look around, make experimental
2024-12-31T06:17:20.401351000Z changes and commit them, and you can discard any commits you make in this
2024-12-31T06:17:20.401352333Z state without impacting any branches by switching back to a branch.
2024-12-31T06:17:20.401353583Z 
2024-12-31T06:17:20.401354750Z If you want to create a new branch to retain commits you create, you may
2024-12-31T06:17:20.401355959Z do so (now or later) by using -c with the switch command. Example:
2024-12-31T06:17:20.401357209Z 
2024-12-31T06:17:20.401358376Z   git switch -c <new-branch-name>
2024-12-31T06:17:20.401359667Z 
2024-12-31T06:17:20.401360751Z Or undo this operation with:
2024-12-31T06:17:20.401361918Z 
2024-12-31T06:17:20.401363001Z   git switch -
2024-12-31T06:17:20.401364168Z 
2024-12-31T06:17:20.401365251Z Turn off this advice by setting config variable advice.detachedHead to false
2024-12-31T06:17:20.401366502Z 
2024-12-31T06:17:20.402229936Z HEAD is now at 3d196b2 change examples to use lifespan instead of OnStartUp/OnShutDown (#32)
2024-12-31T06:17:28.073210482Z [?2004hroot@319a47484848:/aioclock# ls
2024-12-31T06:17:28.092062099Z [?2004l
aioclock	examples  mkdocs.yml	  requirements-dev.lock  tox.ini
2024-12-31T06:17:28.092087727Z deploy_docs.py	LICENSE   pyproject.toml  requirements.lock
2024-12-31T06:17:28.092089852Z docs		Makefile  README.md	  tests
2024-12-31T06:17:58.075181817Z [?2004hroot@319a47484848:/aioclock# pip3 install -r requirements[K[K[K[K[K[K[K[K[K[K[K[K[K[K[K[K[K[K[K[K[K[K[K[K[K[K[K[K[7mpytest --collect-only -q[27mpytest --collect-only -q
2024-12-31T06:17:58.450556902Z [?2004l
tests/test_examples.py::test_examples
2024-12-31T06:17:58.528153982Z 
2024-12-31T06:17:58.528163899Z ==================================== ERRORS ====================================
2024-12-31T06:17:58.528166441Z [31m[1m______________________ ERROR collecting tests/test_di.py _______________________[0m
2024-12-31T06:17:58.528248732Z [31mImportError while importing test module '/aioclock/tests/test_di.py'.
2024-12-31T06:17:58.528252648Z Hint: make sure your test modules/packages have valid Python names.
2024-12-31T06:17:58.528254232Z Traceback:
2024-12-31T06:17:58.528264357Z /usr/local/lib/python3.10/importlib/__init__.py:126: in import_module
2024-12-31T06:17:58.528266482Z     return _bootstrap._gcd_import(name[level:], package, level)
2024-12-31T06:17:58.528267815Z tests/test_di.py:3: in <module>
2024-12-31T06:17:58.528269357Z     from aioclock import AioClock, Depends, Once
2024-12-31T06:17:58.528352314Z aioclock/__init__.py:1: in <module>
2024-12-31T06:17:58.528367564Z     from fast_depends import Depends
2024-12-31T06:17:58.528369481Z E   ModuleNotFoundError: No module named 'fast_depends'[0m
2024-12-31T06:17:58.528370939Z [31m[1m___________________ ERROR collecting tests/test_lifespan.py ____________________[0m
2024-12-31T06:17:58.528372689Z [31mImportError while importing test module '/aioclock/tests/test_lifespan.py'.
2024-12-31T06:17:58.528374022Z Hint: make sure your test modules/packages have valid Python names.
2024-12-31T06:17:58.528375231Z Traceback:
2024-12-31T06:17:58.528376439Z /usr/local/lib/python3.10/importlib/__init__.py:126: in import_module
2024-12-31T06:17:58.528377689Z     return _bootstrap._gcd_import(name[level:], package, level)
2024-12-31T06:17:58.528378897Z tests/test_lifespan.py:5: in <module>
2024-12-31T06:17:58.528380106Z     from aioclock import AioClock
2024-12-31T06:17:58.528381272Z aioclock/__init__.py:1: in <module>
2024-12-31T06:17:58.528382481Z     from fast_depends import Depends
2024-12-31T06:17:58.528383647Z E   ModuleNotFoundError: No module named 'fast_depends'[0m
2024-12-31T06:17:58.529200599Z [31m[1m____________________ ERROR collecting tests/test_timeout.py ____________________[0m
2024-12-31T06:17:58.529207599Z [31mImportError while importing test module '/aioclock/tests/test_timeout.py'.
2024-12-31T06:17:58.529209474Z Hint: make sure your test modules/packages have valid Python names.
2024-12-31T06:17:58.529210849Z Traceback:
2024-12-31T06:17:58.529212057Z /usr/local/lib/python3.10/importlib/__init__.py:126: in import_module
2024-12-31T06:17:58.529213391Z     return _bootstrap._gcd_import(name[level:], package, level)
2024-12-31T06:17:58.529214599Z tests/test_timeout.py:7: in <module>
2024-12-31T06:17:58.529215891Z     from aioclock import AioClock, Once
2024-12-31T06:17:58.529217266Z aioclock/__init__.py:1: in <module>
2024-12-31T06:17:58.529218474Z     from fast_depends import Depends
2024-12-31T06:17:58.529219599Z E   ModuleNotFoundError: No module named 'fast_depends'[0m
2024-12-31T06:17:58.529228974Z [31m[1m___________________ ERROR collecting tests/test_triggers.py ____________________[0m
2024-12-31T06:17:58.529230474Z [31mImportError while importing test module '/aioclock/tests/test_triggers.py'.
2024-12-31T06:17:58.529231765Z Hint: make sure your test modules/packages have valid Python names.
2024-12-31T06:17:58.529240599Z Traceback:
2024-12-31T06:17:58.529242349Z /usr/local/lib/python3.10/importlib/__init__.py:126: in import_module
2024-12-31T06:17:58.529243557Z     return _bootstrap._gcd_import(name[level:], package, level)
2024-12-31T06:17:58.529244724Z tests/test_triggers.py:6: in <module>
2024-12-31T06:17:58.529245974Z     from aioclock.triggers import At, Cron, Every, Forever, LoopController, Once, OrTrigger
2024-12-31T06:17:58.529247265Z aioclock/__init__.py:1: in <module>
2024-12-31T06:17:58.529248432Z     from fast_depends import Depends
2024-12-31T06:17:58.529249599Z E   ModuleNotFoundError: No module named 'fast_depends'[0m
2024-12-31T06:17:58.529250807Z [36m[1m=========================== short test summary info ============================[0m
2024-12-31T06:17:58.529252099Z [31mERROR[0m tests/test_di.py
2024-12-31T06:17:58.529253474Z [31mERROR[0m tests/test_lifespan.py
2024-12-31T06:17:58.529254640Z [31mERROR[0m tests/test_timeout.py
2024-12-31T06:17:58.529300515Z [31mERROR[0m tests/test_triggers.py
2024-12-31T06:17:58.529304015Z !!!!!!!!!!!!!!!!!!! Interrupted: 4 errors during collection !!!!!!!!!!!!!!!!!!!!
2024-12-31T06:17:58.531202499Z [31m[32m1 test collected[0m, [31m4 errors[0m[31m in 0.17s[0m[0m
2024-12-31T06:19:19.688415588Z [?2004hroot@319a47484848:/aioclock# pip3 install -r requirements„ÄÇ[K[Kss[K
2024-12-31T06:19:20.084023260Z [?2004l
[31mERROR: Could not open requirements file: [Errno 2] No such file or directory: 'requirements'[0m[31m
2024-12-31T06:19:20.089695214Z [0m
2024-12-31T06:19:20.089708631Z [1m[[0m[34;49mnotice[0m[1;39;49m][0m[39;49m A new release of pip is available: [0m[31;49m23.2.1[0m[39;49m -> [0m[32;49m24.3.1[0m
2024-12-31T06:19:20.089712256Z [1m[[0m[34;49mnotice[0m[1;39;49m][0m[39;49m To update, run: [0m[32;49mpip install --upgrade pip[0m
2024-12-31T06:19:27.313636893Z [?2004hroot@319a47484848:/aioclock# „ÄÇl[K[Kpip3 install -r requirements.lock 
2024-12-31T06:19:27.714991060Z [?2004l
Looking in indexes: https://dpypi.d.org/simple
2024-12-31T06:19:27.715383682Z Obtaining file:///. (from -r requirements.lock (line 10))
2024-12-31T06:19:28.995301861Z   Installing build dependencies ... [?25l- \ | / - \ done
2024-12-31T06:19:29.111756752Z [?25h  Checking if build backend supports build_editable ... [?25ldone
2024-12-31T06:19:29.266277292Z [?25h  Getting requirements to build editable ... [?25ldone
2024-12-31T06:19:30.073023552Z [?25h  Installing backend dependencies ... [?25l- \ done
2024-12-31T06:19:30.310949543Z [?25h  Preparing editable metadata (pyproject.toml) ... [?25ldone
2024-12-31T06:19:30.397496134Z [?25hCollecting annotated-types==0.7.0 (from -r requirements.lock (line 11))
2024-12-31T06:19:30.415544487Z   Downloading https://dpypi.d.org/packages/annotated-types/annotated_types-0.7.0-py3-none-any.whl (13 kB)
2024-12-31T06:19:30.470987455Z Collecting anyio==4.3.0 (from -r requirements.lock (line 13))
2024-12-31T06:19:30.495878629Z   Downloading https://dpypi.d.org/packages/anyio/anyio-4.3.0-py3-none-any.whl (85 kB)
2024-12-31T06:19:30.508045488Z [?25l     [90m‚îÅ‚îÅ‚îÅ‚îÅ‚îÅ‚îÅ‚îÅ‚îÅ‚îÅ‚îÅ‚îÅ‚îÅ‚îÅ‚îÅ‚îÅ‚îÅ‚îÅ‚îÅ‚îÅ‚îÅ‚îÅ‚îÅ‚îÅ‚îÅ‚îÅ‚îÅ‚îÅ‚îÅ‚îÅ‚îÅ‚îÅ‚îÅ‚îÅ‚îÅ‚îÅ‚îÅ‚îÅ‚îÅ‚îÅ‚îÅ[0m [32m0.0/85.6 kB[0m [31m?[0m eta [36m-:--:--[0m
[2K     [90m‚îÅ‚îÅ‚îÅ‚îÅ‚îÅ‚îÅ‚îÅ‚îÅ‚îÅ‚îÅ‚îÅ‚îÅ‚îÅ‚îÅ‚îÅ‚îÅ‚îÅ‚îÅ‚îÅ‚îÅ‚îÅ‚îÅ‚îÅ‚îÅ‚îÅ‚îÅ‚îÅ‚îÅ‚îÅ‚îÅ‚îÅ‚îÅ‚îÅ‚îÅ‚îÅ‚îÅ‚îÅ‚îÅ‚îÅ‚îÅ[0m [32m85.6/85.6 kB[0m [31m15.8 MB/s[0m eta [36m0:00:00[0m
2024-12-31T06:19:30.532821705Z [?25hCollecting asyncer==0.0.7 (from -r requirements.lock (line 16))
2024-12-31T06:19:30.626006283Z   Downloading https://dpypi.d.org/packages/asyncer/asyncer-0.0.7-py3-none-any.whl (8.5 kB)
2024-12-31T06:19:30.691243463Z Collecting croniter==2.0.5 (from -r requirements.lock (line 18))
2024-12-31T06:19:30.712086961Z   Downloading https://dpypi.d.org/packages/croniter/croniter-2.0.5-py2.py3-none-any.whl (20 kB)
2024-12-31T06:19:30.775866320Z Collecting fast-depends==2.4.3 (from -r requirements.lock (line 20))
2024-12-31T06:19:30.859840182Z   Downloading https://dpypi.d.org/packages/fast-depends/fast_depends-2.4.3-py3-none-any.whl (17 kB)
2024-12-31T06:19:30.890916680Z Collecting idna==3.7 (from -r requirements.lock (line 22))
2024-12-31T06:19:30.907095424Z   Downloading https://dpypi.d.org/packages/idna/idna-3.7-py3-none-any.whl (66 kB)
2024-12-31T06:19:30.916707346Z [?25l     [90m‚îÅ‚îÅ‚îÅ‚îÅ‚îÅ‚îÅ‚îÅ‚îÅ‚îÅ‚îÅ‚îÅ‚îÅ‚îÅ‚îÅ‚îÅ‚îÅ‚îÅ‚îÅ‚îÅ‚îÅ‚îÅ‚îÅ‚îÅ‚îÅ‚îÅ‚îÅ‚îÅ‚îÅ‚îÅ‚îÅ‚îÅ‚îÅ‚îÅ‚îÅ‚îÅ‚îÅ‚îÅ‚îÅ‚îÅ‚îÅ[0m [32m0.0/66.8 kB[0m [31m?[0m eta [36m-:--:--[0m
[2K     [90m‚îÅ‚îÅ‚îÅ‚îÅ‚îÅ‚îÅ‚îÅ‚îÅ‚îÅ‚îÅ‚îÅ‚îÅ‚îÅ‚îÅ‚îÅ‚îÅ‚îÅ‚îÅ‚îÅ‚îÅ‚îÅ‚îÅ‚îÅ‚îÅ‚îÅ‚îÅ‚îÅ‚îÅ‚îÅ‚îÅ‚îÅ‚îÅ‚îÅ‚îÅ‚îÅ‚îÅ‚îÅ‚îÅ‚îÅ‚îÅ[0m [32m66.8/66.8 kB[0m [31m8.5 MB/s[0m eta [36m0:00:00[0m
2024-12-31T06:19:31.184582386Z [?25hCollecting pydantic==2.9.0 (from -r requirements.lock (line 24))
2024-12-31T06:19:31.205350968Z   Downloading https://dpypi.d.org/packages/pydantic/pydantic-2.9.0-py3-none-any.whl (434 kB)
2024-12-31T06:19:31.233508073Z [?25l     [90m‚îÅ‚îÅ‚îÅ‚îÅ‚îÅ‚îÅ‚îÅ‚îÅ‚îÅ‚îÅ‚îÅ‚îÅ‚îÅ‚îÅ‚îÅ‚îÅ‚îÅ‚îÅ‚îÅ‚îÅ‚îÅ‚îÅ‚îÅ‚îÅ‚îÅ‚îÅ‚îÅ‚îÅ‚îÅ‚îÅ‚îÅ‚îÅ‚îÅ‚îÅ‚îÅ‚îÅ‚îÅ‚îÅ‚îÅ‚îÅ[0m [32m0.0/434.3 kB[0m [31m?[0m eta [36m-:--:--[0m
[2K     [90m‚îÅ‚îÅ‚îÅ‚îÅ‚îÅ‚îÅ‚îÅ‚îÅ‚îÅ‚îÅ‚îÅ‚îÅ‚îÅ‚îÅ‚îÅ‚îÅ‚îÅ‚îÅ‚îÅ‚îÅ‚îÅ‚îÅ‚îÅ‚îÅ‚îÅ‚îÅ‚îÅ‚îÅ‚îÅ‚îÅ‚îÅ‚îÅ‚îÅ‚îÅ‚îÅ‚îÅ‚îÅ‚îÅ[0m [32m434.3/434.3 kB[0m [31m17.0 MB/s[0m eta [36m0:00:00[0m
2024-12-31T06:19:32.731648902Z [?25hCollecting pydantic-core==2.23.2 (from -r requirements.lock (line 27))
2024-12-31T06:19:32.946994659Z   Downloading https://dpypi.d.org/packages/pydantic-core/pydantic_core-2.23.2-cp310-cp310-manylinux_2_17_x86_64.manylinux2014_x86_64.whl (2.1 MB)
2024-12-31T06:19:32.985796053Z [?25l     [90m‚îÅ‚îÅ‚îÅ‚îÅ‚îÅ‚îÅ‚îÅ‚îÅ‚îÅ‚îÅ‚îÅ‚îÅ‚îÅ‚îÅ‚îÅ‚îÅ‚îÅ‚îÅ‚îÅ‚îÅ‚îÅ‚îÅ‚îÅ‚îÅ‚îÅ‚îÅ‚îÅ‚îÅ‚îÅ‚îÅ‚îÅ‚îÅ‚îÅ‚îÅ‚îÅ‚îÅ‚îÅ‚îÅ‚îÅ‚îÅ[0m [32m0.0/2.1 MB[0m [31m?[0m eta [36m-:--:--[0m
[2K     [90m‚îÅ‚îÅ‚îÅ‚îÅ‚îÅ‚îÅ‚îÅ‚îÅ‚îÅ‚îÅ‚îÅ‚îÅ‚îÅ‚îÅ‚îÅ‚îÅ‚îÅ‚îÅ‚îÅ‚îÅ‚îÅ‚îÅ‚îÅ‚îÅ‚îÅ‚îÅ‚îÅ‚îÅ‚îÅ‚îÅ‚îÅ‚îÅ‚îÅ‚îÅ‚îÅ‚îÅ‚îÅ‚îÅ‚îÅ‚îÅ[0m [32m2.1/2.1 MB[0m [31m59.0 MB/s[0m eta [36m0:00:00[0m
2024-12-31T06:19:33.020926268Z [?25hCollecting python-dateutil==2.9.0.post0 (from -r requirements.lock (line 29))
2024-12-31T06:19:33.039435452Z   Downloading https://dpypi.d.org/packages/python-dateutil/python_dateutil-2.9.0.post0-py2.py3-none-any.whl (229 kB)
2024-12-31T06:19:33.057506847Z [?25l     [90m‚îÅ‚îÅ‚îÅ‚îÅ‚îÅ‚îÅ‚îÅ‚îÅ‚îÅ‚îÅ‚îÅ‚îÅ‚îÅ‚îÅ‚îÅ‚îÅ‚îÅ‚îÅ‚îÅ‚îÅ‚îÅ‚îÅ‚îÅ‚îÅ‚îÅ‚îÅ‚îÅ‚îÅ‚îÅ‚îÅ‚îÅ‚îÅ‚îÅ‚îÅ‚îÅ‚îÅ‚îÅ‚îÅ‚îÅ‚îÅ[0m [32m0.0/229.9 kB[0m [31m?[0m eta [36m-:--:--[0m
[2K     [90m‚îÅ‚îÅ‚îÅ‚îÅ‚îÅ‚îÅ‚îÅ‚îÅ‚îÅ‚îÅ‚îÅ‚îÅ‚îÅ‚îÅ‚îÅ‚îÅ‚îÅ‚îÅ‚îÅ‚îÅ‚îÅ‚îÅ‚îÅ‚îÅ‚îÅ‚îÅ‚îÅ‚îÅ‚îÅ‚îÅ‚îÅ‚îÅ‚îÅ‚îÅ‚îÅ‚îÅ‚îÅ‚îÅ[0m [32m229.9/229.9 kB[0m [31m14.7 MB/s[0m eta [36m0:00:00[0m
2024-12-31T06:19:33.143914273Z [?25hCollecting pytz==2024.1 (from -r requirements.lock (line 31))
2024-12-31T06:19:33.162194708Z   Downloading https://dpypi.d.org/packages/pytz/pytz-2024.1-py2.py3-none-any.whl (505 kB)
2024-12-31T06:19:33.184715526Z [?25l     [90m‚îÅ‚îÅ‚îÅ‚îÅ‚îÅ‚îÅ‚îÅ‚îÅ‚îÅ‚îÅ‚îÅ‚îÅ‚îÅ‚îÅ‚îÅ‚îÅ‚îÅ‚îÅ‚îÅ‚îÅ‚îÅ‚îÅ‚îÅ‚îÅ‚îÅ‚îÅ‚îÅ‚îÅ‚îÅ‚îÅ‚îÅ‚îÅ‚îÅ‚îÅ‚îÅ‚îÅ‚îÅ‚îÅ‚îÅ‚îÅ[0m [32m0.0/505.5 kB[0m [31m?[0m eta [36m-:--:--[0m
[2K     [90m‚îÅ‚îÅ‚îÅ‚îÅ‚îÅ‚îÅ‚îÅ‚îÅ‚îÅ‚îÅ‚îÅ‚îÅ‚îÅ‚îÅ‚îÅ‚îÅ‚îÅ‚îÅ‚îÅ‚îÅ‚îÅ‚îÅ‚îÅ‚îÅ‚îÅ‚îÅ‚îÅ‚îÅ‚îÅ‚îÅ‚îÅ‚îÅ‚îÅ‚îÅ‚îÅ‚îÅ‚îÅ‚îÅ[0m [32m505.5/505.5 kB[0m [31m25.7 MB/s[0m eta [36m0:00:00[0m
2024-12-31T06:19:33.215173529Z [?25hCollecting six==1.16.0 (from -r requirements.lock (line 33))
2024-12-31T06:19:33.231949143Z   Downloading https://dpypi.d.org/packages/six/six-1.16.0-py2.py3-none-any.whl (11 kB)
2024-12-31T06:19:33.252028022Z Collecting sniffio==1.3.1 (from -r requirements.lock (line 35))
2024-12-31T06:19:33.268051767Z   Downloading https://dpypi.d.org/packages/sniffio/sniffio-1.3.1-py3-none-any.whl (10 kB)
2024-12-31T06:19:33.311801455Z Collecting typing-extensions==4.12.0 (from -r requirements.lock (line 37))
2024-12-31T06:19:33.331662586Z   Downloading https://dpypi.d.org/packages/typing-extensions/typing_extensions-4.12.0-py3-none-any.whl (37 kB)
2024-12-31T06:19:33.362935124Z Collecting tzdata==2024.1 (from -r requirements.lock (line 40))
2024-12-31T06:19:33.381920096Z   Downloading https://dpypi.d.org/packages/tzdata/tzdata-2024.1-py2.py3-none-any.whl (345 kB)
2024-12-31T06:19:33.388735249Z [?25l     [90m‚îÅ‚îÅ‚îÅ‚îÅ‚îÅ‚îÅ‚îÅ‚îÅ‚îÅ‚îÅ‚îÅ‚îÅ‚îÅ‚îÅ‚îÅ‚îÅ‚îÅ‚îÅ‚îÅ‚îÅ‚îÅ‚îÅ‚îÅ‚îÅ‚îÅ‚îÅ‚îÅ‚îÅ‚îÅ‚îÅ‚îÅ‚îÅ‚îÅ‚îÅ‚îÅ‚îÅ‚îÅ‚îÅ‚îÅ‚îÅ[0m [32m0.0/345.4 kB[0m [31m?[0m eta [36m-:--:--[0m
[2K     [90m‚îÅ‚îÅ‚îÅ‚îÅ‚îÅ‚îÅ‚îÅ‚îÅ‚îÅ‚îÅ‚îÅ‚îÅ‚îÅ‚îÅ‚îÅ‚îÅ‚îÅ‚îÅ‚îÅ‚îÅ‚îÅ‚îÅ‚îÅ‚îÅ‚îÅ‚îÅ‚îÅ‚îÅ‚îÅ‚îÅ‚îÅ‚îÅ‚îÅ‚îÅ‚îÅ‚îÅ‚îÅ[0m [32m345.4/345.4 kB[0m [31m119.3 MB/s[0m eta [36m0:00:00[0m
2024-12-31T06:19:33.415030744Z [?25hRequirement already satisfied: exceptiongroup>=1.0.2 in /usr/local/lib/python3.10/site-packages (from anyio==4.3.0->-r requirements.lock (line 13)) (1.2.2)
2024-12-31T06:19:33.540825434Z Collecting pydantic[timezone]>=2.9.0 (from aioclock==0.3.0->-r requirements.lock (line 10))
2024-12-31T06:19:33.556531432Z   Downloading https://dpypi.d.org/packages/pydantic/pydantic-2.10.4-py3-none-any.whl (431 kB)
2024-12-31T06:19:33.578584753Z [?25l     [90m‚îÅ‚îÅ‚îÅ‚îÅ‚îÅ‚îÅ‚îÅ‚îÅ‚îÅ‚îÅ‚îÅ‚îÅ‚îÅ‚îÅ‚îÅ‚îÅ‚îÅ‚îÅ‚îÅ‚îÅ‚îÅ‚îÅ‚îÅ‚îÅ‚îÅ‚îÅ‚îÅ‚îÅ‚îÅ‚îÅ‚îÅ‚îÅ‚îÅ‚îÅ‚îÅ‚îÅ‚îÅ‚îÅ‚îÅ‚îÅ[0m [32m0.0/431.8 kB[0m [31m?[0m eta [36m-:--:--[0m
[2K     [90m‚îÅ‚îÅ‚îÅ‚îÅ‚îÅ‚îÅ‚îÅ‚îÅ‚îÅ‚îÅ‚îÅ‚îÅ‚îÅ‚îÅ‚îÅ‚îÅ‚îÅ‚îÅ‚îÅ‚îÅ‚îÅ‚îÅ‚îÅ‚îÅ‚îÅ‚îÅ‚îÅ‚îÅ‚îÅ‚îÅ‚îÅ‚îÅ‚îÅ‚îÅ‚îÅ‚îÅ‚îÅ‚îÅ[0m [32m431.8/431.8 kB[0m [31m22.4 MB/s[0m eta [36m0:00:00[0m
2024-12-31T06:19:33.593260134Z [?25hINFO: pip is looking at multiple versions of pydantic[timezone] to determine which version is compatible with other requirements. This could take a while.
2024-12-31T06:19:33.619620004Z   Downloading https://dpypi.d.org/packages/pydantic/pydantic-2.10.3-py3-none-any.whl (456 kB)
2024-12-31T06:19:33.634414510Z [?25l     [90m‚îÅ‚îÅ‚îÅ‚îÅ‚îÅ‚îÅ‚îÅ‚îÅ‚îÅ‚îÅ‚îÅ‚îÅ‚îÅ‚îÅ‚îÅ‚îÅ‚îÅ‚îÅ‚îÅ‚îÅ‚îÅ‚îÅ‚îÅ‚îÅ‚îÅ‚îÅ‚îÅ‚îÅ‚îÅ‚îÅ‚îÅ‚îÅ‚îÅ‚îÅ‚îÅ‚îÅ‚îÅ‚îÅ‚îÅ‚îÅ[0m [32m0.0/457.0 kB[0m [31m?[0m eta [36m-:--:--[0m
[2K     [90m‚îÅ‚îÅ‚îÅ‚îÅ‚îÅ‚îÅ‚îÅ‚îÅ‚îÅ‚îÅ‚îÅ‚îÅ‚îÅ‚îÅ‚îÅ‚îÅ‚îÅ‚îÅ‚îÅ‚îÅ‚îÅ‚îÅ‚îÅ‚îÅ‚îÅ‚îÅ‚îÅ‚îÅ‚îÅ‚îÅ‚îÅ‚îÅ‚îÅ‚îÅ‚îÅ‚îÅ‚îÅ‚îÅ[0m [32m457.0/457.0 kB[0m [31m39.3 MB/s[0m eta [36m0:00:00[0m
2024-12-31T06:19:33.663283901Z [?25h  Downloading https://dpypi.d.org/packages/pydantic/pydantic-2.10.2-py3-none-any.whl (456 kB)
2024-12-31T06:19:33.685727011Z [?25l     [90m‚îÅ‚îÅ‚îÅ‚îÅ‚îÅ‚îÅ‚îÅ‚îÅ‚îÅ‚îÅ‚îÅ‚îÅ‚îÅ‚îÅ‚îÅ‚îÅ‚îÅ‚îÅ‚îÅ‚îÅ‚îÅ‚îÅ‚îÅ‚îÅ‚îÅ‚îÅ‚îÅ‚îÅ‚îÅ‚îÅ‚îÅ‚îÅ‚îÅ‚îÅ‚îÅ‚îÅ‚îÅ‚îÅ‚îÅ‚îÅ[0m [32m0.0/456.4 kB[0m [31m?[0m eta [36m-:--:--[0m
[2K     [90m‚îÅ‚îÅ‚îÅ‚îÅ‚îÅ‚îÅ‚îÅ‚îÅ‚îÅ‚îÅ‚îÅ‚îÅ‚îÅ‚îÅ‚îÅ‚îÅ‚îÅ‚îÅ‚îÅ‚îÅ‚îÅ‚îÅ‚îÅ‚îÅ‚îÅ‚îÅ‚îÅ‚îÅ‚îÅ‚îÅ‚îÅ‚îÅ‚îÅ‚îÅ‚îÅ‚îÅ‚îÅ‚îÅ[0m [32m456.4/456.4 kB[0m [31m22.9 MB/s[0m eta [36m0:00:00[0m
2024-12-31T06:19:33.717643211Z [?25h  Downloading https://dpypi.d.org/packages/pydantic/pydantic-2.10.1-py3-none-any.whl (455 kB)
2024-12-31T06:19:33.724697320Z [?25l     [90m‚îÅ‚îÅ‚îÅ‚îÅ‚îÅ‚îÅ‚îÅ‚îÅ‚îÅ‚îÅ‚îÅ‚îÅ‚îÅ‚îÅ‚îÅ‚îÅ‚îÅ‚îÅ‚îÅ‚îÅ‚îÅ‚îÅ‚îÅ‚îÅ‚îÅ‚îÅ‚îÅ‚îÅ‚îÅ‚îÅ‚îÅ‚îÅ‚îÅ‚îÅ‚îÅ‚îÅ‚îÅ‚îÅ‚îÅ‚îÅ[0m [32m0.0/455.3 kB[0m [31m?[0m eta [36m-:--:--[0m
[2K     [90m‚îÅ‚îÅ‚îÅ‚îÅ‚îÅ‚îÅ‚îÅ‚îÅ‚îÅ‚îÅ‚îÅ‚îÅ‚îÅ‚îÅ‚îÅ‚îÅ‚îÅ‚îÅ‚îÅ‚îÅ‚îÅ‚îÅ‚îÅ‚îÅ‚îÅ‚îÅ‚îÅ‚îÅ‚îÅ‚îÅ‚îÅ‚îÅ‚îÅ‚îÅ‚îÅ‚îÅ‚îÅ[0m [32m455.3/455.3 kB[0m [31m139.3 MB/s[0m eta [36m0:00:00[0m
2024-12-31T06:19:33.756857685Z [?25h  Downloading https://dpypi.d.org/packages/pydantic/pydantic-2.10.0-py3-none-any.whl (454 kB)
2024-12-31T06:19:33.764164542Z [?25l     [90m‚îÅ‚îÅ‚îÅ‚îÅ‚îÅ‚îÅ‚îÅ‚îÅ‚îÅ‚îÅ‚îÅ‚îÅ‚îÅ‚îÅ‚îÅ‚îÅ‚îÅ‚îÅ‚îÅ‚îÅ‚îÅ‚îÅ‚îÅ‚îÅ‚îÅ‚îÅ‚îÅ‚îÅ‚îÅ‚îÅ‚îÅ‚îÅ‚îÅ‚îÅ‚îÅ‚îÅ‚îÅ‚îÅ‚îÅ‚îÅ[0m [32m0.0/454.3 kB[0m [31m?[0m eta [36m-:--:--[0m
[2K     [90m‚îÅ‚îÅ‚îÅ‚îÅ‚îÅ‚îÅ‚îÅ‚îÅ‚îÅ‚îÅ‚îÅ‚îÅ‚îÅ‚îÅ‚îÅ‚îÅ‚îÅ‚îÅ‚îÅ‚îÅ‚îÅ‚îÅ‚îÅ‚îÅ‚îÅ‚îÅ‚îÅ‚îÅ‚îÅ‚îÅ‚îÅ‚îÅ‚îÅ‚îÅ‚îÅ‚îÅ‚îÅ[0m [32m454.3/454.3 kB[0m [31m115.5 MB/s[0m eta [36m0:00:00[0m
2024-12-31T06:19:33.801386658Z [?25h  Downloading https://dpypi.d.org/packages/pydantic/pydantic-2.9.2-py3-none-any.whl (434 kB)
2024-12-31T06:19:33.816671159Z [?25l     [90m‚îÅ‚îÅ‚îÅ‚îÅ‚îÅ‚îÅ‚îÅ‚îÅ‚îÅ‚îÅ‚îÅ‚îÅ‚îÅ‚îÅ‚îÅ‚îÅ‚îÅ‚îÅ‚îÅ‚îÅ‚îÅ‚îÅ‚îÅ‚îÅ‚îÅ‚îÅ‚îÅ‚îÅ‚îÅ‚îÅ‚îÅ‚îÅ‚îÅ‚îÅ‚îÅ‚îÅ‚îÅ‚îÅ‚îÅ‚îÅ[0m [32m0.0/434.9 kB[0m [31m?[0m eta [36m-:--:--[0m
[2K     [90m‚îÅ‚îÅ‚îÅ‚îÅ‚îÅ‚îÅ‚îÅ‚îÅ‚îÅ‚îÅ‚îÅ‚îÅ‚îÅ‚îÅ‚îÅ‚îÅ‚îÅ‚îÅ‚îÅ‚îÅ‚îÅ‚îÅ‚îÅ‚îÅ‚îÅ‚îÅ‚îÅ‚îÅ‚îÅ‚îÅ‚îÅ‚îÅ‚îÅ‚îÅ‚îÅ‚îÅ‚îÅ‚îÅ[0m [32m434.9/434.9 kB[0m [31m35.8 MB/s[0m eta [36m0:00:00[0m
2024-12-31T06:19:33.853936316Z [?25h  Downloading https://dpypi.d.org/packages/pydantic/pydantic-2.9.1-py3-none-any.whl (434 kB)
2024-12-31T06:19:33.875882638Z [?25l     [90m‚îÅ‚îÅ‚îÅ‚îÅ‚îÅ‚îÅ‚îÅ‚îÅ‚îÅ‚îÅ‚îÅ‚îÅ‚îÅ‚îÅ‚îÅ‚îÅ‚îÅ‚îÅ‚îÅ‚îÅ‚îÅ‚îÅ‚îÅ‚îÅ‚îÅ‚îÅ‚îÅ‚îÅ‚îÅ‚îÅ‚îÅ‚îÅ‚îÅ‚îÅ‚îÅ‚îÅ‚îÅ‚îÅ‚îÅ‚îÅ[0m [32m0.0/434.4 kB[0m [31m?[0m eta [36m-:--:--[0m
[2K     [90m‚îÅ‚îÅ‚îÅ‚îÅ‚îÅ‚îÅ‚îÅ‚îÅ‚îÅ‚îÅ‚îÅ‚îÅ‚îÅ‚îÅ‚îÅ‚îÅ‚îÅ‚îÅ‚îÅ‚îÅ‚îÅ‚îÅ‚îÅ‚îÅ‚îÅ‚îÅ‚îÅ‚îÅ‚îÅ‚îÅ‚îÅ‚îÅ‚îÅ‚îÅ‚îÅ‚îÅ‚îÅ‚îÅ[0m [32m434.4/434.4 kB[0m [31m22.7 MB/s[0m eta [36m0:00:00[0m
2024-12-31T06:19:33.885814724Z [?25h[33mWARNING: pydantic 2.9.0 does not provide the extra 'timezone'[0m[33m
2024-12-31T06:19:33.889801025Z [0mBuilding wheels for collected packages: aioclock
2024-12-31T06:19:34.005605379Z   Building editable for aioclock (pyproject.toml) ... [?25ldone
2024-12-31T06:19:34.007014660Z [?25h  Created wheel for aioclock: filename=aioclock-0.3.0-py3-none-any.whl size=3520 sha256=9825d51774afb7887f2b9005b4c51893d04dcfd3eca5451e0039bab721529956
2024-12-31T06:19:34.007292991Z   Stored in directory: /tmp/pip-ephem-wheel-cache-f49g9n50/wheels/78/12/b9/db4c72ae1aebdfd866f484b59eb7b39f206b7d7d1080ae28b1
2024-12-31T06:19:34.009756429Z Successfully built aioclock
2024-12-31T06:19:34.318021100Z Installing collected packages: pytz, tzdata, typing-extensions, sniffio, six, idna, annotated-types, python-dateutil, pydantic-core, anyio, pydantic, croniter, asyncer, fast-depends, aioclock
2024-12-31T06:19:34.510306418Z   Attempting uninstall: idna
2024-12-31T06:19:34.511107537Z     Found existing installation: idna 3.4
2024-12-31T06:19:34.513039229Z     Uninstalling idna-3.4:
2024-12-31T06:19:34.517690983Z       Successfully uninstalled idna-3.4
2024-12-31T06:19:34.964489283Z Successfully installed aioclock-0.3.0 annotated-types-0.7.0 anyio-4.3.0 asyncer-0.0.7 croniter-2.0.5 fast-depends-2.4.3 idna-3.7 pydantic-2.9.0 pydantic-core-2.23.2 python-dateutil-2.9.0.post0 pytz-2024.1 six-1.16.0 sniffio-1.3.1 typing-extensions-4.12.0 tzdata-2024.1
2024-12-31T06:19:34.964738739Z [33mWARNING: Running pip as the 'root' user can result in broken permissions and conflicting behaviour with the system package manager. It is recommended to use a virtual environment instead: https://pip.pypa.io/warnings/venv[0m[33m
2024-12-31T06:19:34.969485659Z [0m
2024-12-31T06:19:34.969491534Z [1m[[0m[34;49mnotice[0m[1;39;49m][0m[39;49m A new release of pip is available: [0m[31;49m23.2.1[0m[39;49m -> [0m[32;49m24.3.1[0m
2024-12-31T06:19:34.969493617Z [1m[[0m[34;49mnotice[0m[1;39;49m][0m[39;49m To update, run: [0m[32;49mpip install --upgrade pip[0m
2024-12-31T06:19:45.072759863Z [?2004hroot@319a47484848:/aioclock# pip[K[K[Kpip3 install -r requirements.lock [K[4Pytest --collect-only -qls[Kpytest --collect-only -q
2024-12-31T06:19:45.588091297Z [?2004l
tests/test_di.py::test_run_manual
2024-12-31T06:19:45.588104799Z tests/test_examples.py::test_examples
2024-12-31T06:19:45.588106461Z tests/test_lifespan.py::test_lifespan_e2e_async
2024-12-31T06:19:45.588107666Z tests/test_lifespan.py::test_lifespan_e2e_sync
2024-12-31T06:19:45.588108871Z tests/test_timeout.py::test_run_manual
2024-12-31T06:19:45.588109951Z tests/test_triggers.py::test_at_trigger
2024-12-31T06:19:45.588111031Z tests/test_triggers.py::test_cross_timezone
2024-12-31T06:19:45.588112112Z tests/test_triggers.py::test_loop_controller
2024-12-31T06:19:45.588113441Z tests/test_triggers.py::test_forever
2024-12-31T06:19:45.588114646Z tests/test_triggers.py::test_every
2024-12-31T06:19:45.588115809Z tests/test_triggers.py::test_cron
2024-12-31T06:19:45.588116848Z tests/test_triggers.py::test_or_trigger_state
2024-12-31T06:19:45.588117928Z tests/test_triggers.py::test_or_trigger_next
2024-12-31T06:19:45.590076259Z 
2024-12-31T06:19:45.590093169Z [33m=============================== warnings summary ===============================[0m
2024-12-31T06:19:45.590095412Z tests/test_di.py:19
2024-12-31T06:19:45.590096908Z   /aioclock/tests/test_di.py:19: PytestUnknownMarkWarning: Unknown pytest.mark.asyncio - is this a typo?  You can register custom marks to avoid this warning - for details, see https://docs.pytest.org/en/stable/how-to/mark.html
2024-12-31T06:19:45.590098486Z     @pytest.mark.asyncio
2024-12-31T06:19:45.590099691Z 
2024-12-31T06:19:45.590101021Z tests/test_lifespan.py:29
2024-12-31T06:19:45.590109829Z   /aioclock/tests/test_lifespan.py:29: PytestUnknownMarkWarning: Unknown pytest.mark.asyncio - is this a typo?  You can register custom marks to avoid this warning - for details, see https://docs.pytest.org/en/stable/how-to/mark.html
2024-12-31T06:19:45.590111698Z     @pytest.mark.asyncio
2024-12-31T06:19:45.590112862Z 
2024-12-31T06:19:45.590113983Z tests/test_lifespan.py:59
2024-12-31T06:19:45.590115230Z   /aioclock/tests/test_lifespan.py:59: PytestUnknownMarkWarning: Unknown pytest.mark.asyncio - is this a typo?  You can register custom marks to avoid this warning - for details, see https://docs.pytest.org/en/stable/how-to/mark.html
2024-12-31T06:19:45.590116725Z     @pytest.mark.asyncio
2024-12-31T06:19:45.590117847Z 
2024-12-31T06:19:45.590118927Z tests/test_timeout.py:24
2024-12-31T06:19:45.590120049Z   /aioclock/tests/test_timeout.py:24: PytestUnknownMarkWarning: Unknown pytest.mark.asyncio - is this a typo?  You can register custom marks to avoid this warning - for details, see https://docs.pytest.org/en/stable/how-to/mark.html
2024-12-31T06:19:45.590121462Z     @pytest.mark.asyncio
2024-12-31T06:19:45.590122583Z 
2024-12-31T06:19:45.590123705Z tests/test_triggers.py:83
2024-12-31T06:19:45.590125118Z   /aioclock/tests/test_triggers.py:83: PytestUnknownMarkWarning: Unknown pytest.mark.asyncio - is this a typo?  You can register custom marks to avoid this warning - for details, see https://docs.pytest.org/en/stable/how-to/mark.html
2024-12-31T06:19:45.590126738Z     @pytest.mark.asyncio
2024-12-31T06:19:45.590127860Z 
2024-12-31T06:19:45.590128940Z tests/test_triggers.py:106
2024-12-31T06:19:45.590130103Z   /aioclock/tests/test_triggers.py:106: PytestUnknownMarkWarning: Unknown pytest.mark.asyncio - is this a typo?  You can register custom marks to avoid this warning - for details, see https://docs.pytest.org/en/stable/how-to/mark.html
2024-12-31T06:19:45.590131557Z     @pytest.mark.asyncio
2024-12-31T06:19:45.590132679Z 
2024-12-31T06:19:45.590133718Z tests/test_triggers.py:116
2024-12-31T06:19:45.590136044Z   /aioclock/tests/test_triggers.py:116: PytestUnknownMarkWarning: Unknown pytest.mark.asyncio - is this a typo?  You can register custom marks to avoid this warning - for details, see https://docs.pytest.org/en/stable/how-to/mark.html
2024-12-31T06:19:45.590137457Z     @pytest.mark.asyncio
2024-12-31T06:19:45.590138579Z 
2024-12-31T06:19:45.590139617Z tests/test_triggers.py:129
2024-12-31T06:19:45.590140739Z   /aioclock/tests/test_triggers.py:129: PytestUnknownMarkWarning: Unknown pytest.mark.asyncio - is this a typo?  You can register custom marks to avoid this warning - for details, see https://docs.pytest.org/en/stable/how-to/mark.html
2024-12-31T06:19:45.590142193Z     @pytest.mark.asyncio
2024-12-31T06:19:45.590143273Z 
2024-12-31T06:19:45.590144312Z tests/test_triggers.py:167
2024-12-31T06:19:45.590145434Z   /aioclock/tests/test_triggers.py:167: PytestUnknownMarkWarning: Unknown pytest.mark.asyncio - is this a typo?  You can register custom marks to avoid this warning - for details, see https://docs.pytest.org/en/stable/how-to/mark.html
2024-12-31T06:19:45.590148675Z     @pytest.mark.asyncio
2024-12-31T06:19:45.590149921Z 
2024-12-31T06:19:45.590151043Z tests/test_triggers.py:177
2024-12-31T06:19:45.590152164Z   /aioclock/tests/test_triggers.py:177: PytestUnknownMarkWarning: Unknown pytest.mark.asyncio - is this a typo?  You can register custom marks to avoid this warning - for details, see https://docs.pytest.org/en/stable/how-to/mark.html
2024-12-31T06:19:45.590153577Z     @pytest.mark.asyncio
2024-12-31T06:19:45.590154699Z 
2024-12-31T06:19:45.590155779Z -- Docs: https://docs.pytest.org/en/stable/how-to/capture-warnings.html
2024-12-31T06:19:45.590957084Z [32m[32m13 tests collected[0m[32m in 0.18s[0m[0m
2024-12-31T06:19:57.145181772Z [?2004hroot@319a47484848:/aioclock# [7mpytest[27mpytest
2024-12-31T06:19:57.419158825Z [?2004l
[1m============================= test session starts ==============================[0m
2024-12-31T06:19:57.419179700Z platform linux -- Python 3.10.13, pytest-8.3.4, pluggy-1.5.0
2024-12-31T06:19:57.421542436Z rootdir: /aioclock
2024-12-31T06:19:57.421556311Z configfile: pyproject.toml
2024-12-31T06:19:57.421558561Z testpaths: tests
2024-12-31T06:19:57.421559936Z plugins: anyio-4.3.0
2024-12-31T06:19:57.587190160Z [1mcollecting ... [0m[1m
collected 13 items                                                             [0m
2024-12-31T06:19:57.588450152Z 
2024-12-31T06:19:57.590532598Z tests/test_di.py [33ms[0m[33m                                                       [  7%][0m
2024-12-31T06:19:57.633351874Z tests/test_examples.py [31mF[0m[31m                                                 [ 15%][0m
2024-12-31T06:19:57.634966156Z tests/test_lifespan.py [33ms[0m[33ms[0m[31m                                                [ 30%][0m
2024-12-31T06:19:57.636323106Z tests/test_timeout.py [33ms[0m[31m                                                  [ 38%][0m
2024-12-31T06:19:57.644894803Z tests/test_triggers.py [32m.[0m[32m.[0m[33ms[0m[33ms[0m[33ms[0m[33ms[0m[33ms[0m[33ms[0m[31m                                          [100%][0m
2024-12-31T06:19:57.644926928Z 
2024-12-31T06:19:57.645015219Z =================================== FAILURES ===================================
2024-12-31T06:19:57.645022094Z [31m[1m________________________________ test_examples _________________________________[0m
2024-12-31T06:19:57.645024427Z 
2024-12-31T06:19:57.645025760Z example = 'from aioclock import AioClock\nfrom fastapi import FastAPI\nimport asyncio\nfrom contextlib import asynccontextmanage...yncio.CancelledError:\n        ...\n\napp = FastAPI(lifespan=lifespan)\n# now serve this with uvicorn or anything else'
2024-12-31T06:19:57.645127426Z 
2024-12-31T06:19:57.645336300Z     def exec_example(example: str) -> None:
2024-12-31T06:19:57.645341092Z         """Execute a code example."""
2024-12-31T06:19:57.645350300Z         example = textwrap.dedent(example)
2024-12-31T06:19:57.645351842Z         namespace = {"__name__": "__not_main__"}
2024-12-31T06:19:57.645388008Z         try:
2024-12-31T06:19:57.645393133Z             code = compile(example, "<string>", "exec")
2024-12-31T06:19:57.645395008Z >           exec(code, namespace)
2024-12-31T06:19:57.645396466Z 
2024-12-31T06:19:57.646162837Z [1m[31mtests/test_examples.py[0m:40: 
2024-12-31T06:19:57.646169712Z _ _ _ _ _ _ _ _ _ _ _ _ _ _ _ _ _ _ _ _ _ _ _ _ _ _ _ _ _ _ _ _ _ _ _ _ _ _ _ _ 
2024-12-31T06:19:57.646171420Z 
2024-12-31T06:19:57.646172712Z >   ???
2024-12-31T06:19:57.646174003Z [1m[31mE   ModuleNotFoundError: No module named 'fastapi'[0m
2024-12-31T06:19:57.646175378Z 
2024-12-31T06:19:57.646176586Z [1m[31m<string>[0m:2: ModuleNotFoundError
2024-12-31T06:19:57.646177961Z 
2024-12-31T06:19:57.646179170Z [33mDuring handling of the above exception, another exception occurred:[0m
2024-12-31T06:19:57.646180461Z 
2024-12-31T06:19:57.646181628Z     def test_examples():
2024-12-31T06:19:57.646182878Z         docs_path = "../aioclock/docs"
2024-12-31T06:19:57.646184295Z >       traverse_docs(docs_path)
2024-12-31T06:19:57.646185503Z 
2024-12-31T06:19:57.646186628Z [1m[31mtests/test_examples.py[0m:115: 
2024-12-31T06:19:57.646187878Z _ _ _ _ _ _ _ _ _ _ _ _ _ _ _ _ _ _ _ _ _ _ _ _ _ _ _ _ _ _ _ _ _ _ _ _ _ _ _ _ 
2024-12-31T06:19:57.646189128Z [1m[31mtests/test_examples.py[0m:110: in traverse_docs
2024-12-31T06:19:57.646190378Z     process_markdown(markdown_path)
2024-12-31T06:19:57.646205670Z [1m[31mtests/test_examples.py[0m:87: in process_markdown
2024-12-31T06:19:57.646368544Z     exec_example(example)
2024-12-31T06:19:57.646387335Z _ _ _ _ _ _ _ _ _ _ _ _ _ _ _ _ _ _ _ _ _ _ _ _ _ _ _ _ _ _ _ _ _ _ _ _ _ _ _ _ 
2024-12-31T06:19:57.646389377Z 
2024-12-31T06:19:57.646405168Z example = 'from aioclock import AioClock\nfrom fastapi import FastAPI\nimport asyncio\nfrom contextlib import asynccontextmanage...yncio.CancelledError:\n        ...\n\napp = FastAPI(lifespan=lifespan)\n# now serve this with uvicorn or anything else'
2024-12-31T06:19:57.646408210Z 
2024-12-31T06:19:57.646563876Z     def exec_example(example: str) -> None:
2024-12-31T06:19:57.646571084Z         """Execute a code example."""
2024-12-31T06:19:57.646573001Z         example = textwrap.dedent(example)
2024-12-31T06:19:57.646574626Z         namespace = {"__name__": "__not_main__"}
2024-12-31T06:19:57.646613334Z         try:
2024-12-31T06:19:57.646616375Z             code = compile(example, "<string>", "exec")
2024-12-31T06:19:57.646617834Z             exec(code, namespace)
2024-12-31T06:19:57.646619125Z         except Exception:
2024-12-31T06:19:57.646620334Z >           raise Exception(f"Failed to execute example:\n\n{example}")
2024-12-31T06:19:57.646621750Z [1m[31mE           Exception: Failed to execute example:[0m
2024-12-31T06:19:57.646623125Z [1m[31mE           [0m
2024-12-31T06:19:57.646625334Z [1m[31mE           from aioclock import AioClock[0m
2024-12-31T06:19:57.646626667Z [1m[31mE           from fastapi import FastAPI[0m
2024-12-31T06:19:57.646628042Z [1m[31mE           import asyncio[0m
2024-12-31T06:19:57.646629250Z [1m[31mE           from contextlib import asynccontextmanager[0m
2024-12-31T06:19:57.646685333Z [1m[31mE           [0m
2024-12-31T06:19:57.646693625Z [1m[31mE           clock_app = AioClock()[0m
2024-12-31T06:19:57.646695500Z [1m[31mE           [0m
2024-12-31T06:19:57.646697208Z [1m[31mE           @asynccontextmanager[0m
2024-12-31T06:19:57.646698708Z [1m[31mE           async def lifespan(app: FastAPI):[0m
2024-12-31T06:19:57.646798916Z [1m[31mE               task = asyncio.create_task(clock_app.serve())[0m
2024-12-31T06:19:57.646802166Z [1m[31mE               yield[0m
2024-12-31T06:19:57.647047998Z [1m[31mE           [0m
2024-12-31T06:19:57.647054081Z [1m[31mE               try:[0m
2024-12-31T06:19:57.647055873Z [1m[31mE                   task.cancel()[0m
2024-12-31T06:19:57.647057289Z [1m[31mE                   await task[0m
2024-12-31T06:19:57.647058623Z [1m[31mE               except asyncio.CancelledError:[0m
2024-12-31T06:19:57.647178247Z [1m[31mE                   ...[0m
2024-12-31T06:19:57.647188205Z [1m[31mE           [0m
2024-12-31T06:19:57.647190039Z [1m[31mE           app = FastAPI(lifespan=lifespan)[0m
2024-12-31T06:19:57.647191539Z [1m[31mE           # now serve this with uvicorn or anything else[0m
2024-12-31T06:19:57.647192914Z 
2024-12-31T06:19:57.647199747Z [1m[31mtests/test_examples.py[0m:42: Exception
2024-12-31T06:19:57.647311704Z [33m=============================== warnings summary ===============================[0m
2024-12-31T06:19:57.647317496Z tests/test_di.py:19
2024-12-31T06:19:57.647318829Z   /aioclock/tests/test_di.py:19: PytestUnknownMarkWarning: Unknown pytest.mark.asyncio - is this a typo?  You can register custom marks to avoid this warning - for details, see https://docs.pytest.org/en/stable/how-to/mark.html
2024-12-31T06:19:57.647320454Z     @pytest.mark.asyncio
2024-12-31T06:19:57.647321663Z 
2024-12-31T06:19:57.647489328Z tests/test_lifespan.py:29
2024-12-31T06:19:57.647497162Z   /aioclock/tests/test_lifespan.py:29: PytestUnknownMarkWarning: Unknown pytest.mark.asyncio - is this a typo?  You can register custom marks to avoid this warning - for details, see https://docs.pytest.org/en/stable/how-to/mark.html
2024-12-31T06:19:57.647499328Z     @pytest.mark.asyncio
2024-12-31T06:19:57.647500745Z 
2024-12-31T06:19:57.647501953Z tests/test_lifespan.py:59
2024-12-31T06:19:57.647503245Z   /aioclock/tests/test_lifespan.py:59: PytestUnknownMarkWarning: Unknown pytest.mark.asyncio - is this a typo?  You can register custom marks to avoid this warning - for details, see https://docs.pytest.org/en/stable/how-to/mark.html
2024-12-31T06:19:57.647504787Z     @pytest.mark.asyncio
2024-12-31T06:19:57.647505912Z 
2024-12-31T06:19:57.647723827Z tests/test_timeout.py:24
2024-12-31T06:19:57.647732452Z   /aioclock/tests/test_timeout.py:24: PytestUnknownMarkWarning: Unknown pytest.mark.asyncio - is this a typo?  You can register custom marks to avoid this warning - for details, see https://docs.pytest.org/en/stable/how-to/mark.html
2024-12-31T06:19:57.647734619Z     @pytest.mark.asyncio
2024-12-31T06:19:57.647735952Z 
2024-12-31T06:19:57.647748827Z tests/test_triggers.py:83
2024-12-31T06:19:57.647751243Z   /aioclock/tests/test_triggers.py:83: PytestUnknownMarkWarning: Unknown pytest.mark.asyncio - is this a typo?  You can register custom marks to avoid this warning - for details, see https://docs.pytest.org/en/stable/how-to/mark.html
2024-12-31T06:19:57.647752952Z     @pytest.mark.asyncio
2024-12-31T06:19:57.647762535Z 
2024-12-31T06:19:57.647838576Z tests/test_triggers.py:106
2024-12-31T06:19:57.647845409Z   /aioclock/tests/test_triggers.py:106: PytestUnknownMarkWarning: Unknown pytest.mark.asyncio - is this a typo?  You can register custom marks to avoid this warning - for details, see https://docs.pytest.org/en/stable/how-to/mark.html
2024-12-31T06:19:57.647847659Z     @pytest.mark.asyncio
2024-12-31T06:19:57.647849118Z 
2024-12-31T06:19:57.647920076Z tests/test_triggers.py:116
2024-12-31T06:19:57.647923034Z   /aioclock/tests/test_triggers.py:116: PytestUnknownMarkWarning: Unknown pytest.mark.asyncio - is this a typo?  You can register custom marks to avoid this warning - for details, see https://docs.pytest.org/en/stable/how-to/mark.html
2024-12-31T06:19:57.647930742Z     @pytest.mark.asyncio
2024-12-31T06:19:57.647932367Z 
2024-12-31T06:19:57.647996117Z tests/test_triggers.py:129
2024-12-31T06:19:57.648001825Z   /aioclock/tests/test_triggers.py:129: PytestUnknownMarkWarning: Unknown pytest.mark.asyncio - is this a typo?  You can register custom marks to avoid this warning - for details, see https://docs.pytest.org/en/stable/how-to/mark.html
2024-12-31T06:19:57.648003867Z     @pytest.mark.asyncio
2024-12-31T06:19:57.648005200Z 
2024-12-31T06:19:57.648122533Z tests/test_triggers.py:167
2024-12-31T06:19:57.648292407Z   /aioclock/tests/test_triggers.py:167: PytestUnknownMarkWarning: Unknown pytest.mark.asyncio - is this a typo?  You can register custom marks to avoid this warning - for details, see https://docs.pytest.org/en/stable/how-to/mark.html
2024-12-31T06:19:57.648300865Z     @pytest.mark.asyncio
2024-12-31T06:19:57.648302407Z 
2024-12-31T06:19:57.648303657Z tests/test_triggers.py:177
2024-12-31T06:19:57.648304948Z   /aioclock/tests/test_triggers.py:177: PytestUnknownMarkWarning: Unknown pytest.mark.asyncio - is this a typo?  You can register custom marks to avoid this warning - for details, see https://docs.pytest.org/en/stable/how-to/mark.html
2024-12-31T06:19:57.648306490Z     @pytest.mark.asyncio
2024-12-31T06:19:57.648307698Z 
2024-12-31T06:19:57.649102277Z tests/test_di.py: 1 warning
2024-12-31T06:19:57.649108193Z tests/test_lifespan.py: 2 warnings
2024-12-31T06:19:57.649109610Z tests/test_timeout.py: 1 warning
2024-12-31T06:19:57.649110818Z tests/test_triggers.py: 6 warnings
2024-12-31T06:19:57.649112110Z   /usr/local/lib/python3.10/site-packages/_pytest/python.py:148: PytestUnhandledCoroutineWarning: async def functions are not natively supported and have been skipped.
2024-12-31T06:19:57.649113568Z   You need to install a suitable plugin for your async framework, for example:
2024-12-31T06:19:57.649114860Z     - anyio
2024-12-31T06:19:57.649116027Z     - pytest-asyncio
2024-12-31T06:19:57.649117193Z     - pytest-tornasync
2024-12-31T06:19:57.649118360Z     - pytest-trio
2024-12-31T06:19:57.649119527Z     - pytest-twisted
2024-12-31T06:19:57.649120610Z     warnings.warn(PytestUnhandledCoroutineWarning(msg.format(nodeid)))
2024-12-31T06:19:57.649121902Z 
2024-12-31T06:19:57.649122985Z tests/test_examples.py::test_examples
2024-12-31T06:19:57.649124193Z   /usr/local/lib/python3.10/site-packages/pydantic/_internal/_generate_schema.py:547: UserWarning: Ellipsis is not a Python type (it may be an instance of an object), Pydantic will allow any object with no validation since we cannot even enforce that the input is an instance of the given type. To get rid of this error wrap the type with `pydantic.SkipValidation`.
2024-12-31T06:19:57.649125902Z     warn(
2024-12-31T06:19:57.649127068Z 
2024-12-31T06:19:57.649135902Z -- Docs: https://docs.pytest.org/en/stable/how-to/capture-warnings.html
2024-12-31T06:19:57.649137443Z [36m[1m=========================== short test summary info ============================[0m
2024-12-31T06:19:57.649138901Z [31mFAILED[0m tests/test_examples.py::[1mtest_examples[0m - Exception: Failed to execute example:
2024-12-31T06:19:57.650130520Z [31m============= [31m[1m1 failed[0m, [32m2 passed[0m, [33m10 skipped[0m, [33m21 warnings[0m[31m in 0.23s[0m[31m =============[0m
2024-12-31T06:20:44.984920825Z [?2004hroot@319a47484848:/aioclock# pytest --collect-only -q
2024-12-31T06:20:45.436292405Z [?2004l
tests/test_di.py::test_run_manual
2024-12-31T06:20:45.436312863Z tests/test_examples.py::test_examples
2024-12-31T06:20:45.436315405Z tests/test_lifespan.py::test_lifespan_e2e_async
2024-12-31T06:20:45.436316863Z tests/test_lifespan.py::test_lifespan_e2e_sync
2024-12-31T06:20:45.436318113Z tests/test_timeout.py::test_run_manual
2024-12-31T06:20:45.436319405Z tests/test_triggers.py::test_at_trigger
2024-12-31T06:20:45.436320530Z tests/test_triggers.py::test_cross_timezone
2024-12-31T06:20:45.436321697Z tests/test_triggers.py::test_loop_controller
2024-12-31T06:20:45.436322863Z tests/test_triggers.py::test_forever
2024-12-31T06:20:45.436324238Z tests/test_triggers.py::test_every
2024-12-31T06:20:45.436325405Z tests/test_triggers.py::test_cron
2024-12-31T06:20:45.436326488Z tests/test_triggers.py::test_or_trigger_state
2024-12-31T06:20:45.436327655Z tests/test_triggers.py::test_or_trigger_next
2024-12-31T06:20:45.436443363Z 
2024-12-31T06:20:45.436470612Z [33m=============================== warnings summary ===============================[0m
2024-12-31T06:20:45.436597195Z tests/test_di.py:19
2024-12-31T06:20:45.436610237Z   /aioclock/tests/test_di.py:19: PytestUnknownMarkWarning: Unknown pytest.mark.asyncio - is this a typo?  You can register custom marks to avoid this warning - for details, see https://docs.pytest.org/en/stable/how-to/mark.html
2024-12-31T06:20:45.436612278Z     @pytest.mark.asyncio
2024-12-31T06:20:45.436613695Z 
2024-12-31T06:20:45.436873443Z tests/test_lifespan.py:29
2024-12-31T06:20:45.436883860Z   /aioclock/tests/test_lifespan.py:29: PytestUnknownMarkWarning: Unknown pytest.mark.asyncio - is this a typo?  You can register custom marks to avoid this warning - for details, see https://docs.pytest.org/en/stable/how-to/mark.html
2024-12-31T06:20:45.436885860Z     @pytest.mark.asyncio
2024-12-31T06:20:45.436887193Z 
2024-12-31T06:20:45.436994192Z tests/test_lifespan.py:59
2024-12-31T06:20:45.437003859Z   /aioclock/tests/test_lifespan.py:59: PytestUnknownMarkWarning: Unknown pytest.mark.asyncio - is this a typo?  You can register custom marks to avoid this warning - for details, see https://docs.pytest.org/en/stable/how-to/mark.html
2024-12-31T06:20:45.437015067Z     @pytest.mark.asyncio
2024-12-31T06:20:45.437016942Z 
2024-12-31T06:20:45.437127400Z tests/test_timeout.py:24
2024-12-31T06:20:45.437143817Z   /aioclock/tests/test_timeout.py:24: PytestUnknownMarkWarning: Unknown pytest.mark.asyncio - is this a typo?  You can register custom marks to avoid this warning - for details, see https://docs.pytest.org/en/stable/how-to/mark.html
2024-12-31T06:20:45.437146192Z     @pytest.mark.asyncio
2024-12-31T06:20:45.437147483Z 
2024-12-31T06:20:45.437324815Z tests/test_triggers.py:83
2024-12-31T06:20:45.437332440Z   /aioclock/tests/test_triggers.py:83: PytestUnknownMarkWarning: Unknown pytest.mark.asyncio - is this a typo?  You can register custom marks to avoid this warning - for details, see https://docs.pytest.org/en/stable/how-to/mark.html
2024-12-31T06:20:45.437334399Z     @pytest.mark.asyncio
2024-12-31T06:20:45.437335690Z 
2024-12-31T06:20:45.437435148Z tests/test_triggers.py:106
2024-12-31T06:20:45.437440523Z   /aioclock/tests/test_triggers.py:106: PytestUnknownMarkWarning: Unknown pytest.mark.asyncio - is this a typo?  You can register custom marks to avoid this warning - for details, see https://docs.pytest.org/en/stable/how-to/mark.html
2024-12-31T06:20:45.437442440Z     @pytest.mark.asyncio
2024-12-31T06:20:45.437443773Z 
2024-12-31T06:20:45.437537106Z tests/test_triggers.py:116
2024-12-31T06:20:45.437553647Z   /aioclock/tests/test_triggers.py:116: PytestUnknownMarkWarning: Unknown pytest.mark.asyncio - is this a typo?  You can register custom marks to avoid this warning - for details, see https://docs.pytest.org/en/stable/how-to/mark.html
2024-12-31T06:20:45.437555939Z     @pytest.mark.asyncio
2024-12-31T06:20:45.437557189Z 
2024-12-31T06:20:45.437691771Z tests/test_triggers.py:129
2024-12-31T06:20:45.437790896Z   /aioclock/tests/test_triggers.py:129: PytestUnknownMarkWarning: Unknown pytest.mark.asyncio - is this a typo?  You can register custom marks to avoid this warning - for details, see https://docs.pytest.org/en/stable/how-to/mark.html
2024-12-31T06:20:45.437796146Z     @pytest.mark.asyncio
2024-12-31T06:20:45.437797687Z 
2024-12-31T06:20:45.437800479Z tests/test_triggers.py:167
2024-12-31T06:20:45.437801896Z   /aioclock/tests/test_triggers.py:167: PytestUnknownMarkWarning: Unknown pytest.mark.asyncio - is this a typo?  You can register custom marks to avoid this warning - for details, see https://docs.pytest.org/en/stable/how-to/mark.html
2024-12-31T06:20:45.437803479Z     @pytest.mark.asyncio
2024-12-31T06:20:45.437804687Z 
2024-12-31T06:20:45.437853562Z tests/test_triggers.py:177
2024-12-31T06:20:45.437862770Z   /aioclock/tests/test_triggers.py:177: PytestUnknownMarkWarning: Unknown pytest.mark.asyncio - is this a typo?  You can register custom marks to avoid this warning - for details, see https://docs.pytest.org/en/stable/how-to/mark.html
2024-12-31T06:20:45.437871979Z     @pytest.mark.asyncio
2024-12-31T06:20:45.437873895Z 
2024-12-31T06:20:45.437875187Z -- Docs: https://docs.pytest.org/en/stable/how-to/capture-warnings.html
2024-12-31T06:20:45.438907014Z [32m[32m13 tests collected[0m[32m in 0.18s[0m[0m
2024-12-31T06:29:11.618192644Z [?2004hroot@319a47484848:/aioclock# exit
2024-12-31T06:29:11.618913311Z [?2004l
exit
