tox-dev/tox-uv
d7405a6ed4f35d0ae525009cc1cd298fe2bc4bf4
Container youthful_mcclintock b161dff42443 started with image build_env_python:3.10
************** configuration **************
You are an expert skilled in environment configuration. You can refer to various files and structures in the repository such as `requirements.txt`, `setup.py`, etc., and use dependency prediction tools like pipreqs to install and download the corresponding third-party libraries in a given Docker image. This ensures that the repository can be successfully configured and able to correctly execute the specified tests.
* Note that this repository originally did not have a Dockerfile, or the existing Dockerfile has been deleted, and do not attempt to use the information from the original Dockerfile of the repository.*

* We have already configured poetry, pipdeptree, and pytest for you; no additional configuration is needed. However, you cannot directly invoke pytest; you need to run tests using `runtest` or `poetryruntest`.

WORK PROCESS:
1. **Read Directory Structure**: Check the folder structure in the root directory, focusing on the configuration files related to setting up the environment.
2. **Determine Python Version**: Decide if you need to switch the Python version in the Docker container. The current version is python:3.10. If you want to switch the Python version, please run the `change_python_version python_version` command, where python_version is the Python version number (for example, `change_python_version 3.9`), and you do not need to add quotation marks. If you do not need to make any changes, please ignore this step. You can also run these commands at any point later during the environment configuration to switch the Python version.
    *Note*: You can only switch the Python version within the container; switching to other images is not allowed.
3. **Check the configuration files in the root directory**: Read configuration files related to setting up the environment, such as: Information in the `.github` folder, `setup.py`, `setup.cfg`, `Pipfile` and `Pipfile.lock`, `environment.yml`, `poetry.lock` and `pyproject.toml`, etc.
3.5 **Try testing (optional)**: Using `runtest` command to check if it is possible to pass the tests directly without any additional configuration.
4. **Review Additional Files**: Consider other potential files and structures for environment configuration.
5. **Automatically install according to the installation script**: Based on the observed structure in the root directory, determine the necessary installation commands:
    a. Poetry Detected: If a poetry.lock file is present in the root directory, Install Poetry using the relevant method for your system. Execute the command `poetry install` to install the dependencies specified in the lock file.
    b. Setup.py Detected: If a setup.py file exists in the root directory, run the command `pip install -e .` to install the package in editable mode along with its dependencies.
    c. Other Descriptor Files: For other specific files that indicate dependency management, assess and determine the appropriate method to install the required dependencies.
    *Note*: We only consider automatically installation script in the repository. Do not consider `requirements.txt` directly in this step!
6. **Collecting Third-Party Library Download List**: In this step, you need to locate all files in the root directory that list dependencies line by line, such as `requirements.txt`, `requirements_dev.txt`, etc. Use a command like `queue_file /repo/requirements.txt` to submit them to the download list. I will handle the unified downloading later.
    If you have determined the path to the requirements file, please enter `waitinglist addfile` followed by the path to the requirements file. For example, `waitinglist addfile /repo/requirements.txt`.
    *Note*: The files you collect must follow the standard requirements.txt format. Do not collect files in any other formats. For instance, if you are unsure about the format of `/repo/requirements_test.txt`, you can use the command `cat /repo/requirements_test.txt` to read the file contents and ensure the file fully meets the requirements before submitting it. If no such dependency-listing files are found, you may skip this step.
    *Note*: In a standard requirements.txt file, each valid entry on a line consists of package_name followed by version_constraints (if there are no version_constraints, the latest version is implied). For example: "numpy==2.1", "numpy>2.0,<3.0", "numpy" (implies the latest version).
    *Note*: We will not collect items that are improperly formatted.
7. **Using pipreqs to Obtain Additional Lists**: In this step, you should use `runpipreqs` to analyze the third-party libraries that need to be installed based on the findings of the previous step. Simply use the command `get pipreqs`, and it will generate a `requirements_pipreqs.txt` file in the project root directory (/repo) and show you the warnings and errors.
    *Note*: If you have already collected some requirements.txt files in Step 5, you do not need to execute `runpipreqs` in this step. Avoid collecting too many dependencies repeatedly. You can directly execute `download` after handling conflicts and formatting errors. If errors occur in subsequent tests, you can then run `runpipreqs`.
8. **Handling pipreqs Warnings**: For warnings that appear in pipreqs, such as not being able to find a module on PyPI, it may be due to a discrepancy between the download name and the import name of a third-party library. For example, `import cv2` requires downloading not `cv2` but `opencv-python`. For each warning, you need to address the discrepancy by ensuring the correct package names are used for the downloads.
    You should review "pipreqs_output.txt" (used to store output during the pipreqs dependency generation process) and "requirements_pipreqs.txt" (the final generated dependency results) to check for any inconsistencies. Use ```diff and ``` to make adjustments to "requirements_pipreqs.txt" as needed.
    *Note*: If you did not execute runpipreqs, then you do not need to perform this step.
9. **Update lists**: Add the "requirements_pipreqs.txt" file generated by pipreqs and corrected by you (or maybe not) to the waiting list using the command `waitinglist addfile /repo/requirements_pipreqs.txt`.
    *Note*: If you did not execute runpipreqs, then you do not need to perform this step.
10. **Resolve version_constraint conflicts**: Process the elements in conflict_list. Based on the information in conflict_list, resolve any existing version_constraints conflicts. Only after these have been resolved can you proceed with the download.
11. **Unified download execution**: After analyzing the original requirements.txt of the repository and the "requirements.txt" generated by pipreqs, and resolving any conflict issues, you need to enter download to execute the unified `download`. This will download each element currently in the waiting_list one by one, and eventually, the download status will be returned.
12. **Error Handling**: After the download is complete, you need to handle the error messages based on the information provided. We will return the list of third-party libraries and their dependencies in your current environment. When resolving these errors, you need to ensure that these dependencies are properly managed. For example, you cannot directly uninstall a package that is required by another package, nor can you install a version that does not meet the constraints.
    For instance, if package A depends on package B with a requirement of "B>=1.0", you cannot simply run pip uninstall B as this would cause package A to lack its dependency. Similarly, you cannot run `pip install B==0.5` because this would not satisfy the requirement of "B>=1.0".
    You can make use of the following tools:
    a.(Strongly recommend) `pipdeptree`: Use pipdeptree to see the structure of the python third-party library downloaded.
    b.(Strongly recommend) `pipdeptree -p <package_name>`: Use pipdeptree -p followed by package_name can display the dependency information of a specific third-party library.
    c.(Strongly recommend) `pip index versions <package_name> --python-version <python_version>`: This command is used to query the versions of a specific package for a particular Python version, including pre-release versions. For example, `pip index versions requests --python-version 3.10` can be used to find the versions of requests that are available for Python 3.10.
    d. `pip install -q`: Use this command to install a specific version of a package with minimal output. This greatly reduces the verbosity, showing only crucial information and final status. It is recommended to specify the version with == to avoid conflicts with the existing environment. For example, use pip install -q requests==2.25.1 to ensure a quiet and specific version installation.
    e. `pip install -e`: Use this command to install a package in "editable" mode. This is particularly useful during development when you want to make changes to the source code and have them immediately reflected in the installed package without needing to reinstall it. For example, pip install -e . will install the package located in the current directory in editable mode. Another common use case is to install a package from a local path or a VCS repository while keeping it editable. For example, pip install -e git+https://github.com/username/repo.git#egg=package_name.
    f. `pip uninstall`: Use this command to uninstall a third-party library. This should be used cautiously as it may cause dependency issues. If you need to change the version of a package, it is better to use `pip install [package_name]==[version]` instead.
    g. `apt-get update -qq && apt-get install [package]=[version] -y -qq`: Use this command to install system packages if needed, remember to use `-y`. Use `-qq` to minimize the output if there is nothing wrong.
    h. `export <variable>=<value>`: Use this command to set system environment variables.
    i. You can use the `--help` parameter to view detailed usage instructions for various tools, such as `pipdeptree --help` and `pip install --help`, etc.
    j. You may also use other commands that are not listed here, including built-in Bash commands and other system commands.
    *Note*: Always consider the potential impact of each command on the system. Aim to achieve the best results with minimal changes.
    *Note*: For modules not found in the error message, first check if the corresponding module is available in the project folder before proceeding with external downloads. For example, if you encounter an error stating ModuleNotFoundError: No module named 'my_module', check if there is a file named my_module.py in your project directory. If it is not present, then you can look for the module externally and download it if necessary.
    *Note*: Do not use external download tools like `git clone` or `wget` to download a large number of files directly in the /repo folder (or its subdirectories) to avoid causing significant changes to the original repository.
    *Note*: Flexibility: You do not need to complete all configurations in one go. If you are unsure whether the configuration is approximately complete, you can use the `runtest` or `poetryruntest`(When you configured in poetry environment) command. I will check the configured environment and return any error messages. Based on the error messages, you can make further adjustments.
    *Note*: In special cases, if you feel that the Docker environment has become too messy to achieve your goal, you can use `clear_configuration` command to restore it to the initial Python 3.10 environment or `change_python_version` and start over.
**Most Important!** You can execute `runtest` or `poetryruntest` anywhere when you decide to test the environment. You do not need to complete all the previous steps; you can directly run `runtest` or `poetryruntest` to check if the configuration is complete and get feedback from the error messages. Be flexible. Our goal is to pass the runtest or poetryruntest checks.
If you encounter import errors such as ModuleNotFoundError or ImportError, you can consider two solutions. One solution is to use external tools like pip or apt-get to download these dependencies. The other solution is to check for local dependencies in the repository; if local dependencies are available, you can use `export PYTHONPATH=` statements to set environment variables (preferably), or modify the __init__.py file to resolve the issue.
Please note that when manually using pip, apt-get, poetry, or other tools to download third-party libraries, try to use the `-q` (quiet) mode if available to reduce intermediate progress bar outputs. Additionally, we will help remove more obvious progress bar information to minimize interference with the analysis.
If you need to install packages using pip, please consider adding them to the waiting list first, and then use the `download` command to proceed with the installation.
In each round of the conversation, we will inform you of the commands that have been correctly executed and have changed the state of the current Docker container. Please reflect on each round's Observation in relation to the current state of the Docker container and decide the subsequent Action.
If you need to run two or more commands, please strictly follow the order by enclosing each command in ONE ```bash and ``` blocks connected by "&&" with ONE line! It is not recommended to use backslashes (\) for line continuation. If you need to execute commands that span multiple lines, it is advisable to write them into a .sh file and then run the executable file. For example, if you want to enter the /repo directory and execute `poetry install`, you should input:
```bash
cd /repo && poetry install
```

It is not recommended to directly input:
```bash
cd /repo
```
```bash
poetry install
```

Nor is it recommended to input:
```bash
cd /repo \
poetry install
```

We also strongly request that you try to write the instructions on the same line as much as possible, and do not break them into multiple lines, as this may cause parsing errors. Even if the line of instructions contains a lot of && connections, do not arbitrarily break it into multiple lines.

We will automatically maintain two lists in the background to facilitate the installation and download of third-party libraries. These are:
1. waiting list: Used to store third-party libraries waiting to be downloaded, including both pip and apt libraries. You can use `waitinglist show` to show all items in it.
2. conflict list: Used to store elements with the same name as those in the waiting list but with inconsistent version constraints. You can use `conflictlist show` to show all items in it.
*Note*: you only need to follow the prompts to complete operations on these lists during the running process and can only manipulate them using the provided commands.
*Note*: Before operating waiting list, conflict list, or download commands, you can use waitinglist show or conflictlist show to observe their structure each time.


IN GOOD FORMAT: 
All your answer must contain Thought and Action. 
Calling CLI tools Action using bash block like ```bash  ```. 
Editing and Writing code Action using diff block like ```diff ```.
The command line you generate will be run in the bash sandbox environment, and the running results will be returned to you through the system messages.

IMPORTANT TIPS: 
        * Each round of reply can only contain one ```bash ``` block, which means Each round of your answers contain only *ONE* action!
        * Please submit the first command first, then after receiving the response, you can issue the second command. You are free to use any other bash communication.

You are now in the Docker environment of python:3.10. Please perform all operations within this environment.
CLI TOOLS: You can call CLI tools in  ```bash ... ``` block as Action with a Thought. like:
### Thought: I need to understand the structure of the root directory.
### Action:
```bash
ls /repo
```

For another example:
### Thought: I need to read the README.md file.
### Action:
```bash
cat README.md
```


CODE EDITING AND WRITING: All changes to files must use the ```diff  ```  block format, with symbols <<<<<<< SEARCH, ======= and >>>>>>> REPLACE 

You need to provide code patch. The patch should according to the original code, indent correctly, and do not include line numbers. The format is as follows: 
### Thought: Modify explanation...
### Action: 
```diff 
/absolute/path/of/target.py
<<<<<<< SEARCH
    exact copy of old line(s) you would like to change
=======
    new line(s) to replace
>>>>>>> REPLACE

<<<<<<< SEARCH
    exact copy of old line(s) you would like to change
=======
    new line(s) to replace
>>>>>>> REPLACE
``` 
Every *SEARCH/REPLACE block must use this format:
1. The opening fence ```diff 
2. The file path alone on a line, verbatim. No bold asterisks, no quotes around it, no escaping of characters, etc.
3. The start of search block: <<<<<<< SEARCH
4. A contiguous chunk of lines to search for in the existing source code
5. The dividing line: =======
6. The lines to replace into the source code
7. The end of the replace block: >>>>>>> REPLACE
8. The closing fence: ``` 
Once you want to modify the code you MUST: 
        * Include *ALL* the code being searched and replaced!
        * Every *SEARCH* section must *EXACTLY MATCH* the existing source code, character for character, including all comments, docstrings, etc.
        * '<<<<<<< SEARCH', '=======' and  '>>>>>>> REPLACE' symbols must be on a line by themselves and cannot be indented.
        * All code modifications must be expressed in the REPLACE format above (including delete an insert). We will find the source code with the highest matching degree in the original file and replace it. Please provide sufficient and unique old line(s) from snippet to facilitate matching.
        * If the code patch you provide is successfully applied, the differences before and after the code modification will be returned.
        * The paths of modified files must be completely absolute paths.
        * Make sure the patch you provide is indented correctly especially in python programs: The indentation of old lines is exactly the same as the original code, and the indentation of new lines is correct.
        * All patches must be based on the original code viewed by the tools, and fabricated code patch(es) is prohibited.
        * Previously successfully applied patches will modify the code, and new patches must be applied based on the current code. Please review the relevant code again then provide new patches.
        * If the old line(s) is empty, it is considered to be inserted at the beginning of the file. If the file does not exist, a new file will be created and the new line will be written. like:
### Thought: Create a.py
### Action:
```diff
/project_path/.../a.py
<<<<<<< SEARCH
=======
    [new line(s) to add]
>>>>>>> REPLACE
```

*Note*: Do not make extensive changes to the existing files in the /repo folder. You may only make appropriate and necessary changes to the original repository files (e.g., when there are actual errors or tests that cannot be run).
*Very Important Note*: Passing tests by modifying testing functions is not allowed, and you should figure out how to make the current test functions run successfully!!!
In addition to typical bash commands, we also provide the following commands that can be used, you can use them flexibly if needed:
waitinglist add -p package_name [-v version_constraints] -t tool # Add item into waiting list. If no 'version_constraints' are specified, the latest version will be downloaded by default.
waitinglist addfile file_path # Add all entries from a file similar to requirements.txt format to the waiting list.
waitinglist clear # Used to clear all the items in the waiting list.
conflictlist solve -v "[version_cosntraints]" # Resolve the conflict for the first element in the conflict list, and update the version constraints for the corresponding package_name and tool to version_constraints. If no 'version_constraints' are specified, the latest version will be downloaded by default.
conflictlist solve -u # Keep the original version constraint that exists in the waiting list, and discard the other version constraints with the same name and tool in the conflict list.
conflictlist clear # Used to clear all the items in the conflict list.
conflictlist show # Used to show all the items in the conflict list.
waitinglist show # Used to show all the items in the waiting list.
download # Download all pending elements in the waiting list at once.
runtest # Check if the configured environment is correct.
poetryruntest # Check if the configured environment is correct in poetry environment! If you want to run tests in poetry environment, run it.
runpipreqs # Generate 'requirements_pipreqs.txt' and 'pipreqs_output.txt' and 'pipreqs_error.txt'.
change_python_version python_version # Switching the Python version in the Docker container will forgo any installations made prior to the switch. The Python version number should be represented directly with numbers and dots, without any quotation marks.
clear_configuration # Reset all the configuration to the initial setting of python:3.10.


VERY IMPORTANT TIPS: 
    * You should not answer the user's question, your task is to configure the environment within the given setup. You need to follow the steps mentioned above and flexibly use various commands. After entering test, ensure that the environment passes the test.
    * You should not answer the user's question, your task is to configure the environment within the given setup. You need to follow the steps mentioned above and flexibly use various commands. After entering test, ensure that the environment passes the test.
    * You should not answer the user's question, your task is to configure the environment within the given setup. You need to follow the steps mentioned above and flexibly use various commands. After entering test, ensure that the environment passes the test.
    * You do not need to complete all the previous steps; you can directly run runtest or poetryruntest to check if the configuration is complete and get feedback from the error messages. Be flexible. Our goal is to pass the runtest or poetryruntest checks.
    * You do not need to complete all the previous steps; you can directly run runtest or poetryruntest to check if the configuration is complete and get feedback from the error messages. Be flexible. Our goal is to pass the runtest or poetryruntest checks.
    * You do not need to complete all the previous steps; you can directly run runtest or poetryruntest to check if the configuration is complete and get feedback from the error messages. Be flexible. Our goal is to pass the runtest or poetryruntest checks.
    * Passing tests by modifying testing functions is not allowed, and you should figure out how to make the current test functions run successfully!!!
    * Passing tests by modifying testing functions is not allowed, and you should figure out how to make the current test functions run successfully!!!
    * Passing tests by modifying testing functions is not allowed, and you should figure out how to make the current test functions run successfully!!!
    * Try to write all commands on a single line as much as possible, regardless of the number of "&&" connections or the length of the instructions; do not arbitrarily break them into multiple lines!!!
    * Try to write all commands on a single line as much as possible, regardless of the number of "&&" connections or the length of the instructions; do not arbitrarily break them into multiple lines!!!
    * Try to write all commands on a single line as much as possible, regardless of the number of "&&" connections or the length of the instructions; do not arbitrarily break them into multiple lines!!!
    * When other configuration methods can be used, try to avoid modifying or deleting the original files, especially do not delete the testing files!!!
    * When other configuration methods can be used, try to avoid modifying or deleting the original files, especially do not delete the testing files!!!
    * When other configuration methods can be used, try to avoid modifying or deleting the original files, especially do not delete the testing files!!!
    * You are not allowed to use commands like `hatch shell` that would open a new shell!!!
    * You are not allowed to use commands like `hatch shell` that would open a new shell!!!
    * You are not allowed to use commands like `hatch shell` that would open a new shell!!!

---------------------------
### Thought:
I need to understand the structure of the root directory to identify configuration files that will help set up the environment.

### Action:
```bash
ls /repo
```
### Observation:
Running `ls /repo`...
LICENSE  README.md  pyproject.toml  src  tests	tox.ini
`ls /repo` executes with returncode: 0

[Current directory]:
/
You are currently in a [python:3.10] container.

ENVIRONMENT REMINDER: You have 199 turns left to complete the task.
The container remains in its original state.
---------------------------
### Thought:
The root directory contains the following files and directories:
- LICENSE
- README.md
- pyproject.toml
- src (directory)
- tests (directory)
- tox.ini

I need to begin by examining the "pyproject.toml" file, as it likely contains crucial configuration information for setting up the environment.

### Action:
```bash
cat /repo/pyproject.toml
```
### Observation:
Running `cat /repo/pyproject.toml`...
[build-system]
build-backend = "hatchling.build"
requires = [
  "hatch-vcs>=0.4",
  "hatchling>=1.25",
]
[project]
name = "tox-uv"
description = "Integration of uv with tox."
readme = "README.md"
keywords = [
  "environments",
  "isolated",
  "testing",
  "virtual",
]
license = "MIT"
maintainers = [
  { name = "BernÃ¡t GÃ¡bor", email = "gaborjbernat@gmail.com" },
]
requires-python = ">=3.9"
classifiers = [
  "Development Status :: 5 - Production/Stable",
  "Intended Audience :: Developers",
  "License :: OSI Approved :: MIT License",
  "Operating System :: OS Independent",
  "Programming Language :: Python",
  "Programming Language :: Python :: 3 :: Only",
  "Programming Language :: Python :: 3.9",
  "Programming Language :: Python :: 3.10",
  "Programming Language :: Python :: 3.11",
  "Programming Language :: Python :: 3.12",
  "Programming Language :: Python :: 3.13",
  "Topic :: Internet",
  "Topic :: Software Development :: Libraries",
  "Topic :: System",
]
dynamic = [
  "version",
]
dependencies = [
  "packaging>=24.1",
  "tox>=4.21.2,<5",
  "typing-extensions>=4.12.2; python_version<'3.10'",
  "uv>=0.4.18,<1",
]
urls.Changelog = "https://github.com/tox-dev/tox-uv/releases"
urls.Documentation = "https://github.com/tox-dev/tox-uv#tox-uv"
urls.Homepage = "https://github.com/tox-dev/tox-uv"
urls.Source = "https://github.com/tox-dev/tox-uv"
urls.Tracker = "https://github.com/tox-dev/tox-uv/issues"
entry-points.tox.tox-uv = "tox_uv.plugin"
[dependency-groups]
dev = [
  { include-group = "lint" },
  { include-group = "pkg-meta" },
  { include-group = "test" },
  { include-group = "type" },
]
test = [
  "covdefaults>=2.3",
  "devpi-process>=1.0.2",
  "diff-cover>=9.2",
  "pytest>=8.3.3",
  "pytest-cov>=5",
  "pytest-mock>=3.14",
]
type = [ "mypy==1.11.2", { include-group = "test" } ]
lint = [ "pre-commit-uv>=4.1.3" ]
pkg-meta = [ "check-wheel-contents>=0.6", "twine>=5.1.1", "uv>=0.4.18" ]
[tool.hatch]
build.hooks.vcs.version-file = "src/tox_uv/version.py"
build.targets.sdist.include = [
  "/src",
  "/tests",
]
version.source = "vcs"
[tool.black]
line-length = 120
[tool.ruff]
line-length = 120
format.preview = true
format.docstring-code-line-length = 100
format.docstring-code-format = true
lint.select = [
  "ALL",
]
lint.ignore = [
  "ANN101", # Missing type annotation for `self` in method
  "COM812", # Conflict with formatter
  "CPY",    # No copyriuvt statements
  "D",      # no documentation for now
  "D203",   # `one-blank-line-before-class` (D203) and `no-blank-line-before-class` (D211) are incompatible
  "D205",   # 1 blank line required between summary line and description
  "D212",   # `multi-line-summary-first-line` (D212) and `multi-line-summary-second-line` (D213) are incompatible
  "D301",   #  Use `r"""` if any backslashes in a docstring
  "D401",   # First line of docstring should be in imperative mood
  "DOC201", # no support for sphinx
  "ISC001", # Conflict with formatter
  "S104",   # Possible binding to all interface
]
lint.per-file-ignores."tests/**/*.py" = [
  "D",       # don't care about documentation in tests
  "FBT",     # don't care about booleans as positional arguments in tests
  "INP001",  # no implicit namespace
  "PLC2701", # private import is fine
  "PLR2004", # Magic value used in comparison, consider replacing with a constant variable
  "S",       # no safety concerns
  "S101",    # asserts allowed in tests...
]
lint.isort = { known-first-party = [
  "tox_uv",
  "tests",
], required-imports = [
  "from __future__ import annotations",
] }
lint.preview = true
[tool.codespell]
builtin = "clear,usage,en-GB_to_en-US"
write-changes = true
count = true
[tool.pyproject-fmt]
max_supported_python = "3.13"
[tool.coverage]
html.show_contexts = true
html.skip_covered = false
paths.source = [
  "src",
  ".tox/*/lib/*/site-packages",
  ".tox\\*\\Lib\\site-packages",
  "**/src",
  "**\\src",
]
paths.other = [
  ".",
  "*/tox_uv",
  "*\\tox_uv",
]
report.omit = [
  "src/tox_uv/_venv_query.py",
]
report.fail_under = 100
run.parallel = true
run.plugins = [
  "covdefaults",
]
[tool.mypy]
python_version = "3.12"
show_error_codes = true
strict = true
overrides = [
  { module = [
    "virtualenv.*",
    "uv.*",
  ], ignore_missing_imports = true },
]
[tool.uv]
cache-keys = [ { file = "pyproject.toml" }, { git = true } ]
`cat /repo/pyproject.toml` executes with returncode: 0

[Current directory]:
/
You are currently in a [python:3.10] container.

ENVIRONMENT REMINDER: You have 198 turns left to complete the task.
The container remains in its original state.
---------------------------
### Thought:
The `pyproject.toml` file indicates that the project uses Hatchling as the build system and defines dependencies under different groups ("dev", "test", "type", "lint", "pkg-meta"). There are primary dependencies and various project tools configured within the file.

Since the primary dependencies are defined, I can use `poetryruntest` to check if the current configuration is sufficient to run the tests successfully.

### Action:
```bash
cd /repo && poetryruntest
```
### Observation:
Running `cd /repo`...
`cd /repo` executes with returncode: 0
Running `python /home/tools/poetryruntest.py`...
Pytest is not installed in your environment. Please install the latest version of pytest using `pip install pytest`.
The command execution failed, so I have reverted it back to the previous state, which is the environment before running this command.
`poetryruntest` executes with returncode: 100

[Current directory]:
/
You are currently in a [python:3.10] container.

ENVIRONMENT REMINDER: You have 197 turns left to complete the task.
The container remains in its original state.
---------------------------
### Thought:
The error message indicates that `pytest` is required but not installed. I will add the dependencies listed in the `pyproject.toml` to the waiting list and download them. This should include `pytest` and other necessary testing dependencies.

### Action:
```bash
waitinglist add -p pytest -v ">=8.3.3" -t pip && waitinglist add -p pytest-cov -v ">=5" -t pip && waitinglist add -p pytest-mock -v ">=3.14" -t pip && download
```
### Observation:
Running `waitinglist add -p pytest -v ">=8.3.3" -t pip`...
'pytest">=8.3.3"' (using pip to download) has been added into the waiting list. If you have multiple elements to add to the waitinglist, you can use && to connect multiple `waitinglist add` statements and surround them with ```bash and ```. Please make sure to write the complete statements; we will only recognize complete statements. Do not use ellipses or other incomplete forms.Running `waitinglist add -p pytest-cov -v ">=5" -t pip`...
'pytest-cov">=5"' (using pip to download) has been added into the waiting list. If you have multiple elements to add to the waitinglist, you can use && to connect multiple `waitinglist add` statements and surround them with ```bash and ```. Please make sure to write the complete statements; we will only recognize complete statements. Do not use ellipses or other incomplete forms.Running `waitinglist add -p pytest-mock -v ">=3.14" -t pip`...
'pytest-mock">=3.14"' (using pip to download) has been added into the waiting list. If you have multiple elements to add to the waitinglist, you can use && to connect multiple `waitinglist add` statements and surround them with ```bash and ```. Please make sure to write the complete statements; we will only recognize complete statements. Do not use ellipses or other incomplete forms.Running `download`...
'pytest">=8.3.3"' has been removed from the waiting list.
"pytest">=8.3.3"" installed successfully.
'pytest-cov">=5"' has been removed from the waiting list.
"pytest-cov">=5"" installed successfully.
'pytest-mock">=3.14"' has been removed from the waiting list.
"pytest-mock">=3.14"" installed successfully.
In this round, the following third-party libraries were successfully downloaded. They are:
pytest">=8.3.3" (using tool pip)
pytest-cov">=5" (using tool pip)
pytest-mock">=3.14" (using tool pip)
No third-party libraries failed to download in this round.
[Current directory]:
/
You are currently in a [python:3.10] container.

ENVIRONMENT REMINDER: You have 196 turns left to complete the task.
The container has successfully executed the following commands in order. Please refer to the execution history, reflect, and decide the subsequent actions. Remember, your ultimate goal is to pass the tests by executing `runtest` or `poetryruntest`.
python /home/tools/pip_download.py -p pytest -v "">=8.3.3""
python /home/tools/pip_download.py -p pytest-cov -v "">=5""
python /home/tools/pip_download.py -p pytest-mock -v "">=3.14""
---------------------------
### Thought:
Now that the necessary testing dependencies (`pytest`, `pytest-cov`, `pytest-mock`) have been installed, I will run `poetryruntest` to check if the tests can be executed successfully.

### Action:
```bash
cd /repo && poetryruntest
```
### Observation:
Running `cd /repo`...
`cd /repo` executes with returncode: 0
Running `python /home/tools/poetryruntest.py`...
Pytest is not installed in your environment. Please install the latest version of pytest using `pip install pytest`.
The command execution failed, so I have reverted it back to the previous state, which is the environment before running this command.
`poetryruntest` executes with returncode: 100

[Current directory]:
/
You are currently in a [python:3.10] container.

ENVIRONMENT REMINDER: You have 195 turns left to complete the task.
The container has successfully executed the following commands in order. Please refer to the execution history, reflect, and decide the subsequent actions. Remember, your ultimate goal is to pass the tests by executing `runtest` or `poetryruntest`.
python /home/tools/pip_download.py -p pytest -v "">=8.3.3""
python /home/tools/pip_download.py -p pytest-cov -v "">=5""
python /home/tools/pip_download.py -p pytest-mock -v "">=3.14""
---------------------------
### Thought:
Although I have successfully installed `pytest`, `pytest-cov`, and `pytest-mock`, the error indicates that `pytest` is still not recognized. It is possible that `poetry` needs to install and activate the set of dependencies specified in `pyproject.toml`.

Considering this, I will install the dependencies using `poetry` and then attempt to run the tests again.

### Action:
```bash
cd /repo && poetry install
```
### Observation:
Running `cd /repo`...
`cd /repo` executes with returncode: 0
Running `poetry install`...
[31;1m[tool.poetry] section not found in /repo/pyproject.toml[39;22m
The command execution failed, so I have reverted it back to the previous state, which is the environment before running this command.
`poetry install` executes with returncode: 1

[Current directory]:
/
You are currently in a [python:3.10] container.

ENVIRONMENT REMINDER: You have 194 turns left to complete the task.
The container has successfully executed the following commands in order. Please refer to the execution history, reflect, and decide the subsequent actions. Remember, your ultimate goal is to pass the tests by executing `runtest` or `poetryruntest`.
python /home/tools/pip_download.py -p pytest -v "">=8.3.3""
python /home/tools/pip_download.py -p pytest-cov -v "">=5""
python /home/tools/pip_download.py -p pytest-mock -v "">=3.14""
---------------------------
### Thought:
The `pyproject.toml` does not include a `[tool.poetry]` section, which `poetry install` relies on. Since the project configuration is managed through Hatchling, I need to use `pip` to install the remaining dependencies specified in the `pyproject.toml`.

### Action:
```bash
waitinglist add -p "hatch-vcs>=0.4" -t pip && waitinglist add -p "hatchling>=1.25" -t pip && waitinglist add -p "packaging>=24.1" -t pip && waitinglist add -p "tox>=4.21.2,<5" -t pip && waitinglist add -p "typing-extensions>=4.12.2" -v "<3.10" -t pip && waitinglist add -p "uv>=0.4.18,<1" -t pip && download
```
### Observation:
Running `waitinglist add -p "hatch-vcs>=0.4" -t pip`...
'"hatch-vcs>=0.4"' (using pip to download) has been added into the waiting list. If you have multiple elements to add to the waitinglist, you can use && to connect multiple `waitinglist add` statements and surround them with ```bash and ```. Please make sure to write the complete statements; we will only recognize complete statements. Do not use ellipses or other incomplete forms.Running `waitinglist add -p "hatchling>=1.25" -t pip`...
'"hatchling>=1.25"' (using pip to download) has been added into the waiting list. If you have multiple elements to add to the waitinglist, you can use && to connect multiple `waitinglist add` statements and surround them with ```bash and ```. Please make sure to write the complete statements; we will only recognize complete statements. Do not use ellipses or other incomplete forms.Running `waitinglist add -p "packaging>=24.1" -t pip`...
'"packaging>=24.1"' (using pip to download) has been added into the waiting list. If you have multiple elements to add to the waitinglist, you can use && to connect multiple `waitinglist add` statements and surround them with ```bash and ```. Please make sure to write the complete statements; we will only recognize complete statements. Do not use ellipses or other incomplete forms.Running `waitinglist add -p "tox>=4.21.2,<5" -t pip`...
'"tox>=4.21.2,<5"' (using pip to download) has been added into the waiting list. If you have multiple elements to add to the waitinglist, you can use && to connect multiple `waitinglist add` statements and surround them with ```bash and ```. Please make sure to write the complete statements; we will only recognize complete statements. Do not use ellipses or other incomplete forms.Running `waitinglist add -p "typing-extensions>=4.12.2" -v "<3.10" -t pip`...
'"typing-extensions>=4.12.2""<3.10"' (using pip to download) has been added into the waiting list. If you have multiple elements to add to the waitinglist, you can use && to connect multiple `waitinglist add` statements and surround them with ```bash and ```. Please make sure to write the complete statements; we will only recognize complete statements. Do not use ellipses or other incomplete forms.Running `waitinglist add -p "uv>=0.4.18,<1" -t pip`...
'"uv>=0.4.18,<1"' (using pip to download) has been added into the waiting list. If you have multiple elements to add to the waitinglist, you can use && to connect multiple `waitinglist add` statements and surround them with ```bash and ```. Please make sure to write the complete statements; we will only recognize complete statements. Do not use ellipses or other incomplete forms.Running `download`...
'"hatch-vcs>=0.4"' has been removed from the waiting list.
""hatch-vcs>=0.4"" installed successfully.
'"hatchling>=1.25"' has been removed from the waiting list.
""hatchling>=1.25"" installed successfully.
'"packaging>=24.1"' has been removed from the waiting list.
""packaging>=24.1"" installed successfully.
'"tox>=4.21.2,<5"' has been removed from the waiting list.
""tox>=4.21.2,<5"" installed successfully.
'"typing-extensions>=4.12.2""<3.10"' has been removed from the waiting list.
'"typing-extensions>=4.12.2""<3.10"' (using pip to download) has been added into the waiting list. 
""typing-extensions>=4.12.2""<3.10"" installed failed due to non-timeout errors
'"uv>=0.4.18,<1"' has been removed from the waiting list.
""uv>=0.4.18,<1"" installed successfully.
'"typing-extensions>=4.12.2""<3.10"' has been removed from the waiting list.
'"typing-extensions>=4.12.2""<3.10"' (using pip to download) has been added into the waiting list. If you have multiple elements to add to the waitinglist, you can use && to connect multiple `waitinglist add` statements and surround them with ```bash and ```. Please make sure to write the complete statements; we will only recognize complete statements. Do not use ellipses or other incomplete forms.
""typing-extensions>=4.12.2""<3.10"" installed failed due to non-timeout errors
'"typing-extensions>=4.12.2""<3.10"' has been removed from the waiting list.
The third-party library ""typing-extensions>=4.12.2""<3.10"" (using tool pip) has been added to the failed list due to three download non-timeout errors.
In this round, the following third-party libraries were successfully downloaded. They are:
"hatch-vcs>=0.4" (using tool pip)
"hatchling>=1.25" (using tool pip)
"packaging>=24.1" (using tool pip)
"tox>=4.21.2,<5" (using tool pip)
"uv>=0.4.18,<1" (using tool pip)
In this round, the following third-party libraries failed to download. They are:
----------------------------------------------------------------------------------------------------
"typing-extensions>=4.12.2""<3.10" (using tool pip)
Failed message:
 bash: 3.10: No such file or directory
----------------------------------------------------------------------------------------------------
[Current directory]:
/
You are currently in a [python:3.10] container.

ENVIRONMENT REMINDER: You have 193 turns left to complete the task.
The container has successfully executed the following commands in order. Please refer to the execution history, reflect, and decide the subsequent actions. Remember, your ultimate goal is to pass the tests by executing `runtest` or `poetryruntest`.
python /home/tools/pip_download.py -p pytest -v "">=8.3.3""
python /home/tools/pip_download.py -p pytest-cov -v "">=5""
python /home/tools/pip_download.py -p pytest-mock -v "">=3.14""
python /home/tools/pip_download.py -p "hatch-vcs>=0.4"
python /home/tools/pip_download.py -p "hatchling>=1.25"
python /home/tools/pip_download.py -p "packaging>=24.1"
python /home/tools/pip_download.py -p "tox>=4.21.2,<5"
python /home/tools/pip_download.py -p "uv>=0.4.18,<1"
---------------------------
### Thought:
The installation of the dependency `typing-extensions>=4.12.2` with the constraint "<3.10" consistently failed. The error message shows Bash interpreted `3.10` incorrectly as a command instead of a version constraint.
Instead of combining version constraints, I will list the correct version explicitly.

### Action:
```bash
waitinglist add -p "typing-extensions" -v "4.12.2" -t pip && download
```
### Observation:
Running `waitinglist add -p "typing-extensions" -v "4.12.2" -t pip`...
'"typing-extensions""4.12.2"' (using pip to download) has been added into the waiting list. If you have multiple elements to add to the waitinglist, you can use && to connect multiple `waitinglist add` statements and surround them with ```bash and ```. Please make sure to write the complete statements; we will only recognize complete statements. Do not use ellipses or other incomplete forms.Running `download`...
'"typing-extensions""4.12.2"' has been removed from the waiting list.
'"typing-extensions""4.12.2"' (using pip to download) has been added into the waiting list. 
""typing-extensions""4.12.2"" installed failed due to non-timeout errors
'"typing-extensions""4.12.2"' has been removed from the waiting list.
'"typing-extensions""4.12.2"' (using pip to download) has been added into the waiting list. If you have multiple elements to add to the waitinglist, you can use && to connect multiple `waitinglist add` statements and surround them with ```bash and ```. Please make sure to write the complete statements; we will only recognize complete statements. Do not use ellipses or other incomplete forms.
""typing-extensions""4.12.2"" installed failed due to non-timeout errors
'"typing-extensions""4.12.2"' has been removed from the waiting list.
The third-party library ""typing-extensions""4.12.2"" (using tool pip) has been added to the failed list due to three download non-timeout errors.
No third-party libraries were successfully downloaded in this round.
In this round, the following third-party libraries failed to download. They are:
----------------------------------------------------------------------------------------------------
"typing-extensions""4.12.2" (using tool pip)
Failed message:
 An error occurred while running pip:
ERROR: Could not find a version that satisfies the requirement typing-extensions4.12.2 (from versions: none)
ERROR: No matching distribution found for typing-extensions4.12.2
----------------------------------------------------------------------------------------------------
[Current directory]:
/
You are currently in a [python:3.10] container.

ENVIRONMENT REMINDER: You have 192 turns left to complete the task.
The container has successfully executed the following commands in order. Please refer to the execution history, reflect, and decide the subsequent actions. Remember, your ultimate goal is to pass the tests by executing `runtest` or `poetryruntest`.
python /home/tools/pip_download.py -p pytest -v "">=8.3.3""
python /home/tools/pip_download.py -p pytest-cov -v "">=5""
python /home/tools/pip_download.py -p pytest-mock -v "">=3.14""
python /home/tools/pip_download.py -p "hatch-vcs>=0.4"
python /home/tools/pip_download.py -p "hatchling>=1.25"
python /home/tools/pip_download.py -p "packaging>=24.1"
python /home/tools/pip_download.py -p "tox>=4.21.2,<5"
python /home/tools/pip_download.py -p "uv>=0.4.18,<1"
---------------------------
### Thought:
The error message indicates a problem with the version listed for `typing-extensions`. It seems that the correct dependency setup can be inferred from the others already downloaded successfully. Since it is optional and only conditional based on `<3.10`, let's skip this package for now and see if the system can work without it.
Now I will run `runtest` to see if the current environment configuration suffices to execute the tests successfully.

### Action:
```bash
cd /repo && runtest
```
### Observation:
Running `cd /repo`...
`cd /repo` executes with returncode: 0
Running `python /home/tools/runtest.py`...
Pytest is not installed in your environment. Please install the latest version of pytest using `pip install pytest`.
The command execution failed, so I have reverted it back to the previous state, which is the environment before running this command.
`runtest` executes with returncode: 100

[Current directory]:
/
You are currently in a [python:3.10] container.

ENVIRONMENT REMINDER: You have 191 turns left to complete the task.
The container has successfully executed the following commands in order. Please refer to the execution history, reflect, and decide the subsequent actions. Remember, your ultimate goal is to pass the tests by executing `runtest` or `poetryruntest`.
python /home/tools/pip_download.py -p pytest -v "">=8.3.3""
python /home/tools/pip_download.py -p pytest-cov -v "">=5""
python /home/tools/pip_download.py -p pytest-mock -v "">=3.14""
python /home/tools/pip_download.py -p "hatch-vcs>=0.4"
python /home/tools/pip_download.py -p "hatchling>=1.25"
python /home/tools/pip_download.py -p "packaging>=24.1"
python /home/tools/pip_download.py -p "tox>=4.21.2,<5"
python /home/tools/pip_download.py -p "uv>=0.4.18,<1"
---------------------------
### Thought:
Since running the `runtest` still indicates that pytest is not installed, it is possible that the dependency installation using pip may not be accessible in the current environment. Instead of relying on `runtest` and `poetryruntest`, I will try `runpipreqs` to generate a comprehensive list of dependencies and see if we are missing any other important dependencies required by the project.

### Action:
```bash
cd /repo && runpipreqs
```
### Observation:
Running `cd /repo`...
`cd /repo` executes with returncode: 0
Running `python /home/tools/runpipreqs.py`...
The runpipreqs command executed successfully and has successfully generated "requirements_pipreqs.txt", "pipreqs_output.txt", and "pipreqs_error.txt" in /repo.
`runpipreqs` executes with returncode: 0

[Current directory]:
/repo
You are currently in a [python:3.10] container.

ENVIRONMENT REMINDER: You have 190 turns left to complete the task.
The container has successfully executed the following commands in order. Please refer to the execution history, reflect, and decide the subsequent actions. Remember, your ultimate goal is to pass the tests by executing `runtest` or `poetryruntest`.
python /home/tools/pip_download.py -p pytest -v "">=8.3.3""
python /home/tools/pip_download.py -p pytest-cov -v "">=5""
python /home/tools/pip_download.py -p pytest-mock -v "">=3.14""
python /home/tools/pip_download.py -p "hatch-vcs>=0.4"
python /home/tools/pip_download.py -p "hatchling>=1.25"
python /home/tools/pip_download.py -p "packaging>=24.1"
python /home/tools/pip_download.py -p "tox>=4.21.2,<5"
python /home/tools/pip_download.py -p "uv>=0.4.18,<1"
---------------------------
### Thought:
`runpipreqs` has successfully generated the `requirements_pipreqs.txt`, `pipreqs_output.txt`, and `pipreqs_error.txt` files. I need to inspect the `requirements_pipreqs.txt` file to understand what additional dependencies are required.

### Action:
```bash
cat /repo/requirements_pipreqs.txt
```
### Observation:
Running `cat /repo/requirements_pipreqs.txt`...
chartio==6.0.1
packaging==24.2
pytest==7.1.2
tox==4.23.2
typing_extensions==4.12.2
uv==0.5.9
virtualenv==20.28.0
`cat /repo/requirements_pipreqs.txt` executes with returncode: 0

[Current directory]:
/repo
You are currently in a [python:3.10] container.

ENVIRONMENT REMINDER: You have 189 turns left to complete the task.
The container has successfully executed the following commands in order. Please refer to the execution history, reflect, and decide the subsequent actions. Remember, your ultimate goal is to pass the tests by executing `runtest` or `poetryruntest`.
python /home/tools/pip_download.py -p pytest -v "">=8.3.3""
python /home/tools/pip_download.py -p pytest-cov -v "">=5""
python /home/tools/pip_download.py -p pytest-mock -v "">=3.14""
python /home/tools/pip_download.py -p "hatch-vcs>=0.4"
python /home/tools/pip_download.py -p "hatchling>=1.25"
python /home/tools/pip_download.py -p "packaging>=24.1"
python /home/tools/pip_download.py -p "tox>=4.21.2,<5"
python /home/tools/pip_download.py -p "uv>=0.4.18,<1"
---------------------------
### Thought:
The `requirements_pipreqs.txt` file lists additional dependencies, including the `typing_extensions` package. These are different from the versions explicitly required in `pyproject.toml`, highlighting potential discrepancies between the files.

I will add these extra libraries generated by pipreqs from `requirements_pipreqs.txt` to the waiting list to ensure everything necessary is downloaded and installed.

### Action:
```bash
waitinglist addfile /repo/requirements_pipreqs.txt
```
### Observation:
Running `waitinglist addfile /repo/requirements_pipreqs.txt`...
'chartio==6.0.1' (using pip to download) has been added into the waiting list. 
'packaging==24.2' (using pip to download) has been added into the waiting list. 
'pytest==7.1.2' (using pip to download) has been added into the waiting list. 
'tox==4.23.2' (using pip to download) has been added into the waiting list. 
'typing_extensions==4.12.2' (using pip to download) has been added into the waiting list. 
'uv==0.5.9' (using pip to download) has been added into the waiting list. 
'virtualenv==20.28.0' (using pip to download) has been added into the waiting list. If you have multiple elements to add to the waitinglist, you can use && to connect multiple `waitinglist add` statements and surround them with ```bash and ```. Please make sure to write the complete statements; we will only recognize complete statements. Do not use ellipses or other incomplete forms.
The following entries in "/repo/requirements_pipreqs.txt" have been successfully added to the waiting list:
chartio==6.0.1
packaging==24.2
pytest==7.1.2
tox==4.23.2
typing_extensions==4.12.2
uv==0.5.9
virtualenv==20.28.0
There are no correctly formatted entries in "/repo/requirements_pipreqs.txt" that have been placed in the conflict list.
[Current directory]:
/repo
You are currently in a [python:3.10] container.

ENVIRONMENT REMINDER: You have 188 turns left to complete the task.
The container has successfully executed the following commands in order. Please refer to the execution history, reflect, and decide the subsequent actions. Remember, your ultimate goal is to pass the tests by executing `runtest` or `poetryruntest`.
python /home/tools/pip_download.py -p pytest -v "">=8.3.3""
python /home/tools/pip_download.py -p pytest-cov -v "">=5""
python /home/tools/pip_download.py -p pytest-mock -v "">=3.14""
python /home/tools/pip_download.py -p "hatch-vcs>=0.4"
python /home/tools/pip_download.py -p "hatchling>=1.25"
python /home/tools/pip_download.py -p "packaging>=24.1"
python /home/tools/pip_download.py -p "tox>=4.21.2,<5"
python /home/tools/pip_download.py -p "uv>=0.4.18,<1"
---------------------------
### Thought:
The libraries from `requirements_pipreqs.txt` have been successfully added to the waiting list. I will now proceed with downloading these libraries.

### Action:
```bash
download
```
### Observation:
Running `download`...
'chartio==6.0.1' has been removed from the waiting list.
'chartio==6.0.1' (using pip to download) has been added into the waiting list. 
"chartio==6.0.1" installed failed due to non-timeout errors
'packaging==24.2' has been removed from the waiting list.
"packaging==24.2" installed successfully.
'pytest==7.1.2' has been removed from the waiting list.
"pytest==7.1.2" installed successfully.
'tox==4.23.2' has been removed from the waiting list.
"tox==4.23.2" installed successfully.
'typing_extensions==4.12.2' has been removed from the waiting list.
"typing_extensions==4.12.2" installed successfully.
'uv==0.5.9' has been removed from the waiting list.
"uv==0.5.9" installed successfully.
'virtualenv==20.28.0' has been removed from the waiting list.
"virtualenv==20.28.0" installed successfully.
'chartio==6.0.1' has been removed from the waiting list.
'chartio==6.0.1' (using pip to download) has been added into the waiting list. If you have multiple elements to add to the waitinglist, you can use && to connect multiple `waitinglist add` statements and surround them with ```bash and ```. Please make sure to write the complete statements; we will only recognize complete statements. Do not use ellipses or other incomplete forms.
"chartio==6.0.1" installed failed due to non-timeout errors
'chartio==6.0.1' has been removed from the waiting list.
The third-party library "chartio==6.0.1" (using tool pip) has been added to the failed list due to three download non-timeout errors.
In this round, the following third-party libraries were successfully downloaded. They are:
packaging==24.2 (using tool pip)
pytest==7.1.2 (using tool pip)
tox==4.23.2 (using tool pip)
typing_extensions==4.12.2 (using tool pip)
uv==0.5.9 (using tool pip)
virtualenv==20.28.0 (using tool pip)
In this round, the following third-party libraries failed to download. They are:
----------------------------------------------------------------------------------------------------
chartio==6.0.1 (using tool pip)
Failed message:
 creating build
creating build/lib
copying version.py -> build/lib
running build_scripts
creating build/scripts-3.10
error: [Errno 2] No such file or directory: 'chartio_setup'
[end of output]
note: This error originates from a subprocess, and is likely not a problem with pip.
ERROR: Failed building wheel for chartio
ERROR: ERROR: Failed to build installable wheels for some pyproject.toml based projects (chartio)
----------------------------------------------------------------------------------------------------
[Current directory]:
/
You are currently in a [python:3.10] container.

ENVIRONMENT REMINDER: You have 187 turns left to complete the task.
The container has successfully executed the following commands in order. Please refer to the execution history, reflect, and decide the subsequent actions. Remember, your ultimate goal is to pass the tests by executing `runtest` or `poetryruntest`.
python /home/tools/pip_download.py -p pytest -v "">=8.3.3""
python /home/tools/pip_download.py -p pytest-cov -v "">=5""
python /home/tools/pip_download.py -p pytest-mock -v "">=3.14""
python /home/tools/pip_download.py -p "hatch-vcs>=0.4"
python /home/tools/pip_download.py -p "hatchling>=1.25"
python /home/tools/pip_download.py -p "packaging>=24.1"
python /home/tools/pip_download.py -p "tox>=4.21.2,<5"
python /home/tools/pip_download.py -p "uv>=0.4.18,<1"
python /home/tools/pip_download.py -p packaging -v "==24.2"
python /home/tools/pip_download.py -p pytest -v "==7.1.2"
python /home/tools/pip_download.py -p tox -v "==4.23.2"
python /home/tools/pip_download.py -p typing_extensions -v "==4.12.2"
python /home/tools/pip_download.py -p uv -v "==0.5.9"
python /home/tools/pip_download.py -p virtualenv -v "==20.28.0"
---------------------------
### Thought:
The majority of the dependencies have been successfully installed, except for one: `chartio==6.0.1`, which encountered a build issue. Since this is not a critical dependency for running basic tests, I will proceed to check if the environment can now execute the tests without this package.

### Action:
```bash
cd /repo && runtest
```
### Observation:
Running `cd /repo`...
`cd /repo` executes with returncode: 0
Running `python /home/tools/runtest.py`...
Pytest is not installed in your environment. Please install the latest version of pytest using `pip install pytest`.
The command execution failed, so I have reverted it back to the previous state, which is the environment before running this command.
`runtest` executes with returncode: 100

[Current directory]:
/
You are currently in a [python:3.10] container.

ENVIRONMENT REMINDER: You have 186 turns left to complete the task.
The container has successfully executed the following commands in order. Please refer to the execution history, reflect, and decide the subsequent actions. Remember, your ultimate goal is to pass the tests by executing `runtest` or `poetryruntest`.
python /home/tools/pip_download.py -p pytest -v "">=8.3.3""
python /home/tools/pip_download.py -p pytest-cov -v "">=5""
python /home/tools/pip_download.py -p pytest-mock -v "">=3.14""
python /home/tools/pip_download.py -p "hatch-vcs>=0.4"
python /home/tools/pip_download.py -p "hatchling>=1.25"
python /home/tools/pip_download.py -p "packaging>=24.1"
python /home/tools/pip_download.py -p "tox>=4.21.2,<5"
python /home/tools/pip_download.py -p "uv>=0.4.18,<1"
python /home/tools/pip_download.py -p packaging -v "==24.2"
python /home/tools/pip_download.py -p pytest -v "==7.1.2"
python /home/tools/pip_download.py -p tox -v "==4.23.2"
python /home/tools/pip_download.py -p typing_extensions -v "==4.12.2"
python /home/tools/pip_download.py -p uv -v "==0.5.9"
python /home/tools/pip_download.py -p virtualenv -v "==20.28.0"
---------------------------
### Thought:
Despite installing the dependencies, the system still reports that pytest is not installed. This discrepancy could be due to a misconfiguration, or pytest might not be recognized in the current execution environment. I will further explore by running `pip list` to see all installed packages and verify if pytest is listed.

### Action:
```bash
pip list
```
### Observation:
Running `pip list`...
Package           Version
----------------- -------------
attrs             24.3.0
cachetools        5.5.0
chardet           5.2.0
colorama          0.4.6
coverage          7.6.9
distlib           0.3.9
exceptiongroup    1.2.2
execnet           2.1.1
filelock          3.16.1
hatch-vcs         0.4.0
hatchling         1.27.0
iniconfig         2.0.0
packaging         24.2
pathspec          0.12.1
pip               24.3.1
pipdeptree        2.24.0
platformdirs      4.3.6
pluggy            1.5.0
py                1.11.0
pyproject-api     1.8.0
pytest            7.1.2
pytest-cov        6.0.0
pytest-mock       3.14.0
pytest-xdist      3.6.1
setuptools        65.5.1
setuptools-scm    8.1.0
tomli             2.2.1
tox               4.23.2
trove-classifiers 2024.10.21.16
typing_extensions 4.12.2
uv                0.5.9
virtualenv        20.28.0
wheel             0.45.1
`pip list` executes with returncode: 0

[Current directory]:
/
You are currently in a [python:3.10] container.

ENVIRONMENT REMINDER: You have 185 turns left to complete the task.
The container has successfully executed the following commands in order. Please refer to the execution history, reflect, and decide the subsequent actions. Remember, your ultimate goal is to pass the tests by executing `runtest` or `poetryruntest`.
python /home/tools/pip_download.py -p pytest -v "">=8.3.3""
python /home/tools/pip_download.py -p pytest-cov -v "">=5""
python /home/tools/pip_download.py -p pytest-mock -v "">=3.14""
python /home/tools/pip_download.py -p "hatch-vcs>=0.4"
python /home/tools/pip_download.py -p "hatchling>=1.25"
python /home/tools/pip_download.py -p "packaging>=24.1"
python /home/tools/pip_download.py -p "tox>=4.21.2,<5"
python /home/tools/pip_download.py -p "uv>=0.4.18,<1"
python /home/tools/pip_download.py -p packaging -v "==24.2"
python /home/tools/pip_download.py -p pytest -v "==7.1.2"
python /home/tools/pip_download.py -p tox -v "==4.23.2"
python /home/tools/pip_download.py -p typing_extensions -v "==4.12.2"
python /home/tools/pip_download.py -p uv -v "==0.5.9"
python /home/tools/pip_download.py -p virtualenv -v "==20.28.0"
pip list
---------------------------
### Thought:
`pip list` confirms that `pytest`, `pytest-cov`, and `pytest-mock` are installed, among other dependencies. Despite this, the environment does not recognize `pytest` during the `runtest` execution. Additionally, the list shows `pytest-xdist`, which means the `tox` framework is already adapted for distributed testing.

Given the peculiar issue, I need to invoke pytest directly to check if it can run tests properly.

### Action:
```bash
pytest
```
### Observation:
Please do not use `pytest` directly, but use `runtest` or `poetryruntest`(When you configured in poetry environment) instead. If there are something wrong when running `runtest` or `poetryruntest`, please solve it and run it again!
`pytest` executes with returncode: 1

[Current directory]:
/
You are currently in a [python:3.10] container.

ENVIRONMENT REMINDER: You have 184 turns left to complete the task.
The container has successfully executed the following commands in order. Please refer to the execution history, reflect, and decide the subsequent actions. Remember, your ultimate goal is to pass the tests by executing `runtest` or `poetryruntest`.
python /home/tools/pip_download.py -p pytest -v "">=8.3.3""
python /home/tools/pip_download.py -p pytest-cov -v "">=5""
python /home/tools/pip_download.py -p pytest-mock -v "">=3.14""
python /home/tools/pip_download.py -p "hatch-vcs>=0.4"
python /home/tools/pip_download.py -p "hatchling>=1.25"
python /home/tools/pip_download.py -p "packaging>=24.1"
python /home/tools/pip_download.py -p "tox>=4.21.2,<5"
python /home/tools/pip_download.py -p "uv>=0.4.18,<1"
python /home/tools/pip_download.py -p packaging -v "==24.2"
python /home/tools/pip_download.py -p pytest -v "==7.1.2"
python /home/tools/pip_download.py -p tox -v "==4.23.2"
python /home/tools/pip_download.py -p typing_extensions -v "==4.12.2"
python /home/tools/pip_download.py -p uv -v "==0.5.9"
python /home/tools/pip_download.py -p virtualenv -v "==20.28.0"
pip list
---------------------------
### Thought:
It is clear that `pytest` commands should be executed using `runtest` or `poetryruntest`. I will now inspect the content of the `tox.ini` to ensure nothing essential is missed regarding environment configuration and test execution.

### Action:
```bash
cat /repo/tox.ini
```
### Observation:
Running `cat /repo/tox.ini`...
[tox]
requires =
    tox>=4.2
    tox-uv>=1.11.3
env_list =
    fix
    3.13
    3.12
    3.11
    3.10
    3.9
    type
    pkg_meta
skip_missing_interpreters = true
[testenv]
description = run the unit tests with pytest under {base_python}
package = wheel
wheel_build_env = .pkg
pass_env =
    DIFF_AGAINST
    PYTEST_*
set_env =
    COVERAGE_FILE = {work_dir}/.coverage.{env_name}
commands =
    python -m pytest {tty:--color=yes} {posargs: \
      --cov {env_site_packages_dir}{/}tox_uv --cov {tox_root}{/}tests \
      --cov-config=pyproject.toml --no-cov-on-fail --cov-report term-missing:skip-covered --cov-context=test \
      --cov-report html:{env_tmp_dir}{/}htmlcov --cov-report xml:{work_dir}{/}coverage.{env_name}.xml \
      --junitxml {work_dir}{/}junit.{env_name}.xml \
      tests}
    diff-cover --compare-branch {env:DIFF_AGAINST:origin/main} {work_dir}{/}coverage.{env_name}.xml --fail-under 100
dependency_groups = test
[testenv:fix]
description = format the code base to adhere to our styles, and complain about what we cannot do automatically
skip_install = true
deps =
    pre-commit-uv>=4.1.3
commands =
    pre-commit run --all-files --show-diff-on-failure
[testenv:type]
description = run type check on code base
commands =
    mypy src
    mypy tests
dependency_groups = type
[testenv:pkg_meta]
description = check that the long description is valid
skip_install = true
commands =
    uv build --sdist --wheel --out-dir {env_tmp_dir} .
    twine check {env_tmp_dir}{/}*
    check-wheel-contents --no-config {env_tmp_dir}
dependency_groups = pkg-meta
[testenv:dev]
description = generate a DEV environment
package = editable
commands =
    uv pip tree
    python -c 'import sys; print(sys.executable)'
dependency_groups = dev
`cat /repo/tox.ini` executes with returncode: 0

[Current directory]:
/
You are currently in a [python:3.10] container.

ENVIRONMENT REMINDER: You have 183 turns left to complete the task.
The container has successfully executed the following commands in order. Please refer to the execution history, reflect, and decide the subsequent actions. Remember, your ultimate goal is to pass the tests by executing `runtest` or `poetryruntest`.
python /home/tools/pip_download.py -p pytest -v "">=8.3.3""
python /home/tools/pip_download.py -p pytest-cov -v "">=5""
python /home/tools/pip_download.py -p pytest-mock -v "">=3.14""
python /home/tools/pip_download.py -p "hatch-vcs>=0.4"
python /home/tools/pip_download.py -p "hatchling>=1.25"
python /home/tools/pip_download.py -p "packaging>=24.1"
python /home/tools/pip_download.py -p "tox>=4.21.2,<5"
python /home/tools/pip_download.py -p "uv>=0.4.18,<1"
python /home/tools/pip_download.py -p packaging -v "==24.2"
python /home/tools/pip_download.py -p pytest -v "==7.1.2"
python /home/tools/pip_download.py -p tox -v "==4.23.2"
python /home/tools/pip_download.py -p typing_extensions -v "==4.12.2"
python /home/tools/pip_download.py -p uv -v "==0.5.9"
python /home/tools/pip_download.py -p virtualenv -v "==20.28.0"
pip list
---------------------------
### Thought:
The `tox.ini` file outlines various test environments and dependencies required for these tests, such as `tox`, `tox-uv`, `diff-cover`, `pre-commit-uv`, and `twine`.

Since the error persists stating that `pytest` is not installed, I might need to install `tox-uv>=1.11.3` which is also required.

### Action:
```bash
waitinglist add -p tox-uv -v ">=1.11.3" -t pip && download
```
### Observation:
Running `waitinglist add -p tox-uv -v ">=1.11.3" -t pip`...
'tox-uv">=1.11.3"' (using pip to download) has been added into the waiting list. If you have multiple elements to add to the waitinglist, you can use && to connect multiple `waitinglist add` statements and surround them with ```bash and ```. Please make sure to write the complete statements; we will only recognize complete statements. Do not use ellipses or other incomplete forms.Running `download`...
'tox-uv">=1.11.3"' has been removed from the waiting list.
"tox-uv">=1.11.3"" installed successfully.
In this round, the following third-party libraries were successfully downloaded. They are:
tox-uv">=1.11.3" (using tool pip)
No third-party libraries failed to download in this round.
[Current directory]:
/
You are currently in a [python:3.10] container.

ENVIRONMENT REMINDER: You have 182 turns left to complete the task.
The container has successfully executed the following commands in order. Please refer to the execution history, reflect, and decide the subsequent actions. Remember, your ultimate goal is to pass the tests by executing `runtest` or `poetryruntest`.
python /home/tools/pip_download.py -p pytest -v "">=8.3.3""
python /home/tools/pip_download.py -p pytest-cov -v "">=5""
python /home/tools/pip_download.py -p pytest-mock -v "">=3.14""
python /home/tools/pip_download.py -p "hatch-vcs>=0.4"
python /home/tools/pip_download.py -p "hatchling>=1.25"
python /home/tools/pip_download.py -p "packaging>=24.1"
python /home/tools/pip_download.py -p "tox>=4.21.2,<5"
python /home/tools/pip_download.py -p "uv>=0.4.18,<1"
python /home/tools/pip_download.py -p packaging -v "==24.2"
python /home/tools/pip_download.py -p pytest -v "==7.1.2"
python /home/tools/pip_download.py -p tox -v "==4.23.2"
python /home/tools/pip_download.py -p typing_extensions -v "==4.12.2"
python /home/tools/pip_download.py -p uv -v "==0.5.9"
python /home/tools/pip_download.py -p virtualenv -v "==20.28.0"
pip list
python /home/tools/pip_download.py -p tox-uv -v "">=1.11.3""
---------------------------
### Thought:
The `tox-uv` package has been successfully installed. Given that I've installed the required dependencies described in `tox.ini`, I will attempt to run `runtest` again to see if the environment is appropriately set up.

### Action:
```bash
cd /repo && runtest
```
### Observation:
Running `cd /repo`...
`cd /repo` executes with returncode: 0
Running `python /home/tools/runtest.py`...
Pytest is not installed in your environment. Please install the latest version of pytest using `pip install pytest`.
The command execution failed, so I have reverted it back to the previous state, which is the environment before running this command.
`runtest` executes with returncode: 100

[Current directory]:
/
You are currently in a [python:3.10] container.

ENVIRONMENT REMINDER: You have 181 turns left to complete the task.
The container has successfully executed the following commands in order. Please refer to the execution history, reflect, and decide the subsequent actions. Remember, your ultimate goal is to pass the tests by executing `runtest` or `poetryruntest`.
python /home/tools/pip_download.py -p pytest -v "">=8.3.3""
python /home/tools/pip_download.py -p pytest-cov -v "">=5""
python /home/tools/pip_download.py -p pytest-mock -v "">=3.14""
python /home/tools/pip_download.py -p "hatch-vcs>=0.4"
python /home/tools/pip_download.py -p "hatchling>=1.25"
python /home/tools/pip_download.py -p "packaging>=24.1"
python /home/tools/pip_download.py -p "tox>=4.21.2,<5"
python /home/tools/pip_download.py -p "uv>=0.4.18,<1"
python /home/tools/pip_download.py -p packaging -v "==24.2"
python /home/tools/pip_download.py -p pytest -v "==7.1.2"
python /home/tools/pip_download.py -p tox -v "==4.23.2"
python /home/tools/pip_download.py -p typing_extensions -v "==4.12.2"
python /home/tools/pip_download.py -p uv -v "==0.5.9"
python /home/tools/pip_download.py -p virtualenv -v "==20.28.0"
pip list
python /home/tools/pip_download.py -p tox-uv -v "">=1.11.3""
---------------------------
### Thought:
Despite the installations, the `runtest` command does not recognize `pytest`. As observed, all required dependencies are installed, but the environment might not be properly recognizing them.

Given that running manually via `pytest` is not acceptable, I will explicitly set the correct Python path environment variable and try to run `runtest` again, making sure to include the `/root/.local/bin` directory where local pip installs are often placed.

### Action:
```bash
export PATH=$PATH:/root/.local/bin && runtest
```
### Observation:
Running `export PATH=$PATH:/root/.local/bin`...
`export PATH=$PATH:/root/.local/bin` executes with returncode: 0
Running `python /home/tools/runtest.py`...
Error: Please modify the configuration according to the error messages below. Once all issues are resolved, rerun the tests.
/usr/local/lib/python3.10/site-packages/_pytest/config/__init__.py:324: PluggyTeardownRaisedWarning: A plugin raised an exception during an old-style hookwrapper teardown.
Plugin: helpconfig, Hook: pytest_cmdline_parse
ImportError: Error importing plugin "tox.pytest": No module named 'devpi_process'
For more information see https://pluggy.readthedocs.io/en/stable/api_reference.html#pluggy.PluggyTeardownRaisedWarning
  config = pluginmanager.hook.pytest_cmdline_parse(
Traceback (most recent call last):
  File "/usr/local/lib/python3.10/site-packages/_pytest/config/__init__.py", line 746, in import_plugin
    __import__(importspec)
  File "/usr/local/lib/python3.10/site-packages/_pytest/assertion/rewrite.py", line 168, in exec_module
    exec(co, module.__dict__)
  File "/usr/local/lib/python3.10/site-packages/tox/pytest.py", line 20, in <module>
    from devpi_process import IndexServer
ModuleNotFoundError: No module named 'devpi_process'
The above exception was the direct cause of the following exception:
Traceback (most recent call last):
  File "/usr/local/bin/pytest", line 8, in <module>
    sys.exit(console_main())
  File "/usr/local/lib/python3.10/site-packages/_pytest/config/__init__.py", line 187, in console_main
    code = main()
  File "/usr/local/lib/python3.10/site-packages/_pytest/config/__init__.py", line 145, in main
    config = _prepareconfig(args, plugins)
  File "/usr/local/lib/python3.10/site-packages/_pytest/config/__init__.py", line 324, in _prepareconfig
    config = pluginmanager.hook.pytest_cmdline_parse(
  File "/usr/local/lib/python3.10/site-packages/pluggy/_hooks.py", line 513, in __call__
    return self._hookexec(self.name, self._hookimpls.copy(), kwargs, firstresult)
  File "/usr/local/lib/python3.10/site-packages/pluggy/_manager.py", line 120, in _hookexec
    return self._inner_hookexec(hook_name, methods, kwargs, firstresult)
  File "/usr/local/lib/python3.10/site-packages/pluggy/_callers.py", line 156, in _multicall
    teardown[0].send(outcome)
  File "/usr/local/lib/python3.10/site-packages/_pytest/helpconfig.py", line 102, in pytest_cmdline_parse
    config: Config = outcome.get_result()
  File "/usr/local/lib/python3.10/site-packages/pluggy/_result.py", line 100, in get_result
    raise exc.with_traceback(exc.__traceback__)
  File "/usr/local/lib/python3.10/site-packages/pluggy/_callers.py", line 103, in _multicall
    res = hook_impl.function(*args)
  File "/usr/local/lib/python3.10/site-packages/_pytest/config/__init__.py", line 1016, in pytest_cmdline_parse
    self.parse(args)
  File "/usr/local/lib/python3.10/site-packages/_pytest/config/__init__.py", line 1304, in parse
    self._preparse(args, addopts=addopts)
  File "/usr/local/lib/python3.10/site-packages/_pytest/config/__init__.py", line 1206, in _preparse
    self.hook.pytest_load_initial_conftests(
  File "/usr/local/lib/python3.10/site-packages/pluggy/_hooks.py", line 513, in __call__
    return self._hookexec(self.name, self._hookimpls.copy(), kwargs, firstresult)
  File "/usr/local/lib/python3.10/site-packages/pluggy/_manager.py", line 120, in _hookexec
    return self._inner_hookexec(hook_name, methods, kwargs, firstresult)
  File "/usr/local/lib/python3.10/site-packages/pluggy/_callers.py", line 182, in _multicall
    return outcome.get_result()
  File "/usr/local/lib/python3.10/site-packages/pluggy/_result.py", line 100, in get_result
    raise exc.with_traceback(exc.__traceback__)
  File "/usr/local/lib/python3.10/site-packages/pluggy/_callers.py", line 103, in _multicall
    res = hook_impl.function(*args)
  File "/usr/local/lib/python3.10/site-packages/_pytest/config/__init__.py", line 1083, in pytest_load_initial_conftests
    self.pluginmanager._set_initial_conftests(
  File "/usr/local/lib/python3.10/site-packages/_pytest/config/__init__.py", line 532, in _set_initial_conftests
    self._try_load_conftest(current, namespace.importmode, rootpath)
  File "/usr/local/lib/python3.10/site-packages/_pytest/config/__init__.py", line 551, in _try_load_conftest
    self._getconftestmodules(x, importmode, rootpath)
  File "/usr/local/lib/python3.10/site-packages/_pytest/config/__init__.py", line 575, in _getconftestmodules
    mod = self._importconftest(conftestpath, importmode, rootpath)
  File "/usr/local/lib/python3.10/site-packages/_pytest/config/__init__.py", line 623, in _importconftest
    self.consider_conftest(mod)
  File "/usr/local/lib/python3.10/site-packages/_pytest/config/__init__.py", line 704, in consider_conftest
    self.register(conftestmodule, name=conftestmodule.__file__)
  File "/usr/local/lib/python3.10/site-packages/_pytest/config/__init__.py", line 470, in register
    self.consider_module(plugin)
  File "/usr/local/lib/python3.10/site-packages/_pytest/config/__init__.py", line 712, in consider_module
    self._import_plugin_specs(getattr(mod, "pytest_plugins", []))
  File "/usr/local/lib/python3.10/site-packages/_pytest/config/__init__.py", line 719, in _import_plugin_specs
    self.import_plugin(import_spec)
  File "/usr/local/lib/python3.10/site-packages/_pytest/config/__init__.py", line 748, in import_plugin
    raise ImportError(
  File "/usr/local/lib/python3.10/site-packages/_pytest/config/__init__.py", line 746, in import_plugin
    __import__(importspec)
  File "/usr/local/lib/python3.10/site-packages/_pytest/assertion/rewrite.py", line 168, in exec_module
    exec(co, module.__dict__)
  File "/usr/local/lib/python3.10/site-packages/tox/pytest.py", line 20, in <module>
    from devpi_process import IndexServer
ImportError: Error importing plugin "tox.pytest": No module named 'devpi_process'
The command execution failed, so I have reverted it back to the previous state, which is the environment before running this command.
`runtest` executes with returncode: 1

[Current directory]:
/
You are currently in a [python:3.10] container.

ENVIRONMENT REMINDER: You have 180 turns left to complete the task.
The container has successfully executed the following commands in order. Please refer to the execution history, reflect, and decide the subsequent actions. Remember, your ultimate goal is to pass the tests by executing `runtest` or `poetryruntest`.
python /home/tools/pip_download.py -p pytest -v "">=8.3.3""
python /home/tools/pip_download.py -p pytest-cov -v "">=5""
python /home/tools/pip_download.py -p pytest-mock -v "">=3.14""
python /home/tools/pip_download.py -p "hatch-vcs>=0.4"
python /home/tools/pip_download.py -p "hatchling>=1.25"
python /home/tools/pip_download.py -p "packaging>=24.1"
python /home/tools/pip_download.py -p "tox>=4.21.2,<5"
python /home/tools/pip_download.py -p "uv>=0.4.18,<1"
python /home/tools/pip_download.py -p packaging -v "==24.2"
python /home/tools/pip_download.py -p pytest -v "==7.1.2"
python /home/tools/pip_download.py -p tox -v "==4.23.2"
python /home/tools/pip_download.py -p typing_extensions -v "==4.12.2"
python /home/tools/pip_download.py -p uv -v "==0.5.9"
python /home/tools/pip_download.py -p virtualenv -v "==20.28.0"
pip list
python /home/tools/pip_download.py -p tox-uv -v "">=1.11.3""
export PATH=$PATH:/root/.local/bin
---------------------------
### Thought:
The `devpi_process` package is missing, and it is required by the `tox` framework for running tests successfully. I will add and download the `devpi_process` package.

### Action:
```bash
waitinglist add -p devpi-process -v ">=1.0.2" -t pip && download
```
### Observation:
Running `waitinglist add -p devpi-process -v ">=1.0.2" -t pip`...
'devpi-process">=1.0.2"' (using pip to download) has been added into the waiting list. If you have multiple elements to add to the waitinglist, you can use && to connect multiple `waitinglist add` statements and surround them with ```bash and ```. Please make sure to write the complete statements; we will only recognize complete statements. Do not use ellipses or other incomplete forms.Running `download`...
'devpi-process">=1.0.2"' has been removed from the waiting list.
"devpi-process">=1.0.2"" installed successfully.
In this round, the following third-party libraries were successfully downloaded. They are:
devpi-process">=1.0.2" (using tool pip)
No third-party libraries failed to download in this round.
[Current directory]:
/
You are currently in a [python:3.10] container.

ENVIRONMENT REMINDER: You have 179 turns left to complete the task.
The container has successfully executed the following commands in order. Please refer to the execution history, reflect, and decide the subsequent actions. Remember, your ultimate goal is to pass the tests by executing `runtest` or `poetryruntest`.
python /home/tools/pip_download.py -p pytest -v "">=8.3.3""
python /home/tools/pip_download.py -p pytest-cov -v "">=5""
python /home/tools/pip_download.py -p pytest-mock -v "">=3.14""
python /home/tools/pip_download.py -p "hatch-vcs>=0.4"
python /home/tools/pip_download.py -p "hatchling>=1.25"
python /home/tools/pip_download.py -p "packaging>=24.1"
python /home/tools/pip_download.py -p "tox>=4.21.2,<5"
python /home/tools/pip_download.py -p "uv>=0.4.18,<1"
python /home/tools/pip_download.py -p packaging -v "==24.2"
python /home/tools/pip_download.py -p pytest -v "==7.1.2"
python /home/tools/pip_download.py -p tox -v "==4.23.2"
python /home/tools/pip_download.py -p typing_extensions -v "==4.12.2"
python /home/tools/pip_download.py -p uv -v "==0.5.9"
python /home/tools/pip_download.py -p virtualenv -v "==20.28.0"
pip list
python /home/tools/pip_download.py -p tox-uv -v "">=1.11.3""
export PATH=$PATH:/root/.local/bin
python /home/tools/pip_download.py -p devpi-process -v "">=1.0.2""
---------------------------
### Thought:
The `devpi-process` package has been successfully installed. This should resolve the ImportError issue seen earlier. I'll attempt running `runtest` once more to verify that the environment is now correctly set up for testing.

### Action:
```bash
cd /repo && runtest
```
Congratulations, you have successfully configured the environment!
tests/test_tox_uv_api.py::test_uv_list_dependencies_command
tests/test_tox_uv_installer.py::test_uv_install_in_ci_list
tests/test_tox_uv_installer.py::test_uv_install_in_ci_seed
tests/test_tox_uv_installer.py::test_uv_install_with_pre
tests/test_tox_uv_installer.py::test_uv_install_with_pre_custom_install_cmd
tests/test_tox_uv_installer.py::test_uv_install_without_pre_custom_install_cmd
tests/test_tox_uv_installer.py::test_uv_install_with_resolution_strategy[highest]
tests/test_tox_uv_installer.py::test_uv_install_with_resolution_strategy[lowest]
tests/test_tox_uv_installer.py::test_uv_install_with_resolution_strategy[lowest-direct]
tests/test_tox_uv_installer.py::test_uv_install_with_invalid_resolution_strategy
tests/test_tox_uv_installer.py::test_uv_install_with_resolution_strategy_custom_install_cmd
tests/test_tox_uv_lock.py::test_uv_lock_list_dependencies_command
tests/test_tox_uv_lock.py::test_uv_lock_command[]
tests/test_tox_uv_lock.py::test_uv_lock_command[-v]
tests/test_tox_uv_lock.py::test_uv_lock_command[-vv]
tests/test_tox_uv_lock.py::test_uv_lock_command[-vvv]
tests/test_tox_uv_lock.py::test_uv_lock_with_dev
tests/test_tox_uv_lock.py::test_uv_lock_with_install_pkg[tox_uv-1.12.2-py3-none-any.whl]
tests/test_tox_uv_lock.py::test_uv_lock_with_install_pkg[tox_uv-1.12.2.tar.gz]
tests/test_tox_uv_lock.py::test_uv_sync_extra_flags
tests/test_tox_uv_lock.py::test_uv_sync_extra_flags_toml
tests/test_tox_uv_lock.py::test_uv_sync_dependency_groups
tests/test_tox_uv_package.py::test_uv_package_skip
tests/test_tox_uv_package.py::test_uv_package_use_default_from_file
tests/test_tox_uv_package.py::test_uv_package_artifact[sdist-name_dash]
tests/test_tox_uv_package.py::test_uv_package_artifact[sdist-name_underscore]
tests/test_tox_uv_package.py::test_uv_package_artifact[wheel-name_dash]
tests/test_tox_uv_package.py::test_uv_package_artifact[wheel-name_underscore]
tests/test_tox_uv_package.py::test_uv_package_artifact[editable-name_dash]
tests/test_tox_uv_package.py::test_uv_package_artifact[editable-name_underscore]
tests/test_tox_uv_package.py::test_uv_package_editable_legacy
tests/test_tox_uv_package.py::test_uv_package_requirements
tests/test_tox_uv_venv.py::test_uv_venv_self
tests/test_tox_uv_venv.py::test_uv_venv_pass_env
tests/test_tox_uv_venv.py::test_uv_venv_spec
tests/test_tox_uv_venv.py::test_uv_venv_spec_major_only
tests/test_tox_uv_venv.py::test_uv_venv_spec_pypy[pypy-pypy]
tests/test_tox_uv_venv.py::test_uv_venv_spec_pypy[pypy9-pypy9]
tests/test_tox_uv_venv.py::test_uv_venv_spec_pypy[pypy999-pypy9.99]
tests/test_tox_uv_venv.py::test_uv_venv_spec_pypy[pypy9.99-pypy9.99]
tests/test_tox_uv_venv.py::test_uv_venv_spec_abs_path
tests/test_tox_uv_venv.py::test_uv_venv_spec_abs_path_conflict_ver
tests/test_tox_uv_venv.py::test_uv_venv_spec_abs_path_conflict_impl
tests/test_tox_uv_venv.py::test_uv_venv_na
tests/test_tox_uv_venv.py::test_uv_venv_skip_missing_interpreters_fail
tests/test_tox_uv_venv.py::test_uv_venv_skip_missing_interpreters_pass
tests/test_tox_uv_venv.py::test_uv_venv_platform_check
tests/test_tox_uv_venv.py::test_uv_env_bin_dir
tests/test_tox_uv_venv.py::test_uv_env_has_access_to_plugin_uv
tests/test_tox_uv_venv.py::test_uv_env_python
tests/test_tox_uv_venv.py::test_uv_env_python_preference[only-managed]
tests/test_tox_uv_venv.py::test_uv_env_python_preference[managed]
tests/test_tox_uv_venv.py::test_uv_env_python_preference[system]
tests/test_tox_uv_venv.py::test_uv_env_python_preference[only-system]
tests/test_tox_uv_venv.py::test_uv_env_site_package_dir_run
tests/test_tox_uv_venv.py::test_uv_env_site_package_dir_conf
tests/test_tox_uv_venv.py::test_uv_env_python_not_in_path
tests/test_tox_uv_venv.py::test_uv_python_set
tests/test_version.py::test_version
tests/test_version.py::test_tox_version

60 tests collected in 0.09s
Container fdfa98f87de6 stopped and removed
Spend totally 1035.0222098827362.
