tests/unit/routers/test_chunks_router.py::test_routers_update_chunk_not_found
tests/unit/routers/test_chunks_router.py::test_routers_delete_chunk_successful
tests/unit/routers/test_chunks_router.py::test_routers_delete_chunk_not_found
tests/unit/routers/test_documents_router.py::TestDocumentsGetOne::test_get_document_successful
tests/unit/routers/test_documents_router.py::TestDocumentsGetOne::test_get_document_not_found
tests/unit/routers/test_documents_router.py::TestDocumentsGetAll::test_get_documents_with_both_workspace_id_and_workspace_name_error
tests/unit/routers/test_documents_router.py::TestDocumentsGetAll::test_get_documents_not_found_count_zero
tests/unit/routers/test_documents_router.py::TestDocumentsGetAll::test_get_documents_not_found
tests/unit/routers/test_documents_router.py::TestDocumentsGetAll::test_get_documents_successful
tests/unit/routers/test_documents_router.py::TestDocumentsUpdateInWorkspace::test_update_document_in_workspace_successful
tests/unit/routers/test_documents_router.py::TestDocumentsUpdateInWorkspace::test_update_document_in_workspace_not_found
tests/unit/routers/test_documents_router.py::TestDocumentsDelete::test_document_delete_not_found
tests/unit/routers/test_documents_router.py::TestDocumentsDelete::test_document_delete_successful
tests/unit/routers/test_documents_router.py::TestGeneratePresigned::test_object_does_not_exist
tests/unit/routers/test_documents_router.py::TestGeneratePresigned::test_object_does_exist
tests/unit/routers/test_graphs_router.py::TestGraphsGetOne::test_get_graph_successful
tests/unit/routers/test_graphs_router.py::TestGraphsGetOne::test_get_public_graph_successful
tests/unit/routers/test_graphs_router.py::TestGraphsGetOne::test_get_graph_failure
tests/unit/routers/test_graphs_router.py::TestGraphsGetAll::test_get_graphs_successful
tests/unit/routers/test_graphs_router.py::TestGraphsGetAll::test_get_graphs_no_graphs
tests/unit/routers/test_graphs_router.py::TestGraphsGetAll::test_get_graphs_with_both_workspace_id_and_workspace_name_error
tests/unit/routers/test_graphs_router.py::TestGraphsGetAll::test_get_graphs_with_both_schema_id_and_schema_name_error
tests/unit/routers/test_graphs_router.py::TestGraphsCreate::test_graph_create_nothing_retrieved
tests/unit/routers/test_graphs_router.py::TestGraphsCreate::test_graph_create_graph_successful
tests/unit/routers/test_graphs_router.py::TestGraphsUpdate::test_update_graph_successful
tests/unit/routers/test_graphs_router.py::TestGraphsUpdate::test_update_graph_not_found
tests/unit/routers/test_graphs_router.py::TestGraphsDelete::test_delete_graph_successful
tests/unit/routers/test_graphs_router.py::TestGraphsMergeNodes::test_merge_nodes_successful
tests/unit/routers/test_graphs_router.py::TestGraphsMergeNodes::test_merge_nodes_failure
tests/unit/routers/test_graphs_router.py::TestGraphsMergeNodes::test_merge_nodes_with_save_as_rule
tests/unit/routers/test_graphs_router.py::TestGraphsSimilarNodes::test_get_similar_nodes_successful
tests/unit/routers/test_graphs_router.py::TestGraphsNodes::test_graphs_get_nodes_successful
tests/unit/routers/test_graphs_router.py::TestGraphsNodes::test_graphs_get_public_nodes_successful
tests/unit/routers/test_graphs_router.py::TestGraphsTriples::test_graphs_get_triples_successful
tests/unit/routers/test_graphs_router.py::TestGraphsTriples::test_graphs_get_public_triples_successful
tests/unit/routers/test_graphs_router.py::TestGraphsRelations::test_graphs_get_relations_workspace_not_found
tests/unit/routers/test_graphs_router.py::TestGraphsRelations::test_graphs_get_relations_successful
tests/unit/routers/test_graphs_router.py::TestGraphsRelations::test_graphs_get_public_relations_successful
tests/unit/routers/test_graphs_router.py::TestGraphsRelations::test_graphs_export_graph_as_cypher_statements_successful
tests/unit/routers/test_graphs_router.py::TestGraphsRelations::test_graphs_export_graph_as_cypher_statements_exception
tests/unit/routers/test_graphs_router.py::TestGraphRules::test_read_graph_rules_successful
tests/unit/routers/test_graphs_router.py::TestGraphRules::test_read_public_graph_rules_successful
tests/unit/routers/test_nodes_router.py::TestNodesGetOne::test_get_node_successful
tests/unit/routers/test_nodes_router.py::TestNodesGetOne::test_get_node_failure
tests/unit/routers/test_nodes_router.py::TestNodesGetAll::test_get_nodes_successful
tests/unit/routers/test_nodes_router.py::TestNodeGetChunks::test_get_node_with_chunks_not_found
tests/unit/routers/test_nodes_router.py::TestNodeGetChunks::test_get_node_with_chunks_successful
tests/unit/routers/test_nodes_router.py::TestNodeGetChunks::test_node_get_chunks_not_found
tests/unit/routers/test_nodes_router.py::TestNodesCreate::test_create_node_successful
tests/unit/routers/test_nodes_router.py::TestNodesCreate::test_create_node_graph_not_found
tests/unit/routers/test_nodes_router.py::TestNodesUpdate::test_update_node_successful
tests/unit/routers/test_nodes_router.py::TestNodesUpdate::test_update_node_not_found
tests/unit/routers/test_nodes_router.py::TestNodesDelete::test_delete_node_successful
tests/unit/routers/test_nodes_router.py::TestNodesDelete::test_delete_node_not_found
tests/unit/routers/test_queries_router.py::TestPromptsGetOne::test_get_query_successful
tests/unit/routers/test_queries_router.py::TestPromptsGetOne::test_get_prompt_failure
tests/unit/routers/test_queries_router.py::TestPromptsGetAll::test_get_prompts_successful
tests/unit/routers/test_queries_router.py::TestPromptsGetAll::test_get_all_prompts_both_graph_id_and_name_specified_error
tests/unit/routers/test_queries_router.py::TestPromptsDelete::test_delete_prompt_successful
tests/unit/routers/test_queries_router.py::TestPromptsDelete::test_delete_prompt_not_found
tests/unit/routers/test_queries_router.py::TestPromptsDelete::test_delete_prompt_failure
tests/unit/routers/test_rules_router.py::TestRules::test_create_rule_successful
tests/unit/routers/test_rules_router.py::TestRules::test_read_workspace_rules_successful
tests/unit/routers/test_rules_router.py::TestRules::test_delete_rule_successful
tests/unit/routers/test_rules_router.py::TestRules::test_delete_workspace_rule_not_found
tests/unit/routers/test_schemas_router.py::TestSchemasGetOne::test_get_schema_successful
tests/unit/routers/test_schemas_router.py::TestSchemasGetOne::test_get_schema_failure
tests/unit/routers/test_schemas_router.py::TestSchemasGetAll::test_get_schemas_successful
tests/unit/routers/test_schemas_router.py::TestSchemasUpdate::test_update_schema_successful
tests/unit/routers/test_schemas_router.py::TestSchemasUpdate::test_update_schema_not_found
tests/unit/routers/test_schemas_router.py::TestSchemasDelete::test_delete_schema_successful
tests/unit/routers/test_tasks_router.py::TestTasks::test_get_task_successful
tests/unit/routers/test_tasks_router.py::TestTasks::test_get_task_not_found
tests/unit/routers/test_tasks_router.py::TestTasks::test_get_task_invalid_id
tests/unit/routers/test_triples_router.py::TestTriplesGetOne::test_get_triple_successful
tests/unit/routers/test_triples_router.py::TestTriplesGetOne::test_get_triple_failure
tests/unit/routers/test_triples_router.py::TestTriplesGetAll::test_get_triples_successful
tests/unit/routers/test_triples_router.py::TestTriplesGetAll::test_get_triples_error_both_graph_id_and_graph_name_specified
tests/unit/routers/test_triples_router.py::TestTriplesGetChunks::test_get_triples_chunks_successful
tests/unit/routers/test_triples_router.py::TestTriplesGetChunks::test_get_triples_chunks_not_found
tests/unit/routers/test_triples_router.py::TestTriplesGetChunks::test_get_public_triple_with_chunks_successful
tests/unit/routers/test_triples_router.py::TestTriplesGetChunks::test_get_public_triple_with_chunks_triple_not_found
tests/unit/routers/test_triples_router.py::TestTriplesGetChunks::test_get_public_triple_with_chunks_not_found
tests/unit/routers/test_triples_router.py::TestTriplesCreate::test_create_triple_endpoint_graph_not_found
tests/unit/routers/test_triples_router.py::TestTriplesCreate::test_create_triple_endpoint_node_not_found
tests/unit/routers/test_triples_router.py::TestTriplesDelete::test_delete_tripple_not_found
tests/unit/routers/test_triples_router.py::TestTriplesDelete::test_delete_triple_success
tests/unit/routers/test_users_router.py::TestSetProvidersDetails::test_set_providers_details_successful
tests/unit/routers/test_users_router.py::TestSetProvidersDetails::test_set_providers_details_failure
tests/unit/routers/test_workspaces_router.py::TestWorkspacesGetOne::test_get_workspace_successful
tests/unit/routers/test_workspaces_router.py::TestWorkspacesGetOne::test_get_workspace_failure
tests/unit/routers/test_workspaces_router.py::TestWorkspacesGetAll::test_get_workspaces_successful
tests/unit/routers/test_workspaces_router.py::TestWorkspacesCreate::test_create_workspace_successful
tests/unit/routers/test_workspaces_router.py::TestWorkspacesUpdate::test_update_workspace_successful
tests/unit/routers/test_workspaces_router.py::TestWorkspacesUpdate::test_update_workspace_not_found
tests/unit/routers/test_workspaces_router.py::TestWorkspacesChunkUpdate::test_update_workspace_chunk_successful
tests/unit/routers/test_workspaces_router.py::TestWorkspacesChunkUpdate::test_update_workspace_chunk_not_found
tests/unit/schemas/test_base.py::test_status
tests/unit/schemas/test_base.py::test_graph_status
tests/unit/schemas/test_base.py::test_annotated_object_id
tests/unit/schemas/test_base.py::test_after_annotated_object_id_with_valid_string
tests/unit/schemas/test_base.py::test_after_annotated_object_id_with_valid_object_id
tests/unit/schemas/test_base.py::test_after_annotated_object_id_with_invalid_string
tests/unit/schemas/test_base.py::test_after_annotated_object_id_with_invalid_type
tests/unit/schemas/test_base.py::test_after_annotated_object_id_none
tests/unit/schemas/test_base.py::test_after_annotated_object_id_with_integer
tests/unit/schemas/test_base.py::TestFilterBody::test_create_filter_body_with_dict
tests/unit/schemas/test_base.py::TestFilterBody::test_create_filter_body_with_none
tests/unit/schemas/test_base.py::TestFilterBody::test_create_filter_body_with_invalid_data
tests/unit/schemas/test_base.py::TestDeleteResponseModel::test_create_delete_response_model
tests/unit/schemas/test_base.py::TestDeleteResponseModel::test_create_delete_response_model_with_invalid_status
tests/unit/schemas/test_base.py::TestDeleteResponseModel::test_create_delete_response_model_with_invalid_message
tests/unit/schemas/test_base.py::TestBaseDocument::test_create_base_document
tests/unit/schemas/test_base.py::TestBaseDocument::test_create_base_document_with_invalid_id
tests/unit/schemas/test_base.py::TestBaseDocument::test_create_base_document_with_invalid_created_by
tests/unit/schemas/test_base.py::TestBaseRequest::test_create_base_request
tests/unit/schemas/test_base.py::TestBaseRequest::test_base_request_forbids_extra_fields
tests/unit/schemas/test_base.py::TestBaseResponse::test_create_base_response
tests/unit/schemas/test_base.py::TestBaseResponse::test_base_response_ignores_extra_fields
tests/unit/schemas/test_chunks.py::TestChunkMetadata::test_default_values
tests/unit/schemas/test_chunks.py::TestChunkMetadata::test_field_types
tests/unit/schemas/test_chunks.py::TestChunkMetadata::test_optional_fields
tests/unit/schemas/test_chunks.py::TestChunkMetadata::test_invalid_data_source_type
tests/unit/schemas/test_chunks.py::TestChunkMetadata::test_serialization_deserialization
tests/unit/schemas/test_chunks.py::TestChunkDocumentModel::test_field_types_and_defaults
tests/unit/schemas/test_chunks.py::TestChunkDocumentModel::test_optional_fields
tests/unit/schemas/test_chunks.py::TestChunkDocumentModel::test_invalid_data_type
tests/unit/schemas/test_chunks.py::TestChunkOut::test_field_aliases
tests/unit/schemas/test_chunks.py::TestChunkOut::test_field_types
tests/unit/schemas/test_chunks.py::TestChunkOut::test_invalid_field_type
tests/unit/schemas/test_chunks.py::TestChunkOut::test_serialization
tests/unit/schemas/test_chunks.py::TestChunkOut::test_serialization_deserialization
tests/unit/schemas/test_chunks.py::TestAddChunkModel::test_content_as_string
tests/unit/schemas/test_chunks.py::TestAddChunkModel::test_content_as_dict
tests/unit/schemas/test_chunks.py::TestAddChunkModel::test_content_as_dict_with_invalid_value_dict
tests/unit/schemas/test_chunks.py::TestAddChunkModel::test_content_as_dict_with_invalid_value_list_with_dict
tests/unit/schemas/test_chunks.py::TestAddChunkModel::test_content_as_integer
tests/unit/schemas/test_chunks.py::TestAddChunkModel::test_user_metadata_and_tags_defaults
tests/unit/schemas/test_chunks.py::TestAddChunkModel::test_user_metadata_and_tags_assignment
tests/unit/schemas/test_chunks.py::TestAddChunkModel::test_content_length_validation_for_string
tests/unit/schemas/test_chunks.py::TestAddChunkModel::test_content_length_validation_for_dict
tests/unit/schemas/test_chunks.py::TestAddChunkModel::test_model_allows_maximum_length_content
tests/unit/schemas/test_chunks.py::TestUpdateChunkModel::test_model_creation_with_valid_data
tests/unit/schemas/test_chunks.py::TestUpdateChunkModel::test_model_default_values
tests/unit/schemas/test_chunks.py::TestUpdateChunkModel::test_model_with_none_values
tests/unit/schemas/test_chunks.py::TestUpdateChunkModel::test_model_type_enforcement_for_user_metadata
tests/unit/schemas/test_chunks.py::TestUpdateChunkModel::test_model_type_enforcement_for_tags
tests/unit/schemas/test_chunks.py::TestUpdateChunkModel::test_model_accepts_empty_dict_and_list
tests/unit/schemas/test_common_schemas.py::TestNode::test_create_node
tests/unit/schemas/test_common_schemas.py::TestNode::test_create_node_without_label
tests/unit/schemas/test_common_schemas.py::TestNode::test_create_node_without_properties
tests/unit/schemas/test_common_schemas.py::TestNode::test_create_node_with_invalid_name
tests/unit/schemas/test_common_schemas.py::TestRelation::test_create_relation
tests/unit/schemas/test_common_schemas.py::TestRelation::test_create_relation_without_properties
tests/unit/schemas/test_common_schemas.py::TestRelation::test_create_relation_with_invalid_label
tests/unit/schemas/test_common_schemas.py::TestEntity::test_create_entity
tests/unit/schemas/test_common_schemas.py::TestEntity::test_create_entity_without_label
tests/unit/schemas/test_common_schemas.py::TestEntity::test_create_entity_without_properties
tests/unit/schemas/test_common_schemas.py::TestEntity::test_create_entity_with_invalid_text
tests/unit/schemas/test_common_schemas.py::TestTriple::test_create_triple
tests/unit/schemas/test_common_schemas.py::TestTriple::test_triple_str
tests/unit/schemas/test_common_schemas.py::TestTriple::test_create_triple_with_invalid_head
tests/unit/schemas/test_common_schemas.py::TestTriple::test_empty_head_raises_validation_error
tests/unit/schemas/test_common_schemas.py::TestTriple::test_empty_tail_raises_validation_error
tests/unit/schemas/test_common_schemas.py::TestEntityField::test_entity_field_initialization
tests/unit/schemas/test_common_schemas.py::TestEntityField::test_entity_field_default_properties
tests/unit/schemas/test_common_schemas.py::TestEntityField::test_entity_field_properties_append
tests/unit/schemas/test_common_schemas.py::TestSchemaEntity::test_create_schema_entity
tests/unit/schemas/test_common_schemas.py::TestSchemaEntity::test_create_schema_entity_with_invalid_name
tests/unit/schemas/test_common_schemas.py::TestSchemaEntity::test_create_schema_entity_with_invalid_description
tests/unit/schemas/test_common_schemas.py::TestSchemaRelation::test_create_schema_relation
tests/unit/schemas/test_common_schemas.py::TestSchemaRelation::test_create_schema_relation_with_invalid_name
tests/unit/schemas/test_common_schemas.py::TestSchemaRelation::test_create_schema_relation_with_invalid_description
tests/unit/schemas/test_common_schemas.py::TestTriplePattern::test_create_triple_pattern
tests/unit/schemas/test_common_schemas.py::TestTriplePattern::test_create_triple_pattern_with_invalid_head
tests/unit/schemas/test_common_schemas.py::TestTriplePattern::test_create_triple_pattern_with_invalid_relation
tests/unit/schemas/test_common_schemas.py::TestTriplePattern::test_create_triple_pattern_with_invalid_tail
tests/unit/schemas/test_common_schemas.py::TestTriplePattern::test_create_triple_pattern_with_invalid_description
tests/unit/schemas/test_common_schemas.py::TestSchemaTriplePattern::test_create_schema_triple_pattern
tests/unit/schemas/test_common_schemas.py::TestSchema::test_create_schema
tests/unit/schemas/test_common_schemas.py::TestSchema::test_get_entity
tests/unit/schemas/test_common_schemas.py::TestSchema::test_get_relation
tests/unit/schemas/test_common_schemas.py::TestDatasetModel::test_create_dataset_model_with_list
tests/unit/schemas/test_common_schemas.py::TestDatasetModel::test_create_dataset_model_with_dict
tests/unit/schemas/test_common_schemas.py::TestDatasetModel::test_create_dataset_model_with_invalid_data
tests/unit/schemas/test_common_schemas.py::TestPDFProcessorConfig::test_create_pdf_processor_config
tests/unit/schemas/test_common_schemas.py::TestPDFProcessorConfig::test_create_pdf_processor_config_with_invalid_file_path
tests/unit/schemas/test_common_schemas.py::TestPDFProcessorConfig::test_create_pdf_processor_config_with_invalid_chunk_size
tests/unit/schemas/test_common_schemas.py::TestPDFProcessorConfig::test_create_pdf_processor_config_with_invalid_chunk_overlap
tests/unit/schemas/test_common_schemas.py::TestStructuredSchemaEntity::test_create_structured_schema_entity
tests/unit/schemas/test_common_schemas.py::TestStructuredSchemaEntity::test_create_structured_schema_entity_defaults
tests/unit/schemas/test_common_schemas.py::TestStructuredSchemaEntity::test_structured_schema_entity_no_field_error
tests/unit/schemas/test_common_schemas.py::TestStructuredSchemaTriplePattern::test_create_structured_schema_triple_pattern
tests/unit/schemas/test_common_schemas.py::TestStructuredSchemaTriplePattern::test_create_structured_schema_triple_pattern_defaults
tests/unit/schemas/test_common_schemas.py::TestStructuredSchemaTriplePattern::test_structured_schema_triple_pattern_no_field_error
tests/unit/schemas/test_schemas.py::TestSchemaUpdate::test_default_value
tests/unit/schemas/test_schemas.py::TestSchemaUpdate::test_type_acceptance
tests/unit/schemas/test_schemas.py::TestSchemaUpdate::test_serialization_deserialization
tests/unit/schemas/test_schemas.py::TestSchemaCreate::test_default_values
tests/unit/schemas/test_schemas.py::TestSchemaCreate::test_with_fields
tests/unit/schemas/test_schemas.py::TestSchemaCreate::test_sizes_validation
tests/unit/schemas/test_schemas.py::TestSchemaCreate::test_update_patterns_error
tests/unit/schemas/test_schemas.py::TestSchemaCreate::test_validation_errors[None-None-None-None-None]
tests/unit/schemas/test_schemas.py::TestSchemaCreate::test_validation_errors[1234-workspace1-entities1-relations1-patterns1]
tests/unit/schemas/test_schemas.py::TestSchemaCreate::test_validation_errors[tests-1234-entities2-relations2-patterns2]
tests/unit/schemas/test_schemas.py::TestSchemaCreate::test_validation_errors[tests-workspace3-entities3-relations3-patterns3]
tests/unit/schemas/test_schemas.py::TestSchemaCreate::test_validation_errors[tests-workspace4-entities4-relations4-patterns4]
tests/unit/schemas/test_schemas.py::TestSchemaCreate::test_validation_errors[tests-workspace5-entities5-relations5-patterns5]
tests/unit/schemas/test_schemas.py::TestGenerateSchemaBody::test_field_requirements_and_defaults
tests/unit/schemas/test_schemas.py::TestGenerateSchemaBody::test_type_acceptance
tests/unit/schemas/test_schemas.py::TestGenerateSchemaBody::test_custom_validation
tests/unit/schemas/test_schemas.py::TestGenerateSchemaBody::test_arbitrary_types_allowed
tests/unit/schemas/test_schemas.py::TestGeneratedSchema::test_validate_patterns_success
tests/unit/schemas/test_schemas.py::TestGeneratedSchema::test_validate_patterns_fail_head_not_found
tests/unit/schemas/test_schemas.py::TestGeneratedSchema::test_validate_patterns_fail_tail_not_found
tests/unit/schemas/test_schemas.py::TestGeneratedSchema::test_validate_patterns_fail_relation_not_found
tests/unit/services/crud/test_base.py::test_get_all_limit_negative_1
tests/unit/services/crud/test_base.py::test_get_all_limit_positive
tests/unit/services/crud/test_base.py::test_get_all_limit_gt_negative_1
tests/unit/services/crud/test_base.py::test_get_one
tests/unit/services/crud/test_base.py::test_get_one_with_filters
tests/unit/services/crud/test_base.py::test_get_one_no_return
tests/unit/services/crud/test_base.py::test_get_all_count_with_filters
tests/unit/services/crud/test_base.py::test_get_all_count
tests/unit/services/crud/test_base.py::test_create_one
tests/unit/services/crud/test_base.py::test_create_one_missing_created_by
tests/unit/services/crud/test_base.py::test_update_one
tests/unit/services/crud/test_base.py::test_update_one_no_return
tests/unit/services/crud/test_base.py::test_delete_one
tests/unit/services/crud/test_base.py::test_delete_one_no_return
tests/unit/services/crud/test_base.py::test_delete_all
tests/unit/services/crud/test_chunks_crud.py::test_delete_chunk_success
tests/unit/services/crud/test_chunks_crud.py::test_delete_chunk_not_found
tests/unit/services/crud/test_chunks_crud.py::test_validate_and_convert[person-person]
tests/unit/services/crud/test_chunks_crud.py::test_validate_and_convert[10-10]
tests/unit/services/crud/test_chunks_crud.py::test_validate_and_convert[0.1-0.1]
tests/unit/services/crud/test_chunks_crud.py::test_validate_and_convert[True-True]
tests/unit/services/crud/test_chunks_crud.py::test_validate_and_convert[False-False]
tests/unit/services/crud/test_chunks_crud.py::test_validate_and_convert[None-None]
tests/unit/services/crud/test_chunks_crud.py::test_validate_and_convert[value6-{'key': 'value'}]
tests/unit/services/crud/test_chunks_crud.py::test_validate_and_convert[value7-['list']]
tests/unit/services/crud/test_chunks_crud.py::test_validate_and_convert[binary-b'binary']
tests/unit/services/crud/test_chunks_crud.py::test_validate_and_convert_object_id
tests/unit/services/crud/test_chunks_crud.py::TestSplitTextIntoChunks::test_split_text_into_chunks_no_page_number
tests/unit/services/crud/test_chunks_crud.py::TestSplitTextIntoChunks::test_split_text_into_chunks_page_number
tests/unit/services/crud/test_chunks_crud.py::TestSplitTextIntoChunks::test_split_text_into_chunks_emtpy_text
tests/unit/services/crud/test_chunks_crud.py::TestChunkCreation::test_csv_processing
tests/unit/services/crud/test_chunks_crud.py::TestChunkCreation::test_csv_invalid_data_type_conversion
tests/unit/services/crud/test_chunks_crud.py::TestChunkCreation::test_unsupported_file_type
tests/unit/services/crud/test_chunks_crud.py::TestChunkCreation::test_csv_missing_data
tests/unit/services/crud/test_chunks_crud.py::TestChunkCreation::test_csv_missing_header
tests/unit/services/crud/test_chunks_crud.py::TestChunkCreation::test_empty_csv
tests/unit/services/crud/test_chunks_crud.py::TestChunkCreation::test_json_processing
tests/unit/services/crud/test_chunks_crud.py::TestChunkCreation::test_json_invalid_data_type_conversion
tests/unit/services/crud/test_chunks_crud.py::TestChunkCreation::test_nested_json
tests/unit/services/crud/test_chunks_crud.py::TestChunkCreation::test_empty_json
tests/unit/services/crud/test_chunks_crud.py::TestPrepareChunks::test_prepare_chunks_with_string
tests/unit/services/crud/test_chunks_crud.py::TestPrepareChunks::test_prepare_chunks_with_object
tests/unit/services/crud/test_chunks_crud.py::TestPrepareChunks::test_prepare_chunks_with_empty_tags_and_metadata
tests/unit/services/crud/test_chunks_crud.py::TestProcessStructuredChunks::test_process_invalid_file_type
tests/unit/services/crud/test_chunks_crud.py::TestProcessStructuredChunks::test_process_successful
tests/unit/services/crud/test_chunks_crud.py::TestCreateUnstructuredChunks::test_txt_file_processing
tests/unit/services/crud/test_chunks_crud.py::TestAssignChunksToWorkspace::test_all_chunks_assigned
tests/unit/services/crud/test_chunks_crud.py::TestAssignChunksToWorkspace::test_chunks_not_found
tests/unit/services/crud/test_chunks_crud.py::TestAssignChunksToWorkspace::test_all_already_assigned
tests/unit/services/crud/test_chunks_crud.py::test_perform_node_chunk_unassignment_success
tests/unit/services/crud/test_chunks_crud.py::test_perform_node_triple_unassignment_success
tests/unit/services/crud/test_chunks_crud.py::test_update_chunk_success
tests/unit/services/crud/test_chunks_crud.py::test_update_chunk_not_found
tests/unit/services/crud/test_chunks_crud.py::test_update_chunk_no_change
tests/unit/services/crud/test_chunks_crud.py::test_add_chunks
tests/unit/services/crud/test_chunks_crud.py::test_add_chunks_bulk_write_error
tests/unit/services/crud/test_document_crud.py::test_get_documents_from_s3
tests/unit/services/crud/test_document_crud.py::test_delete_document_from_s3
tests/unit/services/crud/test_document_crud.py::test_delete_document_from_s3_with_exception
tests/unit/services/crud/test_document_crud.py::test_update_document_successful
tests/unit/services/crud/test_node_crud.py::test_delete_node_success
tests/unit/services/crud/test_node_crud.py::test_get_nodes_by_ids
tests/unit/services/crud/test_node_crud.py::test_update_node_success
tests/unit/services/crud/test_node_crud.py::test_update_node_not_found
tests/unit/services/crud/test_node_crud.py::test_update_node_with_triples
tests/unit/services/crud/test_rule_crud.py::test_create_rule
tests/unit/services/crud/test_rule_crud.py::test_get_workspace_rules
tests/unit/services/crud/test_rule_crud.py::test_get_graph_rules
tests/unit/services/crud/test_rule_crud.py::test_delete_rule
tests/unit/services/crud/test_rule_crud.py::test_merge_nodes_transform
tests/unit/services/crud/test_rule_crud.py::test_apply_rules_to_triples
tests/unit/services/crud/test_task_crud.py::test_create_task_success
tests/unit/services/crud/test_task_crud.py::test_create_task_with_existing_task_id
tests/unit/services/crud/test_task_crud.py::test_create_task_logs_error
tests/unit/services/crud/test_triple_crud.py::test_delete_triple
tests/unit/services/crud/test_triple_crud.py::test_update_triple_embeddings
tests/unit/services/crud/test_triple_crud.py::test_update_triple_embeddings_no_triples
tests/unit/services/crud/test_user_crud.py::test_get_user
tests/unit/services/crud/test_user_crud.py::test_get_user_not_found
tests/unit/services/crud/test_user_crud.py::test_delete_existed_user
tests/unit/services/crud/test_workspace_crud.py::test_delete_workspace_success
tests/unit/services/test_graph_service.py::TestMergeDicts::test_merge_simple_dicts
tests/unit/services/test_graph_service.py::TestMergeDicts::test_merge_dicts_with_lists
tests/unit/services/test_graph_service.py::TestMergeDicts::test_merge_dicts_multiple_sequential_operations
tests/unit/services/test_graph_service.py::TestMergeDicts::test_merge_nested_dicts
tests/unit/services/test_graph_service.py::TestMergeDicts::test_merge_dicts_with_conflicting_types
tests/unit/services/test_graph_service.py::TestMergeDicts::test_merge_dicts_with_empty_dicts
tests/unit/services/test_graph_service.py::TestMergeDicts::test_merge_dicts_with_lists_and_conflicting_types
tests/unit/services/test_graph_service.py::TestTripleKey::test_triple_key
tests/unit/services/test_graph_service.py::TestTripleKey::test_triple_key_with_special_characters
tests/unit/services/test_graph_service.py::TestTripleKey::test_triple_key_with_numbers
tests/unit/services/test_graph_service.py::TestNodeKeys::test_node_keys
tests/unit/services/test_graph_service.py::TestNodeKeys::test_node_keys_with_special_characters
tests/unit/services/test_graph_service.py::TestNodeKeys::test_node_keys_with_numbers
tests/unit/services/test_graph_service.py::test_clusters_pipeline[test_name-test_type-user_id0-graph_id0-expected_pipeline0]
tests/unit/services/test_graph_service.py::test_get_similar_nodes
tests/unit/services/test_graph_service.py::test_get_similar_nodes_empty
tests/unit/services/test_graph_service.py::TestTripleToText::test_basic_triple
tests/unit/services/test_graph_service.py::TestTripleToText::test_triple_with_properties
tests/unit/services/test_graph_service.py::TestTripleToText::test_triple_with_special_characters_in_keys
tests/unit/services/test_graph_service.py::TestTripleToText::test_triple_with_missing_properties
tests/unit/services/test_graph_service.py::TestTripleToText::test_triple_with_text_chunks
tests/unit/services/test_graph_service.py::TestTripleToText::test_triple_with_structured_chunks
tests/unit/services/test_graph_service.py::TestExtractPropertiesFromFields::test_empty_fields_list
tests/unit/services/test_graph_service.py::TestExtractPropertiesFromFields::test_fields_with_no_properties
tests/unit/services/test_graph_service.py::TestExtractPropertiesFromFields::test_single_property_field
tests/unit/services/test_graph_service.py::TestExtractPropertiesFromFields::test_multiple_properties_field
tests/unit/services/test_graph_service.py::TestExtractPropertiesFromFields::test_combination_of_various_fields
tests/unit/services/test_graph_service.py::TestPatternToText::test_basic_pattern
tests/unit/services/test_graph_service.py::TestPatternToText::test_pattern_with_properties
tests/unit/services/test_graph_service.py::test_get_and_separate_chunks_on_data_type_success
tests/unit/services/test_graph_service.py::test_get_and_separate_chunks_on_data_type_no_chunk_ids
tests/unit/services/test_graph_service.py::test_create_node_id_map
tests/unit/services/test_graph_service.py::test_embed_triples
tests/unit/services/test_graph_service.py::test_embed_triples_no_triples
tests/unit/services/test_graph_service.py::test_create_structured_patterns_no_fields
tests/unit/services/test_graph_service.py::test_create_structured_patterns_fields
tests/unit/services/test_graph_service.py::test_extract_structured_graph_triples_success
tests/unit/services/test_graph_service.py::test_extract_structured_graph_triples_success_missing_data
tests/unit/services/test_graph_service.py::test_extract_structured_graph_triples_string_chunk
tests/unit/services/test_graph_service.py::TestMixedQuery::test_init
tests/unit/services/test_graph_service.py::test_apply_rules
tests/unit/test_config.py::test_settings_placeholder
tests/unit/test_config.py::test_openai_placeholder
tests/unit/test_config.py::test_mongodb_settings_uri_with_valid_credentials
tests/unit/test_config.py::test_mongodb_settings_uri_with_invalid_credentials
tests/unit/test_config.py::test_aws_settings
tests/unit/test_database.py::test_get_session
tests/unit/test_database.py::test_get_session_with_exception
tests/unit/test_database.py::test_connect_to_mongo
tests/unit/test_database.py::test_connect_to_mongo_no_client
tests/unit/test_database.py::test_close_mongo_connection
tests/unit/test_database.py::test_close_mongo_connection_no_client
tests/unit/test_database.py::test_get_session_exception
tests/unit/test_database.py::test_get_client_none
tests/unit/test_database.py::test_get_client
tests/unit/test_dependencies.py::test_get_settings_placeholder
tests/unit/test_dependencies.py::test_get_db_success
tests/unit/test_dependencies.py::TestDatabaseConnection::test_get_db_success
tests/unit/test_dependencies.py::TestDatabaseConnection::test_get_db_client_failure
tests/unit/test_dependencies.py::TestDatabaseConnection::test_get_db_settings_error
tests/unit/test_dependencies.py::TestGetDbClient::test_get_db_client_success
tests/unit/test_dependencies.py::TestGetDbClient::test_get_db_client_failure
tests/unit/test_dependencies.py::TestGetDbClient::test_client_release
tests/unit/test_dependencies.py::test_api_key_required_success
tests/unit/test_dependencies.py::test_api_key_required_failure
tests/unit/test_dependencies.py::test_openai_key_required_success
tests/unit/test_dependencies.py::test_openai_key_required_failure
tests/unit/test_dependencies.py::TestGetUser::test_valid_api_key
tests/unit/test_dependencies.py::TestGetUser::test_missing_api_key
tests/unit/test_dependencies.py::TestGetUser::test_invalid_api_key
tests/unit/test_dependencies.py::TestValidWorkspaceId::test_valid_workspace_id
tests/unit/test_dependencies.py::TestValidWorkspaceId::test_invalid_workspace_id
tests/unit/test_dependencies.py::TestValidWorkspaceId::test_missing_user_id
tests/unit/test_dependencies.py::TestValidWorkspaceId::test_missing_workspace_id
tests/unit/test_dependencies.py::TestValidNodeId::test_valid_node_id
tests/unit/test_dependencies.py::TestValidNodeId::test_invalid_node_id
tests/unit/test_dependencies.py::TestValidNodeId::test_missing_user_id
tests/unit/test_dependencies.py::TestValidNodeId::test_missing_node_id
tests/unit/test_dependencies.py::TestValidGraphId::test_valid_graph_id
tests/unit/test_dependencies.py::TestValidGraphId::test_invalid_graph_id
tests/unit/test_dependencies.py::TestValidGraphId::test_missing_user_id
tests/unit/test_dependencies.py::TestValidGraphId::test_missing_graph_id
tests/unit/test_dependencies.py::TestValidDocumentId::test_valid_document_id
tests/unit/test_dependencies.py::TestValidDocumentId::test_invalid_document_id
tests/unit/test_dependencies.py::TestValidDocumentId::test_missing_user_id
tests/unit/test_dependencies.py::TestValidDocumentId::test_missing_document_id
tests/unit/test_dependencies.py::TestValidCreateGraph::test_valid_create_graph
tests/unit/test_dependencies.py::TestValidCreateGraph::test_workspace_not_found
tests/unit/test_dependencies.py::TestValidCreateGraph::test_schema_not_found
tests/unit/test_dependencies.py::TestValidCreateGraph::test_graph_already_exists
tests/unit/test_dependencies.py::TestGetLLMClient::test_get_llm_client_with_valid_openai_provider
tests/unit/test_dependencies.py::TestGetLLMClient::test_get_llm_client_with_valid_azure_provider
tests/unit/test_dependencies.py::TestGetLLMClient::test_get_llm_client_with_valid_byo_openai_provider
tests/unit/test_dependencies.py::TestGetLLMClient::test_get_llm_client_with_invalid_provider
tests/unit/test_dependencies.py::TestGetLLMClient::test_get_llm_client_with_missing_user_id
tests/unit/test_logging.py::test_configure_logging[DEBUG]
tests/unit/test_logging.py::test_configure_logging[INFO]
tests/unit/test_logging.py::test_configure_logging[ERROR]
tests/unit/test_logging.py::test_logger_whyhow_api
tests/unit/test_logging.py::test_loggers_rest[foo]
tests/unit/test_logging.py::test_loggers_rest[bar]
tests/unit/test_main.py::test_root_no_basicauth
tests/unit/test_main.py::test_root_correlation_id_autogenerated
tests/unit/test_main.py::test_root_correlation_id_provided_valid
tests/unit/test_main.py::test_root_correlation_id_provided_invalid
tests/unit/test_main.py::test_correlation_id_exception
tests/unit/test_main.py::test_database_connection_success
tests/unit/test_main.py::test_database_connection_failure
tests/unit/test_main.py::test_lifespan[DEBUG]
tests/unit/test_main.py::test_lifespan[INFO]
tests/unit/test_main.py::test_lifespan[ERROR]
tests/unit/test_main.py::test_settings_endpoint
tests/unit/test_main.py::test_rate_limit_api_key
tests/unit/test_main.py::test_rate_limit_excluded_path
tests/unit/test_main.py::test_rate_limit_no_user_key
tests/unit/utilities/test_builders.py::TestOpenAIBuilder::test_fetch_triples
tests/unit/utilities/test_builders.py::TestOpenAIBuilder::test_fetch_triples_error
tests/unit/utilities/test_builders.py::TestOpenAIBuilder::test_extract_zeroshot_triples
tests/unit/utilities/test_builders.py::TestOpenAIBuilder::test_extract_zeroshot_triples_error
tests/unit/utilities/test_builders.py::TestOpenAIBuilder::test_parse_response_into_triples
tests/unit/utilities/test_builders.py::TestOpenAIBuilder::test_parse_response_into_triples_error
tests/unit/utilities/test_builders.py::TestOpenAIBuilder::test_extract_triples
tests/unit/utilities/test_builders.py::TestOpenAIBuilder::test_extract_triples_error
tests/unit/utilities/test_common_utilities.py::test_load_schema_and_patterns_placeholder
tests/unit/utilities/test_common_utilities.py::TestCompressTriples::test_compress_triples
tests/unit/utilities/test_common_utilities.py::TestCompressTriples::test_compress_triples_with_duplicates
tests/unit/utilities/test_common_utilities.py::TestCompressTriples::test_compress_triples_with_different_relations
tests/unit/utilities/test_common_utilities.py::TestCompressTriples::test_compress_triples_empty_input
tests/unit/utilities/test_common_utilities.py::TestCompressTriples::test_compress_triples_single_triple
tests/unit/utilities/test_common_utilities.py::TestCompressTriples::test_compress_triples_with_spaces_in_relation
tests/unit/utilities/test_common_utilities.py::TestCompressTriples::test_compress_triples_with_spaces_in_entities
tests/unit/utilities/test_common_utilities.py::TestRemovePunctuation::test_remove_punctuation_basic
tests/unit/utilities/test_common_utilities.py::TestRemovePunctuation::test_remove_punctuation_empty_string
tests/unit/utilities/test_common_utilities.py::TestRemovePunctuation::test_remove_punctuation_no_punctuation
tests/unit/utilities/test_common_utilities.py::TestRemovePunctuation::test_remove_punctuation_all_punctuation
tests/unit/utilities/test_common_utilities.py::TestRemovePunctuation::test_remove_punctuation_mixed
tests/unit/utilities/test_common_utilities.py::TestCountFrequency::test_count_frequency_basic
tests/unit/utilities/test_common_utilities.py::TestCountFrequency::test_count_frequency_no_occurrences
tests/unit/utilities/test_common_utilities.py::TestCountFrequency::test_count_frequency_empty_input
tests/unit/utilities/test_common_utilities.py::TestCountFrequency::test_count_frequency_case_sensitive
tests/unit/utilities/test_common_utilities.py::TestCountFrequency::test_count_frequency_punctuation
tests/unit/utilities/test_common_utilities.py::TestEmbedTexts::test_embed_texts_basic
tests/unit/utilities/test_common_utilities.py::TestEmbedTexts::test_embed_texts_large_input
tests/unit/utilities/test_common_utilities.py::TestDictToTuple::test_dict_to_tuple_simple
tests/unit/utilities/test_common_utilities.py::TestDictToTuple::test_dict_to_tuple_nested
tests/unit/utilities/test_common_utilities.py::TestDictToTuple::test_dict_to_tuple_empty
tests/unit/utilities/test_common_utilities.py::TestDictToTuple::test_dict_to_tuple_complex
tests/unit/utilities/test_common_utilities.py::TestTupleToDict::test_tuple_to_dict_simple
tests/unit/utilities/test_common_utilities.py::TestTupleToDict::test_tuple_to_dict_nested
tests/unit/utilities/test_common_utilities.py::TestTupleToDict::test_tuple_to_dict_empty
tests/unit/utilities/test_common_utilities.py::TestTupleToDict::test_tuple_to_dict_complex
tests/unit/utilities/test_routers.py::test_clean_url[/path/to/resource/60b8d295f9657c0c88d37d9b/-/path/to/resource]
tests/unit/utilities/test_routers.py::test_clean_url[/60b8d295f9657c0c88d37d9b/-/]
tests/unit/utilities/test_routers.py::test_clean_url[/path/to/resource/-/path/to/resource]
tests/unit/utilities/test_routers.py::test_clean_url[/60b8d295f9657c0c88d37d9b/path/60b8d295f9657c0c88d37d9b/resource/-/path/resource]
tests/unit/utilities/test_routers.py::test_clean_url[/path/to/resource-/path/to/resource]
tests/unit/utilities/test_routers.py::test_clean_url[-]

454 tests collected in 6.63s